#***************************************************************************

#sjplacer

#Version:            1.1

#Build Date:         Sep  9 2019 11:47:43

#File Generated:     Aug 27 2023 13:12:16

#Purpose:            

#Copyright (C) 2010-2011 by Softjin Technologies Pvt Ltd. All rights reserved.

#***************************************************************************

Executing : C:\Program Files (x86)\Cypress\PSoC Creator\4.4\PSoC Creator\bin/sjplacer.exe --proj-name DeliveryRobot --netlist-vh2 DeliveryRobot_p.vh2 --arch p35_udb4x6 --arch-file C:\Program Files (x86)\Cypress\PSoC Creator\4.4\PSoC Creator\dev\arch/udbdsi_4x6_24.cydata --ip-file C:\Program Files (x86)\Cypress\PSoC Creator\4.4\PSoC Creator\dev\psoc5/psoc5lp/ip_blocks.cydata --rrg-file C:\Program Files (x86)\Cypress\PSoC Creator\4.4\PSoC Creator\dev\psoc5/psoc5lp/route_arch-rrg.cydata --irq-file C:\Program Files (x86)\Cypress\PSoC Creator\4.4\PSoC Creator\dev\psoc5/psoc5lp/irqconn.cydata --drq-file C:\Program Files (x86)\Cypress\PSoC Creator\4.4\PSoC Creator\dev\psoc5/psoc5lp/dmaconn.cydata --dsi-conn-file C:\Program Files (x86)\Cypress\PSoC Creator\4.4\PSoC Creator\dev\psoc5/psoc5lp/dsiconn.cydata --pins-file pins_68-QFN.xml --lib-file DeliveryRobot_p.lib --sdc-file DeliveryRobot.sdc --io-pcf DeliveryRobot.pci --outdir .

		Softjin Techologies Placer, Version 1.1

Build Date : Sep  9 2019	11:45:12

D2004: Option and Settings Summary
=============================================================
Netlist vh2 file          - DeliveryRobot_p.vh2
Architecture file         - C:\Program Files (x86)\Cypress\PSoC Creator\4.4\PSoC Creator\dev\arch/udbdsi_4x6_24.cydata
Package                   - 
Defparam file             - 
SDC file                  - DeliveryRobot.sdc
Output directory          - .
Timing library            - DeliveryRobot_p.lib
IO Placement file         - DeliveryRobot.pci

D2050: Starting reading inputs for placer
=============================================================
D2065: Reading netlist file : "DeliveryRobot_p.vh2"
D2065: Reading arch file : "C:\Program Files (x86)\Cypress\PSoC Creator\4.4\PSoC Creator\dev\arch/udbdsi_4x6_24.cydata"
D2051: Reading of inputs for placer completed successfully

D2053: Starting placement of the design
=============================================================

Phase 2
Phase 3

Design Statistics after Packing
    Number of Combinational MCs 	:	30
    Number of Sequential MCs    	:	58
    Number of DPs               	:	15
    Number of Controls          	:	8
    Number of Status            	:	9
    Number of SyncCells         	:	0
    Number of count7cells       	:	0

Device Utilization Summary after Packing
    Macrocells                  :	88/192
    UDBS                        :	19/24
    IOs                         :	13/72


D2088: Phase 3, elapsed time : 0.0 (sec)

Phase 4
D2088: Phase 4, elapsed time : 0.0 (sec)

Phase 5
D2088: Phase 5, elapsed time : 0.0 (sec)

Phase 6

######################################################################
Placement Timing Summary

The timing summary is based on estimated routing delays after
placement. For final timing report, please carry out the timing
analysis after routing.
======================================================================

######################################################################
                     Clock Summary 
======================================================================
Number of clocks: 15
Clock: CLOCK_echo           | Frequency:  48.4 MHz | Target:   0.0 MHz
Clock: Clock_Motor_Control  | Frequency: N/A       | Target:   0.0 MHz
Clock: Clock_Motor_Control(routed) | Frequency: N/A       | Target:   0.0 MHz
Clock: Clock_Motor_PI_Control | Frequency: N/A       | Target:   0.0 MHz
Clock: Clock_Motor_PI_Control(routed) | Frequency: N/A       | Target:   0.0 MHz
Clock: Clock_Seconds        | Frequency:  59.7 MHz | Target:   0.0 MHz
Clock: Clock_Testing_1      | Frequency: N/A       | Target:   0.0 MHz
Clock: Clock_Testing_1(routed) | Frequency: N/A       | Target:   0.0 MHz
Clock: Clock_Trigger        | Frequency:  58.0 MHz | Target:   0.1 MHz
Clock: CyBUS_CLK            | Frequency:  42.6 MHz | Target:  24.0 MHz
Clock: CyILO                | Frequency: N/A       | Target:   0.0 MHz
Clock: CyIMO                | Frequency: N/A       | Target:   3.0 MHz
Clock: CyMASTER_CLK         | Frequency:  58.0 MHz | Target:  24.0 MHz
Clock: CyPLL_OUT            | Frequency: N/A       | Target:  24.0 MHz
Clock: UART_IntClock        | Frequency:  55.3 MHz | Target:   0.1 MHz

======================================================================
                     End of Clock Summary
######################################################################

D2088: Phase 6, elapsed time : 0.1 (sec)

Phase 7
######################################################################
                     Clock Summary 
======================================================================
Number of clocks: 15
Clock: CLOCK_echo           | Frequency:  29.9 MHz | Target:   0.0 MHz
Clock: Clock_Motor_Control  | Frequency: N/A       | Target:   0.0 MHz
Clock: Clock_Motor_Control(routed) | Frequency: N/A       | Target:   0.0 MHz
Clock: Clock_Motor_PI_Control | Frequency: N/A       | Target:   0.0 MHz
Clock: Clock_Motor_PI_Control(routed) | Frequency: N/A       | Target:   0.0 MHz
Clock: Clock_Seconds        | Frequency:  59.7 MHz | Target:   0.0 MHz
Clock: Clock_Testing_1      | Frequency: N/A       | Target:   0.0 MHz
Clock: Clock_Testing_1(routed) | Frequency: N/A       | Target:   0.0 MHz
Clock: Clock_Trigger        | Frequency:  59.9 MHz | Target:   0.1 MHz
Clock: CyBUS_CLK            | Frequency:  29.9 MHz | Target:  24.0 MHz
Clock: CyILO                | Frequency: N/A       | Target:   0.0 MHz
Clock: CyIMO                | Frequency: N/A       | Target:   3.0 MHz
Clock: CyMASTER_CLK         | Frequency:  59.9 MHz | Target:  24.0 MHz
Clock: CyPLL_OUT            | Frequency: N/A       | Target:  24.0 MHz
Clock: UART_IntClock        | Frequency:  56.1 MHz | Target:   0.1 MHz

======================================================================
                     End of Clock Summary
######################################################################
D2088: Phase 7, elapsed time : 1.6 (sec)

Final Design Statistics
    Number of Combinational MCs 	:	30
    Number of Sequential MCs    	:	58
    Number of DPs               	:	15
    Number of Controls          	:	8
    Number of Status            	:	9
    Number of SyncCells         	:	0
    Number of count7cells       	:	0
    Number of IOs       	:	13

Device Utilization Summary
    Macrocells                  :	88/192
    IOs                         :	13/72



######################################################################
Placement Timing Summary

The timing summary is based on estimated routing delays after
placement. For final timing report, please carry out the timing
analysis after routing.
======================================================================


######################################################################
                     Clock Summary 
======================================================================
Number of clocks: 15
Clock: CLOCK_echo           | Frequency:   1.7 MHz | Target:   0.0 MHz
Clock: Clock_Motor_Control  | Frequency: N/A       | Target:   0.0 MHz
Clock: Clock_Motor_Control(routed) | Frequency: N/A       | Target:   0.0 MHz
Clock: Clock_Motor_PI_Control | Frequency: N/A       | Target:   0.0 MHz
Clock: Clock_Motor_PI_Control(routed) | Frequency: N/A       | Target:   0.0 MHz
Clock: Clock_Seconds        | Frequency:  59.7 MHz | Target:   0.0 MHz
Clock: Clock_Testing_1      | Frequency: N/A       | Target:   0.0 MHz
Clock: Clock_Testing_1(routed) | Frequency: N/A       | Target:   0.0 MHz
Clock: Clock_Trigger        | Frequency:  57.7 MHz | Target:   0.1 MHz
Clock: CyBUS_CLK            | Frequency:   1.7 MHz | Target:  26.3 MHz
Clock: CyILO                | Frequency: N/A       | Target:   0.0 MHz
Clock: CyIMO                | Frequency: N/A       | Target:   3.0 MHz
Clock: CyMASTER_CLK         | Frequency:  57.7 MHz | Target:  26.3 MHz
Clock: CyPLL_OUT            | Frequency: N/A       | Target:  24.0 MHz
Clock: UART_IntClock        | Frequency:  55.3 MHz | Target:   0.1 MHz

======================================================================
                     End of Clock Summary
######################################################################

Phase 8
D2088: Phase 8, elapsed time : 0.0 (sec)

D2054: Placement of the design completed successfully

I2076: Total run-time: 2.4 sec.

