ARM GAS  C:\Users\jmspi\AppData\Local\Temp\cc5lNKM0.s 			page 1


   1              		.syntax unified
   2              		.cpu cortex-m3
   3              		.fpu softvfp
   4              		.eabi_attribute 20, 1
   5              		.eabi_attribute 21, 1
   6              		.eabi_attribute 23, 3
   7              		.eabi_attribute 24, 1
   8              		.eabi_attribute 25, 1
   9              		.eabi_attribute 26, 1
  10              		.eabi_attribute 30, 4
  11              		.eabi_attribute 34, 1
  12              		.eabi_attribute 18, 4
  13              		.thumb
  14              		.syntax unified
  15              		.file	"controllerVFH.c"
  16              		.text
  17              	.Ltext0:
  18              		.cfi_sections	.debug_frame
  19              		.global	__aeabi_dcmpgt
  20              		.global	__aeabi_dadd
  21              		.global	__aeabi_dcmpeq
  22              		.global	__aeabi_dsub
  23              		.global	__aeabi_dcmplt
  24              		.section	.text.controllerVFH_stepImpl,"ax",%progbits
  25              		.align	1
  26              		.global	controllerVFH_stepImpl
  27              		.thumb
  28              		.thumb_func
  29              		.type	controllerVFH_stepImpl, %function
  30              	controllerVFH_stepImpl:
  31              	.LFB0:
  32              		.file 1 "VFH+\\src\\controllerVFH.c"
   1:VFH+\src/controllerVFH.c **** /*
   2:VFH+\src/controllerVFH.c ****  * Academic License - for use in teaching, academic research, and meeting
   3:VFH+\src/controllerVFH.c ****  * course requirements at degree granting institutions only.  Not for
   4:VFH+\src/controllerVFH.c ****  * government, commercial, or other organizational use.
   5:VFH+\src/controllerVFH.c ****  * File: controllerVFH.c
   6:VFH+\src/controllerVFH.c ****  *
   7:VFH+\src/controllerVFH.c ****  * MATLAB Coder version            : 5.3
   8:VFH+\src/controllerVFH.c ****  * C/C++ source code generated on  : 30-Aug-2023 22:51:35
   9:VFH+\src/controllerVFH.c ****  */
  10:VFH+\src/controllerVFH.c **** 
  11:VFH+\src/controllerVFH.c **** /* Include Files */
  12:VFH+\src/controllerVFH.c **** #include "controllerVFH.h"
  13:VFH+\src/controllerVFH.c **** #include "VectorFieldHistogramBase.h"
  14:VFH+\src/controllerVFH.c **** #include "lidarScan.h"
  15:VFH+\src/controllerVFH.c **** #include "mod.h"
  16:VFH+\src/controllerVFH.c **** #include "rt_nonfinite.h"
  17:VFH+\src/controllerVFH.c **** #include "vfhTest_emxutil.h"
  18:VFH+\src/controllerVFH.c **** #include "vfhTest_internal_types.h"
  19:VFH+\src/controllerVFH.c **** #include "vfhTest_types.h"
  20:VFH+\src/controllerVFH.c **** #include <math.h>
  21:VFH+\src/controllerVFH.c **** 
  22:VFH+\src/controllerVFH.c **** /* Function Definitions */
  23:VFH+\src/controllerVFH.c **** /*
  24:VFH+\src/controllerVFH.c ****  * Arguments    : controllerVFH *obj
  25:VFH+\src/controllerVFH.c ****  *                const emxArray_real_T *varargin_1
ARM GAS  C:\Users\jmspi\AppData\Local\Temp\cc5lNKM0.s 			page 2


  26:VFH+\src/controllerVFH.c ****  *                const emxArray_real_T *varargin_2
  27:VFH+\src/controllerVFH.c ****  *                double varargin_3
  28:VFH+\src/controllerVFH.c ****  * Return Type  : double
  29:VFH+\src/controllerVFH.c ****  */
  30:VFH+\src/controllerVFH.c **** double controllerVFH_stepImpl(controllerVFH *obj,
  31:VFH+\src/controllerVFH.c ****                               const emxArray_real_T *varargin_1,
  32:VFH+\src/controllerVFH.c ****                               const emxArray_real_T *varargin_2,
  33:VFH+\src/controllerVFH.c ****                               double varargin_3)
  34:VFH+\src/controllerVFH.c **** {
  33              		.loc 1 34 0
  34              		.cfi_startproc
  35              		@ args = 8, pretend = 0, frame = 448
  36              		@ frame_needed = 0, uses_anonymous_args = 0
  37              	.LVL0:
  38 0000 2DE9F04F 		push	{r4, r5, r6, r7, r8, r9, r10, fp, lr}
  39              		.cfi_def_cfa_offset 36
  40              		.cfi_offset 4, -36
  41              		.cfi_offset 5, -32
  42              		.cfi_offset 6, -28
  43              		.cfi_offset 7, -24
  44              		.cfi_offset 8, -20
  45              		.cfi_offset 9, -16
  46              		.cfi_offset 10, -12
  47              		.cfi_offset 11, -8
  48              		.cfi_offset 14, -4
  49 0004 0F46     		mov	r7, r1
  50 0006 1646     		mov	r6, r2
  51 0008 F3B0     		sub	sp, sp, #460
  52              		.cfi_def_cfa_offset 496
  53              		.loc 1 34 0
  54 000a 7D9B     		ldr	r3, [sp, #500]
  35:VFH+\src/controllerVFH.c ****   emxArray_real_T c_varargin_1;
  36:VFH+\src/controllerVFH.c ****   emxArray_real_T c_varargin_2;
  37:VFH+\src/controllerVFH.c ****   emxArray_real_T *scan_InternalAngles;
  38:VFH+\src/controllerVFH.c ****   emxArray_real_T *scan_InternalRanges;
  39:VFH+\src/controllerVFH.c ****   double b_obj;
  40:VFH+\src/controllerVFH.c ****   double steeringDir;
  41:VFH+\src/controllerVFH.c ****   double target;
  42:VFH+\src/controllerVFH.c ****   int b_varargin_1;
  43:VFH+\src/controllerVFH.c ****   int b_varargin_2;
  44:VFH+\src/controllerVFH.c ****   int d_varargin_1;
  45:VFH+\src/controllerVFH.c ****   int d_varargin_2;
  46:VFH+\src/controllerVFH.c ****   int i;
  47:VFH+\src/controllerVFH.c ****   unsigned char b_tmp_data[180];
  48:VFH+\src/controllerVFH.c ****   unsigned char tmp_data[180];
  49:VFH+\src/controllerVFH.c ****   bool expl_temp;
  50:VFH+\src/controllerVFH.c ****   emxInit_real_T(&scan_InternalRanges, 1);
  55              		.loc 1 50 0
  56 000c 0121     		movs	r1, #1
  57              	.LVL1:
  34:VFH+\src/controllerVFH.c ****   emxArray_real_T c_varargin_1;
  58              		.loc 1 34 0
  59 000e 0446     		mov	r4, r0
  60              		.loc 1 50 0
  61 0010 0BA8     		add	r0, sp, #44
  62              	.LVL2:
  34:VFH+\src/controllerVFH.c ****   emxArray_real_T c_varargin_1;
ARM GAS  C:\Users\jmspi\AppData\Local\Temp\cc5lNKM0.s 			page 3


  63              		.loc 1 34 0
  64 0012 0393     		str	r3, [sp, #12]
  65 0014 7C9D     		ldr	r5, [sp, #496]
  66              		.loc 1 50 0
  67 0016 FFF7FEFF 		bl	emxInit_real_T
  68              	.LVL3:
  51:VFH+\src/controllerVFH.c ****   emxInit_real_T(&scan_InternalAngles, 1);
  69              		.loc 1 51 0
  70 001a 0121     		movs	r1, #1
  71 001c 0AA8     		add	r0, sp, #40
  72 001e FFF7FEFF 		bl	emxInit_real_T
  73              	.LVL4:
  52:VFH+\src/controllerVFH.c ****   b_varargin_1 = varargin_1->size[1];
  74              		.loc 1 52 0
  75 0022 7B68     		ldr	r3, [r7, #4]
  53:VFH+\src/controllerVFH.c ****   b_varargin_2 = varargin_2->size[1];
  54:VFH+\src/controllerVFH.c ****   c_varargin_1 = *varargin_1;
  76              		.loc 1 54 0
  77 0024 0DF1380E 		add	lr, sp, #56
  52:VFH+\src/controllerVFH.c ****   b_varargin_1 = varargin_1->size[1];
  78              		.loc 1 52 0
  79 0028 D3F80480 		ldr	r8, [r3, #4]
  80              	.LVL5:
  53:VFH+\src/controllerVFH.c ****   b_varargin_2 = varargin_2->size[1];
  81              		.loc 1 53 0
  82 002c 7368     		ldr	r3, [r6, #4]
  55:VFH+\src/controllerVFH.c ****   d_varargin_1 = b_varargin_1;
  83              		.loc 1 55 0
  84 002e CDF83080 		str	r8, [sp, #48]
  53:VFH+\src/controllerVFH.c ****   b_varargin_2 = varargin_2->size[1];
  85              		.loc 1 53 0
  86 0032 D3F804C0 		ldr	ip, [r3, #4]
  87              	.LVL6:
  54:VFH+\src/controllerVFH.c ****   d_varargin_1 = b_varargin_1;
  88              		.loc 1 54 0
  89 0036 0FCF     		ldmia	r7!, {r0, r1, r2, r3}
  90              	.LVL7:
  91 0038 AEE80F00 		stmia	lr!, {r0, r1, r2, r3}
  92 003c 3B68     		ldr	r3, [r7]
  56:VFH+\src/controllerVFH.c ****   c_varargin_1.size = &d_varargin_1;
  57:VFH+\src/controllerVFH.c ****   c_varargin_1.numDimensions = 1;
  58:VFH+\src/controllerVFH.c ****   c_varargin_2 = *varargin_2;
  93              		.loc 1 58 0
  94 003e 13AF     		add	r7, sp, #76
  95              	.LVL8:
  54:VFH+\src/controllerVFH.c ****   d_varargin_1 = b_varargin_1;
  96              		.loc 1 54 0
  97 0040 CEF80030 		str	r3, [lr]
  55:VFH+\src/controllerVFH.c ****   c_varargin_1.size = &d_varargin_1;
  98              		.loc 1 55 0
  99 0044 0CAB     		add	r3, sp, #48
  56:VFH+\src/controllerVFH.c ****   c_varargin_1.size = &d_varargin_1;
 100              		.loc 1 56 0
 101 0046 0F93     		str	r3, [sp, #60]
 102              		.loc 1 58 0
 103 0048 0FCE     		ldmia	r6!, {r0, r1, r2, r3}
 104              	.LVL9:
ARM GAS  C:\Users\jmspi\AppData\Local\Temp\cc5lNKM0.s 			page 4


 105 004a 0FC7     		stmia	r7!, {r0, r1, r2, r3}
 106 004c 3368     		ldr	r3, [r6]
  57:VFH+\src/controllerVFH.c ****   c_varargin_2 = *varargin_2;
 107              		.loc 1 57 0
 108 004e 4FF0010E 		mov	lr, #1
 109              		.loc 1 58 0
 110 0052 3B60     		str	r3, [r7]
  59:VFH+\src/controllerVFH.c ****   d_varargin_2 = b_varargin_2;
 111              		.loc 1 59 0
 112 0054 0DAB     		add	r3, sp, #52
  60:VFH+\src/controllerVFH.c ****   c_varargin_2.size = &d_varargin_2;
 113              		.loc 1 60 0
 114 0056 1493     		str	r3, [sp, #80]
  61:VFH+\src/controllerVFH.c ****   c_varargin_2.numDimensions = 1;
  62:VFH+\src/controllerVFH.c ****   lidarScan_lidarScan(&c_varargin_1, &c_varargin_2, scan_InternalRanges,
 115              		.loc 1 62 0
 116 0058 0DF12703 		add	r3, sp, #39
  57:VFH+\src/controllerVFH.c ****   c_varargin_2 = *varargin_2;
 117              		.loc 1 57 0
 118 005c CDF844E0 		str	lr, [sp, #68]
  59:VFH+\src/controllerVFH.c ****   c_varargin_2.size = &d_varargin_2;
 119              		.loc 1 59 0
 120 0060 CDF834C0 		str	ip, [sp, #52]
  61:VFH+\src/controllerVFH.c ****   c_varargin_2.numDimensions = 1;
 121              		.loc 1 61 0
 122 0064 CDF858E0 		str	lr, [sp, #88]
 123              		.loc 1 62 0
 124 0068 0093     		str	r3, [sp]
 125 006a 13A9     		add	r1, sp, #76
 126 006c 0A9B     		ldr	r3, [sp, #40]
 127 006e 0EA8     		add	r0, sp, #56
 128 0070 0B9A     		ldr	r2, [sp, #44]
 129 0072 FFF7FEFF 		bl	lidarScan_lidarScan
 130              	.LVL10:
  63:VFH+\src/controllerVFH.c ****                       scan_InternalAngles, &expl_temp);
  64:VFH+\src/controllerVFH.c ****   target = varargin_3;
  65:VFH+\src/controllerVFH.c ****   if (fabs(varargin_3) > 3.1415926535897931) {
 131              		.loc 1 65 0
 132 0076 5CA3     		adr	r3, .L29
 133 0078 D3E90023 		ldrd	r2, [r3]
 134 007c 039E     		ldr	r6, [sp, #12]
 135              	.LVL11:
 136 007e 2846     		mov	r0, r5
 137 0080 26F00041 		bic	r1, r6, #-2147483648
 138 0084 FFF7FEFF 		bl	__aeabi_dcmpgt
 139              	.LVL12:
 140 0088 20B3     		cbz	r0, .L2
  66:VFH+\src/controllerVFH.c ****     target = b_mod(varargin_3 + 3.1415926535897931);
 141              		.loc 1 66 0
 142 008a 57A3     		adr	r3, .L29
 143 008c D3E90023 		ldrd	r2, [r3]
 144 0090 0399     		ldr	r1, [sp, #12]
 145 0092 2846     		mov	r0, r5
 146 0094 FFF7FEFF 		bl	__aeabi_dadd
 147              	.LVL13:
 148 0098 8046     		mov	r8, r0
 149              	.LVL14:
ARM GAS  C:\Users\jmspi\AppData\Local\Temp\cc5lNKM0.s 			page 5


 150 009a 8946     		mov	r9, r1
 151 009c FFF7FEFF 		bl	b_mod
 152              	.LVL15:
  67:VFH+\src/controllerVFH.c ****     if ((target == 0.0) && (varargin_3 + 3.1415926535897931 > 0.0)) {
 153              		.loc 1 67 0
 154 00a0 0022     		movs	r2, #0
 155 00a2 0023     		movs	r3, #0
  66:VFH+\src/controllerVFH.c ****     target = b_mod(varargin_3 + 3.1415926535897931);
 156              		.loc 1 66 0
 157 00a4 0646     		mov	r6, r0
 158 00a6 0F46     		mov	r7, r1
 159              	.LVL16:
 160              		.loc 1 67 0
 161 00a8 FFF7FEFF 		bl	__aeabi_dcmpeq
 162              	.LVL17:
 163 00ac 48B1     		cbz	r0, .L4
 164              		.loc 1 67 0 is_stmt 0 discriminator 1
 165 00ae 0022     		movs	r2, #0
 166 00b0 0023     		movs	r3, #0
 167 00b2 4046     		mov	r0, r8
 168 00b4 4946     		mov	r1, r9
 169 00b6 FFF7FEFF 		bl	__aeabi_dcmpgt
 170              	.LVL18:
 171 00ba 10B1     		cbz	r0, .L4
  68:VFH+\src/controllerVFH.c ****       target = 6.2831853071795862;
 172              		.loc 1 68 0 is_stmt 1
 173 00bc 4CA7     		adr	r7, .L29+8
 174 00be D7E90067 		ldrd	r6, [r7]
 175              	.LVL19:
 176              	.L4:
  69:VFH+\src/controllerVFH.c ****     }
  70:VFH+\src/controllerVFH.c ****     target -= 3.1415926535897931;
 177              		.loc 1 70 0
 178 00c2 49A3     		adr	r3, .L29
 179 00c4 D3E90023 		ldrd	r2, [r3]
 180 00c8 3046     		mov	r0, r6
 181 00ca 3946     		mov	r1, r7
 182 00cc FFF7FEFF 		bl	__aeabi_dsub
 183              	.LVL20:
 184 00d0 0546     		mov	r5, r0
 185 00d2 0391     		str	r1, [sp, #12]
 186              	.LVL21:
 187              	.L2:
  71:VFH+\src/controllerVFH.c ****   }
  72:VFH+\src/controllerVFH.c ****   c_VectorFieldHistogramBase_buil(obj, scan_InternalRanges,
  73:VFH+\src/controllerVFH.c ****                                   scan_InternalAngles);
  74:VFH+\src/controllerVFH.c ****   b_obj = obj->HistogramThresholds[1];
 188              		.loc 1 74 0
 189 00d4 2646     		mov	r6, r4
  72:VFH+\src/controllerVFH.c ****                                   scan_InternalAngles);
 190              		.loc 1 72 0
 191 00d6 0A9A     		ldr	r2, [sp, #40]
 192 00d8 0B99     		ldr	r1, [sp, #44]
 193 00da 2046     		mov	r0, r4
  75:VFH+\src/controllerVFH.c ****   b_varargin_2 = 0;
 194              		.loc 1 75 0
 195 00dc 0027     		movs	r7, #0
ARM GAS  C:\Users\jmspi\AppData\Local\Temp\cc5lNKM0.s 			page 6


  72:VFH+\src/controllerVFH.c ****                                   scan_InternalAngles);
 196              		.loc 1 72 0
 197 00de FFF7FEFF 		bl	c_VectorFieldHistogramBase_buil
 198              	.LVL22:
  74:VFH+\src/controllerVFH.c ****   b_varargin_2 = 0;
 199              		.loc 1 74 0
 200 00e2 F6E92E23 		ldrd	r2, [r6, #184]!
  76:VFH+\src/controllerVFH.c ****   b_varargin_1 = 0;
 201              		.loc 1 76 0
 202 00e6 BA46     		mov	r10, r7
  74:VFH+\src/controllerVFH.c ****   b_varargin_2 = 0;
 203              		.loc 1 74 0
 204 00e8 B346     		mov	fp, r6
 205 00ea CDE90423 		strd	r2, [sp, #16]
 206              	.LVL23:
 207 00ee 4FF00109 		mov	r9, #1
 208              	.LVL24:
 209              	.L10:
  77:VFH+\src/controllerVFH.c ****   for (i = 0; i < 180; i++) {
  78:VFH+\src/controllerVFH.c ****     expl_temp = (obj->PolarObstacleDensity[i] > b_obj);
 210              		.loc 1 78 0
 211 00f2 FBE90223 		ldrd	r2, [fp, #8]!
 212 00f6 DDE90401 		ldrd	r0, [sp, #16]
 213 00fa CDE90623 		strd	r2, [sp, #24]
 214 00fe 4FF00108 		mov	r8, #1
 215 0102 FFF7FEFF 		bl	__aeabi_dcmplt
 216              	.LVL25:
 217 0106 00B9     		cbnz	r0, .L7
 218 0108 8046     		mov	r8, r0
 219              	.L7:
  79:VFH+\src/controllerVFH.c ****     if (expl_temp) {
 220              		.loc 1 79 0
 221 010a DDE90623 		ldrd	r2, [sp, #24]
 222 010e DDE90401 		ldrd	r0, [sp, #16]
  78:VFH+\src/controllerVFH.c ****     if (expl_temp) {
 223              		.loc 1 78 0
 224 0112 5FFA88F8 		uxtb	r8, r8
 225              		.loc 1 79 0
 226 0116 FFF7FEFF 		bl	__aeabi_dcmplt
 227              	.LVL26:
 228 011a 30B1     		cbz	r0, .L8
  80:VFH+\src/controllerVFH.c ****       b_varargin_2++;
  81:VFH+\src/controllerVFH.c ****       tmp_data[b_varargin_1] = (unsigned char)(i + 1);
 229              		.loc 1 81 0
 230 011c 72AB     		add	r3, sp, #456
 231 011e 5344     		add	r3, r3, r10
  80:VFH+\src/controllerVFH.c ****       b_varargin_2++;
 232              		.loc 1 80 0
 233 0120 0137     		adds	r7, r7, #1
 234              	.LVL27:
 235              		.loc 1 81 0
 236 0122 03F8B49C 		strb	r9, [r3, #-180]
  82:VFH+\src/controllerVFH.c ****       b_varargin_1++;
 237              		.loc 1 82 0
 238 0126 0AF1010A 		add	r10, r10, #1
 239              	.LVL28:
 240              	.L8:
ARM GAS  C:\Users\jmspi\AppData\Local\Temp\cc5lNKM0.s 			page 7


 241 012a 09F10109 		add	r9, r9, #1
 242              	.LVL29:
  77:VFH+\src/controllerVFH.c ****     expl_temp = (obj->PolarObstacleDensity[i] > b_obj);
 243              		.loc 1 77 0 discriminator 2
 244 012e B9F1B50F 		cmp	r9, #181
 245 0132 DED1     		bne	.L10
 246 0134 8DF82780 		strb	r8, [sp, #39]
  77:VFH+\src/controllerVFH.c ****     expl_temp = (obj->PolarObstacleDensity[i] > b_obj);
 247              		.loc 1 77 0 is_stmt 0
 248 0138 0023     		movs	r3, #0
 249 013a 0121     		movs	r1, #1
 250              	.LVL30:
 251              	.L11:
  83:VFH+\src/controllerVFH.c ****     }
  84:VFH+\src/controllerVFH.c ****   }
  85:VFH+\src/controllerVFH.c ****   for (b_varargin_1 = 0; b_varargin_1 < b_varargin_2; b_varargin_1++) {
 252              		.loc 1 85 0 is_stmt 1 discriminator 1
 253 013c BB42     		cmp	r3, r7
 254 013e 06D0     		beq	.L27
  86:VFH+\src/controllerVFH.c ****     obj->BinaryHistogram[tmp_data[b_varargin_1] - 1] = true;
 255              		.loc 1 86 0 discriminator 3
 256 0140 45AA     		add	r2, sp, #276
 257 0142 9A5C     		ldrb	r2, [r3, r2]	@ zero_extendqisi2
  85:VFH+\src/controllerVFH.c ****     obj->BinaryHistogram[tmp_data[b_varargin_1] - 1] = true;
 258              		.loc 1 85 0 discriminator 3
 259 0144 0133     		adds	r3, r3, #1
 260              	.LVL31:
 261              		.loc 1 86 0 discriminator 3
 262 0146 2244     		add	r2, r2, r4
 263 0148 82F85F16 		strb	r1, [r2, #1631]
 264 014c F6E7     		b	.L11
 265              	.L27:
  87:VFH+\src/controllerVFH.c ****   }
  88:VFH+\src/controllerVFH.c ****   b_obj = obj->HistogramThresholds[0];
  89:VFH+\src/controllerVFH.c ****   b_varargin_2 = 0;
 266              		.loc 1 89 0
 267 014e 0027     		movs	r7, #0
 268              	.LVL32:
  90:VFH+\src/controllerVFH.c ****   b_varargin_1 = 0;
 269              		.loc 1 90 0
 270 0150 BA46     		mov	r10, r7
  88:VFH+\src/controllerVFH.c ****   b_varargin_2 = 0;
 271              		.loc 1 88 0
 272 0152 D4E92C23 		ldrd	r2, [r4, #176]
 273 0156 CDE90423 		strd	r2, [sp, #16]
 274              	.LVL33:
 275 015a 4FF00109 		mov	r9, #1
  91:VFH+\src/controllerVFH.c ****   for (i = 0; i < 180; i++) {
  92:VFH+\src/controllerVFH.c ****     expl_temp = (obj->PolarObstacleDensity[i] < b_obj);
  93:VFH+\src/controllerVFH.c ****     if (expl_temp) {
  94:VFH+\src/controllerVFH.c ****       b_varargin_2++;
  95:VFH+\src/controllerVFH.c ****       b_tmp_data[b_varargin_1] = (unsigned char)(i + 1);
 276              		.loc 1 95 0
 277 015e 0DF1600B 		add	fp, sp, #96
 278              	.LVL34:
 279              	.L16:
  92:VFH+\src/controllerVFH.c ****     if (expl_temp) {
ARM GAS  C:\Users\jmspi\AppData\Local\Temp\cc5lNKM0.s 			page 8


 280              		.loc 1 92 0
 281 0162 F6E90223 		ldrd	r2, [r6, #8]!
 282 0166 DDE90401 		ldrd	r0, [sp, #16]
 283 016a CDE90623 		strd	r2, [sp, #24]
 284 016e 4FF00108 		mov	r8, #1
 285 0172 FFF7FEFF 		bl	__aeabi_dcmpgt
 286              	.LVL35:
 287 0176 00B9     		cbnz	r0, .L13
 288 0178 8046     		mov	r8, r0
 289              	.L13:
  93:VFH+\src/controllerVFH.c ****       b_varargin_2++;
 290              		.loc 1 93 0
 291 017a DDE90623 		ldrd	r2, [sp, #24]
 292 017e DDE90401 		ldrd	r0, [sp, #16]
  92:VFH+\src/controllerVFH.c ****     if (expl_temp) {
 293              		.loc 1 92 0
 294 0182 5FFA88F8 		uxtb	r8, r8
  93:VFH+\src/controllerVFH.c ****       b_varargin_2++;
 295              		.loc 1 93 0
 296 0186 FFF7FEFF 		bl	__aeabi_dcmpgt
 297              	.LVL36:
 298 018a 20B1     		cbz	r0, .L14
 299              		.loc 1 95 0
 300 018c 0BF80A90 		strb	r9, [fp, r10]
  94:VFH+\src/controllerVFH.c ****       b_tmp_data[b_varargin_1] = (unsigned char)(i + 1);
 301              		.loc 1 94 0
 302 0190 0137     		adds	r7, r7, #1
 303              	.LVL37:
  96:VFH+\src/controllerVFH.c ****       b_varargin_1++;
 304              		.loc 1 96 0
 305 0192 0AF1010A 		add	r10, r10, #1
 306              	.LVL38:
 307              	.L14:
 308 0196 09F10109 		add	r9, r9, #1
 309              	.LVL39:
  91:VFH+\src/controllerVFH.c ****     expl_temp = (obj->PolarObstacleDensity[i] < b_obj);
 310              		.loc 1 91 0 discriminator 2
 311 019a B9F1B50F 		cmp	r9, #181
 312 019e E0D1     		bne	.L16
  91:VFH+\src/controllerVFH.c ****     expl_temp = (obj->PolarObstacleDensity[i] < b_obj);
 313              		.loc 1 91 0 is_stmt 0
 314 01a0 0023     		movs	r3, #0
  97:VFH+\src/controllerVFH.c ****     }
  98:VFH+\src/controllerVFH.c ****   }
  99:VFH+\src/controllerVFH.c ****   for (b_varargin_1 = 0; b_varargin_1 < b_varargin_2; b_varargin_1++) {
 100:VFH+\src/controllerVFH.c ****     obj->BinaryHistogram[b_tmp_data[b_varargin_1] - 1] = false;
 315              		.loc 1 100 0 is_stmt 1
 316 01a2 1846     		mov	r0, r3
 317 01a4 8DF82780 		strb	r8, [sp, #39]
 318 01a8 18A9     		add	r1, sp, #96
 319              	.LVL40:
 320              	.L17:
  99:VFH+\src/controllerVFH.c ****     obj->BinaryHistogram[b_tmp_data[b_varargin_1] - 1] = false;
 321              		.loc 1 99 0 discriminator 1
 322 01aa BB42     		cmp	r3, r7
 323 01ac 05D0     		beq	.L28
 324              		.loc 1 100 0 discriminator 3
ARM GAS  C:\Users\jmspi\AppData\Local\Temp\cc5lNKM0.s 			page 9


 325 01ae 5A5C     		ldrb	r2, [r3, r1]	@ zero_extendqisi2
  99:VFH+\src/controllerVFH.c ****     obj->BinaryHistogram[b_tmp_data[b_varargin_1] - 1] = false;
 326              		.loc 1 99 0 discriminator 3
 327 01b0 0133     		adds	r3, r3, #1
 328              	.LVL41:
 329              		.loc 1 100 0 discriminator 3
 330 01b2 2244     		add	r2, r2, r4
 331 01b4 82F85F06 		strb	r0, [r2, #1631]
 332 01b8 F7E7     		b	.L17
 333              	.L28:
 101:VFH+\src/controllerVFH.c ****   }
 102:VFH+\src/controllerVFH.c ****   d_VectorFieldHistogramBase_buil(obj, scan_InternalRanges,
 334              		.loc 1 102 0
 335 01ba 0A9A     		ldr	r2, [sp, #40]
 336 01bc 0B99     		ldr	r1, [sp, #44]
 337 01be 2046     		mov	r0, r4
 338 01c0 FFF7FEFF 		bl	d_VectorFieldHistogramBase_buil
 339              	.LVL42:
 103:VFH+\src/controllerVFH.c ****                                   scan_InternalAngles);
 104:VFH+\src/controllerVFH.c ****   steeringDir = c_VectorFieldHistogramBase_sele(obj, target);
 340              		.loc 1 104 0
 341 01c4 2A46     		mov	r2, r5
 342 01c6 039B     		ldr	r3, [sp, #12]
 343 01c8 2046     		mov	r0, r4
 344 01ca FFF7FEFF 		bl	c_VectorFieldHistogramBase_sele
 345              	.LVL43:
 346 01ce 0D46     		mov	r5, r1
 347              	.LVL44:
 348 01d0 0446     		mov	r4, r0
 349              	.LVL45:
 105:VFH+\src/controllerVFH.c ****   emxFree_real_T(&scan_InternalAngles);
 350              		.loc 1 105 0
 351 01d2 0AA8     		add	r0, sp, #40
 352 01d4 FFF7FEFF 		bl	emxFree_real_T
 353              	.LVL46:
 106:VFH+\src/controllerVFH.c ****   emxFree_real_T(&scan_InternalRanges);
 354              		.loc 1 106 0
 355 01d8 0BA8     		add	r0, sp, #44
 356 01da FFF7FEFF 		bl	emxFree_real_T
 357              	.LVL47:
 107:VFH+\src/controllerVFH.c ****   return steeringDir;
 108:VFH+\src/controllerVFH.c **** }
 358              		.loc 1 108 0
 359 01de 2046     		mov	r0, r4
 360 01e0 2946     		mov	r1, r5
 361 01e2 73B0     		add	sp, sp, #460
 362              		.cfi_def_cfa_offset 36
 363              		@ sp needed
 364 01e4 BDE8F08F 		pop	{r4, r5, r6, r7, r8, r9, r10, fp, pc}
 365              	.LVL48:
 366              	.L30:
 367              		.align	3
 368              	.L29:
 369 01e8 182D4454 		.word	1413754136
 370 01ec FB210940 		.word	1074340347
 371 01f0 182D4454 		.word	1413754136
 372 01f4 FB211940 		.word	1075388923
ARM GAS  C:\Users\jmspi\AppData\Local\Temp\cc5lNKM0.s 			page 10


 373              		.cfi_endproc
 374              	.LFE0:
 375              		.size	controllerVFH_stepImpl, .-controllerVFH_stepImpl
 376              		.text
 377              	.Letext0:
 378              		.file 2 ".\\VFH+\\include/vfhTest_types.h"
 379              		.file 3 ".\\VFH+\\include/vfhTest_internal_types.h"
 380              		.file 4 ".\\VFH+\\include/vfhTest_emxutil.h"
 381              		.file 5 ".\\VFH+\\include/lidarScan.h"
 382              		.file 6 ".\\VFH+\\include/mod.h"
 383              		.file 7 ".\\VFH+\\include/VectorFieldHistogramBase.h"
 384              		.section	.debug_info,"",%progbits
 385              	.Ldebug_info0:
 386 0000 CC040000 		.4byte	0x4cc
 387 0004 0400     		.2byte	0x4
 388 0006 00000000 		.4byte	.Ldebug_abbrev0
 389 000a 04       		.byte	0x4
 390 000b 01       		.uleb128 0x1
 391 000c 90000000 		.4byte	.LASF66
 392 0010 0C       		.byte	0xc
 393 0011 99030000 		.4byte	.LASF67
 394 0015 C3030000 		.4byte	.LASF68
 395 0019 00000000 		.4byte	.Ldebug_ranges0+0
 396 001d 00000000 		.4byte	0
 397 0021 00000000 		.4byte	.Ldebug_line0
 398 0025 02       		.uleb128 0x2
 399 0026 01       		.byte	0x1
 400 0027 06       		.byte	0x6
 401 0028 84000000 		.4byte	.LASF0
 402 002c 02       		.uleb128 0x2
 403 002d 01       		.byte	0x1
 404 002e 08       		.byte	0x8
 405 002f 43030000 		.4byte	.LASF1
 406 0033 02       		.uleb128 0x2
 407 0034 02       		.byte	0x2
 408 0035 05       		.byte	0x5
 409 0036 5B030000 		.4byte	.LASF2
 410 003a 02       		.uleb128 0x2
 411 003b 02       		.byte	0x2
 412 003c 07       		.byte	0x7
 413 003d C2010000 		.4byte	.LASF3
 414 0041 03       		.uleb128 0x3
 415 0042 04       		.byte	0x4
 416 0043 05       		.byte	0x5
 417 0044 696E7400 		.ascii	"int\000"
 418 0048 02       		.uleb128 0x2
 419 0049 04       		.byte	0x4
 420 004a 07       		.byte	0x7
 421 004b 8D010000 		.4byte	.LASF4
 422 004f 02       		.uleb128 0x2
 423 0050 04       		.byte	0x4
 424 0051 04       		.byte	0x4
 425 0052 0F030000 		.4byte	.LASF5
 426 0056 02       		.uleb128 0x2
 427 0057 08       		.byte	0x8
 428 0058 04       		.byte	0x4
 429 0059 37010000 		.4byte	.LASF6
ARM GAS  C:\Users\jmspi\AppData\Local\Temp\cc5lNKM0.s 			page 11


 430 005d 02       		.uleb128 0x2
 431 005e 01       		.byte	0x1
 432 005f 02       		.byte	0x2
 433 0060 3D030000 		.4byte	.LASF7
 434 0064 02       		.uleb128 0x2
 435 0065 04       		.byte	0x4
 436 0066 07       		.byte	0x7
 437 0067 9A010000 		.4byte	.LASF8
 438 006b 02       		.uleb128 0x2
 439 006c 01       		.byte	0x1
 440 006d 08       		.byte	0x8
 441 006e B2030000 		.4byte	.LASF9
 442 0072 04       		.uleb128 0x4
 443 0073 1E020000 		.4byte	.LASF16
 444 0077 14       		.byte	0x14
 445 0078 02       		.byte	0x2
 446 0079 14       		.byte	0x14
 447 007a BB000000 		.4byte	0xbb
 448 007e 05       		.uleb128 0x5
 449 007f B8010000 		.4byte	.LASF10
 450 0083 02       		.byte	0x2
 451 0084 15       		.byte	0x15
 452 0085 BB000000 		.4byte	0xbb
 453 0089 00       		.byte	0
 454 008a 05       		.uleb128 0x5
 455 008b BD010000 		.4byte	.LASF11
 456 008f 02       		.byte	0x2
 457 0090 16       		.byte	0x16
 458 0091 C1000000 		.4byte	0xc1
 459 0095 04       		.byte	0x4
 460 0096 05       		.uleb128 0x5
 461 0097 85040000 		.4byte	.LASF12
 462 009b 02       		.byte	0x2
 463 009c 17       		.byte	0x17
 464 009d 41000000 		.4byte	0x41
 465 00a1 08       		.byte	0x8
 466 00a2 05       		.uleb128 0x5
 467 00a3 7B030000 		.4byte	.LASF13
 468 00a7 02       		.byte	0x2
 469 00a8 18       		.byte	0x18
 470 00a9 41000000 		.4byte	0x41
 471 00ad 0C       		.byte	0xc
 472 00ae 05       		.uleb128 0x5
 473 00af 81010000 		.4byte	.LASF14
 474 00b3 02       		.byte	0x2
 475 00b4 19       		.byte	0x19
 476 00b5 5D000000 		.4byte	0x5d
 477 00b9 10       		.byte	0x10
 478 00ba 00       		.byte	0
 479 00bb 06       		.uleb128 0x6
 480 00bc 04       		.byte	0x4
 481 00bd 56000000 		.4byte	0x56
 482 00c1 06       		.uleb128 0x6
 483 00c2 04       		.byte	0x4
 484 00c3 41000000 		.4byte	0x41
 485 00c7 07       		.uleb128 0x7
 486 00c8 1E020000 		.4byte	.LASF16
ARM GAS  C:\Users\jmspi\AppData\Local\Temp\cc5lNKM0.s 			page 12


 487 00cc 02       		.byte	0x2
 488 00cd 1E       		.byte	0x1e
 489 00ce 72000000 		.4byte	0x72
 490 00d2 08       		.uleb128 0x8
 491 00d3 20       		.byte	0x20
 492 00d4 03       		.byte	0x3
 493 00d5 15       		.byte	0x15
 494 00d6 E6000000 		.4byte	0xe6
 495 00da 09       		.uleb128 0x9
 496 00db 663100   		.ascii	"f1\000"
 497 00de 03       		.byte	0x3
 498 00df 16       		.byte	0x16
 499 00e0 E6000000 		.4byte	0xe6
 500 00e4 00       		.byte	0
 501 00e5 00       		.byte	0
 502 00e6 0A       		.uleb128 0xa
 503 00e7 48000000 		.4byte	0x48
 504 00eb F6000000 		.4byte	0xf6
 505 00ef 0B       		.uleb128 0xb
 506 00f0 F6000000 		.4byte	0xf6
 507 00f4 07       		.byte	0x7
 508 00f5 00       		.byte	0
 509 00f6 02       		.uleb128 0x2
 510 00f7 04       		.byte	0x4
 511 00f8 07       		.byte	0x7
 512 00f9 9C020000 		.4byte	.LASF15
 513 00fd 07       		.uleb128 0x7
 514 00fe B7030000 		.4byte	.LASF17
 515 0102 03       		.byte	0x3
 516 0103 17       		.byte	0x17
 517 0104 D2000000 		.4byte	0xd2
 518 0108 0C       		.uleb128 0xc
 519 0109 2813     		.2byte	0x1328
 520 010b 03       		.byte	0x3
 521 010c 1C       		.byte	0x1c
 522 010d FD010000 		.4byte	0x1fd
 523 0111 05       		.uleb128 0x5
 524 0112 08040000 		.4byte	.LASF18
 525 0116 03       		.byte	0x3
 526 0117 1D       		.byte	0x1d
 527 0118 41000000 		.4byte	0x41
 528 011c 00       		.byte	0
 529 011d 05       		.uleb128 0x5
 530 011e 74010000 		.4byte	.LASF19
 531 0122 03       		.byte	0x3
 532 0123 1E       		.byte	0x1e
 533 0124 FD010000 		.4byte	0x1fd
 534 0128 04       		.byte	0x4
 535 0129 05       		.uleb128 0x5
 536 012a F3010000 		.4byte	.LASF20
 537 012e 03       		.byte	0x3
 538 012f 1F       		.byte	0x1f
 539 0130 56000000 		.4byte	0x56
 540 0134 68       		.byte	0x68
 541 0135 05       		.uleb128 0x5
 542 0136 61020000 		.4byte	.LASF21
 543 013a 03       		.byte	0x3
ARM GAS  C:\Users\jmspi\AppData\Local\Temp\cc5lNKM0.s 			page 13


 544 013b 20       		.byte	0x20
 545 013c 0D020000 		.4byte	0x20d
 546 0140 70       		.byte	0x70
 547 0141 05       		.uleb128 0x5
 548 0142 D1020000 		.4byte	.LASF22
 549 0146 03       		.byte	0x3
 550 0147 21       		.byte	0x21
 551 0148 56000000 		.4byte	0x56
 552 014c 80       		.byte	0x80
 553 014d 05       		.uleb128 0x5
 554 014e D5010000 		.4byte	.LASF23
 555 0152 03       		.byte	0x3
 556 0153 22       		.byte	0x22
 557 0154 56000000 		.4byte	0x56
 558 0158 88       		.byte	0x88
 559 0159 05       		.uleb128 0x5
 560 015a A5040000 		.4byte	.LASF24
 561 015e 03       		.byte	0x3
 562 015f 23       		.byte	0x23
 563 0160 56000000 		.4byte	0x56
 564 0164 90       		.byte	0x90
 565 0165 05       		.uleb128 0x5
 566 0166 3B040000 		.4byte	.LASF25
 567 016a 03       		.byte	0x3
 568 016b 24       		.byte	0x24
 569 016c 56000000 		.4byte	0x56
 570 0170 98       		.byte	0x98
 571 0171 05       		.uleb128 0x5
 572 0172 00000000 		.4byte	.LASF26
 573 0176 03       		.byte	0x3
 574 0177 25       		.byte	0x25
 575 0178 56000000 		.4byte	0x56
 576 017c A0       		.byte	0xa0
 577 017d 05       		.uleb128 0x5
 578 017e 70020000 		.4byte	.LASF27
 579 0182 03       		.byte	0x3
 580 0183 26       		.byte	0x26
 581 0184 56000000 		.4byte	0x56
 582 0188 A8       		.byte	0xa8
 583 0189 05       		.uleb128 0x5
 584 018a 88020000 		.4byte	.LASF28
 585 018e 03       		.byte	0x3
 586 018f 27       		.byte	0x27
 587 0190 0D020000 		.4byte	0x20d
 588 0194 B0       		.byte	0xb0
 589 0195 05       		.uleb128 0x5
 590 0196 5F010000 		.4byte	.LASF29
 591 019a 03       		.byte	0x3
 592 019b 28       		.byte	0x28
 593 019c 1D020000 		.4byte	0x21d
 594 01a0 C0       		.byte	0xc0
 595 01a1 0D       		.uleb128 0xd
 596 01a2 1E010000 		.4byte	.LASF30
 597 01a6 03       		.byte	0x3
 598 01a7 29       		.byte	0x29
 599 01a8 2D020000 		.4byte	0x22d
 600 01ac 6006     		.2byte	0x660
ARM GAS  C:\Users\jmspi\AppData\Local\Temp\cc5lNKM0.s 			page 14


 601 01ae 0D       		.uleb128 0xd
 602 01af 89030000 		.4byte	.LASF31
 603 01b3 03       		.byte	0x3
 604 01b4 2A       		.byte	0x2a
 605 01b5 2D020000 		.4byte	0x22d
 606 01b9 1407     		.2byte	0x714
 607 01bb 0D       		.uleb128 0xd
 608 01bc 93040000 		.4byte	.LASF32
 609 01c0 03       		.byte	0x3
 610 01c1 2B       		.byte	0x2b
 611 01c2 56000000 		.4byte	0x56
 612 01c6 C807     		.2byte	0x7c8
 613 01c8 0D       		.uleb128 0xd
 614 01c9 6E040000 		.4byte	.LASF33
 615 01cd 03       		.byte	0x3
 616 01ce 2C       		.byte	0x2c
 617 01cf 1D020000 		.4byte	0x21d
 618 01d3 D007     		.2byte	0x7d0
 619 01d5 0D       		.uleb128 0xd
 620 01d6 FD020000 		.4byte	.LASF34
 621 01da 03       		.byte	0x3
 622 01db 2D       		.byte	0x2d
 623 01dc 56000000 		.4byte	0x56
 624 01e0 700D     		.2byte	0xd70
 625 01e2 0D       		.uleb128 0xd
 626 01e3 2E020000 		.4byte	.LASF35
 627 01e7 03       		.byte	0x3
 628 01e8 2E       		.byte	0x2e
 629 01e9 1D020000 		.4byte	0x21d
 630 01ed 780D     		.2byte	0xd78
 631 01ef 0D       		.uleb128 0xd
 632 01f0 1B030000 		.4byte	.LASF36
 633 01f4 03       		.byte	0x3
 634 01f5 2F       		.byte	0x2f
 635 01f6 0D020000 		.4byte	0x20d
 636 01fa 1813     		.2byte	0x1318
 637 01fc 00       		.byte	0
 638 01fd 0A       		.uleb128 0xa
 639 01fe FD000000 		.4byte	0xfd
 640 0202 0D020000 		.4byte	0x20d
 641 0206 0B       		.uleb128 0xb
 642 0207 F6000000 		.4byte	0xf6
 643 020b 02       		.byte	0x2
 644 020c 00       		.byte	0
 645 020d 0A       		.uleb128 0xa
 646 020e 56000000 		.4byte	0x56
 647 0212 1D020000 		.4byte	0x21d
 648 0216 0B       		.uleb128 0xb
 649 0217 F6000000 		.4byte	0xf6
 650 021b 01       		.byte	0x1
 651 021c 00       		.byte	0
 652 021d 0A       		.uleb128 0xa
 653 021e 56000000 		.4byte	0x56
 654 0222 2D020000 		.4byte	0x22d
 655 0226 0B       		.uleb128 0xb
 656 0227 F6000000 		.4byte	0xf6
 657 022b B3       		.byte	0xb3
ARM GAS  C:\Users\jmspi\AppData\Local\Temp\cc5lNKM0.s 			page 15


 658 022c 00       		.byte	0
 659 022d 0A       		.uleb128 0xa
 660 022e 5D000000 		.4byte	0x5d
 661 0232 3D020000 		.4byte	0x23d
 662 0236 0B       		.uleb128 0xb
 663 0237 F6000000 		.4byte	0xf6
 664 023b B3       		.byte	0xb3
 665 023c 00       		.byte	0
 666 023d 07       		.uleb128 0x7
 667 023e 68000000 		.4byte	.LASF37
 668 0242 03       		.byte	0x3
 669 0243 30       		.byte	0x30
 670 0244 08010000 		.4byte	0x108
 671 0248 02       		.uleb128 0x2
 672 0249 08       		.byte	0x8
 673 024a 05       		.byte	0x5
 674 024b 76000000 		.4byte	.LASF38
 675 024f 02       		.uleb128 0x2
 676 0250 08       		.byte	0x8
 677 0251 04       		.byte	0x4
 678 0252 A5020000 		.4byte	.LASF39
 679 0256 02       		.uleb128 0x2
 680 0257 04       		.byte	0x4
 681 0258 05       		.byte	0x5
 682 0259 2E010000 		.4byte	.LASF40
 683 025d 02       		.uleb128 0x2
 684 025e 08       		.byte	0x8
 685 025f 07       		.byte	0x7
 686 0260 37000000 		.4byte	.LASF41
 687 0264 0E       		.uleb128 0xe
 688 0265 51040000 		.4byte	.LASF69
 689 0269 01       		.byte	0x1
 690 026a 1E       		.byte	0x1e
 691 026b 56000000 		.4byte	0x56
 692 026f 00000000 		.4byte	.LFB0
 693 0273 F8010000 		.4byte	.LFE0-.LFB0
 694 0277 01       		.uleb128 0x1
 695 0278 9C       		.byte	0x9c
 696 0279 5B040000 		.4byte	0x45b
 697 027d 0F       		.uleb128 0xf
 698 027e 6F626A00 		.ascii	"obj\000"
 699 0282 01       		.byte	0x1
 700 0283 1E       		.byte	0x1e
 701 0284 5B040000 		.4byte	0x45b
 702 0288 00000000 		.4byte	.LLST0
 703 028c 10       		.uleb128 0x10
 704 028d 3E010000 		.4byte	.LASF42
 705 0291 01       		.byte	0x1
 706 0292 1F       		.byte	0x1f
 707 0293 61040000 		.4byte	0x461
 708 0297 2C000000 		.4byte	.LLST1
 709 029b 10       		.uleb128 0x10
 710 029c 49010000 		.4byte	.LASF43
 711 02a0 01       		.byte	0x1
 712 02a1 20       		.byte	0x20
 713 02a2 61040000 		.4byte	0x461
 714 02a6 65000000 		.4byte	.LLST2
ARM GAS  C:\Users\jmspi\AppData\Local\Temp\cc5lNKM0.s 			page 16


 715 02aa 10       		.uleb128 0x10
 716 02ab 54010000 		.4byte	.LASF44
 717 02af 01       		.byte	0x1
 718 02b0 21       		.byte	0x21
 719 02b1 56000000 		.4byte	0x56
 720 02b5 9E000000 		.4byte	.LLST3
 721 02b9 11       		.uleb128 0x11
 722 02ba 47020000 		.4byte	.LASF45
 723 02be 01       		.byte	0x1
 724 02bf 23       		.byte	0x23
 725 02c0 C7000000 		.4byte	0xc7
 726 02c4 03       		.uleb128 0x3
 727 02c5 91       		.byte	0x91
 728 02c6 C87C     		.sleb128 -440
 729 02c8 11       		.uleb128 0x11
 730 02c9 54020000 		.4byte	.LASF46
 731 02cd 01       		.byte	0x1
 732 02ce 24       		.byte	0x24
 733 02cf C7000000 		.4byte	0xc7
 734 02d3 03       		.uleb128 0x3
 735 02d4 91       		.byte	0x91
 736 02d5 DC7C     		.sleb128 -420
 737 02d7 11       		.uleb128 0x11
 738 02d8 0A020000 		.4byte	.LASF47
 739 02dc 01       		.byte	0x1
 740 02dd 25       		.byte	0x25
 741 02de 6C040000 		.4byte	0x46c
 742 02e2 03       		.uleb128 0x3
 743 02e3 91       		.byte	0x91
 744 02e4 B87C     		.sleb128 -456
 745 02e6 11       		.uleb128 0x11
 746 02e7 BF040000 		.4byte	.LASF48
 747 02eb 01       		.byte	0x1
 748 02ec 26       		.byte	0x26
 749 02ed 6C040000 		.4byte	0x46c
 750 02f1 03       		.uleb128 0x3
 751 02f2 91       		.byte	0x91
 752 02f3 BC7C     		.sleb128 -452
 753 02f5 12       		.uleb128 0x12
 754 02f6 15030000 		.4byte	.LASF49
 755 02fa 01       		.byte	0x1
 756 02fb 27       		.byte	0x27
 757 02fc 56000000 		.4byte	0x56
 758 0300 BE000000 		.4byte	.LLST4
 759 0304 12       		.uleb128 0x12
 760 0305 AC010000 		.4byte	.LASF50
 761 0309 01       		.byte	0x1
 762 030a 28       		.byte	0x28
 763 030b 56000000 		.4byte	0x56
 764 030f 0D010000 		.4byte	.LLST5
 765 0313 12       		.uleb128 0x12
 766 0314 65030000 		.4byte	.LASF51
 767 0318 01       		.byte	0x1
 768 0319 29       		.byte	0x29
 769 031a 56000000 		.4byte	0x56
 770 031e 25010000 		.4byte	.LLST6
 771 0322 12       		.uleb128 0x12
ARM GAS  C:\Users\jmspi\AppData\Local\Temp\cc5lNKM0.s 			page 17


 772 0323 4E000000 		.4byte	.LASF52
 773 0327 01       		.byte	0x1
 774 0328 2A       		.byte	0x2a
 775 0329 41000000 		.4byte	0x41
 776 032d 61010000 		.4byte	.LLST7
 777 0331 12       		.uleb128 0x12
 778 0332 5B000000 		.4byte	.LASF53
 779 0336 01       		.byte	0x1
 780 0337 2B       		.byte	0x2b
 781 0338 41000000 		.4byte	0x41
 782 033c B8010000 		.4byte	.LLST8
 783 0340 11       		.uleb128 0x11
 784 0341 16040000 		.4byte	.LASF54
 785 0345 01       		.byte	0x1
 786 0346 2C       		.byte	0x2c
 787 0347 41000000 		.4byte	0x41
 788 034b 03       		.uleb128 0x3
 789 034c 91       		.byte	0x91
 790 034d C07C     		.sleb128 -448
 791 034f 11       		.uleb128 0x11
 792 0350 23040000 		.4byte	.LASF55
 793 0354 01       		.byte	0x1
 794 0355 2D       		.byte	0x2d
 795 0356 41000000 		.4byte	0x41
 796 035a 03       		.uleb128 0x3
 797 035b 91       		.byte	0x91
 798 035c C47C     		.sleb128 -444
 799 035e 13       		.uleb128 0x13
 800 035f 6900     		.ascii	"i\000"
 801 0361 01       		.byte	0x1
 802 0362 2E       		.byte	0x2e
 803 0363 41000000 		.4byte	0x41
 804 0367 F9010000 		.4byte	.LLST9
 805 036b 11       		.uleb128 0x11
 806 036c 30040000 		.4byte	.LASF56
 807 0370 01       		.byte	0x1
 808 0371 2F       		.byte	0x2f
 809 0372 72040000 		.4byte	0x472
 810 0376 03       		.uleb128 0x3
 811 0377 91       		.byte	0x91
 812 0378 F07C     		.sleb128 -400
 813 037a 11       		.uleb128 0x11
 814 037b B6040000 		.4byte	.LASF57
 815 037f 01       		.byte	0x1
 816 0380 30       		.byte	0x30
 817 0381 72040000 		.4byte	0x472
 818 0385 03       		.uleb128 0x3
 819 0386 91       		.byte	0x91
 820 0387 A47E     		.sleb128 -220
 821 0389 11       		.uleb128 0x11
 822 038a 51030000 		.4byte	.LASF58
 823 038e 01       		.byte	0x1
 824 038f 31       		.byte	0x31
 825 0390 5D000000 		.4byte	0x5d
 826 0394 03       		.uleb128 0x3
 827 0395 91       		.byte	0x91
 828 0396 B77C     		.sleb128 -457
ARM GAS  C:\Users\jmspi\AppData\Local\Temp\cc5lNKM0.s 			page 18


 829 0398 14       		.uleb128 0x14
 830 0399 1A000000 		.4byte	.LVL3
 831 039d 82040000 		.4byte	0x482
 832 03a1 B2030000 		.4byte	0x3b2
 833 03a5 15       		.uleb128 0x15
 834 03a6 01       		.uleb128 0x1
 835 03a7 50       		.byte	0x50
 836 03a8 03       		.uleb128 0x3
 837 03a9 91       		.byte	0x91
 838 03aa BC7C     		.sleb128 -452
 839 03ac 15       		.uleb128 0x15
 840 03ad 01       		.uleb128 0x1
 841 03ae 51       		.byte	0x51
 842 03af 01       		.uleb128 0x1
 843 03b0 31       		.byte	0x31
 844 03b1 00       		.byte	0
 845 03b2 14       		.uleb128 0x14
 846 03b3 22000000 		.4byte	.LVL4
 847 03b7 82040000 		.4byte	0x482
 848 03bb CC030000 		.4byte	0x3cc
 849 03bf 15       		.uleb128 0x15
 850 03c0 01       		.uleb128 0x1
 851 03c1 50       		.byte	0x50
 852 03c2 03       		.uleb128 0x3
 853 03c3 91       		.byte	0x91
 854 03c4 B87C     		.sleb128 -456
 855 03c6 15       		.uleb128 0x15
 856 03c7 01       		.uleb128 0x1
 857 03c8 51       		.byte	0x51
 858 03c9 01       		.uleb128 0x1
 859 03ca 31       		.byte	0x31
 860 03cb 00       		.byte	0
 861 03cc 14       		.uleb128 0x14
 862 03cd 76000000 		.4byte	.LVL10
 863 03d1 8D040000 		.4byte	0x48d
 864 03d5 EF030000 		.4byte	0x3ef
 865 03d9 15       		.uleb128 0x15
 866 03da 01       		.uleb128 0x1
 867 03db 50       		.byte	0x50
 868 03dc 03       		.uleb128 0x3
 869 03dd 91       		.byte	0x91
 870 03de C87C     		.sleb128 -440
 871 03e0 15       		.uleb128 0x15
 872 03e1 01       		.uleb128 0x1
 873 03e2 51       		.byte	0x51
 874 03e3 02       		.uleb128 0x2
 875 03e4 77       		.byte	0x77
 876 03e5 70       		.sleb128 -16
 877 03e6 15       		.uleb128 0x15
 878 03e7 02       		.uleb128 0x2
 879 03e8 7D       		.byte	0x7d
 880 03e9 00       		.sleb128 0
 881 03ea 03       		.uleb128 0x3
 882 03eb 91       		.byte	0x91
 883 03ec B77C     		.sleb128 -457
 884 03ee 00       		.byte	0
 885 03ef 16       		.uleb128 0x16
ARM GAS  C:\Users\jmspi\AppData\Local\Temp\cc5lNKM0.s 			page 19


 886 03f0 A0000000 		.4byte	.LVL15
 887 03f4 98040000 		.4byte	0x498
 888 03f8 14       		.uleb128 0x14
 889 03f9 E2000000 		.4byte	.LVL22
 890 03fd A3040000 		.4byte	0x4a3
 891 0401 0C040000 		.4byte	0x40c
 892 0405 15       		.uleb128 0x15
 893 0406 01       		.uleb128 0x1
 894 0407 50       		.byte	0x50
 895 0408 02       		.uleb128 0x2
 896 0409 76       		.byte	0x76
 897 040a 00       		.sleb128 0
 898 040b 00       		.byte	0
 899 040c 14       		.uleb128 0x14
 900 040d C4010000 		.4byte	.LVL42
 901 0411 AE040000 		.4byte	0x4ae
 902 0415 20040000 		.4byte	0x420
 903 0419 15       		.uleb128 0x15
 904 041a 01       		.uleb128 0x1
 905 041b 50       		.byte	0x50
 906 041c 02       		.uleb128 0x2
 907 041d 74       		.byte	0x74
 908 041e 00       		.sleb128 0
 909 041f 00       		.byte	0
 910 0420 14       		.uleb128 0x14
 911 0421 CE010000 		.4byte	.LVL43
 912 0425 B9040000 		.4byte	0x4b9
 913 0429 34040000 		.4byte	0x434
 914 042d 15       		.uleb128 0x15
 915 042e 01       		.uleb128 0x1
 916 042f 50       		.byte	0x50
 917 0430 02       		.uleb128 0x2
 918 0431 74       		.byte	0x74
 919 0432 00       		.sleb128 0
 920 0433 00       		.byte	0
 921 0434 14       		.uleb128 0x14
 922 0435 D8010000 		.4byte	.LVL46
 923 0439 C4040000 		.4byte	0x4c4
 924 043d 49040000 		.4byte	0x449
 925 0441 15       		.uleb128 0x15
 926 0442 01       		.uleb128 0x1
 927 0443 50       		.byte	0x50
 928 0444 03       		.uleb128 0x3
 929 0445 91       		.byte	0x91
 930 0446 B87C     		.sleb128 -456
 931 0448 00       		.byte	0
 932 0449 17       		.uleb128 0x17
 933 044a DE010000 		.4byte	.LVL47
 934 044e C4040000 		.4byte	0x4c4
 935 0452 15       		.uleb128 0x15
 936 0453 01       		.uleb128 0x1
 937 0454 50       		.byte	0x50
 938 0455 03       		.uleb128 0x3
 939 0456 91       		.byte	0x91
 940 0457 BC7C     		.sleb128 -452
 941 0459 00       		.byte	0
 942 045a 00       		.byte	0
ARM GAS  C:\Users\jmspi\AppData\Local\Temp\cc5lNKM0.s 			page 20


 943 045b 06       		.uleb128 0x6
 944 045c 04       		.byte	0x4
 945 045d 3D020000 		.4byte	0x23d
 946 0461 06       		.uleb128 0x6
 947 0462 04       		.byte	0x4
 948 0463 67040000 		.4byte	0x467
 949 0467 18       		.uleb128 0x18
 950 0468 C7000000 		.4byte	0xc7
 951 046c 06       		.uleb128 0x6
 952 046d 04       		.byte	0x4
 953 046e C7000000 		.4byte	0xc7
 954 0472 0A       		.uleb128 0xa
 955 0473 2C000000 		.4byte	0x2c
 956 0477 82040000 		.4byte	0x482
 957 047b 0B       		.uleb128 0xb
 958 047c F6000000 		.4byte	0xf6
 959 0480 B3       		.byte	0xb3
 960 0481 00       		.byte	0
 961 0482 19       		.uleb128 0x19
 962 0483 6C030000 		.4byte	.LASF59
 963 0487 6C030000 		.4byte	.LASF59
 964 048b 04       		.byte	0x4
 965 048c 24       		.byte	0x24
 966 048d 19       		.uleb128 0x19
 967 048e 29030000 		.4byte	.LASF60
 968 0492 29030000 		.4byte	.LASF60
 969 0496 05       		.byte	0x5
 970 0497 19       		.byte	0x19
 971 0498 19       		.uleb128 0x19
 972 0499 68040000 		.4byte	.LASF61
 973 049d 68040000 		.4byte	.LASF61
 974 04a1 06       		.byte	0x6
 975 04a2 18       		.byte	0x18
 976 04a3 19       		.uleb128 0x19
 977 04a4 17000000 		.4byte	.LASF62
 978 04a8 17000000 		.4byte	.LASF62
 979 04ac 07       		.byte	0x7
 980 04ad 1A       		.byte	0x1a
 981 04ae 19       		.uleb128 0x19
 982 04af B1020000 		.4byte	.LASF63
 983 04b3 B1020000 		.4byte	.LASF63
 984 04b7 07       		.byte	0x7
 985 04b8 22       		.byte	0x22
 986 04b9 19       		.uleb128 0x19
 987 04ba DD020000 		.4byte	.LASF64
 988 04be DD020000 		.4byte	.LASF64
 989 04c2 07       		.byte	0x7
 990 04c3 1E       		.byte	0x1e
 991 04c4 19       		.uleb128 0x19
 992 04c5 E4010000 		.4byte	.LASF65
 993 04c9 E4010000 		.4byte	.LASF65
 994 04cd 04       		.byte	0x4
 995 04ce 20       		.byte	0x20
 996 04cf 00       		.byte	0
 997              		.section	.debug_abbrev,"",%progbits
 998              	.Ldebug_abbrev0:
 999 0000 01       		.uleb128 0x1
ARM GAS  C:\Users\jmspi\AppData\Local\Temp\cc5lNKM0.s 			page 21


 1000 0001 11       		.uleb128 0x11
 1001 0002 01       		.byte	0x1
 1002 0003 25       		.uleb128 0x25
 1003 0004 0E       		.uleb128 0xe
 1004 0005 13       		.uleb128 0x13
 1005 0006 0B       		.uleb128 0xb
 1006 0007 03       		.uleb128 0x3
 1007 0008 0E       		.uleb128 0xe
 1008 0009 1B       		.uleb128 0x1b
 1009 000a 0E       		.uleb128 0xe
 1010 000b 55       		.uleb128 0x55
 1011 000c 17       		.uleb128 0x17
 1012 000d 11       		.uleb128 0x11
 1013 000e 01       		.uleb128 0x1
 1014 000f 10       		.uleb128 0x10
 1015 0010 17       		.uleb128 0x17
 1016 0011 00       		.byte	0
 1017 0012 00       		.byte	0
 1018 0013 02       		.uleb128 0x2
 1019 0014 24       		.uleb128 0x24
 1020 0015 00       		.byte	0
 1021 0016 0B       		.uleb128 0xb
 1022 0017 0B       		.uleb128 0xb
 1023 0018 3E       		.uleb128 0x3e
 1024 0019 0B       		.uleb128 0xb
 1025 001a 03       		.uleb128 0x3
 1026 001b 0E       		.uleb128 0xe
 1027 001c 00       		.byte	0
 1028 001d 00       		.byte	0
 1029 001e 03       		.uleb128 0x3
 1030 001f 24       		.uleb128 0x24
 1031 0020 00       		.byte	0
 1032 0021 0B       		.uleb128 0xb
 1033 0022 0B       		.uleb128 0xb
 1034 0023 3E       		.uleb128 0x3e
 1035 0024 0B       		.uleb128 0xb
 1036 0025 03       		.uleb128 0x3
 1037 0026 08       		.uleb128 0x8
 1038 0027 00       		.byte	0
 1039 0028 00       		.byte	0
 1040 0029 04       		.uleb128 0x4
 1041 002a 13       		.uleb128 0x13
 1042 002b 01       		.byte	0x1
 1043 002c 03       		.uleb128 0x3
 1044 002d 0E       		.uleb128 0xe
 1045 002e 0B       		.uleb128 0xb
 1046 002f 0B       		.uleb128 0xb
 1047 0030 3A       		.uleb128 0x3a
 1048 0031 0B       		.uleb128 0xb
 1049 0032 3B       		.uleb128 0x3b
 1050 0033 0B       		.uleb128 0xb
 1051 0034 01       		.uleb128 0x1
 1052 0035 13       		.uleb128 0x13
 1053 0036 00       		.byte	0
 1054 0037 00       		.byte	0
 1055 0038 05       		.uleb128 0x5
 1056 0039 0D       		.uleb128 0xd
ARM GAS  C:\Users\jmspi\AppData\Local\Temp\cc5lNKM0.s 			page 22


 1057 003a 00       		.byte	0
 1058 003b 03       		.uleb128 0x3
 1059 003c 0E       		.uleb128 0xe
 1060 003d 3A       		.uleb128 0x3a
 1061 003e 0B       		.uleb128 0xb
 1062 003f 3B       		.uleb128 0x3b
 1063 0040 0B       		.uleb128 0xb
 1064 0041 49       		.uleb128 0x49
 1065 0042 13       		.uleb128 0x13
 1066 0043 38       		.uleb128 0x38
 1067 0044 0B       		.uleb128 0xb
 1068 0045 00       		.byte	0
 1069 0046 00       		.byte	0
 1070 0047 06       		.uleb128 0x6
 1071 0048 0F       		.uleb128 0xf
 1072 0049 00       		.byte	0
 1073 004a 0B       		.uleb128 0xb
 1074 004b 0B       		.uleb128 0xb
 1075 004c 49       		.uleb128 0x49
 1076 004d 13       		.uleb128 0x13
 1077 004e 00       		.byte	0
 1078 004f 00       		.byte	0
 1079 0050 07       		.uleb128 0x7
 1080 0051 16       		.uleb128 0x16
 1081 0052 00       		.byte	0
 1082 0053 03       		.uleb128 0x3
 1083 0054 0E       		.uleb128 0xe
 1084 0055 3A       		.uleb128 0x3a
 1085 0056 0B       		.uleb128 0xb
 1086 0057 3B       		.uleb128 0x3b
 1087 0058 0B       		.uleb128 0xb
 1088 0059 49       		.uleb128 0x49
 1089 005a 13       		.uleb128 0x13
 1090 005b 00       		.byte	0
 1091 005c 00       		.byte	0
 1092 005d 08       		.uleb128 0x8
 1093 005e 13       		.uleb128 0x13
 1094 005f 01       		.byte	0x1
 1095 0060 0B       		.uleb128 0xb
 1096 0061 0B       		.uleb128 0xb
 1097 0062 3A       		.uleb128 0x3a
 1098 0063 0B       		.uleb128 0xb
 1099 0064 3B       		.uleb128 0x3b
 1100 0065 0B       		.uleb128 0xb
 1101 0066 01       		.uleb128 0x1
 1102 0067 13       		.uleb128 0x13
 1103 0068 00       		.byte	0
 1104 0069 00       		.byte	0
 1105 006a 09       		.uleb128 0x9
 1106 006b 0D       		.uleb128 0xd
 1107 006c 00       		.byte	0
 1108 006d 03       		.uleb128 0x3
 1109 006e 08       		.uleb128 0x8
 1110 006f 3A       		.uleb128 0x3a
 1111 0070 0B       		.uleb128 0xb
 1112 0071 3B       		.uleb128 0x3b
 1113 0072 0B       		.uleb128 0xb
ARM GAS  C:\Users\jmspi\AppData\Local\Temp\cc5lNKM0.s 			page 23


 1114 0073 49       		.uleb128 0x49
 1115 0074 13       		.uleb128 0x13
 1116 0075 38       		.uleb128 0x38
 1117 0076 0B       		.uleb128 0xb
 1118 0077 00       		.byte	0
 1119 0078 00       		.byte	0
 1120 0079 0A       		.uleb128 0xa
 1121 007a 01       		.uleb128 0x1
 1122 007b 01       		.byte	0x1
 1123 007c 49       		.uleb128 0x49
 1124 007d 13       		.uleb128 0x13
 1125 007e 01       		.uleb128 0x1
 1126 007f 13       		.uleb128 0x13
 1127 0080 00       		.byte	0
 1128 0081 00       		.byte	0
 1129 0082 0B       		.uleb128 0xb
 1130 0083 21       		.uleb128 0x21
 1131 0084 00       		.byte	0
 1132 0085 49       		.uleb128 0x49
 1133 0086 13       		.uleb128 0x13
 1134 0087 2F       		.uleb128 0x2f
 1135 0088 0B       		.uleb128 0xb
 1136 0089 00       		.byte	0
 1137 008a 00       		.byte	0
 1138 008b 0C       		.uleb128 0xc
 1139 008c 13       		.uleb128 0x13
 1140 008d 01       		.byte	0x1
 1141 008e 0B       		.uleb128 0xb
 1142 008f 05       		.uleb128 0x5
 1143 0090 3A       		.uleb128 0x3a
 1144 0091 0B       		.uleb128 0xb
 1145 0092 3B       		.uleb128 0x3b
 1146 0093 0B       		.uleb128 0xb
 1147 0094 01       		.uleb128 0x1
 1148 0095 13       		.uleb128 0x13
 1149 0096 00       		.byte	0
 1150 0097 00       		.byte	0
 1151 0098 0D       		.uleb128 0xd
 1152 0099 0D       		.uleb128 0xd
 1153 009a 00       		.byte	0
 1154 009b 03       		.uleb128 0x3
 1155 009c 0E       		.uleb128 0xe
 1156 009d 3A       		.uleb128 0x3a
 1157 009e 0B       		.uleb128 0xb
 1158 009f 3B       		.uleb128 0x3b
 1159 00a0 0B       		.uleb128 0xb
 1160 00a1 49       		.uleb128 0x49
 1161 00a2 13       		.uleb128 0x13
 1162 00a3 38       		.uleb128 0x38
 1163 00a4 05       		.uleb128 0x5
 1164 00a5 00       		.byte	0
 1165 00a6 00       		.byte	0
 1166 00a7 0E       		.uleb128 0xe
 1167 00a8 2E       		.uleb128 0x2e
 1168 00a9 01       		.byte	0x1
 1169 00aa 3F       		.uleb128 0x3f
 1170 00ab 19       		.uleb128 0x19
ARM GAS  C:\Users\jmspi\AppData\Local\Temp\cc5lNKM0.s 			page 24


 1171 00ac 03       		.uleb128 0x3
 1172 00ad 0E       		.uleb128 0xe
 1173 00ae 3A       		.uleb128 0x3a
 1174 00af 0B       		.uleb128 0xb
 1175 00b0 3B       		.uleb128 0x3b
 1176 00b1 0B       		.uleb128 0xb
 1177 00b2 27       		.uleb128 0x27
 1178 00b3 19       		.uleb128 0x19
 1179 00b4 49       		.uleb128 0x49
 1180 00b5 13       		.uleb128 0x13
 1181 00b6 11       		.uleb128 0x11
 1182 00b7 01       		.uleb128 0x1
 1183 00b8 12       		.uleb128 0x12
 1184 00b9 06       		.uleb128 0x6
 1185 00ba 40       		.uleb128 0x40
 1186 00bb 18       		.uleb128 0x18
 1187 00bc 9642     		.uleb128 0x2116
 1188 00be 19       		.uleb128 0x19
 1189 00bf 01       		.uleb128 0x1
 1190 00c0 13       		.uleb128 0x13
 1191 00c1 00       		.byte	0
 1192 00c2 00       		.byte	0
 1193 00c3 0F       		.uleb128 0xf
 1194 00c4 05       		.uleb128 0x5
 1195 00c5 00       		.byte	0
 1196 00c6 03       		.uleb128 0x3
 1197 00c7 08       		.uleb128 0x8
 1198 00c8 3A       		.uleb128 0x3a
 1199 00c9 0B       		.uleb128 0xb
 1200 00ca 3B       		.uleb128 0x3b
 1201 00cb 0B       		.uleb128 0xb
 1202 00cc 49       		.uleb128 0x49
 1203 00cd 13       		.uleb128 0x13
 1204 00ce 02       		.uleb128 0x2
 1205 00cf 17       		.uleb128 0x17
 1206 00d0 00       		.byte	0
 1207 00d1 00       		.byte	0
 1208 00d2 10       		.uleb128 0x10
 1209 00d3 05       		.uleb128 0x5
 1210 00d4 00       		.byte	0
 1211 00d5 03       		.uleb128 0x3
 1212 00d6 0E       		.uleb128 0xe
 1213 00d7 3A       		.uleb128 0x3a
 1214 00d8 0B       		.uleb128 0xb
 1215 00d9 3B       		.uleb128 0x3b
 1216 00da 0B       		.uleb128 0xb
 1217 00db 49       		.uleb128 0x49
 1218 00dc 13       		.uleb128 0x13
 1219 00dd 02       		.uleb128 0x2
 1220 00de 17       		.uleb128 0x17
 1221 00df 00       		.byte	0
 1222 00e0 00       		.byte	0
 1223 00e1 11       		.uleb128 0x11
 1224 00e2 34       		.uleb128 0x34
 1225 00e3 00       		.byte	0
 1226 00e4 03       		.uleb128 0x3
 1227 00e5 0E       		.uleb128 0xe
ARM GAS  C:\Users\jmspi\AppData\Local\Temp\cc5lNKM0.s 			page 25


 1228 00e6 3A       		.uleb128 0x3a
 1229 00e7 0B       		.uleb128 0xb
 1230 00e8 3B       		.uleb128 0x3b
 1231 00e9 0B       		.uleb128 0xb
 1232 00ea 49       		.uleb128 0x49
 1233 00eb 13       		.uleb128 0x13
 1234 00ec 02       		.uleb128 0x2
 1235 00ed 18       		.uleb128 0x18
 1236 00ee 00       		.byte	0
 1237 00ef 00       		.byte	0
 1238 00f0 12       		.uleb128 0x12
 1239 00f1 34       		.uleb128 0x34
 1240 00f2 00       		.byte	0
 1241 00f3 03       		.uleb128 0x3
 1242 00f4 0E       		.uleb128 0xe
 1243 00f5 3A       		.uleb128 0x3a
 1244 00f6 0B       		.uleb128 0xb
 1245 00f7 3B       		.uleb128 0x3b
 1246 00f8 0B       		.uleb128 0xb
 1247 00f9 49       		.uleb128 0x49
 1248 00fa 13       		.uleb128 0x13
 1249 00fb 02       		.uleb128 0x2
 1250 00fc 17       		.uleb128 0x17
 1251 00fd 00       		.byte	0
 1252 00fe 00       		.byte	0
 1253 00ff 13       		.uleb128 0x13
 1254 0100 34       		.uleb128 0x34
 1255 0101 00       		.byte	0
 1256 0102 03       		.uleb128 0x3
 1257 0103 08       		.uleb128 0x8
 1258 0104 3A       		.uleb128 0x3a
 1259 0105 0B       		.uleb128 0xb
 1260 0106 3B       		.uleb128 0x3b
 1261 0107 0B       		.uleb128 0xb
 1262 0108 49       		.uleb128 0x49
 1263 0109 13       		.uleb128 0x13
 1264 010a 02       		.uleb128 0x2
 1265 010b 17       		.uleb128 0x17
 1266 010c 00       		.byte	0
 1267 010d 00       		.byte	0
 1268 010e 14       		.uleb128 0x14
 1269 010f 898201   		.uleb128 0x4109
 1270 0112 01       		.byte	0x1
 1271 0113 11       		.uleb128 0x11
 1272 0114 01       		.uleb128 0x1
 1273 0115 31       		.uleb128 0x31
 1274 0116 13       		.uleb128 0x13
 1275 0117 01       		.uleb128 0x1
 1276 0118 13       		.uleb128 0x13
 1277 0119 00       		.byte	0
 1278 011a 00       		.byte	0
 1279 011b 15       		.uleb128 0x15
 1280 011c 8A8201   		.uleb128 0x410a
 1281 011f 00       		.byte	0
 1282 0120 02       		.uleb128 0x2
 1283 0121 18       		.uleb128 0x18
 1284 0122 9142     		.uleb128 0x2111
ARM GAS  C:\Users\jmspi\AppData\Local\Temp\cc5lNKM0.s 			page 26


 1285 0124 18       		.uleb128 0x18
 1286 0125 00       		.byte	0
 1287 0126 00       		.byte	0
 1288 0127 16       		.uleb128 0x16
 1289 0128 898201   		.uleb128 0x4109
 1290 012b 00       		.byte	0
 1291 012c 11       		.uleb128 0x11
 1292 012d 01       		.uleb128 0x1
 1293 012e 31       		.uleb128 0x31
 1294 012f 13       		.uleb128 0x13
 1295 0130 00       		.byte	0
 1296 0131 00       		.byte	0
 1297 0132 17       		.uleb128 0x17
 1298 0133 898201   		.uleb128 0x4109
 1299 0136 01       		.byte	0x1
 1300 0137 11       		.uleb128 0x11
 1301 0138 01       		.uleb128 0x1
 1302 0139 31       		.uleb128 0x31
 1303 013a 13       		.uleb128 0x13
 1304 013b 00       		.byte	0
 1305 013c 00       		.byte	0
 1306 013d 18       		.uleb128 0x18
 1307 013e 26       		.uleb128 0x26
 1308 013f 00       		.byte	0
 1309 0140 49       		.uleb128 0x49
 1310 0141 13       		.uleb128 0x13
 1311 0142 00       		.byte	0
 1312 0143 00       		.byte	0
 1313 0144 19       		.uleb128 0x19
 1314 0145 2E       		.uleb128 0x2e
 1315 0146 00       		.byte	0
 1316 0147 3F       		.uleb128 0x3f
 1317 0148 19       		.uleb128 0x19
 1318 0149 3C       		.uleb128 0x3c
 1319 014a 19       		.uleb128 0x19
 1320 014b 6E       		.uleb128 0x6e
 1321 014c 0E       		.uleb128 0xe
 1322 014d 03       		.uleb128 0x3
 1323 014e 0E       		.uleb128 0xe
 1324 014f 3A       		.uleb128 0x3a
 1325 0150 0B       		.uleb128 0xb
 1326 0151 3B       		.uleb128 0x3b
 1327 0152 0B       		.uleb128 0xb
 1328 0153 00       		.byte	0
 1329 0154 00       		.byte	0
 1330 0155 00       		.byte	0
 1331              		.section	.debug_loc,"",%progbits
 1332              	.Ldebug_loc0:
 1333              	.LLST0:
 1334 0000 00000000 		.4byte	.LVL0
 1335 0004 12000000 		.4byte	.LVL2
 1336 0008 0100     		.2byte	0x1
 1337 000a 50       		.byte	0x50
 1338 000b 12000000 		.4byte	.LVL2
 1339 000f D2010000 		.4byte	.LVL45
 1340 0013 0100     		.2byte	0x1
 1341 0015 54       		.byte	0x54
ARM GAS  C:\Users\jmspi\AppData\Local\Temp\cc5lNKM0.s 			page 27


 1342 0016 D2010000 		.4byte	.LVL45
 1343 001a F8010000 		.4byte	.LFE0
 1344 001e 0400     		.2byte	0x4
 1345 0020 F3       		.byte	0xf3
 1346 0021 01       		.uleb128 0x1
 1347 0022 50       		.byte	0x50
 1348 0023 9F       		.byte	0x9f
 1349 0024 00000000 		.4byte	0
 1350 0028 00000000 		.4byte	0
 1351              	.LLST1:
 1352 002c 00000000 		.4byte	.LVL0
 1353 0030 0E000000 		.4byte	.LVL1
 1354 0034 0100     		.2byte	0x1
 1355 0036 51       		.byte	0x51
 1356 0037 0E000000 		.4byte	.LVL1
 1357 003b 38000000 		.4byte	.LVL7
 1358 003f 0100     		.2byte	0x1
 1359 0041 57       		.byte	0x57
 1360 0042 38000000 		.4byte	.LVL7
 1361 0046 40000000 		.4byte	.LVL8
 1362 004a 0300     		.2byte	0x3
 1363 004c 77       		.byte	0x77
 1364 004d 70       		.sleb128 -16
 1365 004e 9F       		.byte	0x9f
 1366 004f 40000000 		.4byte	.LVL8
 1367 0053 F8010000 		.4byte	.LFE0
 1368 0057 0400     		.2byte	0x4
 1369 0059 F3       		.byte	0xf3
 1370 005a 01       		.uleb128 0x1
 1371 005b 51       		.byte	0x51
 1372 005c 9F       		.byte	0x9f
 1373 005d 00000000 		.4byte	0
 1374 0061 00000000 		.4byte	0
 1375              	.LLST2:
 1376 0065 00000000 		.4byte	.LVL0
 1377 0069 19000000 		.4byte	.LVL3-1
 1378 006d 0100     		.2byte	0x1
 1379 006f 52       		.byte	0x52
 1380 0070 19000000 		.4byte	.LVL3-1
 1381 0074 4A000000 		.4byte	.LVL9
 1382 0078 0100     		.2byte	0x1
 1383 007a 56       		.byte	0x56
 1384 007b 4A000000 		.4byte	.LVL9
 1385 007f 7E000000 		.4byte	.LVL11
 1386 0083 0300     		.2byte	0x3
 1387 0085 76       		.byte	0x76
 1388 0086 70       		.sleb128 -16
 1389 0087 9F       		.byte	0x9f
 1390 0088 7E000000 		.4byte	.LVL11
 1391 008c F8010000 		.4byte	.LFE0
 1392 0090 0400     		.2byte	0x4
 1393 0092 F3       		.byte	0xf3
 1394 0093 01       		.uleb128 0x1
 1395 0094 52       		.byte	0x52
 1396 0095 9F       		.byte	0x9f
 1397 0096 00000000 		.4byte	0
 1398 009a 00000000 		.4byte	0
ARM GAS  C:\Users\jmspi\AppData\Local\Temp\cc5lNKM0.s 			page 28


 1399              	.LLST3:
 1400 009e 00000000 		.4byte	.LVL0
 1401 00a2 E8010000 		.4byte	.LVL48
 1402 00a6 0200     		.2byte	0x2
 1403 00a8 91       		.byte	0x91
 1404 00a9 00       		.sleb128 0
 1405 00aa E8010000 		.4byte	.LVL48
 1406 00ae F8010000 		.4byte	.LFE0
 1407 00b2 0200     		.2byte	0x2
 1408 00b4 7D       		.byte	0x7d
 1409 00b5 00       		.sleb128 0
 1410 00b6 00000000 		.4byte	0
 1411 00ba 00000000 		.4byte	0
 1412              	.LLST4:
 1413 00be EE000000 		.4byte	.LVL23
 1414 00c2 F2000000 		.4byte	.LVL24
 1415 00c6 0600     		.2byte	0x6
 1416 00c8 52       		.byte	0x52
 1417 00c9 93       		.byte	0x93
 1418 00ca 04       		.uleb128 0x4
 1419 00cb 53       		.byte	0x53
 1420 00cc 93       		.byte	0x93
 1421 00cd 04       		.uleb128 0x4
 1422 00ce F2000000 		.4byte	.LVL24
 1423 00d2 5A010000 		.4byte	.LVL33
 1424 00d6 0300     		.2byte	0x3
 1425 00d8 91       		.byte	0x91
 1426 00d9 A07C     		.sleb128 -480
 1427 00db 5A010000 		.4byte	.LVL33
 1428 00df 62010000 		.4byte	.LVL34
 1429 00e3 0600     		.2byte	0x6
 1430 00e5 52       		.byte	0x52
 1431 00e6 93       		.byte	0x93
 1432 00e7 04       		.uleb128 0x4
 1433 00e8 53       		.byte	0x53
 1434 00e9 93       		.byte	0x93
 1435 00ea 04       		.uleb128 0x4
 1436 00eb 62010000 		.4byte	.LVL34
 1437 00ef E8010000 		.4byte	.LVL48
 1438 00f3 0300     		.2byte	0x3
 1439 00f5 91       		.byte	0x91
 1440 00f6 A07C     		.sleb128 -480
 1441 00f8 E8010000 		.4byte	.LVL48
 1442 00fc F8010000 		.4byte	.LFE0
 1443 0100 0300     		.2byte	0x3
 1444 0102 7D       		.byte	0x7d
 1445 0103 A07C     		.sleb128 -480
 1446 0105 00000000 		.4byte	0
 1447 0109 00000000 		.4byte	0
 1448              	.LLST5:
 1449 010d D2010000 		.4byte	.LVL45
 1450 0111 E8010000 		.4byte	.LVL48
 1451 0115 0600     		.2byte	0x6
 1452 0117 54       		.byte	0x54
 1453 0118 93       		.byte	0x93
 1454 0119 04       		.uleb128 0x4
 1455 011a 55       		.byte	0x55
ARM GAS  C:\Users\jmspi\AppData\Local\Temp\cc5lNKM0.s 			page 29


 1456 011b 93       		.byte	0x93
 1457 011c 04       		.uleb128 0x4
 1458 011d 00000000 		.4byte	0
 1459 0121 00000000 		.4byte	0
 1460              	.LLST6:
 1461 0125 76000000 		.4byte	.LVL10
 1462 0129 A8000000 		.4byte	.LVL16
 1463 012d 0800     		.2byte	0x8
 1464 012f 55       		.byte	0x55
 1465 0130 93       		.byte	0x93
 1466 0131 04       		.uleb128 0x4
 1467 0132 91       		.byte	0x91
 1468 0133 9C7C     		.sleb128 -484
 1469 0135 93       		.byte	0x93
 1470 0136 04       		.uleb128 0x4
 1471 0137 A8000000 		.4byte	.LVL16
 1472 013b D4000000 		.4byte	.LVL21
 1473 013f 0600     		.2byte	0x6
 1474 0141 56       		.byte	0x56
 1475 0142 93       		.byte	0x93
 1476 0143 04       		.uleb128 0x4
 1477 0144 57       		.byte	0x57
 1478 0145 93       		.byte	0x93
 1479 0146 04       		.uleb128 0x4
 1480 0147 D4000000 		.4byte	.LVL21
 1481 014b D0010000 		.4byte	.LVL44
 1482 014f 0800     		.2byte	0x8
 1483 0151 55       		.byte	0x55
 1484 0152 93       		.byte	0x93
 1485 0153 04       		.uleb128 0x4
 1486 0154 91       		.byte	0x91
 1487 0155 9C7C     		.sleb128 -484
 1488 0157 93       		.byte	0x93
 1489 0158 04       		.uleb128 0x4
 1490 0159 00000000 		.4byte	0
 1491 015d 00000000 		.4byte	0
 1492              	.LLST7:
 1493 0161 2C000000 		.4byte	.LVL5
 1494 0165 9A000000 		.4byte	.LVL14
 1495 0169 0100     		.2byte	0x1
 1496 016b 58       		.byte	0x58
 1497 016c EE000000 		.4byte	.LVL23
 1498 0170 F2000000 		.4byte	.LVL24
 1499 0174 0200     		.2byte	0x2
 1500 0176 30       		.byte	0x30
 1501 0177 9F       		.byte	0x9f
 1502 0178 F2000000 		.4byte	.LVL24
 1503 017c 3C010000 		.4byte	.LVL30
 1504 0180 0100     		.2byte	0x1
 1505 0182 5A       		.byte	0x5a
 1506 0183 3C010000 		.4byte	.LVL30
 1507 0187 5A010000 		.4byte	.LVL33
 1508 018b 0100     		.2byte	0x1
 1509 018d 53       		.byte	0x53
 1510 018e 5A010000 		.4byte	.LVL33
 1511 0192 62010000 		.4byte	.LVL34
 1512 0196 0200     		.2byte	0x2
ARM GAS  C:\Users\jmspi\AppData\Local\Temp\cc5lNKM0.s 			page 30


 1513 0198 30       		.byte	0x30
 1514 0199 9F       		.byte	0x9f
 1515 019a 62010000 		.4byte	.LVL34
 1516 019e AA010000 		.4byte	.LVL40
 1517 01a2 0100     		.2byte	0x1
 1518 01a4 5A       		.byte	0x5a
 1519 01a5 AA010000 		.4byte	.LVL40
 1520 01a9 C3010000 		.4byte	.LVL42-1
 1521 01ad 0100     		.2byte	0x1
 1522 01af 53       		.byte	0x53
 1523 01b0 00000000 		.4byte	0
 1524 01b4 00000000 		.4byte	0
 1525              	.LLST8:
 1526 01b8 36000000 		.4byte	.LVL6
 1527 01bc 75000000 		.4byte	.LVL10-1
 1528 01c0 0100     		.2byte	0x1
 1529 01c2 5C       		.byte	0x5c
 1530 01c3 EE000000 		.4byte	.LVL23
 1531 01c7 F2000000 		.4byte	.LVL24
 1532 01cb 0200     		.2byte	0x2
 1533 01cd 30       		.byte	0x30
 1534 01ce 9F       		.byte	0x9f
 1535 01cf F2000000 		.4byte	.LVL24
 1536 01d3 50010000 		.4byte	.LVL32
 1537 01d7 0100     		.2byte	0x1
 1538 01d9 57       		.byte	0x57
 1539 01da 5A010000 		.4byte	.LVL33
 1540 01de 62010000 		.4byte	.LVL34
 1541 01e2 0200     		.2byte	0x2
 1542 01e4 30       		.byte	0x30
 1543 01e5 9F       		.byte	0x9f
 1544 01e6 62010000 		.4byte	.LVL34
 1545 01ea E8010000 		.4byte	.LVL48
 1546 01ee 0100     		.2byte	0x1
 1547 01f0 57       		.byte	0x57
 1548 01f1 00000000 		.4byte	0
 1549 01f5 00000000 		.4byte	0
 1550              	.LLST9:
 1551 01f9 EE000000 		.4byte	.LVL23
 1552 01fd F2000000 		.4byte	.LVL24
 1553 0201 0200     		.2byte	0x2
 1554 0203 30       		.byte	0x30
 1555 0204 9F       		.byte	0x9f
 1556 0205 F2000000 		.4byte	.LVL24
 1557 0209 2A010000 		.4byte	.LVL28
 1558 020d 0300     		.2byte	0x3
 1559 020f 79       		.byte	0x79
 1560 0210 7F       		.sleb128 -1
 1561 0211 9F       		.byte	0x9f
 1562 0212 2A010000 		.4byte	.LVL28
 1563 0216 2E010000 		.4byte	.LVL29
 1564 021a 0100     		.2byte	0x1
 1565 021c 59       		.byte	0x59
 1566 021d 2E010000 		.4byte	.LVL29
 1567 0221 5A010000 		.4byte	.LVL33
 1568 0225 0300     		.2byte	0x3
 1569 0227 79       		.byte	0x79
ARM GAS  C:\Users\jmspi\AppData\Local\Temp\cc5lNKM0.s 			page 31


 1570 0228 7F       		.sleb128 -1
 1571 0229 9F       		.byte	0x9f
 1572 022a 5A010000 		.4byte	.LVL33
 1573 022e 62010000 		.4byte	.LVL34
 1574 0232 0200     		.2byte	0x2
 1575 0234 30       		.byte	0x30
 1576 0235 9F       		.byte	0x9f
 1577 0236 62010000 		.4byte	.LVL34
 1578 023a 96010000 		.4byte	.LVL38
 1579 023e 0300     		.2byte	0x3
 1580 0240 79       		.byte	0x79
 1581 0241 7F       		.sleb128 -1
 1582 0242 9F       		.byte	0x9f
 1583 0243 96010000 		.4byte	.LVL38
 1584 0247 9A010000 		.4byte	.LVL39
 1585 024b 0100     		.2byte	0x1
 1586 024d 59       		.byte	0x59
 1587 024e 9A010000 		.4byte	.LVL39
 1588 0252 E8010000 		.4byte	.LVL48
 1589 0256 0300     		.2byte	0x3
 1590 0258 79       		.byte	0x79
 1591 0259 7F       		.sleb128 -1
 1592 025a 9F       		.byte	0x9f
 1593 025b 00000000 		.4byte	0
 1594 025f 00000000 		.4byte	0
 1595              		.section	.debug_aranges,"",%progbits
 1596 0000 1C000000 		.4byte	0x1c
 1597 0004 0200     		.2byte	0x2
 1598 0006 00000000 		.4byte	.Ldebug_info0
 1599 000a 04       		.byte	0x4
 1600 000b 00       		.byte	0
 1601 000c 0000     		.2byte	0
 1602 000e 0000     		.2byte	0
 1603 0010 00000000 		.4byte	.LFB0
 1604 0014 F8010000 		.4byte	.LFE0-.LFB0
 1605 0018 00000000 		.4byte	0
 1606 001c 00000000 		.4byte	0
 1607              		.section	.debug_ranges,"",%progbits
 1608              	.Ldebug_ranges0:
 1609 0000 00000000 		.4byte	.LFB0
 1610 0004 F8010000 		.4byte	.LFE0
 1611 0008 00000000 		.4byte	0
 1612 000c 00000000 		.4byte	0
 1613              		.section	.debug_line,"",%progbits
 1614              	.Ldebug_line0:
 1615 0000 5B010000 		.section	.debug_str,"MS",%progbits,1
 1615      0200B800 
 1615      00000201 
 1615      FB0E0D00 
 1615      01010101 
 1616              	.LASF26:
 1617 0000 43757272 		.ascii	"CurrentDirectionWeight\000"
 1617      656E7444 
 1617      69726563 
 1617      74696F6E 
 1617      57656967 
 1618              	.LASF62:
ARM GAS  C:\Users\jmspi\AppData\Local\Temp\cc5lNKM0.s 			page 32


 1619 0017 635F5665 		.ascii	"c_VectorFieldHistogramBase_buil\000"
 1619      63746F72 
 1619      4669656C 
 1619      64486973 
 1619      746F6772 
 1620              	.LASF41:
 1621 0037 6C6F6E67 		.ascii	"long long unsigned int\000"
 1621      206C6F6E 
 1621      6720756E 
 1621      7369676E 
 1621      65642069 
 1622              	.LASF52:
 1623 004e 625F7661 		.ascii	"b_varargin_1\000"
 1623      72617267 
 1623      696E5F31 
 1623      00
 1624              	.LASF53:
 1625 005b 625F7661 		.ascii	"b_varargin_2\000"
 1625      72617267 
 1625      696E5F32 
 1625      00
 1626              	.LASF37:
 1627 0068 636F6E74 		.ascii	"controllerVFH\000"
 1627      726F6C6C 
 1627      65725646 
 1627      4800
 1628              	.LASF38:
 1629 0076 6C6F6E67 		.ascii	"long long int\000"
 1629      206C6F6E 
 1629      6720696E 
 1629      7400
 1630              	.LASF0:
 1631 0084 7369676E 		.ascii	"signed char\000"
 1631      65642063 
 1631      68617200 
 1632              	.LASF66:
 1633 0090 474E5520 		.ascii	"GNU C11 5.4.1 20160609 (release) [ARM/embedded-5-br"
 1633      43313120 
 1633      352E342E 
 1633      31203230 
 1633      31363036 
 1634 00c3 616E6368 		.ascii	"anch revision 237715] -mcpu=cortex-m3 -mthumb -g -O"
 1634      20726576 
 1634      6973696F 
 1634      6E203233 
 1634      37373135 
 1635 00f6 73202D66 		.ascii	"s -ffunction-sections -ffat-lto-objects\000"
 1635      66756E63 
 1635      74696F6E 
 1635      2D736563 
 1635      74696F6E 
 1636              	.LASF30:
 1637 011e 42696E61 		.ascii	"BinaryHistogram\000"
 1637      72794869 
 1637      73746F67 
 1637      72616D00 
 1638              	.LASF40:
ARM GAS  C:\Users\jmspi\AppData\Local\Temp\cc5lNKM0.s 			page 33


 1639 012e 6C6F6E67 		.ascii	"long int\000"
 1639      20696E74 
 1639      00
 1640              	.LASF6:
 1641 0137 646F7562 		.ascii	"double\000"
 1641      6C6500
 1642              	.LASF42:
 1643 013e 76617261 		.ascii	"varargin_1\000"
 1643      7267696E 
 1643      5F3100
 1644              	.LASF43:
 1645 0149 76617261 		.ascii	"varargin_2\000"
 1645      7267696E 
 1645      5F3200
 1646              	.LASF44:
 1647 0154 76617261 		.ascii	"varargin_3\000"
 1647      7267696E 
 1647      5F3300
 1648              	.LASF29:
 1649 015f 506F6C61 		.ascii	"PolarObstacleDensity\000"
 1649      724F6273 
 1649      7461636C 
 1649      6544656E 
 1649      73697479 
 1650              	.LASF19:
 1651 0174 696E7075 		.ascii	"inputVarSize\000"
 1651      74566172 
 1651      53697A65 
 1651      00
 1652              	.LASF14:
 1653 0181 63616E46 		.ascii	"canFreeData\000"
 1653      72656544 
 1653      61746100 
 1654              	.LASF4:
 1655 018d 756E7369 		.ascii	"unsigned int\000"
 1655      676E6564 
 1655      20696E74 
 1655      00
 1656              	.LASF8:
 1657 019a 6C6F6E67 		.ascii	"long unsigned int\000"
 1657      20756E73 
 1657      69676E65 
 1657      6420696E 
 1657      7400
 1658              	.LASF50:
 1659 01ac 73746565 		.ascii	"steeringDir\000"
 1659      72696E67 
 1659      44697200 
 1660              	.LASF10:
 1661 01b8 64617461 		.ascii	"data\000"
 1661      00
 1662              	.LASF11:
 1663 01bd 73697A65 		.ascii	"size\000"
 1663      00
 1664              	.LASF3:
 1665 01c2 73686F72 		.ascii	"short unsigned int\000"
 1665      7420756E 
ARM GAS  C:\Users\jmspi\AppData\Local\Temp\cc5lNKM0.s 			page 34


 1665      7369676E 
 1665      65642069 
 1665      6E7400
 1666              	.LASF23:
 1667 01d5 53616665 		.ascii	"SafetyDistance\000"
 1667      74794469 
 1667      7374616E 
 1667      636500
 1668              	.LASF65:
 1669 01e4 656D7846 		.ascii	"emxFree_real_T\000"
 1669      7265655F 
 1669      7265616C 
 1669      5F5400
 1670              	.LASF20:
 1671 01f3 4E617272 		.ascii	"NarrowOpeningThreshold\000"
 1671      6F774F70 
 1671      656E696E 
 1671      67546872 
 1671      6573686F 
 1672              	.LASF47:
 1673 020a 7363616E 		.ascii	"scan_InternalAngles\000"
 1673      5F496E74 
 1673      65726E61 
 1673      6C416E67 
 1673      6C657300 
 1674              	.LASF16:
 1675 021e 656D7841 		.ascii	"emxArray_real_T\000"
 1675      72726179 
 1675      5F726561 
 1675      6C5F5400 
 1676              	.LASF35:
 1677 022e 416E6775 		.ascii	"AngularSectorStartPoints\000"
 1677      6C617253 
 1677      6563746F 
 1677      72537461 
 1677      7274506F 
 1678              	.LASF45:
 1679 0247 635F7661 		.ascii	"c_varargin_1\000"
 1679      72617267 
 1679      696E5F31 
 1679      00
 1680              	.LASF46:
 1681 0254 635F7661 		.ascii	"c_varargin_2\000"
 1681      72617267 
 1681      696E5F32 
 1681      00
 1682              	.LASF21:
 1683 0261 44697374 		.ascii	"DistanceLimits\000"
 1683      616E6365 
 1683      4C696D69 
 1683      747300
 1684              	.LASF27:
 1685 0270 50726576 		.ascii	"PreviousDirectionWeight\000"
 1685      696F7573 
 1685      44697265 
 1685      6374696F 
 1685      6E576569 
ARM GAS  C:\Users\jmspi\AppData\Local\Temp\cc5lNKM0.s 			page 35


 1686              	.LASF28:
 1687 0288 48697374 		.ascii	"HistogramThresholds\000"
 1687      6F677261 
 1687      6D546872 
 1687      6573686F 
 1687      6C647300 
 1688              	.LASF15:
 1689 029c 73697A65 		.ascii	"sizetype\000"
 1689      74797065 
 1689      00
 1690              	.LASF39:
 1691 02a5 6C6F6E67 		.ascii	"long double\000"
 1691      20646F75 
 1691      626C6500 
 1692              	.LASF63:
 1693 02b1 645F5665 		.ascii	"d_VectorFieldHistogramBase_buil\000"
 1693      63746F72 
 1693      4669656C 
 1693      64486973 
 1693      746F6772 
 1694              	.LASF22:
 1695 02d1 526F626F 		.ascii	"RobotRadius\000"
 1695      74526164 
 1695      69757300 
 1696              	.LASF64:
 1697 02dd 635F5665 		.ascii	"c_VectorFieldHistogramBase_sele\000"
 1697      63746F72 
 1697      4669656C 
 1697      64486973 
 1697      746F6772 
 1698              	.LASF34:
 1699 02fd 416E6775 		.ascii	"AngularDifference\000"
 1699      6C617244 
 1699      69666665 
 1699      72656E63 
 1699      6500
 1700              	.LASF5:
 1701 030f 666C6F61 		.ascii	"float\000"
 1701      7400
 1702              	.LASF49:
 1703 0315 625F6F62 		.ascii	"b_obj\000"
 1703      6A00
 1704              	.LASF36:
 1705 031b 416E6775 		.ascii	"AngularLimits\000"
 1705      6C61724C 
 1705      696D6974 
 1705      7300
 1706              	.LASF60:
 1707 0329 6C696461 		.ascii	"lidarScan_lidarScan\000"
 1707      72536361 
 1707      6E5F6C69 
 1707      64617253 
 1707      63616E00 
 1708              	.LASF7:
 1709 033d 5F426F6F 		.ascii	"_Bool\000"
 1709      6C00
 1710              	.LASF1:
ARM GAS  C:\Users\jmspi\AppData\Local\Temp\cc5lNKM0.s 			page 36


 1711 0343 756E7369 		.ascii	"unsigned char\000"
 1711      676E6564 
 1711      20636861 
 1711      7200
 1712              	.LASF58:
 1713 0351 6578706C 		.ascii	"expl_temp\000"
 1713      5F74656D 
 1713      7000
 1714              	.LASF2:
 1715 035b 73686F72 		.ascii	"short int\000"
 1715      7420696E 
 1715      7400
 1716              	.LASF51:
 1717 0365 74617267 		.ascii	"target\000"
 1717      657400
 1718              	.LASF59:
 1719 036c 656D7849 		.ascii	"emxInit_real_T\000"
 1719      6E69745F 
 1719      7265616C 
 1719      5F5400
 1720              	.LASF13:
 1721 037b 6E756D44 		.ascii	"numDimensions\000"
 1721      696D656E 
 1721      73696F6E 
 1721      7300
 1722              	.LASF31:
 1723 0389 4D61736B 		.ascii	"MaskedHistogram\000"
 1723      65644869 
 1723      73746F67 
 1723      72616D00 
 1724              	.LASF67:
 1725 0399 5646482B 		.ascii	"VFH+\\src\\controllerVFH.c\000"
 1725      5C737263 
 1725      5C636F6E 
 1725      74726F6C 
 1725      6C657256 
 1726              	.LASF9:
 1727 03b2 63686172 		.ascii	"char\000"
 1727      00
 1728              	.LASF17:
 1729 03b7 63656C6C 		.ascii	"cell_wrap_3\000"
 1729      5F777261 
 1729      705F3300 
 1730              	.LASF68:
 1731 03c3 433A5C55 		.ascii	"C:\\Users\\jmspi\\OneDrive\\Documents\\GitHub\\ECE4"
 1731      73657273 
 1731      5C6A6D73 
 1731      70695C4F 
 1731      6E654472 
 1732 03f0 3139315C 		.ascii	"191\\DeliveryRobot.cydsn\000"
 1732      44656C69 
 1732      76657279 
 1732      526F626F 
 1732      742E6379 
 1733              	.LASF18:
 1734 0408 6973496E 		.ascii	"isInitialized\000"
 1734      69746961 
ARM GAS  C:\Users\jmspi\AppData\Local\Temp\cc5lNKM0.s 			page 37


 1734      6C697A65 
 1734      6400
 1735              	.LASF54:
 1736 0416 645F7661 		.ascii	"d_varargin_1\000"
 1736      72617267 
 1736      696E5F31 
 1736      00
 1737              	.LASF55:
 1738 0423 645F7661 		.ascii	"d_varargin_2\000"
 1738      72617267 
 1738      696E5F32 
 1738      00
 1739              	.LASF56:
 1740 0430 625F746D 		.ascii	"b_tmp_data\000"
 1740      705F6461 
 1740      746100
 1741              	.LASF25:
 1742 043b 54617267 		.ascii	"TargetDirectionWeight\000"
 1742      65744469 
 1742      72656374 
 1742      696F6E57 
 1742      65696768 
 1743              	.LASF69:
 1744 0451 636F6E74 		.ascii	"controllerVFH_stepImpl\000"
 1744      726F6C6C 
 1744      65725646 
 1744      485F7374 
 1744      6570496D 
 1745              	.LASF61:
 1746 0468 625F6D6F 		.ascii	"b_mod\000"
 1746      6400
 1747              	.LASF33:
 1748 046e 416E6775 		.ascii	"AngularSectorMidPoints\000"
 1748      6C617253 
 1748      6563746F 
 1748      724D6964 
 1748      506F696E 
 1749              	.LASF12:
 1750 0485 616C6C6F 		.ascii	"allocatedSize\000"
 1750      63617465 
 1750      6453697A 
 1750      6500
 1751              	.LASF32:
 1752 0493 50726576 		.ascii	"PreviousDirection\000"
 1752      696F7573 
 1752      44697265 
 1752      6374696F 
 1752      6E00
 1753              	.LASF24:
 1754 04a5 4D696E54 		.ascii	"MinTurningRadius\000"
 1754      75726E69 
 1754      6E675261 
 1754      64697573 
 1754      00
 1755              	.LASF57:
 1756 04b6 746D705F 		.ascii	"tmp_data\000"
 1756      64617461 
ARM GAS  C:\Users\jmspi\AppData\Local\Temp\cc5lNKM0.s 			page 38


 1756      00
 1757              	.LASF48:
 1758 04bf 7363616E 		.ascii	"scan_InternalRanges\000"
 1758      5F496E74 
 1758      65726E61 
 1758      6C52616E 
 1758      67657300 
 1759              		.ident	"GCC: (GNU Tools for ARM Embedded Processors) 5.4.1 20160609 (release) [ARM/embedded-5-bran
