ARM GAS  C:\Users\jmspi\AppData\Local\Temp\ccNLY508.s 			page 1


   1              		.syntax unified
   2              		.cpu cortex-m3
   3              		.fpu softvfp
   4              		.eabi_attribute 20, 1
   5              		.eabi_attribute 21, 1
   6              		.eabi_attribute 23, 3
   7              		.eabi_attribute 24, 1
   8              		.eabi_attribute 25, 1
   9              		.eabi_attribute 26, 1
  10              		.eabi_attribute 30, 6
  11              		.eabi_attribute 34, 1
  12              		.eabi_attribute 18, 4
  13              		.thumb
  14              		.syntax unified
  15              		.file	"cymetadata.c"
  16              		.text
  17              	.Ltext0:
  18              		.cfi_sections	.debug_frame
  19              		.global	cy_meta_configecc
  20              		.section	.cyconfigecc,"a",%progbits
  21              		.align	2
  22              		.type	cy_meta_configecc, %object
  23              		.size	cy_meta_configecc, 2148
  24              	cy_meta_configecc:
  25 0000 05       		.byte	5
  26 0001 52       		.byte	82
  27 0002 00       		.byte	0
  28 0003 40       		.byte	64
  29 0004 03       		.byte	3
  30 0005 64       		.byte	100
  31 0006 00       		.byte	0
  32 0007 40       		.byte	64
  33 0008 02       		.byte	2
  34 0009 65       		.byte	101
  35 000a 00       		.byte	0
  36 000b 40       		.byte	64
  37 000c 01       		.byte	1
  38 000d 03       		.byte	3
  39 000e 01       		.byte	1
  40 000f 40       		.byte	64
  41 0010 02       		.byte	2
  42 0011 05       		.byte	5
  43 0012 01       		.byte	1
  44 0013 40       		.byte	64
  45 0014 2C       		.byte	44
  46 0015 08       		.byte	8
  47 0016 01       		.byte	1
  48 0017 40       		.byte	64
  49 0018 3D       		.byte	61
  50 0019 09       		.byte	9
  51 001a 01       		.byte	1
  52 001b 40       		.byte	64
  53 001c 59       		.byte	89
  54 001d 0A       		.byte	10
  55 001e 01       		.byte	1
  56 001f 40       		.byte	64
  57 0020 50       		.byte	80
ARM GAS  C:\Users\jmspi\AppData\Local\Temp\ccNLY508.s 			page 2


  58 0021 0B       		.byte	11
  59 0022 01       		.byte	1
  60 0023 40       		.byte	64
  61 0024 5B       		.byte	91
  62 0025 0C       		.byte	12
  63 0026 01       		.byte	1
  64 0027 40       		.byte	64
  65 0028 45       		.byte	69
  66 0029 0D       		.byte	13
  67 002a 01       		.byte	1
  68 002b 40       		.byte	64
  69 002c 58       		.byte	88
  70 002d 0E       		.byte	14
  71 002e 01       		.byte	1
  72 002f 40       		.byte	64
  73 0030 2F       		.byte	47
  74 0031 0F       		.byte	15
  75 0032 01       		.byte	1
  76 0033 40       		.byte	64
  77 0034 01       		.byte	1
  78 0035 15       		.byte	21
  79 0036 01       		.byte	1
  80 0037 40       		.byte	64
  81 0038 4A       		.byte	74
  82 0039 18       		.byte	24
  83 003a 01       		.byte	1
  84 003b 40       		.byte	64
  85 003c 43       		.byte	67
  86 003d 19       		.byte	25
  87 003e 01       		.byte	1
  88 003f 40       		.byte	64
  89 0040 55       		.byte	85
  90 0041 1A       		.byte	26
  91 0042 01       		.byte	1
  92 0043 40       		.byte	64
  93 0044 3B       		.byte	59
  94 0045 1B       		.byte	27
  95 0046 01       		.byte	1
  96 0047 40       		.byte	64
  97 0048 04       		.byte	4
  98 0049 40       		.byte	64
  99 004a 01       		.byte	1
 100 004b 40       		.byte	64
 101 004c 05       		.byte	5
 102 004d 41       		.byte	65
 103 004e 01       		.byte	1
 104 004f 40       		.byte	64
 105 0050 09       		.byte	9
 106 0051 42       		.byte	66
 107 0052 01       		.byte	1
 108 0053 40       		.byte	64
 109 0054 02       		.byte	2
 110 0055 43       		.byte	67
 111 0056 01       		.byte	1
 112 0057 40       		.byte	64
 113 0058 08       		.byte	8
 114 0059 45       		.byte	69
ARM GAS  C:\Users\jmspi\AppData\Local\Temp\ccNLY508.s 			page 3


 115 005a 01       		.byte	1
 116 005b 40       		.byte	64
 117 005c 09       		.byte	9
 118 005d 46       		.byte	70
 119 005e 01       		.byte	1
 120 005f 40       		.byte	64
 121 0060 02       		.byte	2
 122 0061 47       		.byte	71
 123 0062 01       		.byte	1
 124 0063 40       		.byte	64
 125 0064 02       		.byte	2
 126 0065 48       		.byte	72
 127 0066 01       		.byte	1
 128 0067 40       		.byte	64
 129 0068 05       		.byte	5
 130 0069 49       		.byte	73
 131 006a 01       		.byte	1
 132 006b 40       		.byte	64
 133 006c 06       		.byte	6
 134 006d 4C       		.byte	76
 135 006e 01       		.byte	1
 136 006f 40       		.byte	64
 137 0070 04       		.byte	4
 138 0071 4D       		.byte	77
 139 0072 01       		.byte	1
 140 0073 40       		.byte	64
 141 0074 0A       		.byte	10
 142 0075 50       		.byte	80
 143 0076 01       		.byte	1
 144 0077 40       		.byte	64
 145 0078 01       		.byte	1
 146 0079 51       		.byte	81
 147 007a 01       		.byte	1
 148 007b 40       		.byte	64
 149 007c 09       		.byte	9
 150 007d 40       		.byte	64
 151 007e 10       		.byte	16
 152 007f 41       		.byte	65
 153 0080 11       		.byte	17
 154 0081 41       		.byte	65
 155 0082 60       		.byte	96
 156 0083 80       		.byte	-128
 157 0084 61       		.byte	97
 158 0085 80       		.byte	-128
 159 0086 8A       		.byte	-118
 160 0087 0F       		.byte	15
 161 0088 8C       		.byte	-116
 162 0089 0F       		.byte	15
 163 008a 8D       		.byte	-115
 164 008b 0F       		.byte	15
 165 008c 89       		.byte	-119
 166 008d 6F       		.byte	111
 167 008e 8A       		.byte	-118
 168 008f 0F       		.byte	15
 169 0090 E6       		.byte	-26
 170 0091 02       		.byte	2
 171 0092 E6       		.byte	-26
ARM GAS  C:\Users\jmspi\AppData\Local\Temp\ccNLY508.s 			page 4


 172 0093 01       		.byte	1
 173 0094 E8       		.byte	-24
 174 0095 40       		.byte	64
 175 0096 00       		.byte	0
 176 0097 3C       		.byte	60
 177 0098 06       		.byte	6
 178 0099 02       		.byte	2
 179 009a 0A       		.byte	10
 180 009b 78       		.byte	120
 181 009c 0C       		.byte	12
 182 009d 58       		.byte	88
 183 009e 0E       		.byte	14
 184 009f 20       		.byte	32
 185 00a0 12       		.byte	18
 186 00a1 02       		.byte	2
 187 00a2 14       		.byte	20
 188 00a3 40       		.byte	64
 189 00a4 16       		.byte	22
 190 00a5 08       		.byte	8
 191 00a6 18       		.byte	24
 192 00a7 60       		.byte	96
 193 00a8 1A       		.byte	26
 194 00a9 10       		.byte	16
 195 00aa 1C       		.byte	28
 196 00ab 02       		.byte	2
 197 00ac 20       		.byte	32
 198 00ad 05       		.byte	5
 199 00ae 24       		.byte	36
 200 00af 60       		.byte	96
 201 00b0 26       		.byte	38
 202 00b1 08       		.byte	8
 203 00b2 28       		.byte	40
 204 00b3 05       		.byte	5
 205 00b4 30       		.byte	48
 206 00b5 01       		.byte	1
 207 00b6 32       		.byte	50
 208 00b7 02       		.byte	2
 209 00b8 34       		.byte	52
 210 00b9 78       		.byte	120
 211 00ba 36       		.byte	54
 212 00bb 04       		.byte	4
 213 00bc 38       		.byte	56
 214 00bd 82       		.byte	-126
 215 00be 3E       		.byte	62
 216 00bf 44       		.byte	68
 217 00c0 40       		.byte	64
 218 00c1 61       		.byte	97
 219 00c2 41       		.byte	65
 220 00c3 02       		.byte	2
 221 00c4 49       		.byte	73
 222 00c5 FF       		.byte	-1
 223 00c6 4A       		.byte	74
 224 00c7 FF       		.byte	-1
 225 00c8 4B       		.byte	75
 226 00c9 FF       		.byte	-1
 227 00ca 4D       		.byte	77
 228 00cb A0       		.byte	-96
ARM GAS  C:\Users\jmspi\AppData\Local\Temp\ccNLY508.s 			page 5


 229 00cc 4F       		.byte	79
 230 00cd 01       		.byte	1
 231 00ce 50       		.byte	80
 232 00cf 18       		.byte	24
 233 00d0 58       		.byte	88
 234 00d1 04       		.byte	4
 235 00d2 5A       		.byte	90
 236 00d3 04       		.byte	4
 237 00d4 5C       		.byte	92
 238 00d5 09       		.byte	9
 239 00d6 5D       		.byte	93
 240 00d7 09       		.byte	9
 241 00d8 5F       		.byte	95
 242 00d9 01       		.byte	1
 243 00da 60       		.byte	96
 244 00db 40       		.byte	64
 245 00dc 62       		.byte	98
 246 00dd 80       		.byte	-128
 247 00de 64       		.byte	100
 248 00df 40       		.byte	64
 249 00e0 65       		.byte	101
 250 00e1 40       		.byte	64
 251 00e2 66       		.byte	102
 252 00e3 80       		.byte	-128
 253 00e4 68       		.byte	104
 254 00e5 40       		.byte	64
 255 00e6 6A       		.byte	106
 256 00e7 80       		.byte	-128
 257 00e8 6C       		.byte	108
 258 00e9 40       		.byte	64
 259 00ea 6D       		.byte	109
 260 00eb 20       		.byte	32
 261 00ec 6E       		.byte	110
 262 00ed 80       		.byte	-128
 263 00ee 01       		.byte	1
 264 00ef 4A       		.byte	74
 265 00f0 04       		.byte	4
 266 00f1 80       		.byte	-128
 267 00f2 05       		.byte	5
 268 00f3 02       		.byte	2
 269 00f4 07       		.byte	7
 270 00f5 14       		.byte	20
 271 00f6 0A       		.byte	10
 272 00f7 44       		.byte	68
 273 00f8 0B       		.byte	11
 274 00f9 20       		.byte	32
 275 00fa 0E       		.byte	14
 276 00fb A9       		.byte	-87
 277 00fc 10       		.byte	16
 278 00fd 80       		.byte	-128
 279 00fe 11       		.byte	17
 280 00ff 20       		.byte	32
 281 0100 12       		.byte	18
 282 0101 20       		.byte	32
 283 0102 13       		.byte	19
 284 0103 40       		.byte	64
 285 0104 14       		.byte	20
ARM GAS  C:\Users\jmspi\AppData\Local\Temp\ccNLY508.s 			page 6


 286 0105 10       		.byte	16
 287 0106 15       		.byte	21
 288 0107 02       		.byte	2
 289 0108 16       		.byte	22
 290 0109 04       		.byte	4
 291 010a 18       		.byte	24
 292 010b 20       		.byte	32
 293 010c 19       		.byte	25
 294 010d 18       		.byte	24
 295 010e 1A       		.byte	26
 296 010f 41       		.byte	65
 297 0110 1B       		.byte	27
 298 0111 14       		.byte	20
 299 0112 1D       		.byte	29
 300 0113 80       		.byte	-128
 301 0114 1E       		.byte	30
 302 0115 9A       		.byte	-102
 303 0116 1F       		.byte	31
 304 0117 10       		.byte	16
 305 0118 20       		.byte	32
 306 0119 80       		.byte	-128
 307 011a 28       		.byte	40
 308 011b 40       		.byte	64
 309 011c 29       		.byte	41
 310 011d 02       		.byte	2
 311 011e 2B       		.byte	43
 312 011f 04       		.byte	4
 313 0120 32       		.byte	50
 314 0121 20       		.byte	32
 315 0122 33       		.byte	51
 316 0123 04       		.byte	4
 317 0124 38       		.byte	56
 318 0125 88       		.byte	-120
 319 0126 39       		.byte	57
 320 0127 40       		.byte	64
 321 0128 3A       		.byte	58
 322 0129 C0       		.byte	-64
 323 012a 3B       		.byte	59
 324 012b 20       		.byte	32
 325 012c 43       		.byte	67
 326 012d 10       		.byte	16
 327 012e 45       		.byte	69
 328 012f 80       		.byte	-128
 329 0130 47       		.byte	71
 330 0131 10       		.byte	16
 331 0132 48       		.byte	72
 332 0133 80       		.byte	-128
 333 0134 49       		.byte	73
 334 0135 14       		.byte	20
 335 0136 4A       		.byte	74
 336 0137 01       		.byte	1
 337 0138 4F       		.byte	79
 338 0139 20       		.byte	32
 339 013a 51       		.byte	81
 340 013b 03       		.byte	3
 341 013c 52       		.byte	82
 342 013d 14       		.byte	20
ARM GAS  C:\Users\jmspi\AppData\Local\Temp\ccNLY508.s 			page 7


 343 013e 73       		.byte	115
 344 013f 40       		.byte	64
 345 0140 78       		.byte	120
 346 0141 10       		.byte	16
 347 0142 7B       		.byte	123
 348 0143 04       		.byte	4
 349 0144 90       		.byte	-112
 350 0145 88       		.byte	-120
 351 0146 92       		.byte	-110
 352 0147 04       		.byte	4
 353 0148 96       		.byte	-106
 354 0149 01       		.byte	1
 355 014a 97       		.byte	-105
 356 014b 20       		.byte	32
 357 014c 9C       		.byte	-100
 358 014d 58       		.byte	88
 359 014e 9F       		.byte	-97
 360 014f 90       		.byte	-112
 361 0150 A2       		.byte	-94
 362 0151 30       		.byte	48
 363 0152 A4       		.byte	-92
 364 0153 40       		.byte	64
 365 0154 A5       		.byte	-91
 366 0155 10       		.byte	16
 367 0156 A6       		.byte	-90
 368 0157 40       		.byte	64
 369 0158 C0       		.byte	-64
 370 0159 FD       		.byte	-3
 371 015a C2       		.byte	-62
 372 015b FE       		.byte	-2
 373 015c C4       		.byte	-60
 374 015d 7F       		.byte	127
 375 015e CA       		.byte	-54
 376 015f 05       		.byte	5
 377 0160 CC       		.byte	-52
 378 0161 06       		.byte	6
 379 0162 CE       		.byte	-50
 380 0163 0E       		.byte	14
 381 0164 D0       		.byte	-48
 382 0165 34       		.byte	52
 383 0166 D2       		.byte	-46
 384 0167 2C       		.byte	44
 385 0168 02       		.byte	2
 386 0169 20       		.byte	32
 387 016a 06       		.byte	6
 388 016b 05       		.byte	5
 389 016c 07       		.byte	7
 390 016d 07       		.byte	7
 391 016e 08       		.byte	8
 392 016f 06       		.byte	6
 393 0170 09       		.byte	9
 394 0171 3F       		.byte	63
 395 0172 0E       		.byte	14
 396 0173 06       		.byte	6
 397 0174 0F       		.byte	15
 398 0175 40       		.byte	64
 399 0176 10       		.byte	16
ARM GAS  C:\Users\jmspi\AppData\Local\Temp\ccNLY508.s 			page 8


 400 0177 28       		.byte	40
 401 0178 11       		.byte	17
 402 0179 24       		.byte	36
 403 017a 12       		.byte	18
 404 017b 10       		.byte	16
 405 017c 15       		.byte	21
 406 017d 7F       		.byte	127
 407 017e 16       		.byte	22
 408 017f 05       		.byte	5
 409 0180 19       		.byte	25
 410 0181 09       		.byte	9
 411 0182 1A       		.byte	26
 412 0183 08       		.byte	8
 413 0184 1D       		.byte	29
 414 0185 07       		.byte	7
 415 0186 1E       		.byte	30
 416 0187 02       		.byte	2
 417 0188 1F       		.byte	31
 418 0189 78       		.byte	120
 419 018a 21       		.byte	33
 420 018b 1B       		.byte	27
 421 018c 22       		.byte	34
 422 018d 10       		.byte	16
 423 018e 24       		.byte	36
 424 018f 38       		.byte	56
 425 0190 27       		.byte	39
 426 0191 38       		.byte	56
 427 0192 29       		.byte	41
 428 0193 12       		.byte	18
 429 0194 2E       		.byte	46
 430 0195 18       		.byte	24
 431 0196 2F       		.byte	47
 432 0197 3F       		.byte	63
 433 0198 30       		.byte	48
 434 0199 01       		.byte	1
 435 019a 31       		.byte	49
 436 019b 3F       		.byte	63
 437 019c 32       		.byte	50
 438 019d 06       		.byte	6
 439 019e 34       		.byte	52
 440 019f 18       		.byte	24
 441 01a0 35       		.byte	53
 442 01a1 40       		.byte	64
 443 01a2 36       		.byte	54
 444 01a3 20       		.byte	32
 445 01a4 3A       		.byte	58
 446 01a5 08       		.byte	8
 447 01a6 3E       		.byte	62
 448 01a7 41       		.byte	65
 449 01a8 3F       		.byte	63
 450 01a9 10       		.byte	16
 451 01aa 40       		.byte	64
 452 01ab 43       		.byte	67
 453 01ac 42       		.byte	66
 454 01ad 06       		.byte	6
 455 01ae 49       		.byte	73
 456 01af FF       		.byte	-1
ARM GAS  C:\Users\jmspi\AppData\Local\Temp\ccNLY508.s 			page 9


 457 01b0 4A       		.byte	74
 458 01b1 FF       		.byte	-1
 459 01b2 4B       		.byte	75
 460 01b3 FF       		.byte	-1
 461 01b4 4F       		.byte	79
 462 01b5 01       		.byte	1
 463 01b6 50       		.byte	80
 464 01b7 18       		.byte	24
 465 01b8 52       		.byte	82
 466 01b9 83       		.byte	-125
 467 01ba 54       		.byte	84
 468 01bb 03       		.byte	3
 469 01bc 56       		.byte	86
 470 01bd 04       		.byte	4
 471 01be 58       		.byte	88
 472 01bf 04       		.byte	4
 473 01c0 59       		.byte	89
 474 01c1 04       		.byte	4
 475 01c2 5A       		.byte	90
 476 01c3 04       		.byte	4
 477 01c4 5B       		.byte	91
 478 01c5 04       		.byte	4
 479 01c6 5C       		.byte	92
 480 01c7 22       		.byte	34
 481 01c8 5D       		.byte	93
 482 01c9 22       		.byte	34
 483 01ca 5F       		.byte	95
 484 01cb 01       		.byte	1
 485 01cc 60       		.byte	96
 486 01cd 40       		.byte	64
 487 01ce 62       		.byte	98
 488 01cf 40       		.byte	64
 489 01d0 64       		.byte	100
 490 01d1 40       		.byte	64
 491 01d2 65       		.byte	101
 492 01d3 40       		.byte	64
 493 01d4 66       		.byte	102
 494 01d5 80       		.byte	-128
 495 01d6 68       		.byte	104
 496 01d7 80       		.byte	-128
 497 01d8 6A       		.byte	106
 498 01d9 80       		.byte	-128
 499 01da 6C       		.byte	108
 500 01db 80       		.byte	-128
 501 01dc 6E       		.byte	110
 502 01dd 80       		.byte	-128
 503 01de 81       		.byte	-127
 504 01df 01       		.byte	1
 505 01e0 99       		.byte	-103
 506 01e1 01       		.byte	1
 507 01e2 9F       		.byte	-97
 508 01e3 01       		.byte	1
 509 01e4 B3       		.byte	-77
 510 01e5 01       		.byte	1
 511 01e6 BF       		.byte	-65
 512 01e7 04       		.byte	4
 513 01e8 C0       		.byte	-64
ARM GAS  C:\Users\jmspi\AppData\Local\Temp\ccNLY508.s 			page 10


 514 01e9 42       		.byte	66
 515 01ea C2       		.byte	-62
 516 01eb 06       		.byte	6
 517 01ec C5       		.byte	-59
 518 01ed EC       		.byte	-20
 519 01ee C7       		.byte	-57
 520 01ef 02       		.byte	2
 521 01f0 C8       		.byte	-56
 522 01f1 13       		.byte	19
 523 01f2 C9       		.byte	-55
 524 01f3 FF       		.byte	-1
 525 01f4 CA       		.byte	-54
 526 01f5 FF       		.byte	-1
 527 01f6 CB       		.byte	-53
 528 01f7 FF       		.byte	-1
 529 01f8 CD       		.byte	-51
 530 01f9 83       		.byte	-125
 531 01fa CE       		.byte	-50
 532 01fb 03       		.byte	3
 533 01fc CF       		.byte	-49
 534 01fd 01       		.byte	1
 535 01fe D0       		.byte	-48
 536 01ff 18       		.byte	24
 537 0200 D9       		.byte	-39
 538 0201 04       		.byte	4
 539 0202 DA       		.byte	-38
 540 0203 04       		.byte	4
 541 0204 DD       		.byte	-35
 542 0205 02       		.byte	2
 543 0206 DF       		.byte	-33
 544 0207 01       		.byte	1
 545 0208 E0       		.byte	-32
 546 0209 40       		.byte	64
 547 020a E2       		.byte	-30
 548 020b 40       		.byte	64
 549 020c E4       		.byte	-28
 550 020d 40       		.byte	64
 551 020e E5       		.byte	-27
 552 020f 40       		.byte	64
 553 0210 E6       		.byte	-26
 554 0211 80       		.byte	-128
 555 0212 E8       		.byte	-24
 556 0213 80       		.byte	-128
 557 0214 EA       		.byte	-22
 558 0215 80       		.byte	-128
 559 0216 EC       		.byte	-20
 560 0217 80       		.byte	-128
 561 0218 EE       		.byte	-18
 562 0219 80       		.byte	-128
 563 021a 00       		.byte	0
 564 021b 04       		.byte	4
 565 021c 01       		.byte	1
 566 021d 10       		.byte	16
 567 021e 02       		.byte	2
 568 021f 40       		.byte	64
 569 0220 03       		.byte	3
 570 0221 82       		.byte	-126
ARM GAS  C:\Users\jmspi\AppData\Local\Temp\ccNLY508.s 			page 11


 571 0222 08       		.byte	8
 572 0223 80       		.byte	-128
 573 0224 09       		.byte	9
 574 0225 04       		.byte	4
 575 0226 0A       		.byte	10
 576 0227 80       		.byte	-128
 577 0228 0B       		.byte	11
 578 0229 04       		.byte	4
 579 022a 0C       		.byte	12
 580 022b 01       		.byte	1
 581 022c 0D       		.byte	13
 582 022d 02       		.byte	2
 583 022e 10       		.byte	16
 584 022f 02       		.byte	2
 585 0230 13       		.byte	19
 586 0231 0A       		.byte	10
 587 0232 18       		.byte	24
 588 0233 24       		.byte	36
 589 0234 19       		.byte	25
 590 0235 10       		.byte	16
 591 0236 1A       		.byte	26
 592 0237 42       		.byte	66
 593 0238 21       		.byte	33
 594 0239 22       		.byte	34
 595 023a 27       		.byte	39
 596 023b 20       		.byte	32
 597 023c 28       		.byte	40
 598 023d 80       		.byte	-128
 599 023e 2A       		.byte	42
 600 023f 88       		.byte	-120
 601 0240 2B       		.byte	43
 602 0241 08       		.byte	8
 603 0242 31       		.byte	49
 604 0243 12       		.byte	18
 605 0244 32       		.byte	50
 606 0245 40       		.byte	64
 607 0246 33       		.byte	51
 608 0247 06       		.byte	6
 609 0248 36       		.byte	54
 610 0249 40       		.byte	64
 611 024a 37       		.byte	55
 612 024b 10       		.byte	16
 613 024c 38       		.byte	56
 614 024d 20       		.byte	32
 615 024e 39       		.byte	57
 616 024f 10       		.byte	16
 617 0250 3A       		.byte	58
 618 0251 40       		.byte	64
 619 0252 3B       		.byte	59
 620 0253 04       		.byte	4
 621 0254 3E       		.byte	62
 622 0255 01       		.byte	1
 623 0256 41       		.byte	65
 624 0257 42       		.byte	66
 625 0258 42       		.byte	66
 626 0259 02       		.byte	2
 627 025a 43       		.byte	67
ARM GAS  C:\Users\jmspi\AppData\Local\Temp\ccNLY508.s 			page 12


 628 025b 08       		.byte	8
 629 025c 45       		.byte	69
 630 025d 02       		.byte	2
 631 025e 46       		.byte	70
 632 025f 04       		.byte	4
 633 0260 4B       		.byte	75
 634 0261 10       		.byte	16
 635 0262 4D       		.byte	77
 636 0263 0A       		.byte	10
 637 0264 4F       		.byte	79
 638 0265 10       		.byte	16
 639 0266 55       		.byte	85
 640 0267 04       		.byte	4
 641 0268 56       		.byte	86
 642 0269 04       		.byte	4
 643 026a 57       		.byte	87
 644 026b 08       		.byte	8
 645 026c 59       		.byte	89
 646 026d 0A       		.byte	10
 647 026e 5A       		.byte	90
 648 026f 60       		.byte	96
 649 0270 60       		.byte	96
 650 0271 80       		.byte	-128
 651 0272 68       		.byte	104
 652 0273 08       		.byte	8
 653 0274 69       		.byte	105
 654 0275 80       		.byte	-128
 655 0276 70       		.byte	112
 656 0277 02       		.byte	2
 657 0278 72       		.byte	114
 658 0279 80       		.byte	-128
 659 027a 80       		.byte	-128
 660 027b 80       		.byte	-128
 661 027c 8A       		.byte	-118
 662 027d 11       		.byte	17
 663 027e 8B       		.byte	-117
 664 027f 04       		.byte	4
 665 0280 8D       		.byte	-115
 666 0281 20       		.byte	32
 667 0282 90       		.byte	-112
 668 0283 88       		.byte	-120
 669 0284 92       		.byte	-110
 670 0285 A4       		.byte	-92
 671 0286 93       		.byte	-109
 672 0287 10       		.byte	16
 673 0288 97       		.byte	-105
 674 0289 20       		.byte	32
 675 028a 9A       		.byte	-102
 676 028b 08       		.byte	8
 677 028c 9B       		.byte	-101
 678 028d 0E       		.byte	14
 679 028e 9C       		.byte	-100
 680 028f 59       		.byte	89
 681 0290 9E       		.byte	-98
 682 0291 12       		.byte	18
 683 0292 9F       		.byte	-97
 684 0293 A0       		.byte	-96
ARM GAS  C:\Users\jmspi\AppData\Local\Temp\ccNLY508.s 			page 13


 685 0294 A2       		.byte	-94
 686 0295 30       		.byte	48
 687 0296 A3       		.byte	-93
 688 0297 80       		.byte	-128
 689 0298 A4       		.byte	-92
 690 0299 48       		.byte	72
 691 029a A5       		.byte	-91
 692 029b 10       		.byte	16
 693 029c AA       		.byte	-86
 694 029d 08       		.byte	8
 695 029e AB       		.byte	-85
 696 029f 42       		.byte	66
 697 02a0 B7       		.byte	-73
 698 02a1 20       		.byte	32
 699 02a2 C0       		.byte	-64
 700 02a3 0F       		.byte	15
 701 02a4 C2       		.byte	-62
 702 02a5 0F       		.byte	15
 703 02a6 C4       		.byte	-60
 704 02a7 0D       		.byte	13
 705 02a8 CA       		.byte	-54
 706 02a9 0F       		.byte	15
 707 02aa CC       		.byte	-52
 708 02ab 3F       		.byte	63
 709 02ac CE       		.byte	-50
 710 02ad 8E       		.byte	-114
 711 02ae D0       		.byte	-48
 712 02af A3       		.byte	-93
 713 02b0 D2       		.byte	-46
 714 02b1 24       		.byte	36
 715 02b2 D6       		.byte	-42
 716 02b3 0F       		.byte	15
 717 02b4 D8       		.byte	-40
 718 02b5 01       		.byte	1
 719 02b6 E8       		.byte	-24
 720 02b7 44       		.byte	68
 721 02b8 EE       		.byte	-18
 722 02b9 01       		.byte	1
 723 02ba 0E       		.byte	14
 724 02bb 01       		.byte	1
 725 02bc 1E       		.byte	30
 726 02bd 01       		.byte	1
 727 02be 23       		.byte	35
 728 02bf 02       		.byte	2
 729 02c0 27       		.byte	39
 730 02c1 01       		.byte	1
 731 02c2 30       		.byte	48
 732 02c3 01       		.byte	1
 733 02c4 31       		.byte	49
 734 02c5 02       		.byte	2
 735 02c6 35       		.byte	53
 736 02c7 01       		.byte	1
 737 02c8 40       		.byte	64
 738 02c9 50       		.byte	80
 739 02ca 41       		.byte	65
 740 02cb 02       		.byte	2
 741 02cc 49       		.byte	73
ARM GAS  C:\Users\jmspi\AppData\Local\Temp\ccNLY508.s 			page 14


 742 02cd FF       		.byte	-1
 743 02ce 4A       		.byte	74
 744 02cf FF       		.byte	-1
 745 02d0 4B       		.byte	75
 746 02d1 FF       		.byte	-1
 747 02d2 4D       		.byte	77
 748 02d3 A0       		.byte	-96
 749 02d4 4F       		.byte	79
 750 02d5 04       		.byte	4
 751 02d6 50       		.byte	80
 752 02d7 18       		.byte	24
 753 02d8 54       		.byte	84
 754 02d9 0F       		.byte	15
 755 02da 56       		.byte	86
 756 02db 04       		.byte	4
 757 02dc 58       		.byte	88
 758 02dd 04       		.byte	4
 759 02de 59       		.byte	89
 760 02df 04       		.byte	4
 761 02e0 5A       		.byte	90
 762 02e1 04       		.byte	4
 763 02e2 5B       		.byte	91
 764 02e3 04       		.byte	4
 765 02e4 5C       		.byte	92
 766 02e5 99       		.byte	-103
 767 02e6 5D       		.byte	93
 768 02e7 99       		.byte	-103
 769 02e8 5F       		.byte	95
 770 02e9 01       		.byte	1
 771 02ea 60       		.byte	96
 772 02eb 40       		.byte	64
 773 02ec 62       		.byte	98
 774 02ed C0       		.byte	-64
 775 02ee 64       		.byte	100
 776 02ef 40       		.byte	64
 777 02f0 65       		.byte	101
 778 02f1 40       		.byte	64
 779 02f2 66       		.byte	102
 780 02f3 C0       		.byte	-64
 781 02f4 68       		.byte	104
 782 02f5 C0       		.byte	-64
 783 02f6 6A       		.byte	106
 784 02f7 C0       		.byte	-64
 785 02f8 6C       		.byte	108
 786 02f9 C0       		.byte	-64
 787 02fa 6E       		.byte	110
 788 02fb C0       		.byte	-64
 789 02fc 80       		.byte	-128
 790 02fd 04       		.byte	4
 791 02fe 84       		.byte	-124
 792 02ff 04       		.byte	4
 793 0300 8A       		.byte	-118
 794 0301 01       		.byte	1
 795 0302 8B       		.byte	-117
 796 0303 FF       		.byte	-1
 797 0304 8D       		.byte	-115
 798 0305 05       		.byte	5
ARM GAS  C:\Users\jmspi\AppData\Local\Temp\ccNLY508.s 			page 15


 799 0306 8E       		.byte	-114
 800 0307 08       		.byte	8
 801 0308 8F       		.byte	-113
 802 0309 EA       		.byte	-22
 803 030a 90       		.byte	-112
 804 030b 02       		.byte	2
 805 030c 94       		.byte	-108
 806 030d 04       		.byte	4
 807 030e 95       		.byte	-107
 808 030f 03       		.byte	3
 809 0310 97       		.byte	-105
 810 0311 3C       		.byte	60
 811 0312 9A       		.byte	-102
 812 0313 04       		.byte	4
 813 0314 9D       		.byte	-99
 814 0315 03       		.byte	3
 815 0316 9E       		.byte	-98
 816 0317 11       		.byte	17
 817 0318 9F       		.byte	-97
 818 0319 9C       		.byte	-100
 819 031a A1       		.byte	-95
 820 031b 55       		.byte	85
 821 031c A2       		.byte	-94
 822 031d 02       		.byte	2
 823 031e A3       		.byte	-93
 824 031f 0A       		.byte	10
 825 0320 A4       		.byte	-92
 826 0321 04       		.byte	4
 827 0322 AA       		.byte	-86
 828 0323 10       		.byte	16
 829 0324 B0       		.byte	-80
 830 0325 02       		.byte	2
 831 0326 B2       		.byte	-78
 832 0327 10       		.byte	16
 833 0328 B4       		.byte	-76
 834 0329 0C       		.byte	12
 835 032a B5       		.byte	-75
 836 032b 0F       		.byte	15
 837 032c B6       		.byte	-74
 838 032d 01       		.byte	1
 839 032e B7       		.byte	-73
 840 032f F0       		.byte	-16
 841 0330 BB       		.byte	-69
 842 0331 80       		.byte	-128
 843 0332 BE       		.byte	-66
 844 0333 04       		.byte	4
 845 0334 C0       		.byte	-64
 846 0335 50       		.byte	80
 847 0336 C1       		.byte	-63
 848 0337 02       		.byte	2
 849 0338 C5       		.byte	-59
 850 0339 D5       		.byte	-43
 851 033a C6       		.byte	-58
 852 033b 21       		.byte	33
 853 033c C7       		.byte	-57
 854 033d 02       		.byte	2
 855 033e C8       		.byte	-56
ARM GAS  C:\Users\jmspi\AppData\Local\Temp\ccNLY508.s 			page 16


 856 033f 1F       		.byte	31
 857 0340 C9       		.byte	-55
 858 0341 FF       		.byte	-1
 859 0342 CA       		.byte	-54
 860 0343 FF       		.byte	-1
 861 0344 CB       		.byte	-53
 862 0345 FF       		.byte	-1
 863 0346 CD       		.byte	-51
 864 0347 AF       		.byte	-81
 865 0348 CE       		.byte	-50
 866 0349 0F       		.byte	15
 867 034a CF       		.byte	-49
 868 034b 04       		.byte	4
 869 034c D0       		.byte	-48
 870 034d 18       		.byte	24
 871 034e D4       		.byte	-44
 872 034f 07       		.byte	7
 873 0350 D8       		.byte	-40
 874 0351 04       		.byte	4
 875 0352 D9       		.byte	-39
 876 0353 04       		.byte	4
 877 0354 DA       		.byte	-38
 878 0355 04       		.byte	4
 879 0356 DB       		.byte	-37
 880 0357 04       		.byte	4
 881 0358 DC       		.byte	-36
 882 0359 29       		.byte	41
 883 035a DD       		.byte	-35
 884 035b 99       		.byte	-103
 885 035c DF       		.byte	-33
 886 035d 01       		.byte	1
 887 035e E0       		.byte	-32
 888 035f 40       		.byte	64
 889 0360 E2       		.byte	-30
 890 0361 C0       		.byte	-64
 891 0362 E4       		.byte	-28
 892 0363 40       		.byte	64
 893 0364 E5       		.byte	-27
 894 0365 40       		.byte	64
 895 0366 E6       		.byte	-26
 896 0367 C0       		.byte	-64
 897 0368 E8       		.byte	-24
 898 0369 C0       		.byte	-64
 899 036a EA       		.byte	-22
 900 036b C0       		.byte	-64
 901 036c EC       		.byte	-20
 902 036d C0       		.byte	-64
 903 036e EE       		.byte	-18
 904 036f C0       		.byte	-64
 905 0370 00       		.byte	0
 906 0371 A0       		.byte	-96
 907 0372 01       		.byte	1
 908 0373 02       		.byte	2
 909 0374 02       		.byte	2
 910 0375 20       		.byte	32
 911 0376 05       		.byte	5
 912 0377 80       		.byte	-128
ARM GAS  C:\Users\jmspi\AppData\Local\Temp\ccNLY508.s 			page 17


 913 0378 09       		.byte	9
 914 0379 11       		.byte	17
 915 037a 0A       		.byte	10
 916 037b 02       		.byte	2
 917 037c 0B       		.byte	11
 918 037d 20       		.byte	32
 919 037e 0C       		.byte	12
 920 037f 80       		.byte	-128
 921 0380 10       		.byte	16
 922 0381 90       		.byte	-112
 923 0382 12       		.byte	18
 924 0383 04       		.byte	4
 925 0384 18       		.byte	24
 926 0385 08       		.byte	8
 927 0386 19       		.byte	25
 928 0387 04       		.byte	4
 929 0388 1A       		.byte	26
 930 0389 44       		.byte	68
 931 038a 1B       		.byte	27
 932 038b 40       		.byte	64
 933 038c 1F       		.byte	31
 934 038d 01       		.byte	1
 935 038e 22       		.byte	34
 936 038f 90       		.byte	-112
 937 0390 25       		.byte	37
 938 0391 01       		.byte	1
 939 0392 26       		.byte	38
 940 0393 30       		.byte	48
 941 0394 2A       		.byte	42
 942 0395 02       		.byte	2
 943 0396 2C       		.byte	44
 944 0397 80       		.byte	-128
 945 0398 2F       		.byte	47
 946 0399 20       		.byte	32
 947 039a 30       		.byte	48
 948 039b 08       		.byte	8
 949 039c 32       		.byte	50
 950 039d 80       		.byte	-128
 951 039e 39       		.byte	57
 952 039f 80       		.byte	-128
 953 03a0 3B       		.byte	59
 954 03a1 10       		.byte	16
 955 03a2 41       		.byte	65
 956 03a3 20       		.byte	32
 957 03a4 45       		.byte	69
 958 03a5 20       		.byte	32
 959 03a6 48       		.byte	72
 960 03a7 10       		.byte	16
 961 03a8 49       		.byte	73
 962 03a9 89       		.byte	-119
 963 03aa 4E       		.byte	78
 964 03ab 01       		.byte	1
 965 03ac 50       		.byte	80
 966 03ad 80       		.byte	-128
 967 03ae 51       		.byte	81
 968 03af 20       		.byte	32
 969 03b0 52       		.byte	82
ARM GAS  C:\Users\jmspi\AppData\Local\Temp\ccNLY508.s 			page 18


 970 03b1 04       		.byte	4
 971 03b2 59       		.byte	89
 972 03b3 15       		.byte	21
 973 03b4 5A       		.byte	90
 974 03b5 40       		.byte	64
 975 03b6 5C       		.byte	92
 976 03b7 08       		.byte	8
 977 03b8 5D       		.byte	93
 978 03b9 02       		.byte	2
 979 03ba 5F       		.byte	95
 980 03bb A0       		.byte	-96
 981 03bc 67       		.byte	103
 982 03bd 40       		.byte	64
 983 03be 69       		.byte	105
 984 03bf 50       		.byte	80
 985 03c0 6A       		.byte	106
 986 03c1 80       		.byte	-128
 987 03c2 6B       		.byte	107
 988 03c3 0C       		.byte	12
 989 03c4 83       		.byte	-125
 990 03c5 01       		.byte	1
 991 03c6 87       		.byte	-121
 992 03c7 40       		.byte	64
 993 03c8 90       		.byte	-112
 994 03c9 80       		.byte	-128
 995 03ca 91       		.byte	-111
 996 03cb 80       		.byte	-128
 997 03cc 92       		.byte	-110
 998 03cd 02       		.byte	2
 999 03ce 93       		.byte	-109
 1000 03cf 10       		.byte	16
 1001 03d0 95       		.byte	-107
 1002 03d1 50       		.byte	80
 1003 03d2 97       		.byte	-105
 1004 03d3 20       		.byte	32
 1005 03d4 99       		.byte	-103
 1006 03d5 92       		.byte	-110
 1007 03d6 9C       		.byte	-100
 1008 03d7 51       		.byte	81
 1009 03d8 9D       		.byte	-99
 1010 03d9 08       		.byte	8
 1011 03da 9E       		.byte	-98
 1012 03db 1A       		.byte	26
 1013 03dc A3       		.byte	-93
 1014 03dd 80       		.byte	-128
 1015 03de A4       		.byte	-92
 1016 03df 08       		.byte	8
 1017 03e0 A5       		.byte	-91
 1018 03e1 10       		.byte	16
 1019 03e2 A6       		.byte	-90
 1020 03e3 A0       		.byte	-96
 1021 03e4 C0       		.byte	-64
 1022 03e5 8F       		.byte	-113
 1023 03e6 C2       		.byte	-62
 1024 03e7 8F       		.byte	-113
 1025 03e8 C4       		.byte	-60
 1026 03e9 0E       		.byte	14
ARM GAS  C:\Users\jmspi\AppData\Local\Temp\ccNLY508.s 			page 19


 1027 03ea CA       		.byte	-54
 1028 03eb C1       		.byte	-63
 1029 03ec CC       		.byte	-52
 1030 03ed 0A       		.byte	10
 1031 03ee CE       		.byte	-50
 1032 03ef 0C       		.byte	12
 1033 03f0 D0       		.byte	-48
 1034 03f1 24       		.byte	36
 1035 03f2 D2       		.byte	-46
 1036 03f3 18       		.byte	24
 1037 03f4 D6       		.byte	-42
 1038 03f5 FF       		.byte	-1
 1039 03f6 D8       		.byte	-40
 1040 03f7 80       		.byte	-128
 1041 03f8 E4       		.byte	-28
 1042 03f9 04       		.byte	4
 1043 03fa 00       		.byte	0
 1044 03fb 1E       		.byte	30
 1045 03fc 01       		.byte	1
 1046 03fd 18       		.byte	24
 1047 03fe 05       		.byte	5
 1048 03ff 20       		.byte	32
 1049 0400 06       		.byte	6
 1050 0401 60       		.byte	96
 1051 0402 08       		.byte	8
 1052 0403 40       		.byte	64
 1053 0404 09       		.byte	9
 1054 0405 C0       		.byte	-64
 1055 0406 0B       		.byte	11
 1056 0407 02       		.byte	2
 1057 0408 0D       		.byte	13
 1058 0409 41       		.byte	65
 1059 040a 0F       		.byte	15
 1060 040b 84       		.byte	-124
 1061 040c 14       		.byte	20
 1062 040d 14       		.byte	20
 1063 040e 15       		.byte	21
 1064 040f 08       		.byte	8
 1065 0410 16       		.byte	22
 1066 0411 0A       		.byte	10
 1067 0412 17       		.byte	23
 1068 0413 10       		.byte	16
 1069 0414 18       		.byte	24
 1070 0415 18       		.byte	24
 1071 0416 1A       		.byte	26
 1072 0417 06       		.byte	6
 1073 0418 1B       		.byte	27
 1074 0419 07       		.byte	7
 1075 041a 1C       		.byte	28
 1076 041b 0E       		.byte	14
 1077 041c 1D       		.byte	29
 1078 041d 08       		.byte	8
 1079 041e 1F       		.byte	31
 1080 041f 10       		.byte	16
 1081 0420 21       		.byte	33
 1082 0421 18       		.byte	24
 1083 0422 24       		.byte	36
ARM GAS  C:\Users\jmspi\AppData\Local\Temp\ccNLY508.s 			page 20


 1084 0423 06       		.byte	6
 1085 0424 25       		.byte	37
 1086 0425 04       		.byte	4
 1087 0426 26       		.byte	38
 1088 0427 18       		.byte	24
 1089 0428 27       		.byte	39
 1090 0429 80       		.byte	-128
 1091 042a 28       		.byte	40
 1092 042b 0A       		.byte	10
 1093 042c 29       		.byte	41
 1094 042d 01       		.byte	1
 1095 042e 2A       		.byte	42
 1096 042f 14       		.byte	20
 1097 0430 2B       		.byte	43
 1098 0431 40       		.byte	64
 1099 0432 2E       		.byte	46
 1100 0433 01       		.byte	1
 1101 0434 2F       		.byte	47
 1102 0435 07       		.byte	7
 1103 0436 30       		.byte	48
 1104 0437 1E       		.byte	30
 1105 0438 32       		.byte	50
 1106 0439 20       		.byte	32
 1107 043a 33       		.byte	51
 1108 043b 07       		.byte	7
 1109 043c 34       		.byte	52
 1110 043d 40       		.byte	64
 1111 043e 35       		.byte	53
 1112 043f C0       		.byte	-64
 1113 0440 36       		.byte	54
 1114 0441 01       		.byte	1
 1115 0442 37       		.byte	55
 1116 0443 38       		.byte	56
 1117 0444 3B       		.byte	59
 1118 0445 C0       		.byte	-64
 1119 0446 3F       		.byte	63
 1120 0447 04       		.byte	4
 1121 0448 52       		.byte	82
 1122 0449 80       		.byte	-128
 1123 044a 58       		.byte	88
 1124 044b 04       		.byte	4
 1125 044c 59       		.byte	89
 1126 044d 04       		.byte	4
 1127 044e 5B       		.byte	91
 1128 044f 04       		.byte	4
 1129 0450 5C       		.byte	92
 1130 0451 29       		.byte	41
 1131 0452 5D       		.byte	93
 1132 0453 90       		.byte	-112
 1133 0454 5F       		.byte	95
 1134 0455 01       		.byte	1
 1135 0456 80       		.byte	-128
 1136 0457 08       		.byte	8
 1137 0458 84       		.byte	-124
 1138 0459 02       		.byte	2
 1139 045a 86       		.byte	-122
 1140 045b 0D       		.byte	13
ARM GAS  C:\Users\jmspi\AppData\Local\Temp\ccNLY508.s 			page 21


 1141 045c 88       		.byte	-120
 1142 045d 03       		.byte	3
 1143 045e 8B       		.byte	-117
 1144 045f 01       		.byte	1
 1145 0460 94       		.byte	-108
 1146 0461 04       		.byte	4
 1147 0462 96       		.byte	-106
 1148 0463 01       		.byte	1
 1149 0464 9C       		.byte	-100
 1150 0465 08       		.byte	8
 1151 0466 A7       		.byte	-89
 1152 0467 01       		.byte	1
 1153 0468 AE       		.byte	-82
 1154 0469 07       		.byte	7
 1155 046a B2       		.byte	-78
 1156 046b 01       		.byte	1
 1157 046c B4       		.byte	-76
 1158 046d 06       		.byte	6
 1159 046e B5       		.byte	-75
 1160 046f 01       		.byte	1
 1161 0470 B6       		.byte	-74
 1162 0471 08       		.byte	8
 1163 0472 BA       		.byte	-70
 1164 0473 08       		.byte	8
 1165 0474 BC       		.byte	-68
 1166 0475 28       		.byte	40
 1167 0476 C0       		.byte	-64
 1168 0477 23       		.byte	35
 1169 0478 C1       		.byte	-63
 1170 0479 06       		.byte	6
 1171 047a C5       		.byte	-59
 1172 047b 10       		.byte	16
 1173 047c C6       		.byte	-58
 1174 047d 20       		.byte	32
 1175 047e C8       		.byte	-56
 1176 047f 0E       		.byte	14
 1177 0480 C9       		.byte	-55
 1178 0481 FF       		.byte	-1
 1179 0482 CA       		.byte	-54
 1180 0483 FF       		.byte	-1
 1181 0484 CB       		.byte	-53
 1182 0485 FF       		.byte	-1
 1183 0486 CD       		.byte	-51
 1184 0487 A0       		.byte	-96
 1185 0488 CF       		.byte	-49
 1186 0489 04       		.byte	4
 1187 048a D0       		.byte	-48
 1188 048b 18       		.byte	24
 1189 048c D2       		.byte	-46
 1190 048d 80       		.byte	-128
 1191 048e D8       		.byte	-40
 1192 048f 04       		.byte	4
 1193 0490 D9       		.byte	-39
 1194 0491 04       		.byte	4
 1195 0492 DA       		.byte	-38
 1196 0493 04       		.byte	4
 1197 0494 DB       		.byte	-37
ARM GAS  C:\Users\jmspi\AppData\Local\Temp\ccNLY508.s 			page 22


 1198 0495 04       		.byte	4
 1199 0496 DF       		.byte	-33
 1200 0497 01       		.byte	1
 1201 0498 E0       		.byte	-32
 1202 0499 40       		.byte	64
 1203 049a E2       		.byte	-30
 1204 049b C0       		.byte	-64
 1205 049c E4       		.byte	-28
 1206 049d 40       		.byte	64
 1207 049e E5       		.byte	-27
 1208 049f 40       		.byte	64
 1209 04a0 E6       		.byte	-26
 1210 04a1 C0       		.byte	-64
 1211 04a2 E8       		.byte	-24
 1212 04a3 C0       		.byte	-64
 1213 04a4 EA       		.byte	-22
 1214 04a5 C0       		.byte	-64
 1215 04a6 EC       		.byte	-20
 1216 04a7 C0       		.byte	-64
 1217 04a8 EE       		.byte	-18
 1218 04a9 C0       		.byte	-64
 1219 04aa 01       		.byte	1
 1220 04ab 0A       		.byte	10
 1221 04ac 03       		.byte	3
 1222 04ad 08       		.byte	8
 1223 04ae 04       		.byte	4
 1224 04af 14       		.byte	20
 1225 04b0 06       		.byte	6
 1226 04b1 40       		.byte	64
 1227 04b2 08       		.byte	8
 1228 04b3 50       		.byte	80
 1229 04b4 0B       		.byte	11
 1230 04b5 20       		.byte	32
 1231 04b6 0F       		.byte	15
 1232 04b7 22       		.byte	34
 1233 04b8 11       		.byte	17
 1234 04b9 20       		.byte	32
 1235 04ba 12       		.byte	18
 1236 04bb 20       		.byte	32
 1237 04bc 13       		.byte	19
 1238 04bd 40       		.byte	64
 1239 04be 17       		.byte	23
 1240 04bf 40       		.byte	64
 1241 04c0 18       		.byte	24
 1242 04c1 80       		.byte	-128
 1243 04c2 19       		.byte	25
 1244 04c3 92       		.byte	-110
 1245 04c4 1A       		.byte	26
 1246 04c5 02       		.byte	2
 1247 04c6 1B       		.byte	27
 1248 04c7 08       		.byte	8
 1249 04c8 1C       		.byte	28
 1250 04c9 14       		.byte	20
 1251 04ca 1D       		.byte	29
 1252 04cb 20       		.byte	32
 1253 04cc 1F       		.byte	31
 1254 04cd A0       		.byte	-96
ARM GAS  C:\Users\jmspi\AppData\Local\Temp\ccNLY508.s 			page 23


 1255 04ce 21       		.byte	33
 1256 04cf 44       		.byte	68
 1257 04d0 22       		.byte	34
 1258 04d1 10       		.byte	16
 1259 04d2 23       		.byte	35
 1260 04d3 11       		.byte	17
 1261 04d4 27       		.byte	39
 1262 04d5 08       		.byte	8
 1263 04d6 28       		.byte	40
 1264 04d7 01       		.byte	1
 1265 04d8 2A       		.byte	42
 1266 04d9 1A       		.byte	26
 1267 04da 2F       		.byte	47
 1268 04db 20       		.byte	32
 1269 04dc 30       		.byte	48
 1270 04dd 08       		.byte	8
 1271 04de 32       		.byte	50
 1272 04df 90       		.byte	-112
 1273 04e0 39       		.byte	57
 1274 04e1 58       		.byte	88
 1275 04e2 3B       		.byte	59
 1276 04e3 01       		.byte	1
 1277 04e4 3F       		.byte	63
 1278 04e5 20       		.byte	32
 1279 04e6 45       		.byte	69
 1280 04e7 24       		.byte	36
 1281 04e8 47       		.byte	71
 1282 04e9 08       		.byte	8
 1283 04ea 4F       		.byte	79
 1284 04eb 22       		.byte	34
 1285 04ec 56       		.byte	86
 1286 04ed 40       		.byte	64
 1287 04ee 57       		.byte	87
 1288 04ef 10       		.byte	16
 1289 04f0 73       		.byte	115
 1290 04f1 40       		.byte	64
 1291 04f2 77       		.byte	119
 1292 04f3 40       		.byte	64
 1293 04f4 7D       		.byte	125
 1294 04f5 08       		.byte	8
 1295 04f6 C0       		.byte	-64
 1296 04f7 7E       		.byte	126
 1297 04f8 C2       		.byte	-62
 1298 04f9 A7       		.byte	-89
 1299 04fa C4       		.byte	-60
 1300 04fb 87       		.byte	-121
 1301 04fc CA       		.byte	-54
 1302 04fd 4F       		.byte	79
 1303 04fe CC       		.byte	-52
 1304 04ff 0E       		.byte	14
 1305 0500 CE       		.byte	-50
 1306 0501 2F       		.byte	47
 1307 0502 D0       		.byte	-48
 1308 0503 60       		.byte	96
 1309 0504 D2       		.byte	-46
 1310 0505 20       		.byte	32
 1311 0506 DE       		.byte	-34
ARM GAS  C:\Users\jmspi\AppData\Local\Temp\ccNLY508.s 			page 24


 1312 0507 40       		.byte	64
 1313 0508 E8       		.byte	-24
 1314 0509 04       		.byte	4
 1315 050a 00       		.byte	0
 1316 050b 73       		.byte	115
 1317 050c 06       		.byte	6
 1318 050d 0F       		.byte	15
 1319 050e 08       		.byte	8
 1320 050f CF       		.byte	-49
 1321 0510 09       		.byte	9
 1322 0511 01       		.byte	1
 1323 0512 0A       		.byte	10
 1324 0513 30       		.byte	48
 1325 0514 0B       		.byte	11
 1326 0515 02       		.byte	2
 1327 0516 0C       		.byte	12
 1328 0517 FD       		.byte	-3
 1329 0518 0D       		.byte	13
 1330 0519 07       		.byte	7
 1331 051a 0E       		.byte	14
 1332 051b 02       		.byte	2
 1333 051c 13       		.byte	19
 1334 051d 10       		.byte	16
 1335 051e 14       		.byte	20
 1336 051f 94       		.byte	-108
 1337 0520 15       		.byte	21
 1338 0521 01       		.byte	1
 1339 0522 16       		.byte	22
 1340 0523 60       		.byte	96
 1341 0524 17       		.byte	23
 1342 0525 02       		.byte	2
 1343 0526 18       		.byte	24
 1344 0527 9E       		.byte	-98
 1345 0528 1A       		.byte	26
 1346 0529 60       		.byte	96
 1347 052a 1B       		.byte	27
 1348 052b 07       		.byte	7
 1349 052c 23       		.byte	35
 1350 052d 08       		.byte	8
 1351 052e 24       		.byte	36
 1352 052f 30       		.byte	48
 1353 0530 26       		.byte	38
 1354 0531 C9       		.byte	-55
 1355 0532 27       		.byte	39
 1356 0533 04       		.byte	4
 1357 0534 29       		.byte	41
 1358 0535 04       		.byte	4
 1359 0536 2D       		.byte	45
 1360 0537 07       		.byte	7
 1361 0538 33       		.byte	51
 1362 0539 0F       		.byte	15
 1363 053a 35       		.byte	53
 1364 053b 10       		.byte	16
 1365 053c 36       		.byte	54
 1366 053d FF       		.byte	-1
 1367 053e 3E       		.byte	62
 1368 053f 40       		.byte	64
ARM GAS  C:\Users\jmspi\AppData\Local\Temp\ccNLY508.s 			page 25


 1369 0540 58       		.byte	88
 1370 0541 04       		.byte	4
 1371 0542 59       		.byte	89
 1372 0543 04       		.byte	4
 1373 0544 5C       		.byte	92
 1374 0545 90       		.byte	-112
 1375 0546 5F       		.byte	95
 1376 0547 01       		.byte	1
 1377 0548 80       		.byte	-128
 1378 0549 28       		.byte	40
 1379 054a 87       		.byte	-121
 1380 054b 01       		.byte	1
 1381 054c 8C       		.byte	-116
 1382 054d 18       		.byte	24
 1383 054e 92       		.byte	-110
 1384 054f 02       		.byte	2
 1385 0550 93       		.byte	-109
 1386 0551 02       		.byte	2
 1387 0552 94       		.byte	-108
 1388 0553 30       		.byte	48
 1389 0554 98       		.byte	-104
 1390 0555 04       		.byte	4
 1391 0556 9C       		.byte	-100
 1392 0557 01       		.byte	1
 1393 0558 A2       		.byte	-94
 1394 0559 01       		.byte	1
 1395 055a A4       		.byte	-92
 1396 055b 30       		.byte	48
 1397 055c A9       		.byte	-87
 1398 055d 02       		.byte	2
 1399 055e AA       		.byte	-86
 1400 055f 04       		.byte	4
 1401 0560 B0       		.byte	-80
 1402 0561 38       		.byte	56
 1403 0562 B1       		.byte	-79
 1404 0563 02       		.byte	2
 1405 0564 B2       		.byte	-78
 1406 0565 02       		.byte	2
 1407 0566 B3       		.byte	-77
 1408 0567 01       		.byte	1
 1409 0568 B4       		.byte	-76
 1410 0569 04       		.byte	4
 1411 056a B6       		.byte	-74
 1412 056b 01       		.byte	1
 1413 056c B8       		.byte	-72
 1414 056d 02       		.byte	2
 1415 056e BE       		.byte	-66
 1416 056f 50       		.byte	80
 1417 0570 BF       		.byte	-65
 1418 0571 01       		.byte	1
 1419 0572 C0       		.byte	-64
 1420 0573 06       		.byte	6
 1421 0574 C6       		.byte	-58
 1422 0575 40       		.byte	64
 1423 0576 C9       		.byte	-55
 1424 0577 FF       		.byte	-1
 1425 0578 CA       		.byte	-54
ARM GAS  C:\Users\jmspi\AppData\Local\Temp\ccNLY508.s 			page 26


 1426 0579 07       		.byte	7
 1427 057a CB       		.byte	-53
 1428 057b FF       		.byte	-1
 1429 057c CC       		.byte	-52
 1430 057d 40       		.byte	64
 1431 057e CD       		.byte	-51
 1432 057f 20       		.byte	32
 1433 0580 CE       		.byte	-50
 1434 0581 F0       		.byte	-16
 1435 0582 CF       		.byte	-49
 1436 0583 05       		.byte	5
 1437 0584 D0       		.byte	-48
 1438 0585 08       		.byte	8
 1439 0586 D4       		.byte	-44
 1440 0587 0F       		.byte	15
 1441 0588 D8       		.byte	-40
 1442 0589 04       		.byte	4
 1443 058a D9       		.byte	-39
 1444 058b 04       		.byte	4
 1445 058c DA       		.byte	-38
 1446 058d 04       		.byte	4
 1447 058e DB       		.byte	-37
 1448 058f 04       		.byte	4
 1449 0590 DC       		.byte	-36
 1450 0591 99       		.byte	-103
 1451 0592 DD       		.byte	-35
 1452 0593 91       		.byte	-111
 1453 0594 DF       		.byte	-33
 1454 0595 05       		.byte	5
 1455 0596 E0       		.byte	-32
 1456 0597 40       		.byte	64
 1457 0598 E1       		.byte	-31
 1458 0599 A8       		.byte	-88
 1459 059a E2       		.byte	-30
 1460 059b 40       		.byte	64
 1461 059c E3       		.byte	-29
 1462 059d 20       		.byte	32
 1463 059e 02       		.byte	2
 1464 059f 40       		.byte	64
 1465 05a0 03       		.byte	3
 1466 05a1 02       		.byte	2
 1467 05a2 04       		.byte	4
 1468 05a3 A0       		.byte	-96
 1469 05a4 05       		.byte	5
 1470 05a5 02       		.byte	2
 1471 05a6 07       		.byte	7
 1472 05a7 10       		.byte	16
 1473 05a8 09       		.byte	9
 1474 05a9 02       		.byte	2
 1475 05aa 0A       		.byte	10
 1476 05ab 09       		.byte	9
 1477 05ac 0B       		.byte	11
 1478 05ad 20       		.byte	32
 1479 05ae 0E       		.byte	14
 1480 05af 28       		.byte	40
 1481 05b0 0F       		.byte	15
 1482 05b1 20       		.byte	32
ARM GAS  C:\Users\jmspi\AppData\Local\Temp\ccNLY508.s 			page 27


 1483 05b2 10       		.byte	16
 1484 05b3 90       		.byte	-112
 1485 05b4 12       		.byte	18
 1486 05b5 04       		.byte	4
 1487 05b6 16       		.byte	22
 1488 05b7 20       		.byte	32
 1489 05b8 17       		.byte	23
 1490 05b9 04       		.byte	4
 1491 05ba 19       		.byte	25
 1492 05bb 42       		.byte	66
 1493 05bc 1A       		.byte	26
 1494 05bd 04       		.byte	4
 1495 05be 1B       		.byte	27
 1496 05bf 06       		.byte	6
 1497 05c0 1F       		.byte	31
 1498 05c1 80       		.byte	-128
 1499 05c2 22       		.byte	34
 1500 05c3 05       		.byte	5
 1501 05c4 25       		.byte	37
 1502 05c5 10       		.byte	16
 1503 05c6 27       		.byte	39
 1504 05c7 14       		.byte	20
 1505 05c8 2B       		.byte	43
 1506 05c9 04       		.byte	4
 1507 05ca 2C       		.byte	44
 1508 05cb 10       		.byte	16
 1509 05cc 2E       		.byte	46
 1510 05cd 20       		.byte	32
 1511 05ce 2F       		.byte	47
 1512 05cf 82       		.byte	-126
 1513 05d0 31       		.byte	49
 1514 05d1 02       		.byte	2
 1515 05d2 35       		.byte	53
 1516 05d3 01       		.byte	1
 1517 05d4 36       		.byte	54
 1518 05d5 04       		.byte	4
 1519 05d6 37       		.byte	55
 1520 05d7 10       		.byte	16
 1521 05d8 3A       		.byte	58
 1522 05d9 04       		.byte	4
 1523 05da 3E       		.byte	62
 1524 05db 80       		.byte	-128
 1525 05dc 3F       		.byte	63
 1526 05dd 20       		.byte	32
 1527 05de 48       		.byte	72
 1528 05df 20       		.byte	32
 1529 05e0 49       		.byte	73
 1530 05e1 10       		.byte	16
 1531 05e2 51       		.byte	81
 1532 05e3 10       		.byte	16
 1533 05e4 59       		.byte	89
 1534 05e5 40       		.byte	64
 1535 05e6 5A       		.byte	90
 1536 05e7 06       		.byte	6
 1537 05e8 5B       		.byte	91
 1538 05e9 20       		.byte	32
 1539 05ea 61       		.byte	97
ARM GAS  C:\Users\jmspi\AppData\Local\Temp\ccNLY508.s 			page 28


 1540 05eb 04       		.byte	4
 1541 05ec 62       		.byte	98
 1542 05ed 10       		.byte	16
 1543 05ee 7B       		.byte	123
 1544 05ef 02       		.byte	2
 1545 05f0 90       		.byte	-112
 1546 05f1 A0       		.byte	-96
 1547 05f2 92       		.byte	-110
 1548 05f3 01       		.byte	1
 1549 05f4 93       		.byte	-109
 1550 05f5 20       		.byte	32
 1551 05f6 98       		.byte	-104
 1552 05f7 10       		.byte	16
 1553 05f8 99       		.byte	-103
 1554 05f9 04       		.byte	4
 1555 05fa 9A       		.byte	-102
 1556 05fb D4       		.byte	-44
 1557 05fc 9D       		.byte	-99
 1558 05fd 02       		.byte	2
 1559 05fe 9F       		.byte	-97
 1560 05ff 14       		.byte	20
 1561 0600 A0       		.byte	-96
 1562 0601 80       		.byte	-128
 1563 0602 A1       		.byte	-95
 1564 0603 02       		.byte	2
 1565 0604 A2       		.byte	-94
 1566 0605 14       		.byte	20
 1567 0606 A5       		.byte	-91
 1568 0607 10       		.byte	16
 1569 0608 B4       		.byte	-76
 1570 0609 08       		.byte	8
 1571 060a B5       		.byte	-75
 1572 060b 02       		.byte	2
 1573 060c B6       		.byte	-74
 1574 060d 10       		.byte	16
 1575 060e B7       		.byte	-73
 1576 060f 80       		.byte	-128
 1577 0610 C0       		.byte	-64
 1578 0611 F9       		.byte	-7
 1579 0612 C2       		.byte	-62
 1580 0613 6F       		.byte	111
 1581 0614 C4       		.byte	-60
 1582 0615 2E       		.byte	46
 1583 0616 CA       		.byte	-54
 1584 0617 F4       		.byte	-12
 1585 0618 CC       		.byte	-52
 1586 0619 E1       		.byte	-31
 1587 061a CE       		.byte	-50
 1588 061b 32       		.byte	50
 1589 061c D2       		.byte	-46
 1590 061d 04       		.byte	4
 1591 061e D6       		.byte	-42
 1592 061f 0F       		.byte	15
 1593 0620 D8       		.byte	-40
 1594 0621 06       		.byte	6
 1595 0622 DE       		.byte	-34
 1596 0623 08       		.byte	8
ARM GAS  C:\Users\jmspi\AppData\Local\Temp\ccNLY508.s 			page 29


 1597 0624 00       		.byte	0
 1598 0625 33       		.byte	51
 1599 0626 02       		.byte	2
 1600 0627 0C       		.byte	12
 1601 0628 04       		.byte	4
 1602 0629 40       		.byte	64
 1603 062a 07       		.byte	7
 1604 062b 20       		.byte	32
 1605 062c 09       		.byte	9
 1606 062d 14       		.byte	20
 1607 062e 0C       		.byte	12
 1608 062f 80       		.byte	-128
 1609 0630 10       		.byte	16
 1610 0631 33       		.byte	51
 1611 0632 12       		.byte	18
 1612 0633 04       		.byte	4
 1613 0634 13       		.byte	19
 1614 0635 03       		.byte	3
 1615 0636 14       		.byte	20
 1616 0637 03       		.byte	3
 1617 0638 15       		.byte	21
 1618 0639 09       		.byte	9
 1619 063a 16       		.byte	22
 1620 063b 04       		.byte	4
 1621 063c 17       		.byte	23
 1622 063d 10       		.byte	16
 1623 063e 19       		.byte	25
 1624 063f 80       		.byte	-128
 1625 0640 1B       		.byte	27
 1626 0641 20       		.byte	32
 1627 0642 1C       		.byte	28
 1628 0643 2A       		.byte	42
 1629 0644 1D       		.byte	29
 1630 0645 1C       		.byte	28
 1631 0646 1E       		.byte	30
 1632 0647 04       		.byte	4
 1633 0648 1F       		.byte	31
 1634 0649 62       		.byte	98
 1635 064a 21       		.byte	33
 1636 064b 70       		.byte	112
 1637 064c 23       		.byte	35
 1638 064d 0C       		.byte	12
 1639 064e 25       		.byte	37
 1640 064f 10       		.byte	16
 1641 0650 26       		.byte	38
 1642 0651 15       		.byte	21
 1643 0652 2A       		.byte	42
 1644 0653 08       		.byte	8
 1645 0654 2D       		.byte	45
 1646 0655 6C       		.byte	108
 1647 0656 2F       		.byte	47
 1648 0657 11       		.byte	17
 1649 0658 30       		.byte	48
 1650 0659 0F       		.byte	15
 1651 065a 31       		.byte	49
 1652 065b 1F       		.byte	31
 1653 065c 32       		.byte	50
ARM GAS  C:\Users\jmspi\AppData\Local\Temp\ccNLY508.s 			page 30


 1654 065d 40       		.byte	64
 1655 065e 33       		.byte	51
 1656 065f 20       		.byte	32
 1657 0660 34       		.byte	52
 1658 0661 30       		.byte	48
 1659 0662 35       		.byte	53
 1660 0663 C0       		.byte	-64
 1661 0664 36       		.byte	54
 1662 0665 80       		.byte	-128
 1663 0666 38       		.byte	56
 1664 0667 20       		.byte	32
 1665 0668 39       		.byte	57
 1666 0669 20       		.byte	32
 1667 066a 3A       		.byte	58
 1668 066b 02       		.byte	2
 1669 066c 3E       		.byte	62
 1670 066d 54       		.byte	84
 1671 066e 3F       		.byte	63
 1672 066f 04       		.byte	4
 1673 0670 40       		.byte	64
 1674 0671 12       		.byte	18
 1675 0672 41       		.byte	65
 1676 0673 04       		.byte	4
 1677 0674 45       		.byte	69
 1678 0675 EE       		.byte	-18
 1679 0676 46       		.byte	70
 1680 0677 B0       		.byte	-80
 1681 0678 47       		.byte	71
 1682 0679 0C       		.byte	12
 1683 067a 48       		.byte	72
 1684 067b 1B       		.byte	27
 1685 067c 49       		.byte	73
 1686 067d FF       		.byte	-1
 1687 067e 4A       		.byte	74
 1688 067f FF       		.byte	-1
 1689 0680 4B       		.byte	75
 1690 0681 FF       		.byte	-1
 1691 0682 4E       		.byte	78
 1692 0683 F0       		.byte	-16
 1693 0684 4F       		.byte	79
 1694 0685 44       		.byte	68
 1695 0686 50       		.byte	80
 1696 0687 0C       		.byte	12
 1697 0688 54       		.byte	84
 1698 0689 01       		.byte	1
 1699 068a 58       		.byte	88
 1700 068b 04       		.byte	4
 1701 068c 59       		.byte	89
 1702 068d 04       		.byte	4
 1703 068e 5A       		.byte	90
 1704 068f 04       		.byte	4
 1705 0690 5B       		.byte	91
 1706 0691 04       		.byte	4
 1707 0692 5C       		.byte	92
 1708 0693 11       		.byte	17
 1709 0694 5D       		.byte	93
 1710 0695 11       		.byte	17
ARM GAS  C:\Users\jmspi\AppData\Local\Temp\ccNLY508.s 			page 31


 1711 0696 5F       		.byte	95
 1712 0697 01       		.byte	1
 1713 0698 66       		.byte	102
 1714 0699 C0       		.byte	-64
 1715 069a 6A       		.byte	106
 1716 069b 40       		.byte	64
 1717 069c 6B       		.byte	107
 1718 069d 02       		.byte	2
 1719 069e 82       		.byte	-126
 1720 069f 05       		.byte	5
 1721 06a0 8A       		.byte	-118
 1722 06a1 06       		.byte	6
 1723 06a2 8C       		.byte	-116
 1724 06a3 06       		.byte	6
 1725 06a4 8D       		.byte	-115
 1726 06a5 01       		.byte	1
 1727 06a6 8E       		.byte	-114
 1728 06a7 01       		.byte	1
 1729 06a8 8F       		.byte	-113
 1730 06a9 0E       		.byte	14
 1731 06aa 92       		.byte	-110
 1732 06ab 03       		.byte	3
 1733 06ac 97       		.byte	-105
 1734 06ad 0C       		.byte	12
 1735 06ae 9A       		.byte	-102
 1736 06af 01       		.byte	1
 1737 06b0 9B       		.byte	-101
 1738 06b1 08       		.byte	8
 1739 06b2 9D       		.byte	-99
 1740 06b3 0C       		.byte	12
 1741 06b4 9F       		.byte	-97
 1742 06b5 03       		.byte	3
 1743 06b6 A1       		.byte	-95
 1744 06b7 01       		.byte	1
 1745 06b8 A3       		.byte	-93
 1746 06b9 06       		.byte	6
 1747 06ba A7       		.byte	-89
 1748 06bb 03       		.byte	3
 1749 06bc AA       		.byte	-86
 1750 06bd 02       		.byte	2
 1751 06be B0       		.byte	-80
 1752 06bf 07       		.byte	7
 1753 06c0 B7       		.byte	-73
 1754 06c1 0F       		.byte	15
 1755 06c2 BA       		.byte	-70
 1756 06c3 02       		.byte	2
 1757 06c4 BB       		.byte	-69
 1758 06c5 80       		.byte	-128
 1759 06c6 D8       		.byte	-40
 1760 06c7 04       		.byte	4
 1761 06c8 D9       		.byte	-39
 1762 06c9 04       		.byte	4
 1763 06ca DC       		.byte	-36
 1764 06cb 11       		.byte	17
 1765 06cc DF       		.byte	-33
 1766 06cd 01       		.byte	1
 1767 06ce 01       		.byte	1
ARM GAS  C:\Users\jmspi\AppData\Local\Temp\ccNLY508.s 			page 32


 1768 06cf 0A       		.byte	10
 1769 06d0 02       		.byte	2
 1770 06d1 02       		.byte	2
 1771 06d2 05       		.byte	5
 1772 06d3 02       		.byte	2
 1773 06d4 07       		.byte	7
 1774 06d5 09       		.byte	9
 1775 06d6 09       		.byte	9
 1776 06d7 48       		.byte	72
 1777 06d8 0A       		.byte	10
 1778 06d9 50       		.byte	80
 1779 06da 0C       		.byte	12
 1780 06db 20       		.byte	32
 1781 06dc 0E       		.byte	14
 1782 06dd 40       		.byte	64
 1783 06de 10       		.byte	16
 1784 06df 20       		.byte	32
 1785 06e0 12       		.byte	18
 1786 06e1 08       		.byte	8
 1787 06e2 15       		.byte	21
 1788 06e3 20       		.byte	32
 1789 06e4 16       		.byte	22
 1790 06e5 04       		.byte	4
 1791 06e6 17       		.byte	23
 1792 06e7 20       		.byte	32
 1793 06e8 19       		.byte	25
 1794 06e9 16       		.byte	22
 1795 06ea 1B       		.byte	27
 1796 06eb 40       		.byte	64
 1797 06ec 1E       		.byte	30
 1798 06ed 40       		.byte	64
 1799 06ee 1F       		.byte	31
 1800 06ef 02       		.byte	2
 1801 06f0 20       		.byte	32
 1802 06f1 20       		.byte	32
 1803 06f2 22       		.byte	34
 1804 06f3 03       		.byte	3
 1805 06f4 23       		.byte	35
 1806 06f5 08       		.byte	8
 1807 06f6 25       		.byte	37
 1808 06f7 40       		.byte	64
 1809 06f8 26       		.byte	38
 1810 06f9 80       		.byte	-128
 1811 06fa 27       		.byte	39
 1812 06fb 01       		.byte	1
 1813 06fc 29       		.byte	41
 1814 06fd 02       		.byte	2
 1815 06fe 2A       		.byte	42
 1816 06ff 06       		.byte	6
 1817 0700 2B       		.byte	43
 1818 0701 02       		.byte	2
 1819 0702 2C       		.byte	44
 1820 0703 20       		.byte	32
 1821 0704 2D       		.byte	45
 1822 0705 02       		.byte	2
 1823 0706 2F       		.byte	47
 1824 0707 20       		.byte	32
ARM GAS  C:\Users\jmspi\AppData\Local\Temp\ccNLY508.s 			page 33


 1825 0708 30       		.byte	48
 1826 0709 20       		.byte	32
 1827 070a 32       		.byte	50
 1828 070b 89       		.byte	-119
 1829 070c 36       		.byte	54
 1830 070d 88       		.byte	-120
 1831 070e 37       		.byte	55
 1832 070f 28       		.byte	40
 1833 0710 38       		.byte	56
 1834 0711 28       		.byte	40
 1835 0712 3E       		.byte	62
 1836 0713 40       		.byte	64
 1837 0714 42       		.byte	66
 1838 0715 42       		.byte	66
 1839 0716 43       		.byte	67
 1840 0717 20       		.byte	32
 1841 0718 49       		.byte	73
 1842 0719 09       		.byte	9
 1843 071a 50       		.byte	80
 1844 071b 14       		.byte	20
 1845 071c 51       		.byte	81
 1846 071d 08       		.byte	8
 1847 071e 59       		.byte	89
 1848 071f 85       		.byte	-123
 1849 0720 5A       		.byte	90
 1850 0721 10       		.byte	16
 1851 0722 88       		.byte	-120
 1852 0723 10       		.byte	16
 1853 0724 89       		.byte	-119
 1854 0725 80       		.byte	-128
 1855 0726 8F       		.byte	-113
 1856 0727 40       		.byte	64
 1857 0728 91       		.byte	-111
 1858 0729 20       		.byte	32
 1859 072a 9D       		.byte	-99
 1860 072b 10       		.byte	16
 1861 072c A0       		.byte	-96
 1862 072d 20       		.byte	32
 1863 072e A9       		.byte	-87
 1864 072f 01       		.byte	1
 1865 0730 B5       		.byte	-75
 1866 0731 02       		.byte	2
 1867 0732 B7       		.byte	-73
 1868 0733 20       		.byte	32
 1869 0734 C0       		.byte	-64
 1870 0735 DD       		.byte	-35
 1871 0736 C2       		.byte	-62
 1872 0737 5D       		.byte	93
 1873 0738 C4       		.byte	-60
 1874 0739 46       		.byte	70
 1875 073a CA       		.byte	-54
 1876 073b CB       		.byte	-53
 1877 073c CC       		.byte	-52
 1878 073d 7F       		.byte	127
 1879 073e CE       		.byte	-50
 1880 073f 16       		.byte	22
 1881 0740 D0       		.byte	-48
ARM GAS  C:\Users\jmspi\AppData\Local\Temp\ccNLY508.s 			page 34


 1882 0741 0D       		.byte	13
 1883 0742 D6       		.byte	-42
 1884 0743 0F       		.byte	15
 1885 0744 32       		.byte	50
 1886 0745 40       		.byte	64
 1887 0746 33       		.byte	51
 1888 0747 08       		.byte	8
 1889 0748 35       		.byte	53
 1890 0749 80       		.byte	-128
 1891 074a CC       		.byte	-52
 1892 074b 70       		.byte	112
 1893 074c 87       		.byte	-121
 1894 074d 08       		.byte	8
 1895 074e 96       		.byte	-106
 1896 074f 80       		.byte	-128
 1897 0750 9D       		.byte	-99
 1898 0751 80       		.byte	-128
 1899 0752 A7       		.byte	-89
 1900 0753 08       		.byte	8
 1901 0754 E6       		.byte	-26
 1902 0755 40       		.byte	64
 1903 0756 03       		.byte	3
 1904 0757 20       		.byte	32
 1905 0758 05       		.byte	5
 1906 0759 01       		.byte	1
 1907 075a 82       		.byte	-126
 1908 075b 40       		.byte	64
 1909 075c 96       		.byte	-106
 1910 075d 80       		.byte	-128
 1911 075e 9D       		.byte	-99
 1912 075f 80       		.byte	-128
 1913 0760 A7       		.byte	-89
 1914 0761 20       		.byte	32
 1915 0762 B7       		.byte	-73
 1916 0763 20       		.byte	32
 1917 0764 C0       		.byte	-64
 1918 0765 30       		.byte	48
 1919 0766 E6       		.byte	-26
 1920 0767 80       		.byte	-128
 1921 0768 99       		.byte	-103
 1922 0769 01       		.byte	1
 1923 076a 9D       		.byte	-99
 1924 076b 80       		.byte	-128
 1925 076c 07       		.byte	7
 1926 076d 40       		.byte	64
 1927 076e 59       		.byte	89
 1928 076f 08       		.byte	8
 1929 0770 5D       		.byte	93
 1930 0771 80       		.byte	-128
 1931 0772 65       		.byte	101
 1932 0773 01       		.byte	1
 1933 0774 81       		.byte	-127
 1934 0775 08       		.byte	8
 1935 0776 C0       		.byte	-64
 1936 0777 04       		.byte	4
 1937 0778 D6       		.byte	-42
 1938 0779 06       		.byte	6
ARM GAS  C:\Users\jmspi\AppData\Local\Temp\ccNLY508.s 			page 35


 1939 077a D8       		.byte	-40
 1940 077b 01       		.byte	1
 1941 077c 88       		.byte	-120
 1942 077d 80       		.byte	-128
 1943 077e 8A       		.byte	-118
 1944 077f 04       		.byte	4
 1945 0780 8D       		.byte	-115
 1946 0781 80       		.byte	-128
 1947 0782 9D       		.byte	-99
 1948 0783 80       		.byte	-128
 1949 0784 A9       		.byte	-87
 1950 0785 01       		.byte	1
 1951 0786 AB       		.byte	-85
 1952 0787 40       		.byte	64
 1953 0788 E0       		.byte	-32
 1954 0789 04       		.byte	4
 1955 078a E4       		.byte	-28
 1956 078b 02       		.byte	2
 1957 078c E6       		.byte	-26
 1958 078d 04       		.byte	4
 1959 078e 96       		.byte	-106
 1960 078f 04       		.byte	4
 1961 0790 98       		.byte	-104
 1962 0791 80       		.byte	-128
 1963 0792 99       		.byte	-103
 1964 0793 01       		.byte	1
 1965 0794 9D       		.byte	-99
 1966 0795 80       		.byte	-128
 1967 0796 19       		.byte	25
 1968 0797 80       		.byte	-128
 1969 0798 9D       		.byte	-99
 1970 0799 80       		.byte	-128
 1971 079a A9       		.byte	-87
 1972 079b 01       		.byte	1
 1973 079c C6       		.byte	-58
 1974 079d 40       		.byte	64
 1975 079e E8       		.byte	-24
 1976 079f 20       		.byte	32
 1977 07a0 0E       		.byte	14
 1978 07a1 04       		.byte	4
 1979 07a2 60       		.byte	96
 1980 07a3 80       		.byte	-128
 1981 07a4 96       		.byte	-106
 1982 07a5 04       		.byte	4
 1983 07a6 98       		.byte	-104
 1984 07a7 80       		.byte	-128
 1985 07a8 C2       		.byte	-62
 1986 07a9 01       		.byte	1
 1987 07aa D8       		.byte	-40
 1988 07ab 02       		.byte	2
 1989 07ac 77       		.byte	119
 1990 07ad 10       		.byte	16
 1991 07ae 8F       		.byte	-113
 1992 07af 10       		.byte	16
 1993 07b0 DE       		.byte	-34
 1994 07b1 04       		.byte	4
 1995 07b2 E4       		.byte	-28
ARM GAS  C:\Users\jmspi\AppData\Local\Temp\ccNLY508.s 			page 36


 1996 07b3 02       		.byte	2
 1997 07b4 00       		.byte	0
 1998 07b5 05       		.byte	5
 1999 07b6 01       		.byte	1
 2000 07b7 01       		.byte	1
 2001 07b8 0C       		.byte	12
 2002 07b9 04       		.byte	4
 2003 07ba 0D       		.byte	13
 2004 07bb 01       		.byte	1
 2005 07bc 0E       		.byte	14
 2006 07bd 05       		.byte	5
 2007 07be 0F       		.byte	15
 2008 07bf 01       		.byte	1
 2009 07c0 10       		.byte	16
 2010 07c1 02       		.byte	2
 2011 07c2 11       		.byte	17
 2012 07c3 01       		.byte	1
 2013 07c4 1C       		.byte	28
 2014 07c5 02       		.byte	2
 2015 07c6 1D       		.byte	29
 2016 07c7 01       		.byte	1
 2017 07c8 00       		.byte	0
 2018 07c9 3F       		.byte	63
 2019 07ca 00       		.byte	0
 2020 07cb 00       		.byte	0
 2021 07cc 07       		.byte	7
 2022 07cd 00       		.byte	0
 2023 07ce 00       		.byte	0
 2024 07cf 00       		.byte	0
 2025 07d0 0C       		.byte	12
 2026 07d1 00       		.byte	0
 2027 07d2 02       		.byte	2
 2028 07d3 01       		.byte	1
 2029 07d4 00       		.byte	0
 2030 07d5 C5       		.byte	-59
 2031 07d6 00       		.byte	0
 2032 07d7 3A       		.byte	58
 2033 07d8 0B       		.byte	11
 2034 07d9 FE       		.byte	-2
 2035 07da 04       		.byte	4
 2036 07db 01       		.byte	1
 2037 07dc 20       		.byte	32
 2038 07dd 00       		.byte	0
 2039 07de 00       		.byte	0
 2040 07df 00       		.byte	0
 2041 07e0 0C       		.byte	12
 2042 07e1 96       		.byte	-106
 2043 07e2 01       		.byte	1
 2044 07e3 68       		.byte	104
 2045 07e4 00       		.byte	0
 2046 07e5 0E       		.byte	14
 2047 07e6 60       		.byte	96
 2048 07e7 F0       		.byte	-16
 2049 07e8 00       		.byte	0
 2050 07e9 00       		.byte	0
 2051 07ea 00       		.byte	0
 2052 07eb 00       		.byte	0
ARM GAS  C:\Users\jmspi\AppData\Local\Temp\ccNLY508.s 			page 37


 2053 07ec 00       		.byte	0
 2054 07ed 7F       		.byte	127
 2055 07ee 10       		.byte	16
 2056 07ef 00       		.byte	0
 2057 07f0 00       		.byte	0
 2058 07f1 00       		.byte	0
 2059 07f2 0F       		.byte	15
 2060 07f3 00       		.byte	0
 2061 07f4 08       		.byte	8
 2062 07f5 A3       		.byte	-93
 2063 07f6 01       		.byte	1
 2064 07f7 5C       		.byte	92
 2065 07f8 00       		.byte	0
 2066 07f9 00       		.byte	0
 2067 07fa 20       		.byte	32
 2068 07fb 00       		.byte	0
 2069 07fc 40       		.byte	64
 2070 07fd FF       		.byte	-1
 2071 07fe 0F       		.byte	15
 2072 07ff 00       		.byte	0
 2073 0800 20       		.byte	32
 2074 0801 00       		.byte	0
 2075 0802 10       		.byte	16
 2076 0803 00       		.byte	0
 2077 0804 00       		.byte	0
 2078 0805 00       		.byte	0
 2079 0806 00       		.byte	0
 2080 0807 00       		.byte	0
 2081 0808 00       		.byte	0
 2082 0809 00       		.byte	0
 2083 080a 10       		.byte	16
 2084 080b 01       		.byte	1
 2085 080c 65       		.byte	101
 2086 080d 02       		.byte	2
 2087 080e 00       		.byte	0
 2088 080f 00       		.byte	0
 2089 0810 00       		.byte	0
 2090 0811 4E       		.byte	78
 2091 0812 C0       		.byte	-64
 2092 0813 23       		.byte	35
 2093 0814 3B       		.byte	59
 2094 0815 FF       		.byte	-1
 2095 0816 FF       		.byte	-1
 2096 0817 FF       		.byte	-1
 2097 0818 00       		.byte	0
 2098 0819 AF       		.byte	-81
 2099 081a 07       		.byte	7
 2100 081b 01       		.byte	1
 2101 081c 18       		.byte	24
 2102 081d 00       		.byte	0
 2103 081e 80       		.byte	-128
 2104 081f 00       		.byte	0
 2105 0820 00       		.byte	0
 2106 0821 00       		.byte	0
 2107 0822 00       		.byte	0
 2108 0823 00       		.byte	0
 2109 0824 04       		.byte	4
ARM GAS  C:\Users\jmspi\AppData\Local\Temp\ccNLY508.s 			page 38


 2110 0825 04       		.byte	4
 2111 0826 04       		.byte	4
 2112 0827 04       		.byte	4
 2113 0828 09       		.byte	9
 2114 0829 99       		.byte	-103
 2115 082a 00       		.byte	0
 2116 082b 01       		.byte	1
 2117 082c 40       		.byte	64
 2118 082d 00       		.byte	0
 2119 082e 80       		.byte	-128
 2120 082f 00       		.byte	0
 2121 0830 40       		.byte	64
 2122 0831 40       		.byte	64
 2123 0832 80       		.byte	-128
 2124 0833 00       		.byte	0
 2125 0834 40       		.byte	64
 2126 0835 00       		.byte	0
 2127 0836 80       		.byte	-128
 2128 0837 00       		.byte	0
 2129 0838 40       		.byte	64
 2130 0839 20       		.byte	32
 2131 083a 80       		.byte	-128
 2132 083b 00       		.byte	0
 2133 083c 00       		.byte	0
 2134 083d 00       		.byte	0
 2135 083e 00       		.byte	0
 2136 083f 00       		.byte	0
 2137 0840 00       		.byte	0
 2138 0841 00       		.byte	0
 2139 0842 00       		.byte	0
 2140 0843 00       		.byte	0
 2141 0844 00       		.byte	0
 2142 0845 00       		.byte	0
 2143 0846 00       		.byte	0
 2144 0847 00       		.byte	0
 2145 0848 00       		.byte	0
 2146 0849 00       		.byte	0
 2147 084a 00       		.byte	0
 2148 084b 00       		.byte	0
 2149 084c 0C       		.byte	12
 2150 084d 80       		.byte	-128
 2151 084e 80       		.byte	-128
 2152 084f 00       		.byte	0
 2153 0850 80       		.byte	-128
 2154 0851 00       		.byte	0
 2155 0852 00       		.byte	0
 2156 0853 00       		.byte	0
 2157 0854 C0       		.byte	-64
 2158 0855 CB       		.byte	-53
 2159 0856 0B       		.byte	11
 2160 0857 00       		.byte	0
 2161 0858 40       		.byte	64
 2162 0859 00       		.byte	0
 2163 085a 00       		.byte	0
 2164 085b 00       		.byte	0
 2165 085c 03       		.byte	3
 2166 085d 63       		.byte	99
ARM GAS  C:\Users\jmspi\AppData\Local\Temp\ccNLY508.s 			page 39


 2167 085e 60       		.byte	96
 2168 085f 00       		.byte	0
 2169 0860 61       		.byte	97
 2170 0861 00       		.byte	0
 2171 0862 00       		.byte	0
 2172 0863 00       		.byte	0
 2173              		.global	cy_meta_custnvl
 2174              		.section	.cycustnvl,"a",%progbits
 2175              		.align	2
 2176              		.type	cy_meta_custnvl, %object
 2177              		.size	cy_meta_custnvl, 4
 2178              	cy_meta_custnvl:
 2179 0000 00       		.byte	0
 2180 0001 00       		.byte	0
 2181 0002 40       		.byte	64
 2182 0003 05       		.byte	5
 2183              		.global	cy_meta_wonvl
 2184              		.section	.cywolatch,"a",%progbits
 2185              		.align	2
 2186              		.type	cy_meta_wonvl, %object
 2187              		.size	cy_meta_wonvl, 4
 2188              	cy_meta_wonvl:
 2189 0000 BC       		.byte	-68
 2190 0001 90       		.byte	-112
 2191 0002 AC       		.byte	-84
 2192 0003 AF       		.byte	-81
 2193              		.global	cy_meta_flashprotect
 2194              		.section	.cyflashprotect,"a",%progbits
 2195              		.align	2
 2196              		.type	cy_meta_flashprotect, %object
 2197              		.size	cy_meta_flashprotect, 256
 2198              	cy_meta_flashprotect:
 2199 0000 00000000 		.space	256
 2199      00000000 
 2199      00000000 
 2199      00000000 
 2199      00000000 
 2200              		.global	cy_metadata
 2201              		.section	.cymeta,"a",%progbits
 2202              		.align	2
 2203              		.type	cy_metadata, %object
 2204              		.size	cy_metadata, 12
 2205              	cy_metadata:
 2206 0000 00       		.byte	0
 2207 0001 01       		.byte	1
 2208 0002 2E       		.byte	46
 2209 0003 16       		.byte	22
 2210 0004 10       		.byte	16
 2211 0005 69       		.byte	105
 2212 0006 00       		.byte	0
 2213 0007 01       		.byte	1
 2214 0008 00       		.byte	0
 2215 0009 00       		.byte	0
 2216 000a 00       		.byte	0
 2217 000b 00       		.byte	0
 2218              		.text
 2219              	.Letext0:
ARM GAS  C:\Users\jmspi\AppData\Local\Temp\ccNLY508.s 			page 40


 2220              		.file 1 "c:\\program files (x86)\\cypress\\psoc creator\\4.4\\psoc creator\\import\\gnu\\arm\\5.4.
 2221              		.file 2 "c:\\program files (x86)\\cypress\\psoc creator\\4.4\\psoc creator\\import\\gnu\\arm\\5.4.
 2222              		.file 3 "Generated_Source\\PSoC5\\cymetadata.c"
 2223              		.section	.debug_info,"",%progbits
 2224              	.Ldebug_info0:
 2225 0000 35010000 		.4byte	0x135
 2226 0004 0400     		.2byte	0x4
 2227 0006 00000000 		.4byte	.Ldebug_abbrev0
 2228 000a 04       		.byte	0x4
 2229 000b 01       		.uleb128 0x1
 2230 000c 0A000000 		.4byte	.LASF17
 2231 0010 0C       		.byte	0xc
 2232 0011 DF010000 		.4byte	.LASF18
 2233 0015 25010000 		.4byte	.LASF19
 2234 0019 00000000 		.4byte	.Ldebug_line0
 2235 001d 02       		.uleb128 0x2
 2236 001e 01       		.byte	0x1
 2237 001f 06       		.byte	0x6
 2238 0020 D3010000 		.4byte	.LASF0
 2239 0024 03       		.uleb128 0x3
 2240 0025 00000000 		.4byte	.LASF9
 2241 0029 01       		.byte	0x1
 2242 002a 1D       		.byte	0x1d
 2243 002b 2F000000 		.4byte	0x2f
 2244 002f 02       		.uleb128 0x2
 2245 0030 01       		.byte	0x1
 2246 0031 08       		.byte	0x8
 2247 0032 A4000000 		.4byte	.LASF1
 2248 0036 02       		.uleb128 0x2
 2249 0037 02       		.byte	0x2
 2250 0038 05       		.byte	0x5
 2251 0039 C0010000 		.4byte	.LASF2
 2252 003d 02       		.uleb128 0x2
 2253 003e 02       		.byte	0x2
 2254 003f 07       		.byte	0x7
 2255 0040 C4000000 		.4byte	.LASF3
 2256 0044 02       		.uleb128 0x2
 2257 0045 04       		.byte	0x4
 2258 0046 05       		.byte	0x5
 2259 0047 CA010000 		.4byte	.LASF4
 2260 004b 02       		.uleb128 0x2
 2261 004c 04       		.byte	0x4
 2262 004d 07       		.byte	0x7
 2263 004e B2000000 		.4byte	.LASF5
 2264 0052 02       		.uleb128 0x2
 2265 0053 08       		.byte	0x8
 2266 0054 05       		.byte	0x5
 2267 0055 B2010000 		.4byte	.LASF6
 2268 0059 02       		.uleb128 0x2
 2269 005a 08       		.byte	0x8
 2270 005b 07       		.byte	0x7
 2271 005c 06010000 		.4byte	.LASF7
 2272 0060 04       		.uleb128 0x4
 2273 0061 04       		.byte	0x4
 2274 0062 05       		.byte	0x5
 2275 0063 696E7400 		.ascii	"int\000"
 2276 0067 02       		.uleb128 0x2
ARM GAS  C:\Users\jmspi\AppData\Local\Temp\ccNLY508.s 			page 41


 2277 0068 04       		.byte	0x4
 2278 0069 07       		.byte	0x7
 2279 006a F9000000 		.4byte	.LASF8
 2280 006e 03       		.uleb128 0x3
 2281 006f 1D010000 		.4byte	.LASF10
 2282 0073 02       		.byte	0x2
 2283 0074 18       		.byte	0x18
 2284 0075 24000000 		.4byte	0x24
 2285 0079 05       		.uleb128 0x5
 2286 007a 91000000 		.4byte	0x91
 2287 007e 8A000000 		.4byte	0x8a
 2288 0082 06       		.uleb128 0x6
 2289 0083 8A000000 		.4byte	0x8a
 2290 0087 6308     		.2byte	0x863
 2291 0089 00       		.byte	0
 2292 008a 02       		.uleb128 0x2
 2293 008b 04       		.byte	0x4
 2294 008c 07       		.byte	0x7
 2295 008d A9010000 		.4byte	.LASF11
 2296 0091 07       		.uleb128 0x7
 2297 0092 6E000000 		.4byte	0x6e
 2298 0096 08       		.uleb128 0x8
 2299 0097 E7000000 		.4byte	.LASF12
 2300 009b 03       		.byte	0x3
 2301 009c 1F       		.byte	0x1f
 2302 009d A7000000 		.4byte	0xa7
 2303 00a1 05       		.uleb128 0x5
 2304 00a2 03       		.byte	0x3
 2305 00a3 00000000 		.4byte	cy_meta_configecc
 2306 00a7 07       		.uleb128 0x7
 2307 00a8 79000000 		.4byte	0x79
 2308 00ac 05       		.uleb128 0x5
 2309 00ad 91000000 		.4byte	0x91
 2310 00b1 BC000000 		.4byte	0xbc
 2311 00b5 09       		.uleb128 0x9
 2312 00b6 8A000000 		.4byte	0x8a
 2313 00ba 03       		.byte	0x3
 2314 00bb 00       		.byte	0
 2315 00bc 0A       		.uleb128 0xa
 2316 00bd D7000000 		.4byte	.LASF13
 2317 00c1 03       		.byte	0x3
 2318 00c2 3901     		.2byte	0x139
 2319 00c4 CE000000 		.4byte	0xce
 2320 00c8 05       		.uleb128 0x5
 2321 00c9 03       		.byte	0x3
 2322 00ca 00000000 		.4byte	cy_meta_custnvl
 2323 00ce 07       		.uleb128 0x7
 2324 00cf AC000000 		.4byte	0xac
 2325 00d3 0A       		.uleb128 0xa
 2326 00d4 9B010000 		.4byte	.LASF14
 2327 00d8 03       		.byte	0x3
 2328 00d9 4701     		.2byte	0x147
 2329 00db E5000000 		.4byte	0xe5
 2330 00df 05       		.uleb128 0x5
 2331 00e0 03       		.byte	0x3
 2332 00e1 00000000 		.4byte	cy_meta_wonvl
 2333 00e5 07       		.uleb128 0x7
ARM GAS  C:\Users\jmspi\AppData\Local\Temp\ccNLY508.s 			page 42


 2334 00e6 AC000000 		.4byte	0xac
 2335 00ea 05       		.uleb128 0x5
 2336 00eb 91000000 		.4byte	0x91
 2337 00ef FA000000 		.4byte	0xfa
 2338 00f3 09       		.uleb128 0x9
 2339 00f4 8A000000 		.4byte	0x8a
 2340 00f8 FF       		.byte	0xff
 2341 00f9 00       		.byte	0
 2342 00fa 0A       		.uleb128 0xa
 2343 00fb 86010000 		.4byte	.LASF15
 2344 00ff 03       		.byte	0x3
 2345 0100 5501     		.2byte	0x155
 2346 0102 0C010000 		.4byte	0x10c
 2347 0106 05       		.uleb128 0x5
 2348 0107 03       		.byte	0x3
 2349 0108 00000000 		.4byte	cy_meta_flashprotect
 2350 010c 07       		.uleb128 0x7
 2351 010d EA000000 		.4byte	0xea
 2352 0111 05       		.uleb128 0x5
 2353 0112 91000000 		.4byte	0x91
 2354 0116 21010000 		.4byte	0x121
 2355 011a 09       		.uleb128 0x9
 2356 011b 8A000000 		.4byte	0x8a
 2357 011f 0B       		.byte	0xb
 2358 0120 00       		.byte	0
 2359 0121 0A       		.uleb128 0xa
 2360 0122 98000000 		.4byte	.LASF16
 2361 0126 03       		.byte	0x3
 2362 0127 8201     		.2byte	0x182
 2363 0129 33010000 		.4byte	0x133
 2364 012d 05       		.uleb128 0x5
 2365 012e 03       		.byte	0x3
 2366 012f 00000000 		.4byte	cy_metadata
 2367 0133 07       		.uleb128 0x7
 2368 0134 11010000 		.4byte	0x111
 2369 0138 00       		.byte	0
 2370              		.section	.debug_abbrev,"",%progbits
 2371              	.Ldebug_abbrev0:
 2372 0000 01       		.uleb128 0x1
 2373 0001 11       		.uleb128 0x11
 2374 0002 01       		.byte	0x1
 2375 0003 25       		.uleb128 0x25
 2376 0004 0E       		.uleb128 0xe
 2377 0005 13       		.uleb128 0x13
 2378 0006 0B       		.uleb128 0xb
 2379 0007 03       		.uleb128 0x3
 2380 0008 0E       		.uleb128 0xe
 2381 0009 1B       		.uleb128 0x1b
 2382 000a 0E       		.uleb128 0xe
 2383 000b 10       		.uleb128 0x10
 2384 000c 17       		.uleb128 0x17
 2385 000d 00       		.byte	0
 2386 000e 00       		.byte	0
 2387 000f 02       		.uleb128 0x2
 2388 0010 24       		.uleb128 0x24
 2389 0011 00       		.byte	0
 2390 0012 0B       		.uleb128 0xb
ARM GAS  C:\Users\jmspi\AppData\Local\Temp\ccNLY508.s 			page 43


 2391 0013 0B       		.uleb128 0xb
 2392 0014 3E       		.uleb128 0x3e
 2393 0015 0B       		.uleb128 0xb
 2394 0016 03       		.uleb128 0x3
 2395 0017 0E       		.uleb128 0xe
 2396 0018 00       		.byte	0
 2397 0019 00       		.byte	0
 2398 001a 03       		.uleb128 0x3
 2399 001b 16       		.uleb128 0x16
 2400 001c 00       		.byte	0
 2401 001d 03       		.uleb128 0x3
 2402 001e 0E       		.uleb128 0xe
 2403 001f 3A       		.uleb128 0x3a
 2404 0020 0B       		.uleb128 0xb
 2405 0021 3B       		.uleb128 0x3b
 2406 0022 0B       		.uleb128 0xb
 2407 0023 49       		.uleb128 0x49
 2408 0024 13       		.uleb128 0x13
 2409 0025 00       		.byte	0
 2410 0026 00       		.byte	0
 2411 0027 04       		.uleb128 0x4
 2412 0028 24       		.uleb128 0x24
 2413 0029 00       		.byte	0
 2414 002a 0B       		.uleb128 0xb
 2415 002b 0B       		.uleb128 0xb
 2416 002c 3E       		.uleb128 0x3e
 2417 002d 0B       		.uleb128 0xb
 2418 002e 03       		.uleb128 0x3
 2419 002f 08       		.uleb128 0x8
 2420 0030 00       		.byte	0
 2421 0031 00       		.byte	0
 2422 0032 05       		.uleb128 0x5
 2423 0033 01       		.uleb128 0x1
 2424 0034 01       		.byte	0x1
 2425 0035 49       		.uleb128 0x49
 2426 0036 13       		.uleb128 0x13
 2427 0037 01       		.uleb128 0x1
 2428 0038 13       		.uleb128 0x13
 2429 0039 00       		.byte	0
 2430 003a 00       		.byte	0
 2431 003b 06       		.uleb128 0x6
 2432 003c 21       		.uleb128 0x21
 2433 003d 00       		.byte	0
 2434 003e 49       		.uleb128 0x49
 2435 003f 13       		.uleb128 0x13
 2436 0040 2F       		.uleb128 0x2f
 2437 0041 05       		.uleb128 0x5
 2438 0042 00       		.byte	0
 2439 0043 00       		.byte	0
 2440 0044 07       		.uleb128 0x7
 2441 0045 26       		.uleb128 0x26
 2442 0046 00       		.byte	0
 2443 0047 49       		.uleb128 0x49
 2444 0048 13       		.uleb128 0x13
 2445 0049 00       		.byte	0
 2446 004a 00       		.byte	0
 2447 004b 08       		.uleb128 0x8
ARM GAS  C:\Users\jmspi\AppData\Local\Temp\ccNLY508.s 			page 44


 2448 004c 34       		.uleb128 0x34
 2449 004d 00       		.byte	0
 2450 004e 03       		.uleb128 0x3
 2451 004f 0E       		.uleb128 0xe
 2452 0050 3A       		.uleb128 0x3a
 2453 0051 0B       		.uleb128 0xb
 2454 0052 3B       		.uleb128 0x3b
 2455 0053 0B       		.uleb128 0xb
 2456 0054 49       		.uleb128 0x49
 2457 0055 13       		.uleb128 0x13
 2458 0056 3F       		.uleb128 0x3f
 2459 0057 19       		.uleb128 0x19
 2460 0058 02       		.uleb128 0x2
 2461 0059 18       		.uleb128 0x18
 2462 005a 00       		.byte	0
 2463 005b 00       		.byte	0
 2464 005c 09       		.uleb128 0x9
 2465 005d 21       		.uleb128 0x21
 2466 005e 00       		.byte	0
 2467 005f 49       		.uleb128 0x49
 2468 0060 13       		.uleb128 0x13
 2469 0061 2F       		.uleb128 0x2f
 2470 0062 0B       		.uleb128 0xb
 2471 0063 00       		.byte	0
 2472 0064 00       		.byte	0
 2473 0065 0A       		.uleb128 0xa
 2474 0066 34       		.uleb128 0x34
 2475 0067 00       		.byte	0
 2476 0068 03       		.uleb128 0x3
 2477 0069 0E       		.uleb128 0xe
 2478 006a 3A       		.uleb128 0x3a
 2479 006b 0B       		.uleb128 0xb
 2480 006c 3B       		.uleb128 0x3b
 2481 006d 05       		.uleb128 0x5
 2482 006e 49       		.uleb128 0x49
 2483 006f 13       		.uleb128 0x13
 2484 0070 3F       		.uleb128 0x3f
 2485 0071 19       		.uleb128 0x19
 2486 0072 02       		.uleb128 0x2
 2487 0073 18       		.uleb128 0x18
 2488 0074 00       		.byte	0
 2489 0075 00       		.byte	0
 2490 0076 00       		.byte	0
 2491              		.section	.debug_aranges,"",%progbits
 2492 0000 14000000 		.4byte	0x14
 2493 0004 0200     		.2byte	0x2
 2494 0006 00000000 		.4byte	.Ldebug_info0
 2495 000a 04       		.byte	0x4
 2496 000b 00       		.byte	0
 2497 000c 0000     		.2byte	0
 2498 000e 0000     		.2byte	0
 2499 0010 00000000 		.4byte	0
 2500 0014 00000000 		.4byte	0
 2501              		.section	.debug_line,"",%progbits
 2502              	.Ldebug_line0:
 2503 0000 3D010000 		.section	.debug_str,"MS",%progbits,1
 2503      02003701 
ARM GAS  C:\Users\jmspi\AppData\Local\Temp\ccNLY508.s 			page 45


 2503      00000201 
 2503      FB0E0D00 
 2503      01010101 
 2504              	.LASF9:
 2505 0000 5F5F7569 		.ascii	"__uint8_t\000"
 2505      6E74385F 
 2505      7400
 2506              	.LASF17:
 2507 000a 474E5520 		.ascii	"GNU C11 5.4.1 20160609 (release) [ARM/embedded-5-br"
 2507      43313120 
 2507      352E342E 
 2507      31203230 
 2507      31363036 
 2508 003d 616E6368 		.ascii	"anch revision 237715] -mcpu=cortex-m3 -mthumb -g -O"
 2508      20726576 
 2508      6973696F 
 2508      6E203233 
 2508      37373135 
 2509 0070 30202D66 		.ascii	"0 -ffunction-sections -ffat-lto-objects\000"
 2509      66756E63 
 2509      74696F6E 
 2509      2D736563 
 2509      74696F6E 
 2510              	.LASF16:
 2511 0098 63795F6D 		.ascii	"cy_metadata\000"
 2511      65746164 
 2511      61746100 
 2512              	.LASF1:
 2513 00a4 756E7369 		.ascii	"unsigned char\000"
 2513      676E6564 
 2513      20636861 
 2513      7200
 2514              	.LASF5:
 2515 00b2 6C6F6E67 		.ascii	"long unsigned int\000"
 2515      20756E73 
 2515      69676E65 
 2515      6420696E 
 2515      7400
 2516              	.LASF3:
 2517 00c4 73686F72 		.ascii	"short unsigned int\000"
 2517      7420756E 
 2517      7369676E 
 2517      65642069 
 2517      6E7400
 2518              	.LASF13:
 2519 00d7 63795F6D 		.ascii	"cy_meta_custnvl\000"
 2519      6574615F 
 2519      63757374 
 2519      6E766C00 
 2520              	.LASF12:
 2521 00e7 63795F6D 		.ascii	"cy_meta_configecc\000"
 2521      6574615F 
 2521      636F6E66 
 2521      69676563 
 2521      6300
 2522              	.LASF8:
 2523 00f9 756E7369 		.ascii	"unsigned int\000"
ARM GAS  C:\Users\jmspi\AppData\Local\Temp\ccNLY508.s 			page 46


 2523      676E6564 
 2523      20696E74 
 2523      00
 2524              	.LASF7:
 2525 0106 6C6F6E67 		.ascii	"long long unsigned int\000"
 2525      206C6F6E 
 2525      6720756E 
 2525      7369676E 
 2525      65642069 
 2526              	.LASF10:
 2527 011d 75696E74 		.ascii	"uint8_t\000"
 2527      385F7400 
 2528              	.LASF19:
 2529 0125 433A5C55 		.ascii	"C:\\Users\\jmspi\\OneDrive\\Desktop\\Uni\\5th year\\"
 2529      73657273 
 2529      5C6A6D73 
 2529      70695C4F 
 2529      6E654472 
 2530 0152 53656D32 		.ascii	"Sem2\\ECE4191\\Lab 3\\ECE4191-main\\DeliveryRobot.c"
 2530      5C454345 
 2530      34313931 
 2530      5C4C6162 
 2530      20335C45 
 2531 0181 7964736E 		.ascii	"ydsn\000"
 2531      00
 2532              	.LASF15:
 2533 0186 63795F6D 		.ascii	"cy_meta_flashprotect\000"
 2533      6574615F 
 2533      666C6173 
 2533      6870726F 
 2533      74656374 
 2534              	.LASF14:
 2535 019b 63795F6D 		.ascii	"cy_meta_wonvl\000"
 2535      6574615F 
 2535      776F6E76 
 2535      6C00
 2536              	.LASF11:
 2537 01a9 73697A65 		.ascii	"sizetype\000"
 2537      74797065 
 2537      00
 2538              	.LASF6:
 2539 01b2 6C6F6E67 		.ascii	"long long int\000"
 2539      206C6F6E 
 2539      6720696E 
 2539      7400
 2540              	.LASF2:
 2541 01c0 73686F72 		.ascii	"short int\000"
 2541      7420696E 
 2541      7400
 2542              	.LASF4:
 2543 01ca 6C6F6E67 		.ascii	"long int\000"
 2543      20696E74 
 2543      00
 2544              	.LASF0:
 2545 01d3 7369676E 		.ascii	"signed char\000"
 2545      65642063 
 2545      68617200 
ARM GAS  C:\Users\jmspi\AppData\Local\Temp\ccNLY508.s 			page 47


 2546              	.LASF18:
 2547 01df 47656E65 		.ascii	"Generated_Source\\PSoC5\\cymetadata.c\000"
 2547      72617465 
 2547      645F536F 
 2547      75726365 
 2547      5C50536F 
 2548              		.ident	"GCC: (GNU Tools for ARM Embedded Processors) 5.4.1 20160609 (release) [ARM/embedded-5-bran
