ARM GAS  C:\Users\cyu13\AppData\Local\Temp\ccpjtdWh.s 			page 1


   1              		.syntax unified
   2              		.cpu cortex-m3
   3              		.fpu softvfp
   4              		.eabi_attribute 20, 1
   5              		.eabi_attribute 21, 1
   6              		.eabi_attribute 23, 3
   7              		.eabi_attribute 24, 1
   8              		.eabi_attribute 25, 1
   9              		.eabi_attribute 26, 1
  10              		.eabi_attribute 30, 6
  11              		.eabi_attribute 34, 1
  12              		.eabi_attribute 18, 4
  13              		.thumb
  14              		.syntax unified
  15              		.file	"helper.c"
  16              		.text
  17              	.Ltext0:
  18              		.cfi_sections	.debug_frame
  19              		.global	__aeabi_ddiv
  20              		.global	__aeabi_dmul
  21              		.global	__aeabi_dsub
  22              		.section	.text.calculate_angle_modulo,"ax",%progbits
  23              		.align	2
  24              		.global	calculate_angle_modulo
  25              		.thumb
  26              		.thumb_func
  27              		.type	calculate_angle_modulo, %function
  28              	calculate_angle_modulo:
  29              	.LFB0:
  30              		.file 1 "..\\Helper\\helper.c"
   1:..\Helper/helper.c **** /*
   2:..\Helper/helper.c **** ** Helper Functions
   3:..\Helper/helper.c **** **
   4:..\Helper/helper.c **** ** Host all generic helper functions
   5:..\Helper/helper.c **** */
   6:..\Helper/helper.c **** 
   7:..\Helper/helper.c **** /*===========================================================================*/
   8:..\Helper/helper.c **** #include <stdlib.h>
   9:..\Helper/helper.c **** #include <math.h>
  10:..\Helper/helper.c **** #include "helper.h"
  11:..\Helper/helper.c **** 
  12:..\Helper/helper.c **** long double calculate_angle_modulo(long double angle) {
  31              		.loc 1 12 0
  32              		.cfi_startproc
  33              		@ args = 0, pretend = 0, frame = 8
  34              		@ frame_needed = 1, uses_anonymous_args = 0
  35 0000 90B5     		push	{r4, r7, lr}
  36              		.cfi_def_cfa_offset 12
  37              		.cfi_offset 4, -12
  38              		.cfi_offset 7, -8
  39              		.cfi_offset 14, -4
  40 0002 83B0     		sub	sp, sp, #12
  41              		.cfi_def_cfa_offset 24
  42 0004 00AF     		add	r7, sp, #0
  43              		.cfi_def_cfa_register 7
  44 0006 C7E90001 		strd	r0, [r7]
  13:..\Helper/helper.c ****     return angle - M_TWOPI * floor(angle / M_TWOPI);  
ARM GAS  C:\Users\cyu13\AppData\Local\Temp\ccpjtdWh.s 			page 2


  45              		.loc 1 13 0
  46 000a 11A3     		adr	r3, .L3
  47 000c D3E90023 		ldrd	r2, [r3]
  48 0010 D7E90001 		ldrd	r0, [r7]
  49 0014 FFF7FEFF 		bl	__aeabi_ddiv
  50 0018 0346     		mov	r3, r0
  51 001a 0C46     		mov	r4, r1
  52 001c 1846     		mov	r0, r3
  53 001e 2146     		mov	r1, r4
  54 0020 FFF7FEFF 		bl	floor
  55 0024 0AA3     		adr	r3, .L3
  56 0026 D3E90023 		ldrd	r2, [r3]
  57 002a FFF7FEFF 		bl	__aeabi_dmul
  58 002e 0346     		mov	r3, r0
  59 0030 0C46     		mov	r4, r1
  60 0032 1A46     		mov	r2, r3
  61 0034 2346     		mov	r3, r4
  62 0036 D7E90001 		ldrd	r0, [r7]
  63 003a FFF7FEFF 		bl	__aeabi_dsub
  64 003e 0346     		mov	r3, r0
  65 0040 0C46     		mov	r4, r1
  14:..\Helper/helper.c **** }
  66              		.loc 1 14 0
  67 0042 1846     		mov	r0, r3
  68 0044 2146     		mov	r1, r4
  69 0046 0C37     		adds	r7, r7, #12
  70              		.cfi_def_cfa_offset 12
  71 0048 BD46     		mov	sp, r7
  72              		.cfi_def_cfa_register 13
  73              		@ sp needed
  74 004a 90BD     		pop	{r4, r7, pc}
  75              	.L4:
  76 004c AFF30080 		.align	3
  77              	.L3:
  78 0050 182D4454 		.word	1413754136
  79 0054 FB211940 		.word	1075388923
  80              		.cfi_endproc
  81              	.LFE0:
  82              		.size	calculate_angle_modulo, .-calculate_angle_modulo
  83              		.global	__aeabi_dadd
  84              		.section	.text.calculate_distance_from_goal,"ax",%progbits
  85              		.align	2
  86              		.global	calculate_distance_from_goal
  87              		.thumb
  88              		.thumb_func
  89              		.type	calculate_distance_from_goal, %function
  90              	calculate_distance_from_goal:
  91              	.LFB1:
  15:..\Helper/helper.c **** 
  16:..\Helper/helper.c **** double calculate_distance_from_goal(double pos_x, double pos_y, double goal_x, double goal_y) {
  92              		.loc 1 16 0
  93              		.cfi_startproc
  94              		@ args = 16, pretend = 0, frame = 24
  95              		@ frame_needed = 1, uses_anonymous_args = 0
  96 0000 B0B5     		push	{r4, r5, r7, lr}
  97              		.cfi_def_cfa_offset 16
  98              		.cfi_offset 4, -16
ARM GAS  C:\Users\cyu13\AppData\Local\Temp\ccpjtdWh.s 			page 3


  99              		.cfi_offset 5, -12
 100              		.cfi_offset 7, -8
 101              		.cfi_offset 14, -4
 102 0002 86B0     		sub	sp, sp, #24
 103              		.cfi_def_cfa_offset 40
 104 0004 00AF     		add	r7, sp, #0
 105              		.cfi_def_cfa_register 7
 106 0006 C7E90201 		strd	r0, [r7, #8]
 107 000a C7E90023 		strd	r2, [r7]
  17:..\Helper/helper.c ****   // Calculate distance between current position and end goal
  18:..\Helper/helper.c ****   double distance = sqrt( pow( goal_x - pos_x, 2 ) + pow( goal_y - pos_y, 2 ) ); 
 108              		.loc 1 18 0
 109 000e D7E90223 		ldrd	r2, [r7, #8]
 110 0012 D7E90A01 		ldrd	r0, [r7, #40]
 111 0016 FFF7FEFF 		bl	__aeabi_dsub
 112 001a 0346     		mov	r3, r0
 113 001c 0C46     		mov	r4, r1
 114 001e 1846     		mov	r0, r3
 115 0020 2146     		mov	r1, r4
 116 0022 4FF00002 		mov	r2, #0
 117 0026 4FF08043 		mov	r3, #1073741824
 118 002a FFF7FEFF 		bl	pow
 119 002e 0446     		mov	r4, r0
 120 0030 0D46     		mov	r5, r1
 121 0032 D7E90023 		ldrd	r2, [r7]
 122 0036 D7E90C01 		ldrd	r0, [r7, #48]
 123 003a FFF7FEFF 		bl	__aeabi_dsub
 124 003e 0246     		mov	r2, r0
 125 0040 0B46     		mov	r3, r1
 126 0042 1046     		mov	r0, r2
 127 0044 1946     		mov	r1, r3
 128 0046 4FF00002 		mov	r2, #0
 129 004a 4FF08043 		mov	r3, #1073741824
 130 004e FFF7FEFF 		bl	pow
 131 0052 0246     		mov	r2, r0
 132 0054 0B46     		mov	r3, r1
 133 0056 2046     		mov	r0, r4
 134 0058 2946     		mov	r1, r5
 135 005a FFF7FEFF 		bl	__aeabi_dadd
 136 005e 0346     		mov	r3, r0
 137 0060 0C46     		mov	r4, r1
 138 0062 1846     		mov	r0, r3
 139 0064 2146     		mov	r1, r4
 140 0066 FFF7FEFF 		bl	sqrt
 141 006a C7E90401 		strd	r0, [r7, #16]
  19:..\Helper/helper.c **** 
  20:..\Helper/helper.c ****   return distance;
 142              		.loc 1 20 0
 143 006e D7E90434 		ldrd	r3, [r7, #16]
  21:..\Helper/helper.c **** }
 144              		.loc 1 21 0
 145 0072 1846     		mov	r0, r3
 146 0074 2146     		mov	r1, r4
 147 0076 1837     		adds	r7, r7, #24
 148              		.cfi_def_cfa_offset 16
 149 0078 BD46     		mov	sp, r7
 150              		.cfi_def_cfa_register 13
ARM GAS  C:\Users\cyu13\AppData\Local\Temp\ccpjtdWh.s 			page 4


 151              		@ sp needed
 152 007a B0BD     		pop	{r4, r5, r7, pc}
 153              		.cfi_endproc
 154              	.LFE1:
 155              		.size	calculate_distance_from_goal, .-calculate_distance_from_goal
 156              		.global	__aeabi_dcmplt
 157              		.section	.text.calculate_goal_angle,"ax",%progbits
 158              		.align	2
 159              		.global	calculate_goal_angle
 160              		.thumb
 161              		.thumb_func
 162              		.type	calculate_goal_angle, %function
 163              	calculate_goal_angle:
 164              	.LFB2:
  22:..\Helper/helper.c **** 
  23:..\Helper/helper.c **** double calculate_goal_angle(double pos_x, double pos_y, double pos_yaw, double goal_x, double goal_
 165              		.loc 1 23 0
 166              		.cfi_startproc
 167              		@ args = 24, pretend = 0, frame = 56
 168              		@ frame_needed = 1, uses_anonymous_args = 0
 169 0000 B0B5     		push	{r4, r5, r7, lr}
 170              		.cfi_def_cfa_offset 16
 171              		.cfi_offset 4, -16
 172              		.cfi_offset 5, -12
 173              		.cfi_offset 7, -8
 174              		.cfi_offset 14, -4
 175 0002 8EB0     		sub	sp, sp, #56
 176              		.cfi_def_cfa_offset 72
 177 0004 00AF     		add	r7, sp, #0
 178              		.cfi_def_cfa_register 7
 179 0006 C7E90201 		strd	r0, [r7, #8]
 180 000a C7E90023 		strd	r2, [r7]
  24:..\Helper/helper.c ****   // Calculate the angle from current position to goal
  25:..\Helper/helper.c ****   double goal_angle = atan2(goal_y - pos_y, goal_x - pos_x);
 181              		.loc 1 25 0
 182 000e D7E90023 		ldrd	r2, [r7]
 183 0012 D7E91601 		ldrd	r0, [r7, #88]
 184 0016 FFF7FEFF 		bl	__aeabi_dsub
 185 001a 0346     		mov	r3, r0
 186 001c 0C46     		mov	r4, r1
 187 001e 2546     		mov	r5, r4
 188 0020 1C46     		mov	r4, r3
 189 0022 D7E90223 		ldrd	r2, [r7, #8]
 190 0026 D7E91401 		ldrd	r0, [r7, #80]
 191 002a FFF7FEFF 		bl	__aeabi_dsub
 192 002e 0246     		mov	r2, r0
 193 0030 0B46     		mov	r3, r1
 194 0032 2046     		mov	r0, r4
 195 0034 2946     		mov	r1, r5
 196 0036 FFF7FEFF 		bl	atan2
 197 003a C7E90A01 		strd	r0, [r7, #40]
  26:..\Helper/helper.c **** 
  27:..\Helper/helper.c ****   // Calculate robot rotation to point towards goal with respect to current heading
  28:..\Helper/helper.c ****   double rotation;
  29:..\Helper/helper.c ****   double alpha_rot = goal_angle - pos_yaw;
 198              		.loc 1 29 0
 199 003e D7E91223 		ldrd	r2, [r7, #72]
ARM GAS  C:\Users\cyu13\AppData\Local\Temp\ccpjtdWh.s 			page 5


 200 0042 D7E90A01 		ldrd	r0, [r7, #40]
 201 0046 FFF7FEFF 		bl	__aeabi_dsub
 202 004a 0346     		mov	r3, r0
 203 004c 0C46     		mov	r4, r1
 204 004e C7E90834 		strd	r3, [r7, #32]
  30:..\Helper/helper.c ****   double beta_rot = alpha_rot + 2 * M_PI;
 205              		.loc 1 30 0
 206 0052 2FA3     		adr	r3, .L22
 207 0054 D3E90023 		ldrd	r2, [r3]
 208 0058 D7E90801 		ldrd	r0, [r7, #32]
 209 005c FFF7FEFF 		bl	__aeabi_dadd
 210 0060 0346     		mov	r3, r0
 211 0062 0C46     		mov	r4, r1
 212 0064 C7E90634 		strd	r3, [r7, #24]
  31:..\Helper/helper.c ****   double gamma_rot = alpha_rot - 2 * M_PI;
 213              		.loc 1 31 0
 214 0068 29A3     		adr	r3, .L22
 215 006a D3E90023 		ldrd	r2, [r3]
 216 006e D7E90801 		ldrd	r0, [r7, #32]
 217 0072 FFF7FEFF 		bl	__aeabi_dsub
 218 0076 0346     		mov	r3, r0
 219 0078 0C46     		mov	r4, r1
 220 007a C7E90434 		strd	r3, [r7, #16]
  32:..\Helper/helper.c **** 
  33:..\Helper/helper.c ****   // Find shortest rotation required
  34:..\Helper/helper.c ****   if (alpha_rot < beta_rot && alpha_rot < gamma_rot) {
 221              		.loc 1 34 0
 222 007e D7E90623 		ldrd	r2, [r7, #24]
 223 0082 D7E90801 		ldrd	r0, [r7, #32]
 224 0086 FFF7FEFF 		bl	__aeabi_dcmplt
 225 008a 0346     		mov	r3, r0
 226 008c 002B     		cmp	r3, #0
 227 008e 0DD0     		beq	.L8
 228              		.loc 1 34 0 is_stmt 0 discriminator 1
 229 0090 D7E90423 		ldrd	r2, [r7, #16]
 230 0094 D7E90801 		ldrd	r0, [r7, #32]
 231 0098 FFF7FEFF 		bl	__aeabi_dcmplt
 232 009c 0346     		mov	r3, r0
 233 009e 002B     		cmp	r3, #0
 234 00a0 04D0     		beq	.L8
  35:..\Helper/helper.c ****     rotation = alpha_rot;
 235              		.loc 1 35 0 is_stmt 1
 236 00a2 D7E90834 		ldrd	r3, [r7, #32]
 237 00a6 C7E90C34 		strd	r3, [r7, #48]
 238 00aa 11E0     		b	.L11
 239              	.L8:
  36:..\Helper/helper.c ****   } else if (beta_rot < gamma_rot) {
 240              		.loc 1 36 0
 241 00ac D7E90423 		ldrd	r2, [r7, #16]
 242 00b0 D7E90601 		ldrd	r0, [r7, #24]
 243 00b4 FFF7FEFF 		bl	__aeabi_dcmplt
 244 00b8 0346     		mov	r3, r0
 245 00ba 002B     		cmp	r3, #0
 246 00bc 04D0     		beq	.L21
  37:..\Helper/helper.c ****     rotation = beta_rot;
 247              		.loc 1 37 0
 248 00be D7E90634 		ldrd	r3, [r7, #24]
ARM GAS  C:\Users\cyu13\AppData\Local\Temp\ccpjtdWh.s 			page 6


 249 00c2 C7E90C34 		strd	r3, [r7, #48]
 250 00c6 03E0     		b	.L11
 251              	.L21:
  38:..\Helper/helper.c ****   } else {
  39:..\Helper/helper.c ****     rotation = gamma_rot;
 252              		.loc 1 39 0
 253 00c8 D7E90434 		ldrd	r3, [r7, #16]
 254 00cc C7E90C34 		strd	r3, [r7, #48]
 255              	.L11:
  40:..\Helper/helper.c ****   }
  41:..\Helper/helper.c **** 
  42:..\Helper/helper.c ****   if (rotation < 0) {
 256              		.loc 1 42 0
 257 00d0 4FF00002 		mov	r2, #0
 258 00d4 4FF00003 		mov	r3, #0
 259 00d8 D7E90C01 		ldrd	r0, [r7, #48]
 260 00dc FFF7FEFF 		bl	__aeabi_dcmplt
 261 00e0 0346     		mov	r3, r0
 262 00e2 002B     		cmp	r3, #0
 263 00e4 0AD0     		beq	.L14
  43:..\Helper/helper.c ****     rotation = rotation + 2 * M_PI;
 264              		.loc 1 43 0
 265 00e6 0AA3     		adr	r3, .L22
 266 00e8 D3E90023 		ldrd	r2, [r3]
 267 00ec D7E90C01 		ldrd	r0, [r7, #48]
 268 00f0 FFF7FEFF 		bl	__aeabi_dadd
 269 00f4 0346     		mov	r3, r0
 270 00f6 0C46     		mov	r4, r1
 271 00f8 C7E90C34 		strd	r3, [r7, #48]
 272              	.L14:
  44:..\Helper/helper.c ****   }
  45:..\Helper/helper.c **** 
  46:..\Helper/helper.c ****   return rotation;
 273              		.loc 1 46 0
 274 00fc D7E90C34 		ldrd	r3, [r7, #48]
  47:..\Helper/helper.c ****   
  48:..\Helper/helper.c **** }
 275              		.loc 1 48 0
 276 0100 1846     		mov	r0, r3
 277 0102 2146     		mov	r1, r4
 278 0104 3837     		adds	r7, r7, #56
 279              		.cfi_def_cfa_offset 16
 280 0106 BD46     		mov	sp, r7
 281              		.cfi_def_cfa_register 13
 282              		@ sp needed
 283 0108 B0BD     		pop	{r4, r5, r7, pc}
 284              	.L23:
 285 010a 00BFAFF3 		.align	3
 285      0080
 286              	.L22:
 287 0110 182D4454 		.word	1413754136
 288 0114 FB211940 		.word	1075388923
 289              		.cfi_endproc
 290              	.LFE2:
 291              		.size	calculate_goal_angle, .-calculate_goal_angle
 292              		.global	__aeabi_d2iz
 293              		.global	__aeabi_dcmple
ARM GAS  C:\Users\cyu13\AppData\Local\Temp\ccpjtdWh.s 			page 7


 294              		.section	.text.detect_obstacle,"ax",%progbits
 295              		.align	2
 296              		.global	detect_obstacle
 297              		.thumb
 298              		.thumb_func
 299              		.type	detect_obstacle, %function
 300              	detect_obstacle:
 301              	.LFB3:
  49:..\Helper/helper.c **** 
  50:..\Helper/helper.c **** int detect_obstacle(double sensor_dir, double sensor_dist, double pos_x, double pos_y, double thres
 302              		.loc 1 50 0
 303              		.cfi_startproc
 304              		@ args = 24, pretend = 0, frame = 72
 305              		@ frame_needed = 1, uses_anonymous_args = 0
 306 0000 B0B5     		push	{r4, r5, r7, lr}
 307              		.cfi_def_cfa_offset 16
 308              		.cfi_offset 4, -16
 309              		.cfi_offset 5, -12
 310              		.cfi_offset 7, -8
 311              		.cfi_offset 14, -4
 312 0002 92B0     		sub	sp, sp, #72
 313              		.cfi_def_cfa_offset 88
 314 0004 00AF     		add	r7, sp, #0
 315              		.cfi_def_cfa_register 7
 316 0006 C7E90201 		strd	r0, [r7, #8]
 317 000a C7E90023 		strd	r2, [r7]
  51:..\Helper/helper.c ****   // Checks if detected item is obstacle or wall
  52:..\Helper/helper.c ****   int obstacles;
  53:..\Helper/helper.c ****   double angle, distance_x, distance_y, max_dist_x, max_dist_y;
  54:..\Helper/helper.c ****   double rad = M_PI / 180;
 318              		.loc 1 54 0
 319 000e 52A4     		adr	r4, .L39
 320 0010 D4E90034 		ldrd	r3, [r4]
 321 0014 C7E90A34 		strd	r3, [r7, #40]
  55:..\Helper/helper.c **** 
  56:..\Helper/helper.c ****   angle = sensor_dir * rad;
 322              		.loc 1 56 0
 323 0018 D7E90A23 		ldrd	r2, [r7, #40]
 324 001c D7E90201 		ldrd	r0, [r7, #8]
 325 0020 FFF7FEFF 		bl	__aeabi_dmul
 326 0024 0346     		mov	r3, r0
 327 0026 0C46     		mov	r4, r1
 328 0028 C7E90834 		strd	r3, [r7, #32]
  57:..\Helper/helper.c **** 
  58:..\Helper/helper.c ****     // Calculate the overall distance of robot and sensor
  59:..\Helper/helper.c ****     distance_x = pos_x + sensor_dist * cos(angle);
 329              		.loc 1 59 0
 330 002c D7E90801 		ldrd	r0, [r7, #32]
 331 0030 FFF7FEFF 		bl	cos
 332 0034 D7E90023 		ldrd	r2, [r7]
 333 0038 FFF7FEFF 		bl	__aeabi_dmul
 334 003c 0346     		mov	r3, r0
 335 003e 0C46     		mov	r4, r1
 336 0040 1846     		mov	r0, r3
 337 0042 2146     		mov	r1, r4
 338 0044 D7E91623 		ldrd	r2, [r7, #88]
 339 0048 FFF7FEFF 		bl	__aeabi_dadd
ARM GAS  C:\Users\cyu13\AppData\Local\Temp\ccpjtdWh.s 			page 8


 340 004c 0346     		mov	r3, r0
 341 004e 0C46     		mov	r4, r1
 342 0050 C7E90634 		strd	r3, [r7, #24]
  60:..\Helper/helper.c ****     distance_y = pos_y + sensor_dist * sin(angle);
 343              		.loc 1 60 0
 344 0054 D7E90801 		ldrd	r0, [r7, #32]
 345 0058 FFF7FEFF 		bl	sin
 346 005c D7E90023 		ldrd	r2, [r7]
 347 0060 FFF7FEFF 		bl	__aeabi_dmul
 348 0064 0346     		mov	r3, r0
 349 0066 0C46     		mov	r4, r1
 350 0068 1846     		mov	r0, r3
 351 006a 2146     		mov	r1, r4
 352 006c D7E91823 		ldrd	r2, [r7, #96]
 353 0070 FFF7FEFF 		bl	__aeabi_dadd
 354 0074 0346     		mov	r3, r0
 355 0076 0C46     		mov	r4, r1
 356 0078 C7E90434 		strd	r3, [r7, #16]
  61:..\Helper/helper.c **** 
  62:..\Helper/helper.c ****     // Define the max wall distance based on sensor placement
  63:..\Helper/helper.c ****     switch ((int) sensor_dir % 90) {
 357              		.loc 1 63 0
 358 007c D7E90201 		ldrd	r0, [r7, #8]
 359 0080 FFF7FEFF 		bl	__aeabi_d2iz
 360 0084 0346     		mov	r3, r0
 361 0086 364A     		ldr	r2, .L39+8
 362 0088 83FB0212 		smull	r1, r2, r3, r2
 363 008c 1A44     		add	r2, r2, r3
 364 008e 9111     		asrs	r1, r2, #6
 365 0090 DA17     		asrs	r2, r3, #31
 366 0092 8A1A     		subs	r2, r1, r2
 367 0094 5A21     		movs	r1, #90
 368 0096 01FB02F2 		mul	r2, r1, r2
 369 009a 9A1A     		subs	r2, r3, r2
 370 009c 002A     		cmp	r2, #0
 371 009e 0AD1     		bne	.L36
  64:..\Helper/helper.c ****       case 0:
  65:..\Helper/helper.c ****         max_dist_x = ARENA;
 372              		.loc 1 65 0
 373 00a0 4FF00003 		mov	r3, #0
 374 00a4 2F4C     		ldr	r4, .L39+12
 375 00a6 C7E90E34 		strd	r3, [r7, #56]
  66:..\Helper/helper.c ****         max_dist_y = ARENA;
 376              		.loc 1 66 0
 377 00aa 4FF00003 		mov	r3, #0
 378 00ae 2D4C     		ldr	r4, .L39+12
 379 00b0 C7E90C34 		strd	r3, [r7, #48]
  67:..\Helper/helper.c ****         break;
 380              		.loc 1 67 0
 381 00b4 31E0     		b	.L27
 382              	.L36:
  68:..\Helper/helper.c **** 
  69:..\Helper/helper.c ****       default:
  70:..\Helper/helper.c ****         max_dist_x = (ARENA - threshold) * sin(angle);
 383              		.loc 1 70 0
 384 00b6 D7E91A23 		ldrd	r2, [r7, #104]
 385 00ba 4FF00000 		mov	r0, #0
ARM GAS  C:\Users\cyu13\AppData\Local\Temp\ccpjtdWh.s 			page 9


 386 00be 2949     		ldr	r1, .L39+12
 387 00c0 FFF7FEFF 		bl	__aeabi_dsub
 388 00c4 0346     		mov	r3, r0
 389 00c6 0C46     		mov	r4, r1
 390 00c8 2546     		mov	r5, r4
 391 00ca 1C46     		mov	r4, r3
 392 00cc D7E90801 		ldrd	r0, [r7, #32]
 393 00d0 FFF7FEFF 		bl	sin
 394 00d4 0246     		mov	r2, r0
 395 00d6 0B46     		mov	r3, r1
 396 00d8 2046     		mov	r0, r4
 397 00da 2946     		mov	r1, r5
 398 00dc FFF7FEFF 		bl	__aeabi_dmul
 399 00e0 0346     		mov	r3, r0
 400 00e2 0C46     		mov	r4, r1
 401 00e4 C7E90E34 		strd	r3, [r7, #56]
  71:..\Helper/helper.c ****         max_dist_y = (ARENA - threshold) * cos(angle);
 402              		.loc 1 71 0
 403 00e8 D7E91A23 		ldrd	r2, [r7, #104]
 404 00ec 4FF00000 		mov	r0, #0
 405 00f0 1C49     		ldr	r1, .L39+12
 406 00f2 FFF7FEFF 		bl	__aeabi_dsub
 407 00f6 0346     		mov	r3, r0
 408 00f8 0C46     		mov	r4, r1
 409 00fa 2546     		mov	r5, r4
 410 00fc 1C46     		mov	r4, r3
 411 00fe D7E90801 		ldrd	r0, [r7, #32]
 412 0102 FFF7FEFF 		bl	cos
 413 0106 0246     		mov	r2, r0
 414 0108 0B46     		mov	r3, r1
 415 010a 2046     		mov	r0, r4
 416 010c 2946     		mov	r1, r5
 417 010e FFF7FEFF 		bl	__aeabi_dmul
 418 0112 0346     		mov	r3, r0
 419 0114 0C46     		mov	r4, r1
 420 0116 C7E90C34 		strd	r3, [r7, #48]
 421              	.L27:
  72:..\Helper/helper.c ****     
  73:..\Helper/helper.c ****     }
  74:..\Helper/helper.c **** 
  75:..\Helper/helper.c ****     if (distance_x <= max_dist_x) {
 422              		.loc 1 75 0
 423 011a D7E90E23 		ldrd	r2, [r7, #56]
 424 011e D7E90601 		ldrd	r0, [r7, #24]
 425 0122 FFF7FEFF 		bl	__aeabi_dcmple
 426 0126 0346     		mov	r3, r0
 427 0128 002B     		cmp	r3, #0
 428 012a 02D0     		beq	.L37
  76:..\Helper/helper.c ****       obstacles = 1;
 429              		.loc 1 76 0
 430 012c 0123     		movs	r3, #1
 431 012e 7B64     		str	r3, [r7, #68]
 432 0130 0DE0     		b	.L30
 433              	.L37:
  77:..\Helper/helper.c ****     } else if (distance_y <= max_dist_y) {
 434              		.loc 1 77 0
 435 0132 D7E90C23 		ldrd	r2, [r7, #48]
ARM GAS  C:\Users\cyu13\AppData\Local\Temp\ccpjtdWh.s 			page 10


 436 0136 D7E90401 		ldrd	r0, [r7, #16]
 437 013a FFF7FEFF 		bl	__aeabi_dcmple
 438 013e 0346     		mov	r3, r0
 439 0140 002B     		cmp	r3, #0
 440 0142 02D0     		beq	.L38
  78:..\Helper/helper.c ****       obstacles = 1;
 441              		.loc 1 78 0
 442 0144 0123     		movs	r3, #1
 443 0146 7B64     		str	r3, [r7, #68]
 444 0148 01E0     		b	.L30
 445              	.L38:
  79:..\Helper/helper.c ****     } else {
  80:..\Helper/helper.c ****       obstacles = 0;
 446              		.loc 1 80 0
 447 014a 0023     		movs	r3, #0
 448 014c 7B64     		str	r3, [r7, #68]
 449              	.L30:
  81:..\Helper/helper.c ****     }
  82:..\Helper/helper.c **** 
  83:..\Helper/helper.c ****   return obstacles;
 450              		.loc 1 83 0
 451 014e 7B6C     		ldr	r3, [r7, #68]
  84:..\Helper/helper.c **** }...
 452              		.loc 1 84 0
 453 0150 1846     		mov	r0, r3
 454 0152 4837     		adds	r7, r7, #72
 455              		.cfi_def_cfa_offset 16
 456 0154 BD46     		mov	sp, r7
 457              		.cfi_def_cfa_register 13
 458              		@ sp needed
 459 0156 B0BD     		pop	{r4, r5, r7, pc}
 460              	.L40:
 461              		.align	3
 462              	.L39:
 463 0158 399D52A2 		.word	-1571644103
 464 015c 46DF913F 		.word	1066524486
 465 0160 B7600BB6 		.word	-1240768329
 466 0164 00005E40 		.word	1079902208
 467              		.cfi_endproc
 468              	.LFE3:
 469              		.size	detect_obstacle, .-detect_obstacle
 470              		.text
 471              	.Letext0:
 472              		.section	.debug_info,"",%progbits
 473              	.Ldebug_info0:
 474 0000 7B020000 		.4byte	0x27b
 475 0004 0400     		.2byte	0x4
 476 0006 00000000 		.4byte	.Ldebug_abbrev0
 477 000a 04       		.byte	0x4
 478 000b 01       		.uleb128 0x1
 479 000c 16000000 		.4byte	.LASF37
 480 0010 0C       		.byte	0xc
 481 0011 81020000 		.4byte	.LASF38
 482 0015 BB010000 		.4byte	.LASF39
 483 0019 00000000 		.4byte	.Ldebug_ranges0+0
 484 001d 00000000 		.4byte	0
 485 0021 00000000 		.4byte	.Ldebug_line0
ARM GAS  C:\Users\cyu13\AppData\Local\Temp\ccpjtdWh.s 			page 11


 486 0025 02       		.uleb128 0x2
 487 0026 04       		.byte	0x4
 488 0027 07       		.byte	0x7
 489 0028 8E010000 		.4byte	.LASF0
 490 002c 03       		.uleb128 0x3
 491 002d 04       		.byte	0x4
 492 002e 05       		.byte	0x5
 493 002f 696E7400 		.ascii	"int\000"
 494 0033 02       		.uleb128 0x2
 495 0034 08       		.byte	0x8
 496 0035 05       		.byte	0x5
 497 0036 27020000 		.4byte	.LASF1
 498 003a 02       		.uleb128 0x2
 499 003b 08       		.byte	0x8
 500 003c 04       		.byte	0x4
 501 003d 62020000 		.4byte	.LASF2
 502 0041 02       		.uleb128 0x2
 503 0042 01       		.byte	0x1
 504 0043 06       		.byte	0x6
 505 0044 75020000 		.4byte	.LASF3
 506 0048 02       		.uleb128 0x2
 507 0049 01       		.byte	0x1
 508 004a 08       		.byte	0x8
 509 004b 52010000 		.4byte	.LASF4
 510 004f 02       		.uleb128 0x2
 511 0050 02       		.byte	0x2
 512 0051 05       		.byte	0x5
 513 0052 3A020000 		.4byte	.LASF5
 514 0056 02       		.uleb128 0x2
 515 0057 02       		.byte	0x2
 516 0058 07       		.byte	0x7
 517 0059 39010000 		.4byte	.LASF6
 518 005d 02       		.uleb128 0x2
 519 005e 04       		.byte	0x4
 520 005f 05       		.byte	0x5
 521 0060 59020000 		.4byte	.LASF7
 522 0064 02       		.uleb128 0x2
 523 0065 04       		.byte	0x4
 524 0066 07       		.byte	0x7
 525 0067 1E010000 		.4byte	.LASF8
 526 006b 02       		.uleb128 0x2
 527 006c 08       		.byte	0x8
 528 006d 07       		.byte	0x7
 529 006e A4010000 		.4byte	.LASF9
 530 0072 02       		.uleb128 0x2
 531 0073 04       		.byte	0x4
 532 0074 07       		.byte	0x7
 533 0075 18020000 		.4byte	.LASF10
 534 0079 02       		.uleb128 0x2
 535 007a 01       		.byte	0x1
 536 007b 08       		.byte	0x8
 537 007c 35020000 		.4byte	.LASF11
 538 0080 02       		.uleb128 0x2
 539 0081 08       		.byte	0x8
 540 0082 04       		.byte	0x4
 541 0083 60010000 		.4byte	.LASF12
 542 0087 02       		.uleb128 0x2
ARM GAS  C:\Users\cyu13\AppData\Local\Temp\ccpjtdWh.s 			page 12


 543 0088 04       		.byte	0x4
 544 0089 04       		.byte	0x4
 545 008a E3000000 		.4byte	.LASF13
 546 008e 04       		.uleb128 0x4
 547 008f AB000000 		.4byte	.LASF14
 548 0093 01       		.byte	0x1
 549 0094 0C       		.byte	0xc
 550 0095 3A000000 		.4byte	0x3a
 551 0099 00000000 		.4byte	.LFB0
 552 009d 58000000 		.4byte	.LFE0-.LFB0
 553 00a1 01       		.uleb128 0x1
 554 00a2 9C       		.byte	0x9c
 555 00a3 B6000000 		.4byte	0xb6
 556 00a7 05       		.uleb128 0x5
 557 00a8 4C010000 		.4byte	.LASF16
 558 00ac 01       		.byte	0x1
 559 00ad 0C       		.byte	0xc
 560 00ae 3A000000 		.4byte	0x3a
 561 00b2 02       		.uleb128 0x2
 562 00b3 91       		.byte	0x91
 563 00b4 68       		.sleb128 -24
 564 00b5 00       		.byte	0
 565 00b6 04       		.uleb128 0x4
 566 00b7 71010000 		.4byte	.LASF15
 567 00bb 01       		.byte	0x1
 568 00bc 10       		.byte	0x10
 569 00bd 80000000 		.4byte	0x80
 570 00c1 00000000 		.4byte	.LFB1
 571 00c5 7C000000 		.4byte	.LFE1-.LFB1
 572 00c9 01       		.uleb128 0x1
 573 00ca 9C       		.byte	0x9c
 574 00cb 16010000 		.4byte	0x116
 575 00cf 05       		.uleb128 0x5
 576 00d0 21020000 		.4byte	.LASF17
 577 00d4 01       		.byte	0x1
 578 00d5 10       		.byte	0x10
 579 00d6 80000000 		.4byte	0x80
 580 00da 02       		.uleb128 0x2
 581 00db 91       		.byte	0x91
 582 00dc 60       		.sleb128 -32
 583 00dd 05       		.uleb128 0x5
 584 00de C2000000 		.4byte	.LASF18
 585 00e2 01       		.byte	0x1
 586 00e3 10       		.byte	0x10
 587 00e4 80000000 		.4byte	0x80
 588 00e8 02       		.uleb128 0x2
 589 00e9 91       		.byte	0x91
 590 00ea 58       		.sleb128 -40
 591 00eb 05       		.uleb128 0x5
 592 00ec A4000000 		.4byte	.LASF19
 593 00f0 01       		.byte	0x1
 594 00f1 10       		.byte	0x10
 595 00f2 80000000 		.4byte	0x80
 596 00f6 02       		.uleb128 0x2
 597 00f7 91       		.byte	0x91
 598 00f8 00       		.sleb128 0
 599 00f9 05       		.uleb128 0x5
ARM GAS  C:\Users\cyu13\AppData\Local\Temp\ccpjtdWh.s 			page 13


 600 00fa 6E020000 		.4byte	.LASF20
 601 00fe 01       		.byte	0x1
 602 00ff 10       		.byte	0x10
 603 0100 80000000 		.4byte	0x80
 604 0104 02       		.uleb128 0x2
 605 0105 91       		.byte	0x91
 606 0106 08       		.sleb128 8
 607 0107 06       		.uleb128 0x6
 608 0108 DA000000 		.4byte	.LASF23
 609 010c 01       		.byte	0x1
 610 010d 12       		.byte	0x12
 611 010e 80000000 		.4byte	0x80
 612 0112 02       		.uleb128 0x2
 613 0113 91       		.byte	0x91
 614 0114 68       		.sleb128 -24
 615 0115 00       		.byte	0
 616 0116 04       		.uleb128 0x4
 617 0117 F3000000 		.4byte	.LASF21
 618 011b 01       		.byte	0x1
 619 011c 17       		.byte	0x17
 620 011d 80000000 		.4byte	0x80
 621 0121 00000000 		.4byte	.LFB2
 622 0125 18010000 		.4byte	.LFE2-.LFB2
 623 0129 01       		.uleb128 0x1
 624 012a 9C       		.byte	0x9c
 625 012b BD010000 		.4byte	0x1bd
 626 012f 05       		.uleb128 0x5
 627 0130 21020000 		.4byte	.LASF17
 628 0134 01       		.byte	0x1
 629 0135 17       		.byte	0x17
 630 0136 80000000 		.4byte	0x80
 631 013a 02       		.uleb128 0x2
 632 013b 91       		.byte	0x91
 633 013c 40       		.sleb128 -64
 634 013d 05       		.uleb128 0x5
 635 013e C2000000 		.4byte	.LASF18
 636 0142 01       		.byte	0x1
 637 0143 17       		.byte	0x17
 638 0144 80000000 		.4byte	0x80
 639 0148 03       		.uleb128 0x3
 640 0149 91       		.byte	0x91
 641 014a B87F     		.sleb128 -72
 642 014c 05       		.uleb128 0x5
 643 014d D2000000 		.4byte	.LASF22
 644 0151 01       		.byte	0x1
 645 0152 17       		.byte	0x17
 646 0153 80000000 		.4byte	0x80
 647 0157 02       		.uleb128 0x2
 648 0158 91       		.byte	0x91
 649 0159 00       		.sleb128 0
 650 015a 05       		.uleb128 0x5
 651 015b A4000000 		.4byte	.LASF19
 652 015f 01       		.byte	0x1
 653 0160 17       		.byte	0x17
 654 0161 80000000 		.4byte	0x80
 655 0165 02       		.uleb128 0x2
 656 0166 91       		.byte	0x91
ARM GAS  C:\Users\cyu13\AppData\Local\Temp\ccpjtdWh.s 			page 14


 657 0167 08       		.sleb128 8
 658 0168 05       		.uleb128 0x5
 659 0169 6E020000 		.4byte	.LASF20
 660 016d 01       		.byte	0x1
 661 016e 17       		.byte	0x17
 662 016f 80000000 		.4byte	0x80
 663 0173 02       		.uleb128 0x2
 664 0174 91       		.byte	0x91
 665 0175 10       		.sleb128 16
 666 0176 06       		.uleb128 0x6
 667 0177 44020000 		.4byte	.LASF24
 668 017b 01       		.byte	0x1
 669 017c 19       		.byte	0x19
 670 017d 80000000 		.4byte	0x80
 671 0181 02       		.uleb128 0x2
 672 0182 91       		.byte	0x91
 673 0183 60       		.sleb128 -32
 674 0184 06       		.uleb128 0x6
 675 0185 9B010000 		.4byte	.LASF25
 676 0189 01       		.byte	0x1
 677 018a 1C       		.byte	0x1c
 678 018b 80000000 		.4byte	0x80
 679 018f 02       		.uleb128 0x2
 680 0190 91       		.byte	0x91
 681 0191 68       		.sleb128 -24
 682 0192 06       		.uleb128 0x6
 683 0193 67010000 		.4byte	.LASF26
 684 0197 01       		.byte	0x1
 685 0198 1D       		.byte	0x1d
 686 0199 80000000 		.4byte	0x80
 687 019d 02       		.uleb128 0x2
 688 019e 91       		.byte	0x91
 689 019f 58       		.sleb128 -40
 690 01a0 06       		.uleb128 0x6
 691 01a1 30010000 		.4byte	.LASF27
 692 01a5 01       		.byte	0x1
 693 01a6 1E       		.byte	0x1e
 694 01a7 80000000 		.4byte	0x80
 695 01ab 02       		.uleb128 0x2
 696 01ac 91       		.byte	0x91
 697 01ad 50       		.sleb128 -48
 698 01ae 06       		.uleb128 0x6
 699 01af C8000000 		.4byte	.LASF28
 700 01b3 01       		.byte	0x1
 701 01b4 1F       		.byte	0x1f
 702 01b5 80000000 		.4byte	0x80
 703 01b9 02       		.uleb128 0x2
 704 01ba 91       		.byte	0x91
 705 01bb 48       		.sleb128 -56
 706 01bc 00       		.byte	0
 707 01bd 07       		.uleb128 0x7
 708 01be 08020000 		.4byte	.LASF40
 709 01c2 01       		.byte	0x1
 710 01c3 32       		.byte	0x32
 711 01c4 2C000000 		.4byte	0x2c
 712 01c8 00000000 		.4byte	.LFB3
 713 01cc 68010000 		.4byte	.LFE3-.LFB3
ARM GAS  C:\Users\cyu13\AppData\Local\Temp\ccpjtdWh.s 			page 15


 714 01d0 01       		.uleb128 0x1
 715 01d1 9C       		.byte	0x9c
 716 01d2 05       		.uleb128 0x5
 717 01d3 0B000000 		.4byte	.LASF29
 718 01d7 01       		.byte	0x1
 719 01d8 32       		.byte	0x32
 720 01d9 80000000 		.4byte	0x80
 721 01dd 03       		.uleb128 0x3
 722 01de 91       		.byte	0x91
 723 01df B07F     		.sleb128 -80
 724 01e1 05       		.uleb128 0x5
 725 01e2 94020000 		.4byte	.LASF30
 726 01e6 01       		.byte	0x1
 727 01e7 32       		.byte	0x32
 728 01e8 80000000 		.4byte	0x80
 729 01ec 03       		.uleb128 0x3
 730 01ed 91       		.byte	0x91
 731 01ee A87F     		.sleb128 -88
 732 01f0 05       		.uleb128 0x5
 733 01f1 21020000 		.4byte	.LASF17
 734 01f5 01       		.byte	0x1
 735 01f6 32       		.byte	0x32
 736 01f7 80000000 		.4byte	0x80
 737 01fb 02       		.uleb128 0x2
 738 01fc 91       		.byte	0x91
 739 01fd 00       		.sleb128 0
 740 01fe 05       		.uleb128 0x5
 741 01ff C2000000 		.4byte	.LASF18
 742 0203 01       		.byte	0x1
 743 0204 32       		.byte	0x32
 744 0205 80000000 		.4byte	0x80
 745 0209 02       		.uleb128 0x2
 746 020a 91       		.byte	0x91
 747 020b 08       		.sleb128 8
 748 020c 05       		.uleb128 0x5
 749 020d 4F020000 		.4byte	.LASF31
 750 0211 01       		.byte	0x1
 751 0212 32       		.byte	0x32
 752 0213 80000000 		.4byte	0x80
 753 0217 02       		.uleb128 0x2
 754 0218 91       		.byte	0x91
 755 0219 10       		.sleb128 16
 756 021a 06       		.uleb128 0x6
 757 021b E9000000 		.4byte	.LASF32
 758 021f 01       		.byte	0x1
 759 0220 34       		.byte	0x34
 760 0221 2C000000 		.4byte	0x2c
 761 0225 02       		.uleb128 0x2
 762 0226 91       		.byte	0x91
 763 0227 6C       		.sleb128 -20
 764 0228 06       		.uleb128 0x6
 765 0229 4C010000 		.4byte	.LASF16
 766 022d 01       		.byte	0x1
 767 022e 35       		.byte	0x35
 768 022f 80000000 		.4byte	0x80
 769 0233 02       		.uleb128 0x2
 770 0234 91       		.byte	0x91
ARM GAS  C:\Users\cyu13\AppData\Local\Temp\ccpjtdWh.s 			page 16


 771 0235 48       		.sleb128 -56
 772 0236 06       		.uleb128 0x6
 773 0237 08010000 		.4byte	.LASF33
 774 023b 01       		.byte	0x1
 775 023c 35       		.byte	0x35
 776 023d 80000000 		.4byte	0x80
 777 0241 02       		.uleb128 0x2
 778 0242 91       		.byte	0x91
 779 0243 40       		.sleb128 -64
 780 0244 06       		.uleb128 0x6
 781 0245 13010000 		.4byte	.LASF34
 782 0249 01       		.byte	0x1
 783 024a 35       		.byte	0x35
 784 024b 80000000 		.4byte	0x80
 785 024f 03       		.uleb128 0x3
 786 0250 91       		.byte	0x91
 787 0251 B87F     		.sleb128 -72
 788 0253 06       		.uleb128 0x6
 789 0254 00000000 		.4byte	.LASF35
 790 0258 01       		.byte	0x1
 791 0259 35       		.byte	0x35
 792 025a 80000000 		.4byte	0x80
 793 025e 02       		.uleb128 0x2
 794 025f 91       		.byte	0x91
 795 0260 60       		.sleb128 -32
 796 0261 06       		.uleb128 0x6
 797 0262 FD010000 		.4byte	.LASF36
 798 0266 01       		.byte	0x1
 799 0267 35       		.byte	0x35
 800 0268 80000000 		.4byte	0x80
 801 026c 02       		.uleb128 0x2
 802 026d 91       		.byte	0x91
 803 026e 58       		.sleb128 -40
 804 026f 08       		.uleb128 0x8
 805 0270 72616400 		.ascii	"rad\000"
 806 0274 01       		.byte	0x1
 807 0275 36       		.byte	0x36
 808 0276 80000000 		.4byte	0x80
 809 027a 02       		.uleb128 0x2
 810 027b 91       		.byte	0x91
 811 027c 50       		.sleb128 -48
 812 027d 00       		.byte	0
 813 027e 00       		.byte	0
 814              		.section	.debug_abbrev,"",%progbits
 815              	.Ldebug_abbrev0:
 816 0000 01       		.uleb128 0x1
 817 0001 11       		.uleb128 0x11
 818 0002 01       		.byte	0x1
 819 0003 25       		.uleb128 0x25
 820 0004 0E       		.uleb128 0xe
 821 0005 13       		.uleb128 0x13
 822 0006 0B       		.uleb128 0xb
 823 0007 03       		.uleb128 0x3
 824 0008 0E       		.uleb128 0xe
 825 0009 1B       		.uleb128 0x1b
 826 000a 0E       		.uleb128 0xe
 827 000b 55       		.uleb128 0x55
ARM GAS  C:\Users\cyu13\AppData\Local\Temp\ccpjtdWh.s 			page 17


 828 000c 17       		.uleb128 0x17
 829 000d 11       		.uleb128 0x11
 830 000e 01       		.uleb128 0x1
 831 000f 10       		.uleb128 0x10
 832 0010 17       		.uleb128 0x17
 833 0011 00       		.byte	0
 834 0012 00       		.byte	0
 835 0013 02       		.uleb128 0x2
 836 0014 24       		.uleb128 0x24
 837 0015 00       		.byte	0
 838 0016 0B       		.uleb128 0xb
 839 0017 0B       		.uleb128 0xb
 840 0018 3E       		.uleb128 0x3e
 841 0019 0B       		.uleb128 0xb
 842 001a 03       		.uleb128 0x3
 843 001b 0E       		.uleb128 0xe
 844 001c 00       		.byte	0
 845 001d 00       		.byte	0
 846 001e 03       		.uleb128 0x3
 847 001f 24       		.uleb128 0x24
 848 0020 00       		.byte	0
 849 0021 0B       		.uleb128 0xb
 850 0022 0B       		.uleb128 0xb
 851 0023 3E       		.uleb128 0x3e
 852 0024 0B       		.uleb128 0xb
 853 0025 03       		.uleb128 0x3
 854 0026 08       		.uleb128 0x8
 855 0027 00       		.byte	0
 856 0028 00       		.byte	0
 857 0029 04       		.uleb128 0x4
 858 002a 2E       		.uleb128 0x2e
 859 002b 01       		.byte	0x1
 860 002c 3F       		.uleb128 0x3f
 861 002d 19       		.uleb128 0x19
 862 002e 03       		.uleb128 0x3
 863 002f 0E       		.uleb128 0xe
 864 0030 3A       		.uleb128 0x3a
 865 0031 0B       		.uleb128 0xb
 866 0032 3B       		.uleb128 0x3b
 867 0033 0B       		.uleb128 0xb
 868 0034 27       		.uleb128 0x27
 869 0035 19       		.uleb128 0x19
 870 0036 49       		.uleb128 0x49
 871 0037 13       		.uleb128 0x13
 872 0038 11       		.uleb128 0x11
 873 0039 01       		.uleb128 0x1
 874 003a 12       		.uleb128 0x12
 875 003b 06       		.uleb128 0x6
 876 003c 40       		.uleb128 0x40
 877 003d 18       		.uleb128 0x18
 878 003e 9642     		.uleb128 0x2116
 879 0040 19       		.uleb128 0x19
 880 0041 01       		.uleb128 0x1
 881 0042 13       		.uleb128 0x13
 882 0043 00       		.byte	0
 883 0044 00       		.byte	0
 884 0045 05       		.uleb128 0x5
ARM GAS  C:\Users\cyu13\AppData\Local\Temp\ccpjtdWh.s 			page 18


 885 0046 05       		.uleb128 0x5
 886 0047 00       		.byte	0
 887 0048 03       		.uleb128 0x3
 888 0049 0E       		.uleb128 0xe
 889 004a 3A       		.uleb128 0x3a
 890 004b 0B       		.uleb128 0xb
 891 004c 3B       		.uleb128 0x3b
 892 004d 0B       		.uleb128 0xb
 893 004e 49       		.uleb128 0x49
 894 004f 13       		.uleb128 0x13
 895 0050 02       		.uleb128 0x2
 896 0051 18       		.uleb128 0x18
 897 0052 00       		.byte	0
 898 0053 00       		.byte	0
 899 0054 06       		.uleb128 0x6
 900 0055 34       		.uleb128 0x34
 901 0056 00       		.byte	0
 902 0057 03       		.uleb128 0x3
 903 0058 0E       		.uleb128 0xe
 904 0059 3A       		.uleb128 0x3a
 905 005a 0B       		.uleb128 0xb
 906 005b 3B       		.uleb128 0x3b
 907 005c 0B       		.uleb128 0xb
 908 005d 49       		.uleb128 0x49
 909 005e 13       		.uleb128 0x13
 910 005f 02       		.uleb128 0x2
 911 0060 18       		.uleb128 0x18
 912 0061 00       		.byte	0
 913 0062 00       		.byte	0
 914 0063 07       		.uleb128 0x7
 915 0064 2E       		.uleb128 0x2e
 916 0065 01       		.byte	0x1
 917 0066 3F       		.uleb128 0x3f
 918 0067 19       		.uleb128 0x19
 919 0068 03       		.uleb128 0x3
 920 0069 0E       		.uleb128 0xe
 921 006a 3A       		.uleb128 0x3a
 922 006b 0B       		.uleb128 0xb
 923 006c 3B       		.uleb128 0x3b
 924 006d 0B       		.uleb128 0xb
 925 006e 27       		.uleb128 0x27
 926 006f 19       		.uleb128 0x19
 927 0070 49       		.uleb128 0x49
 928 0071 13       		.uleb128 0x13
 929 0072 11       		.uleb128 0x11
 930 0073 01       		.uleb128 0x1
 931 0074 12       		.uleb128 0x12
 932 0075 06       		.uleb128 0x6
 933 0076 40       		.uleb128 0x40
 934 0077 18       		.uleb128 0x18
 935 0078 9642     		.uleb128 0x2116
 936 007a 19       		.uleb128 0x19
 937 007b 00       		.byte	0
 938 007c 00       		.byte	0
 939 007d 08       		.uleb128 0x8
 940 007e 34       		.uleb128 0x34
 941 007f 00       		.byte	0
ARM GAS  C:\Users\cyu13\AppData\Local\Temp\ccpjtdWh.s 			page 19


 942 0080 03       		.uleb128 0x3
 943 0081 08       		.uleb128 0x8
 944 0082 3A       		.uleb128 0x3a
 945 0083 0B       		.uleb128 0xb
 946 0084 3B       		.uleb128 0x3b
 947 0085 0B       		.uleb128 0xb
 948 0086 49       		.uleb128 0x49
 949 0087 13       		.uleb128 0x13
 950 0088 02       		.uleb128 0x2
 951 0089 18       		.uleb128 0x18
 952 008a 00       		.byte	0
 953 008b 00       		.byte	0
 954 008c 00       		.byte	0
 955              		.section	.debug_aranges,"",%progbits
 956 0000 34000000 		.4byte	0x34
 957 0004 0200     		.2byte	0x2
 958 0006 00000000 		.4byte	.Ldebug_info0
 959 000a 04       		.byte	0x4
 960 000b 00       		.byte	0
 961 000c 0000     		.2byte	0
 962 000e 0000     		.2byte	0
 963 0010 00000000 		.4byte	.LFB0
 964 0014 58000000 		.4byte	.LFE0-.LFB0
 965 0018 00000000 		.4byte	.LFB1
 966 001c 7C000000 		.4byte	.LFE1-.LFB1
 967 0020 00000000 		.4byte	.LFB2
 968 0024 18010000 		.4byte	.LFE2-.LFB2
 969 0028 00000000 		.4byte	.LFB3
 970 002c 68010000 		.4byte	.LFE3-.LFB3
 971 0030 00000000 		.4byte	0
 972 0034 00000000 		.4byte	0
 973              		.section	.debug_ranges,"",%progbits
 974              	.Ldebug_ranges0:
 975 0000 00000000 		.4byte	.LFB0
 976 0004 58000000 		.4byte	.LFE0
 977 0008 00000000 		.4byte	.LFB1
 978 000c 7C000000 		.4byte	.LFE1
 979 0010 00000000 		.4byte	.LFB2
 980 0014 18010000 		.4byte	.LFE2
 981 0018 00000000 		.4byte	.LFB3
 982 001c 68010000 		.4byte	.LFE3
 983 0020 00000000 		.4byte	0
 984 0024 00000000 		.4byte	0
 985              		.section	.debug_line,"",%progbits
 986              	.Ldebug_line0:
 987 0000 9E000000 		.section	.debug_str,"MS",%progbits,1
 987      02002900 
 987      00000201 
 987      FB0E0D00 
 987      01010101 
 988              	.LASF35:
 989 0000 6D61785F 		.ascii	"max_dist_x\000"
 989      64697374 
 989      5F7800
 990              	.LASF29:
 991 000b 73656E73 		.ascii	"sensor_dir\000"
 991      6F725F64 
ARM GAS  C:\Users\cyu13\AppData\Local\Temp\ccpjtdWh.s 			page 20


 991      697200
 992              	.LASF37:
 993 0016 474E5520 		.ascii	"GNU C11 5.4.1 20160609 (release) [ARM/embedded-5-br"
 993      43313120 
 993      352E342E 
 993      31203230 
 993      31363036 
 994 0049 616E6368 		.ascii	"anch revision 237715] -mcpu=cortex-m3 -mthumb -g -O"
 994      20726576 
 994      6973696F 
 994      6E203233 
 994      37373135 
 995 007c 30202D66 		.ascii	"0 -ffunction-sections -ffat-lto-objects\000"
 995      66756E63 
 995      74696F6E 
 995      2D736563 
 995      74696F6E 
 996              	.LASF19:
 997 00a4 676F616C 		.ascii	"goal_x\000"
 997      5F7800
 998              	.LASF14:
 999 00ab 63616C63 		.ascii	"calculate_angle_modulo\000"
 999      756C6174 
 999      655F616E 
 999      676C655F 
 999      6D6F6475 
 1000              	.LASF18:
 1001 00c2 706F735F 		.ascii	"pos_y\000"
 1001      7900
 1002              	.LASF28:
 1003 00c8 67616D6D 		.ascii	"gamma_rot\000"
 1003      615F726F 
 1003      7400
 1004              	.LASF22:
 1005 00d2 706F735F 		.ascii	"pos_yaw\000"
 1005      79617700 
 1006              	.LASF23:
 1007 00da 64697374 		.ascii	"distance\000"
 1007      616E6365 
 1007      00
 1008              	.LASF13:
 1009 00e3 666C6F61 		.ascii	"float\000"
 1009      7400
 1010              	.LASF32:
 1011 00e9 6F627374 		.ascii	"obstacles\000"
 1011      61636C65 
 1011      7300
 1012              	.LASF21:
 1013 00f3 63616C63 		.ascii	"calculate_goal_angle\000"
 1013      756C6174 
 1013      655F676F 
 1013      616C5F61 
 1013      6E676C65 
 1014              	.LASF33:
 1015 0108 64697374 		.ascii	"distance_x\000"
 1015      616E6365 
 1015      5F7800
ARM GAS  C:\Users\cyu13\AppData\Local\Temp\ccpjtdWh.s 			page 21


 1016              	.LASF34:
 1017 0113 64697374 		.ascii	"distance_y\000"
 1017      616E6365 
 1017      5F7900
 1018              	.LASF8:
 1019 011e 6C6F6E67 		.ascii	"long unsigned int\000"
 1019      20756E73 
 1019      69676E65 
 1019      6420696E 
 1019      7400
 1020              	.LASF27:
 1021 0130 62657461 		.ascii	"beta_rot\000"
 1021      5F726F74 
 1021      00
 1022              	.LASF6:
 1023 0139 73686F72 		.ascii	"short unsigned int\000"
 1023      7420756E 
 1023      7369676E 
 1023      65642069 
 1023      6E7400
 1024              	.LASF16:
 1025 014c 616E676C 		.ascii	"angle\000"
 1025      6500
 1026              	.LASF4:
 1027 0152 756E7369 		.ascii	"unsigned char\000"
 1027      676E6564 
 1027      20636861 
 1027      7200
 1028              	.LASF12:
 1029 0160 646F7562 		.ascii	"double\000"
 1029      6C6500
 1030              	.LASF26:
 1031 0167 616C7068 		.ascii	"alpha_rot\000"
 1031      615F726F 
 1031      7400
 1032              	.LASF15:
 1033 0171 63616C63 		.ascii	"calculate_distance_from_goal\000"
 1033      756C6174 
 1033      655F6469 
 1033      7374616E 
 1033      63655F66 
 1034              	.LASF0:
 1035 018e 756E7369 		.ascii	"unsigned int\000"
 1035      676E6564 
 1035      20696E74 
 1035      00
 1036              	.LASF25:
 1037 019b 726F7461 		.ascii	"rotation\000"
 1037      74696F6E 
 1037      00
 1038              	.LASF9:
 1039 01a4 6C6F6E67 		.ascii	"long long unsigned int\000"
 1039      206C6F6E 
 1039      6720756E 
 1039      7369676E 
 1039      65642069 
 1040              	.LASF39:
ARM GAS  C:\Users\cyu13\AppData\Local\Temp\ccpjtdWh.s 			page 22


 1041 01bb 433A5C55 		.ascii	"C:\\Users\\cyu13\\Desktop\\ECE4191 GitHub\\ECE4191\\"
 1041      73657273 
 1041      5C637975 
 1041      31335C44 
 1041      65736B74 
 1042 01e9 44656C69 		.ascii	"DeliveryRobot.cydsn\000"
 1042      76657279 
 1042      526F626F 
 1042      742E6379 
 1042      64736E00 
 1043              	.LASF36:
 1044 01fd 6D61785F 		.ascii	"max_dist_y\000"
 1044      64697374 
 1044      5F7900
 1045              	.LASF40:
 1046 0208 64657465 		.ascii	"detect_obstacle\000"
 1046      63745F6F 
 1046      62737461 
 1046      636C6500 
 1047              	.LASF10:
 1048 0218 73697A65 		.ascii	"sizetype\000"
 1048      74797065 
 1048      00
 1049              	.LASF17:
 1050 0221 706F735F 		.ascii	"pos_x\000"
 1050      7800
 1051              	.LASF1:
 1052 0227 6C6F6E67 		.ascii	"long long int\000"
 1052      206C6F6E 
 1052      6720696E 
 1052      7400
 1053              	.LASF11:
 1054 0235 63686172 		.ascii	"char\000"
 1054      00
 1055              	.LASF5:
 1056 023a 73686F72 		.ascii	"short int\000"
 1056      7420696E 
 1056      7400
 1057              	.LASF24:
 1058 0244 676F616C 		.ascii	"goal_angle\000"
 1058      5F616E67 
 1058      6C6500
 1059              	.LASF31:
 1060 024f 74687265 		.ascii	"threshold\000"
 1060      73686F6C 
 1060      6400
 1061              	.LASF7:
 1062 0259 6C6F6E67 		.ascii	"long int\000"
 1062      20696E74 
 1062      00
 1063              	.LASF2:
 1064 0262 6C6F6E67 		.ascii	"long double\000"
 1064      20646F75 
 1064      626C6500 
 1065              	.LASF20:
 1066 026e 676F616C 		.ascii	"goal_y\000"
 1066      5F7900
ARM GAS  C:\Users\cyu13\AppData\Local\Temp\ccpjtdWh.s 			page 23


 1067              	.LASF3:
 1068 0275 7369676E 		.ascii	"signed char\000"
 1068      65642063 
 1068      68617200 
 1069              	.LASF38:
 1070 0281 2E2E5C48 		.ascii	"..\\Helper\\helper.c\000"
 1070      656C7065 
 1070      725C6865 
 1070      6C706572 
 1070      2E6300
 1071              	.LASF30:
 1072 0294 73656E73 		.ascii	"sensor_dist\000"
 1072      6F725F64 
 1072      69737400 
 1073              		.ident	"GCC: (GNU Tools for ARM Embedded Processors) 5.4.1 20160609 (release) [ARM/embedded-5-bran
