ARM GAS  C:\Users\jmspi\AppData\Local\Temp\cc2lCAXm.s 			page 1


   1              		.syntax unified
   2              		.cpu cortex-m3
   3              		.fpu softvfp
   4              		.eabi_attribute 20, 1
   5              		.eabi_attribute 21, 1
   6              		.eabi_attribute 23, 3
   7              		.eabi_attribute 24, 1
   8              		.eabi_attribute 25, 1
   9              		.eabi_attribute 26, 1
  10              		.eabi_attribute 30, 4
  11              		.eabi_attribute 34, 1
  12              		.eabi_attribute 18, 4
  13              		.thumb
  14              		.syntax unified
  15              		.file	"histc.c"
  16              		.text
  17              	.Ltext0:
  18              		.cfi_sections	.debug_frame
  19              		.global	__aeabi_dcmpge
  20              		.global	__aeabi_dcmplt
  21              		.global	__aeabi_dcmpeq
  22              		.global	__aeabi_dadd
  23              		.global	__aeabi_i2d
  24              		.section	.text.histc,"ax",%progbits
  25              		.align	1
  26              		.global	histc
  27              		.thumb
  28              		.thumb_func
  29              		.type	histc, %function
  30              	histc:
  31              	.LFB0:
  32              		.file 1 "VFH+\\src\\histc.c"
   1:VFH+\src/histc.c **** /*
   2:VFH+\src/histc.c ****  * Academic License - for use in teaching, academic research, and meeting
   3:VFH+\src/histc.c ****  * course requirements at degree granting institutions only.  Not for
   4:VFH+\src/histc.c ****  * government, commercial, or other organizational use.
   5:VFH+\src/histc.c ****  * File: histc.c
   6:VFH+\src/histc.c ****  *
   7:VFH+\src/histc.c ****  * MATLAB Coder version            : 5.3
   8:VFH+\src/histc.c ****  * C/C++ source code generated on  : 30-Aug-2023 22:51:35
   9:VFH+\src/histc.c ****  */
  10:VFH+\src/histc.c **** 
  11:VFH+\src/histc.c **** /* Include Files */
  12:VFH+\src/histc.c **** #include "histc.h"
  13:VFH+\src/histc.c **** #include "rt_nonfinite.h"
  14:VFH+\src/histc.c **** #include "vfhTest_emxutil.h"
  15:VFH+\src/histc.c **** #include "vfhTest_types.h"
  16:VFH+\src/histc.c **** #include "rt_nonfinite.h"
  17:VFH+\src/histc.c **** #include <string.h>
  18:VFH+\src/histc.c **** 
  19:VFH+\src/histc.c **** /* Function Definitions */
  20:VFH+\src/histc.c **** /*
  21:VFH+\src/histc.c ****  * Arguments    : const emxArray_real_T *X
  22:VFH+\src/histc.c ****  *                const double edges[180]
  23:VFH+\src/histc.c ****  *                double N[180]
  24:VFH+\src/histc.c ****  *                emxArray_real_T *BIN
  25:VFH+\src/histc.c ****  * Return Type  : void
ARM GAS  C:\Users\jmspi\AppData\Local\Temp\cc2lCAXm.s 			page 2


  26:VFH+\src/histc.c ****  */
  27:VFH+\src/histc.c **** void histc(const emxArray_real_T *X, const double edges[180], double N[180],
  28:VFH+\src/histc.c ****            emxArray_real_T *BIN)
  29:VFH+\src/histc.c **** {
  33              		.loc 1 29 0
  34              		.cfi_startproc
  35              		@ args = 0, pretend = 0, frame = 16
  36              		@ frame_needed = 0, uses_anonymous_args = 0
  37              	.LVL0:
  38 0000 2DE9F04F 		push	{r4, r5, r6, r7, r8, r9, r10, fp, lr}
  39              		.cfi_def_cfa_offset 36
  40              		.cfi_offset 4, -36
  41              		.cfi_offset 5, -32
  42              		.cfi_offset 6, -28
  43              		.cfi_offset 7, -24
  44              		.cfi_offset 8, -20
  45              		.cfi_offset 9, -16
  46              		.cfi_offset 10, -12
  47              		.cfi_offset 11, -8
  48              		.cfi_offset 14, -4
  49 0004 9246     		mov	r10, r2
  50 0006 0446     		mov	r4, r0
  51 0008 1D46     		mov	r5, r3
  52 000a 85B0     		sub	sp, sp, #20
  53              		.cfi_def_cfa_offset 56
  30:VFH+\src/histc.c ****   const double *X_data;
  31:VFH+\src/histc.c ****   double *BIN_data;
  32:VFH+\src/histc.c ****   int high_i;
  33:VFH+\src/histc.c ****   int i;
  34:VFH+\src/histc.c ****   int k;
  35:VFH+\src/histc.c ****   int low_i;
  36:VFH+\src/histc.c ****   int low_ip1;
  37:VFH+\src/histc.c ****   int mid_i;
  38:VFH+\src/histc.c ****   X_data = X->data;
  54              		.loc 1 38 0
  55 000c 0668     		ldr	r6, [r0]
  56              	.LVL1:
  39:VFH+\src/histc.c ****   memset(&N[0], 0, 180U * sizeof(double));
  57              		.loc 1 39 0
  58 000e 4FF4B462 		mov	r2, #1440
  59              	.LVL2:
  29:VFH+\src/histc.c ****   const double *X_data;
  60              		.loc 1 29 0
  61 0012 0F46     		mov	r7, r1
  62              		.loc 1 39 0
  63 0014 5046     		mov	r0, r10
  64              	.LVL3:
  65 0016 0021     		movs	r1, #0
  66              	.LVL4:
  67 0018 FFF7FEFF 		bl	memset
  68              	.LVL5:
  40:VFH+\src/histc.c ****   i = BIN->size[0];
  41:VFH+\src/histc.c ****   BIN->size[0] = (unsigned short)X->size[0];
  69              		.loc 1 41 0
  70 001c 6268     		ldr	r2, [r4, #4]
  40:VFH+\src/histc.c ****   i = BIN->size[0];
  71              		.loc 1 40 0
ARM GAS  C:\Users\jmspi\AppData\Local\Temp\cc2lCAXm.s 			page 3


  72 001e 6B68     		ldr	r3, [r5, #4]
  73              		.loc 1 41 0
  74 0020 1288     		ldrh	r2, [r2]
  40:VFH+\src/histc.c ****   i = BIN->size[0];
  75              		.loc 1 40 0
  76 0022 1968     		ldr	r1, [r3]
  77              	.LVL6:
  42:VFH+\src/histc.c ****   emxEnsureCapacity_real_T(BIN, i);
  78              		.loc 1 42 0
  79 0024 2846     		mov	r0, r5
  41:VFH+\src/histc.c ****   emxEnsureCapacity_real_T(BIN, i);
  80              		.loc 1 41 0
  81 0026 1A60     		str	r2, [r3]
  82              		.loc 1 42 0
  83 0028 FFF7FEFF 		bl	emxEnsureCapacity_real_T
  84              	.LVL7:
  43:VFH+\src/histc.c ****   BIN_data = BIN->data;
  85              		.loc 1 43 0
  86 002c 2B68     		ldr	r3, [r5]
  87              	.LVL8:
  44:VFH+\src/histc.c ****   low_i = (unsigned short)X->size[0];
  88              		.loc 1 44 0
  89 002e 6268     		ldr	r2, [r4, #4]
  90 0030 1C46     		mov	r4, r3
  91              	.LVL9:
  92 0032 1268     		ldr	r2, [r2]
  45:VFH+\src/histc.c ****   for (i = 0; i < low_i; i++) {
  46:VFH+\src/histc.c ****     BIN_data[i] = 0.0;
  93              		.loc 1 46 0
  94 0034 0020     		movs	r0, #0
  44:VFH+\src/histc.c ****   low_i = (unsigned short)X->size[0];
  95              		.loc 1 44 0
  96 0036 0292     		str	r2, [sp, #8]
  97              	.LVL10:
  98 0038 BDF80820 		ldrh	r2, [sp, #8]
  99              	.LVL11:
 100              		.loc 1 46 0
 101 003c 0021     		movs	r1, #0
 102 003e 03EBC202 		add	r2, r3, r2, lsl #3
 103              	.LVL12:
 104              	.L2:
  45:VFH+\src/histc.c ****   for (i = 0; i < low_i; i++) {
 105              		.loc 1 45 0 discriminator 1
 106 0042 9442     		cmp	r4, r2
 107 0044 02D0     		beq	.L27
 108              		.loc 1 46 0 discriminator 3
 109 0046 E4E80201 		strd	r0, [r4], #8
 110 004a FAE7     		b	.L2
 111              	.L27:
 112 004c 083B     		subs	r3, r3, #8
 113              	.LVL13:
 114 004e 0393     		str	r3, [sp, #12]
 115 0050 083E     		subs	r6, r6, #8
 116              	.LVL14:
  45:VFH+\src/histc.c ****   for (i = 0; i < low_i; i++) {
 117              		.loc 1 45 0
 118 0052 4FF00008 		mov	r8, #0
ARM GAS  C:\Users\jmspi\AppData\Local\Temp\cc2lCAXm.s 			page 4


 119              	.LVL15:
 120              	.L4:
  47:VFH+\src/histc.c ****   }
  48:VFH+\src/histc.c ****   i = X->size[0];
  49:VFH+\src/histc.c ****   for (k = 0; k < i; k++) {
 121              		.loc 1 49 0 discriminator 1
 122 0056 029B     		ldr	r3, [sp, #8]
 123 0058 9845     		cmp	r8, r3
 124 005a 59DA     		bge	.L28
 125              	.LVL16:
  50:VFH+\src/histc.c ****     low_i = 0;
  51:VFH+\src/histc.c ****     if (!rtIsNaN(X_data[k])) {
 126              		.loc 1 51 0
 127 005c F6E90201 		ldrd	r0, [r6, #8]!
 128 0060 FFF7FEFF 		bl	rtIsNaN
 129              	.LVL17:
 130 0064 0028     		cmp	r0, #0
 131 0066 48D1     		bne	.L15
  52:VFH+\src/histc.c ****       if ((X_data[k] >= edges[0]) && (X_data[k] < edges[179])) {
 132              		.loc 1 52 0
 133 0068 D6E90034 		ldrd	r3, [r6]
 134 006c CDE90034 		strd	r3, [sp]
 135 0070 DDE90001 		ldrd	r0, [sp]
 136 0074 D7E90023 		ldrd	r2, [r7]
 137 0078 FFF7FEFF 		bl	__aeabi_dcmpge
 138              	.LVL18:
 139 007c 08B3     		cbz	r0, .L24
 140              		.loc 1 52 0 is_stmt 0 discriminator 1
 141 007e DDE90001 		ldrd	r0, [sp]
 142 0082 07F5B363 		add	r3, r7, #1432
 143 0086 D3E90023 		ldrd	r2, [r3]
 144 008a FFF7FEFF 		bl	__aeabi_dcmplt
 145              	.LVL19:
 146 008e C0B1     		cbz	r0, .L24
 147 0090 4FF0020B 		mov	fp, #2
 148 0094 0124     		movs	r4, #1
 149 0096 4FF0B409 		mov	r9, #180
 150              	.LVL20:
 151              	.L10:
  53:VFH+\src/histc.c ****         low_i = 1;
  54:VFH+\src/histc.c ****         low_ip1 = 2;
  55:VFH+\src/histc.c ****         high_i = 180;
  56:VFH+\src/histc.c ****         while (high_i > low_ip1) {
 152              		.loc 1 56 0 is_stmt 1
 153 009a D945     		cmp	r9, fp
 154 009c 12DD     		ble	.L6
 155              	.LVL21:
  57:VFH+\src/histc.c ****           mid_i = (low_i + high_i) >> 1;
  58:VFH+\src/histc.c ****           if (X_data[k] >= edges[mid_i - 1]) {
 156              		.loc 1 58 0
 157 009e DDE90001 		ldrd	r0, [sp]
  57:VFH+\src/histc.c ****           mid_i = (low_i + high_i) >> 1;
 158              		.loc 1 57 0
 159 00a2 09EB0405 		add	r5, r9, r4
 160 00a6 6D10     		asrs	r5, r5, #1
 161              	.LVL22:
 162              		.loc 1 58 0
ARM GAS  C:\Users\jmspi\AppData\Local\Temp\cc2lCAXm.s 			page 5


 163 00a8 07EBC503 		add	r3, r7, r5, lsl #3
 164 00ac 53E90223 		ldrd	r2, [r3, #-8]
 165 00b0 FFF7FEFF 		bl	__aeabi_dcmpge
 166              	.LVL23:
 167 00b4 18B1     		cbz	r0, .L25
 168              	.LVL24:
  59:VFH+\src/histc.c ****             low_i = mid_i;
  60:VFH+\src/histc.c ****             low_ip1 = mid_i + 1;
 169              		.loc 1 60 0
 170 00b6 05F1010B 		add	fp, r5, #1
 171              	.LVL25:
  57:VFH+\src/histc.c ****           mid_i = (low_i + high_i) >> 1;
 172              		.loc 1 57 0
 173 00ba 2C46     		mov	r4, r5
 174 00bc EDE7     		b	.L10
 175              	.LVL26:
 176              	.L25:
 177 00be A946     		mov	r9, r5
 178              	.LVL27:
 179 00c0 EBE7     		b	.L10
 180              	.LVL28:
 181              	.L24:
  50:VFH+\src/histc.c ****     if (!rtIsNaN(X_data[k])) {
 182              		.loc 1 50 0
 183 00c2 0446     		mov	r4, r0
 184              	.LVL29:
 185              	.L6:
  61:VFH+\src/histc.c ****           } else {
  62:VFH+\src/histc.c ****             high_i = mid_i;
  63:VFH+\src/histc.c ****           }
  64:VFH+\src/histc.c ****         }
  65:VFH+\src/histc.c ****       }
  66:VFH+\src/histc.c ****       if (X_data[k] == edges[179]) {
 186              		.loc 1 66 0
 187 00c4 DDE90001 		ldrd	r0, [sp]
 188 00c8 07F5B363 		add	r3, r7, #1432
 189 00cc D3E90023 		ldrd	r2, [r3]
 190 00d0 FFF7FEFF 		bl	__aeabi_dcmpeq
 191              	.LVL30:
 192 00d4 10B9     		cbnz	r0, .L19
  67:VFH+\src/histc.c ****         low_i = 180;
  68:VFH+\src/histc.c ****       }
  69:VFH+\src/histc.c ****     }
  70:VFH+\src/histc.c ****     if (low_i > 0) {
 193              		.loc 1 70 0
 194 00d6 002C     		cmp	r4, #0
 195 00d8 01DC     		bgt	.L13
 196 00da 0FE0     		b	.L5
 197              	.L19:
  67:VFH+\src/histc.c ****         low_i = 180;
 198              		.loc 1 67 0
 199 00dc B424     		movs	r4, #180
 200              	.LVL31:
 201              	.L13:
  71:VFH+\src/histc.c ****       N[low_i - 1]++;
 202              		.loc 1 71 0
 203 00de 04F10053 		add	r3, r4, #536870912
ARM GAS  C:\Users\jmspi\AppData\Local\Temp\cc2lCAXm.s 			page 6


 204 00e2 013B     		subs	r3, r3, #1
 205 00e4 0AEBC305 		add	r5, r10, r3, lsl #3
 206 00e8 D5E90001 		ldrd	r0, [r5]
 207 00ec 0022     		movs	r2, #0
 208 00ee 0A4B     		ldr	r3, .L29
 209 00f0 FFF7FEFF 		bl	__aeabi_dadd
 210              	.LVL32:
 211 00f4 C5E90001 		strd	r0, [r5]
 212 00f8 00E0     		b	.L5
 213              	.LVL33:
 214              	.L15:
  50:VFH+\src/histc.c ****     if (!rtIsNaN(X_data[k])) {
 215              		.loc 1 50 0
 216 00fa 0024     		movs	r4, #0
 217              	.LVL34:
 218              	.L5:
  72:VFH+\src/histc.c ****     }
  73:VFH+\src/histc.c ****     BIN_data[k] = low_i;
 219              		.loc 1 73 0 discriminator 2
 220 00fc 2046     		mov	r0, r4
 221 00fe FFF7FEFF 		bl	__aeabi_i2d
 222              	.LVL35:
 223 0102 039B     		ldr	r3, [sp, #12]
  49:VFH+\src/histc.c ****     low_i = 0;
 224              		.loc 1 49 0 discriminator 2
 225 0104 08F10108 		add	r8, r8, #1
 226              	.LVL36:
 227              		.loc 1 73 0 discriminator 2
 228 0108 E3E90201 		strd	r0, [r3, #8]!
 229 010c 0393     		str	r3, [sp, #12]
 230 010e A2E7     		b	.L4
 231              	.L28:
  74:VFH+\src/histc.c ****   }
  75:VFH+\src/histc.c **** }
 232              		.loc 1 75 0
 233 0110 05B0     		add	sp, sp, #20
 234              		.cfi_def_cfa_offset 36
 235              		@ sp needed
 236 0112 BDE8F08F 		pop	{r4, r5, r6, r7, r8, r9, r10, fp, pc}
 237              	.LVL37:
 238              	.L30:
 239 0116 00BF     		.align	2
 240              	.L29:
 241 0118 0000F03F 		.word	1072693248
 242              		.cfi_endproc
 243              	.LFE0:
 244              		.size	histc, .-histc
 245              		.text
 246              	.Letext0:
 247              		.file 2 ".\\VFH+\\include/vfhTest_types.h"
 248              		.file 3 ".\\VFH+\\include/vfhTest_emxutil.h"
 249              		.file 4 ".\\VFH+\\include/rt_nonfinite.h"
 250              		.section	.debug_info,"",%progbits
 251              	.Ldebug_info0:
 252 0000 2C020000 		.4byte	0x22c
 253 0004 0400     		.2byte	0x4
 254 0006 00000000 		.4byte	.Ldebug_abbrev0
ARM GAS  C:\Users\jmspi\AppData\Local\Temp\cc2lCAXm.s 			page 7


 255 000a 04       		.byte	0x4
 256 000b 01       		.uleb128 0x1
 257 000c 5A000000 		.4byte	.LASF29
 258 0010 0C       		.byte	0xc
 259 0011 06000000 		.4byte	.LASF30
 260 0015 01010000 		.4byte	.LASF31
 261 0019 00000000 		.4byte	.Ldebug_ranges0+0
 262 001d 00000000 		.4byte	0
 263 0021 00000000 		.4byte	.Ldebug_line0
 264 0025 02       		.uleb128 0x2
 265 0026 01       		.byte	0x1
 266 0027 06       		.byte	0x6
 267 0028 1C020000 		.4byte	.LASF0
 268 002c 02       		.uleb128 0x2
 269 002d 01       		.byte	0x1
 270 002e 08       		.byte	0x8
 271 002f C4010000 		.4byte	.LASF1
 272 0033 02       		.uleb128 0x2
 273 0034 02       		.byte	0x2
 274 0035 05       		.byte	0x5
 275 0036 F6010000 		.4byte	.LASF2
 276 003a 02       		.uleb128 0x2
 277 003b 02       		.byte	0x2
 278 003c 07       		.byte	0x7
 279 003d E8000000 		.4byte	.LASF3
 280 0041 03       		.uleb128 0x3
 281 0042 04       		.byte	0x4
 282 0043 05       		.byte	0x5
 283 0044 696E7400 		.ascii	"int\000"
 284 0048 02       		.uleb128 0x2
 285 0049 04       		.byte	0x4
 286 004a 07       		.byte	0x7
 287 004b 9A010000 		.4byte	.LASF4
 288 004f 02       		.uleb128 0x2
 289 0050 04       		.byte	0x4
 290 0051 04       		.byte	0x4
 291 0052 4A000000 		.4byte	.LASF5
 292 0056 02       		.uleb128 0x2
 293 0057 08       		.byte	0x8
 294 0058 04       		.byte	0x4
 295 0059 6D010000 		.4byte	.LASF6
 296 005d 02       		.uleb128 0x2
 297 005e 01       		.byte	0x1
 298 005f 02       		.byte	0x2
 299 0060 28020000 		.4byte	.LASF7
 300 0064 02       		.uleb128 0x2
 301 0065 04       		.byte	0x4
 302 0066 07       		.byte	0x7
 303 0067 88010000 		.4byte	.LASF8
 304 006b 02       		.uleb128 0x2
 305 006c 01       		.byte	0x1
 306 006d 08       		.byte	0x8
 307 006e E9010000 		.4byte	.LASF9
 308 0072 04       		.uleb128 0x4
 309 0073 31000000 		.4byte	.LASF32
 310 0077 14       		.byte	0x14
 311 0078 02       		.byte	0x2
ARM GAS  C:\Users\jmspi\AppData\Local\Temp\cc2lCAXm.s 			page 8


 312 0079 14       		.byte	0x14
 313 007a BB000000 		.4byte	0xbb
 314 007e 05       		.uleb128 0x5
 315 007f 50000000 		.4byte	.LASF10
 316 0083 02       		.byte	0x2
 317 0084 15       		.byte	0x15
 318 0085 BB000000 		.4byte	0xbb
 319 0089 00       		.byte	0
 320 008a 05       		.uleb128 0x5
 321 008b 55000000 		.4byte	.LASF11
 322 008f 02       		.byte	0x2
 323 0090 16       		.byte	0x16
 324 0091 C1000000 		.4byte	0xc1
 325 0095 04       		.byte	0x4
 326 0096 05       		.uleb128 0x5
 327 0097 17000000 		.4byte	.LASF12
 328 009b 02       		.byte	0x2
 329 009c 17       		.byte	0x17
 330 009d 41000000 		.4byte	0x41
 331 00a1 08       		.byte	0x8
 332 00a2 05       		.uleb128 0x5
 333 00a3 74010000 		.4byte	.LASF13
 334 00a7 02       		.byte	0x2
 335 00a8 18       		.byte	0x18
 336 00a9 41000000 		.4byte	0x41
 337 00ad 0C       		.byte	0xc
 338 00ae 05       		.uleb128 0x5
 339 00af 25000000 		.4byte	.LASF14
 340 00b3 02       		.byte	0x2
 341 00b4 19       		.byte	0x19
 342 00b5 5D000000 		.4byte	0x5d
 343 00b9 10       		.byte	0x10
 344 00ba 00       		.byte	0
 345 00bb 06       		.uleb128 0x6
 346 00bc 04       		.byte	0x4
 347 00bd 56000000 		.4byte	0x56
 348 00c1 06       		.uleb128 0x6
 349 00c2 04       		.byte	0x4
 350 00c3 41000000 		.4byte	0x41
 351 00c7 07       		.uleb128 0x7
 352 00c8 31000000 		.4byte	.LASF32
 353 00cc 02       		.byte	0x2
 354 00cd 1E       		.byte	0x1e
 355 00ce 72000000 		.4byte	0x72
 356 00d2 02       		.uleb128 0x2
 357 00d3 08       		.byte	0x8
 358 00d4 05       		.byte	0x5
 359 00d5 DB010000 		.4byte	.LASF15
 360 00d9 02       		.uleb128 0x2
 361 00da 08       		.byte	0x8
 362 00db 04       		.byte	0x4
 363 00dc 09020000 		.4byte	.LASF16
 364 00e0 02       		.uleb128 0x2
 365 00e1 04       		.byte	0x4
 366 00e2 05       		.byte	0x5
 367 00e3 00020000 		.4byte	.LASF17
 368 00e7 02       		.uleb128 0x2
ARM GAS  C:\Users\jmspi\AppData\Local\Temp\cc2lCAXm.s 			page 9


 369 00e8 08       		.byte	0x8
 370 00e9 07       		.byte	0x7
 371 00ea A7010000 		.4byte	.LASF18
 372 00ee 02       		.uleb128 0x2
 373 00ef 04       		.byte	0x4
 374 00f0 07       		.byte	0x7
 375 00f1 D2010000 		.4byte	.LASF19
 376 00f5 08       		.uleb128 0x8
 377 00f6 82010000 		.4byte	.LASF33
 378 00fa 01       		.byte	0x1
 379 00fb 1B       		.byte	0x1b
 380 00fc 00000000 		.4byte	.LFB0
 381 0100 1C010000 		.4byte	.LFE0-.LFB0
 382 0104 01       		.uleb128 0x1
 383 0105 9C       		.byte	0x9c
 384 0106 F4010000 		.4byte	0x1f4
 385 010a 09       		.uleb128 0x9
 386 010b 5800     		.ascii	"X\000"
 387 010d 01       		.byte	0x1
 388 010e 1B       		.byte	0x1b
 389 010f F4010000 		.4byte	0x1f4
 390 0113 00000000 		.4byte	.LLST0
 391 0117 0A       		.uleb128 0xa
 392 0118 BE010000 		.4byte	.LASF20
 393 011c 01       		.byte	0x1
 394 011d 1B       		.byte	0x1b
 395 011e FF010000 		.4byte	0x1ff
 396 0122 2C000000 		.4byte	.LLST1
 397 0126 09       		.uleb128 0x9
 398 0127 4E00     		.ascii	"N\000"
 399 0129 01       		.byte	0x1
 400 012a 1B       		.byte	0x1b
 401 012b BB000000 		.4byte	0xbb
 402 012f 58000000 		.4byte	.LLST2
 403 0133 09       		.uleb128 0x9
 404 0134 42494E00 		.ascii	"BIN\000"
 405 0138 01       		.byte	0x1
 406 0139 1C       		.byte	0x1c
 407 013a 0A020000 		.4byte	0x20a
 408 013e 84000000 		.4byte	.LLST3
 409 0142 0B       		.uleb128 0xb
 410 0143 15020000 		.4byte	.LASF21
 411 0147 01       		.byte	0x1
 412 0148 1E       		.byte	0x1e
 413 0149 FF010000 		.4byte	0x1ff
 414 014d B0000000 		.4byte	.LLST4
 415 0151 0B       		.uleb128 0xb
 416 0152 41000000 		.4byte	.LASF22
 417 0156 01       		.byte	0x1
 418 0157 1F       		.byte	0x1f
 419 0158 BB000000 		.4byte	0xbb
 420 015c D0000000 		.4byte	.LLST5
 421 0160 0B       		.uleb128 0xb
 422 0161 5F010000 		.4byte	.LASF23
 423 0165 01       		.byte	0x1
 424 0166 20       		.byte	0x20
 425 0167 41000000 		.4byte	0x41
ARM GAS  C:\Users\jmspi\AppData\Local\Temp\cc2lCAXm.s 			page 10


 426 016b EF000000 		.4byte	.LLST6
 427 016f 0C       		.uleb128 0xc
 428 0170 6900     		.ascii	"i\000"
 429 0172 01       		.byte	0x1
 430 0173 21       		.byte	0x21
 431 0174 41000000 		.4byte	0x41
 432 0178 02010000 		.4byte	.LLST7
 433 017c 0C       		.uleb128 0xc
 434 017d 6B00     		.ascii	"k\000"
 435 017f 01       		.byte	0x1
 436 0180 22       		.byte	0x22
 437 0181 41000000 		.4byte	0x41
 438 0185 21010000 		.4byte	.LLST8
 439 0189 0B       		.uleb128 0xb
 440 018a 00000000 		.4byte	.LASF24
 441 018e 01       		.byte	0x1
 442 018f 23       		.byte	0x23
 443 0190 41000000 		.4byte	0x41
 444 0194 34010000 		.4byte	.LLST9
 445 0198 0B       		.uleb128 0xb
 446 0199 EE010000 		.4byte	.LASF25
 447 019d 01       		.byte	0x1
 448 019e 24       		.byte	0x24
 449 019f 41000000 		.4byte	0x41
 450 01a3 AF010000 		.4byte	.LLST10
 451 01a7 0B       		.uleb128 0xb
 452 01a8 FB000000 		.4byte	.LASF26
 453 01ac 01       		.byte	0x1
 454 01ad 25       		.byte	0x25
 455 01ae 41000000 		.4byte	0x41
 456 01b2 CD010000 		.4byte	.LLST11
 457 01b6 0D       		.uleb128 0xd
 458 01b7 1C000000 		.4byte	.LVL5
 459 01bb 10020000 		.4byte	0x210
 460 01bf D6010000 		.4byte	0x1d6
 461 01c3 0E       		.uleb128 0xe
 462 01c4 01       		.uleb128 0x1
 463 01c5 50       		.byte	0x50
 464 01c6 02       		.uleb128 0x2
 465 01c7 7A       		.byte	0x7a
 466 01c8 00       		.sleb128 0
 467 01c9 0E       		.uleb128 0xe
 468 01ca 01       		.uleb128 0x1
 469 01cb 51       		.byte	0x51
 470 01cc 01       		.uleb128 0x1
 471 01cd 30       		.byte	0x30
 472 01ce 0E       		.uleb128 0xe
 473 01cf 01       		.uleb128 0x1
 474 01d0 52       		.byte	0x52
 475 01d1 03       		.uleb128 0x3
 476 01d2 0A       		.byte	0xa
 477 01d3 A005     		.2byte	0x5a0
 478 01d5 00       		.byte	0
 479 01d6 0D       		.uleb128 0xd
 480 01d7 2C000000 		.4byte	.LVL7
 481 01db 19020000 		.4byte	0x219
 482 01df EA010000 		.4byte	0x1ea
ARM GAS  C:\Users\jmspi\AppData\Local\Temp\cc2lCAXm.s 			page 11


 483 01e3 0E       		.uleb128 0xe
 484 01e4 01       		.uleb128 0x1
 485 01e5 50       		.byte	0x50
 486 01e6 02       		.uleb128 0x2
 487 01e7 75       		.byte	0x75
 488 01e8 00       		.sleb128 0
 489 01e9 00       		.byte	0
 490 01ea 0F       		.uleb128 0xf
 491 01eb 64000000 		.4byte	.LVL17
 492 01ef 24020000 		.4byte	0x224
 493 01f3 00       		.byte	0
 494 01f4 06       		.uleb128 0x6
 495 01f5 04       		.byte	0x4
 496 01f6 FA010000 		.4byte	0x1fa
 497 01fa 10       		.uleb128 0x10
 498 01fb C7000000 		.4byte	0xc7
 499 01ff 06       		.uleb128 0x6
 500 0200 04       		.byte	0x4
 501 0201 05020000 		.4byte	0x205
 502 0205 10       		.uleb128 0x10
 503 0206 56000000 		.4byte	0x56
 504 020a 06       		.uleb128 0x6
 505 020b 04       		.byte	0x4
 506 020c C7000000 		.4byte	0xc7
 507 0210 11       		.uleb128 0x11
 508 0211 66010000 		.4byte	.LASF34
 509 0215 66010000 		.4byte	.LASF34
 510 0219 12       		.uleb128 0x12
 511 021a 46010000 		.4byte	.LASF27
 512 021e 46010000 		.4byte	.LASF27
 513 0222 03       		.byte	0x3
 514 0223 1C       		.byte	0x1c
 515 0224 12       		.uleb128 0x12
 516 0225 2E020000 		.4byte	.LASF28
 517 0229 2E020000 		.4byte	.LASF28
 518 022d 04       		.byte	0x4
 519 022e 1E       		.byte	0x1e
 520 022f 00       		.byte	0
 521              		.section	.debug_abbrev,"",%progbits
 522              	.Ldebug_abbrev0:
 523 0000 01       		.uleb128 0x1
 524 0001 11       		.uleb128 0x11
 525 0002 01       		.byte	0x1
 526 0003 25       		.uleb128 0x25
 527 0004 0E       		.uleb128 0xe
 528 0005 13       		.uleb128 0x13
 529 0006 0B       		.uleb128 0xb
 530 0007 03       		.uleb128 0x3
 531 0008 0E       		.uleb128 0xe
 532 0009 1B       		.uleb128 0x1b
 533 000a 0E       		.uleb128 0xe
 534 000b 55       		.uleb128 0x55
 535 000c 17       		.uleb128 0x17
 536 000d 11       		.uleb128 0x11
 537 000e 01       		.uleb128 0x1
 538 000f 10       		.uleb128 0x10
 539 0010 17       		.uleb128 0x17
ARM GAS  C:\Users\jmspi\AppData\Local\Temp\cc2lCAXm.s 			page 12


 540 0011 00       		.byte	0
 541 0012 00       		.byte	0
 542 0013 02       		.uleb128 0x2
 543 0014 24       		.uleb128 0x24
 544 0015 00       		.byte	0
 545 0016 0B       		.uleb128 0xb
 546 0017 0B       		.uleb128 0xb
 547 0018 3E       		.uleb128 0x3e
 548 0019 0B       		.uleb128 0xb
 549 001a 03       		.uleb128 0x3
 550 001b 0E       		.uleb128 0xe
 551 001c 00       		.byte	0
 552 001d 00       		.byte	0
 553 001e 03       		.uleb128 0x3
 554 001f 24       		.uleb128 0x24
 555 0020 00       		.byte	0
 556 0021 0B       		.uleb128 0xb
 557 0022 0B       		.uleb128 0xb
 558 0023 3E       		.uleb128 0x3e
 559 0024 0B       		.uleb128 0xb
 560 0025 03       		.uleb128 0x3
 561 0026 08       		.uleb128 0x8
 562 0027 00       		.byte	0
 563 0028 00       		.byte	0
 564 0029 04       		.uleb128 0x4
 565 002a 13       		.uleb128 0x13
 566 002b 01       		.byte	0x1
 567 002c 03       		.uleb128 0x3
 568 002d 0E       		.uleb128 0xe
 569 002e 0B       		.uleb128 0xb
 570 002f 0B       		.uleb128 0xb
 571 0030 3A       		.uleb128 0x3a
 572 0031 0B       		.uleb128 0xb
 573 0032 3B       		.uleb128 0x3b
 574 0033 0B       		.uleb128 0xb
 575 0034 01       		.uleb128 0x1
 576 0035 13       		.uleb128 0x13
 577 0036 00       		.byte	0
 578 0037 00       		.byte	0
 579 0038 05       		.uleb128 0x5
 580 0039 0D       		.uleb128 0xd
 581 003a 00       		.byte	0
 582 003b 03       		.uleb128 0x3
 583 003c 0E       		.uleb128 0xe
 584 003d 3A       		.uleb128 0x3a
 585 003e 0B       		.uleb128 0xb
 586 003f 3B       		.uleb128 0x3b
 587 0040 0B       		.uleb128 0xb
 588 0041 49       		.uleb128 0x49
 589 0042 13       		.uleb128 0x13
 590 0043 38       		.uleb128 0x38
 591 0044 0B       		.uleb128 0xb
 592 0045 00       		.byte	0
 593 0046 00       		.byte	0
 594 0047 06       		.uleb128 0x6
 595 0048 0F       		.uleb128 0xf
 596 0049 00       		.byte	0
ARM GAS  C:\Users\jmspi\AppData\Local\Temp\cc2lCAXm.s 			page 13


 597 004a 0B       		.uleb128 0xb
 598 004b 0B       		.uleb128 0xb
 599 004c 49       		.uleb128 0x49
 600 004d 13       		.uleb128 0x13
 601 004e 00       		.byte	0
 602 004f 00       		.byte	0
 603 0050 07       		.uleb128 0x7
 604 0051 16       		.uleb128 0x16
 605 0052 00       		.byte	0
 606 0053 03       		.uleb128 0x3
 607 0054 0E       		.uleb128 0xe
 608 0055 3A       		.uleb128 0x3a
 609 0056 0B       		.uleb128 0xb
 610 0057 3B       		.uleb128 0x3b
 611 0058 0B       		.uleb128 0xb
 612 0059 49       		.uleb128 0x49
 613 005a 13       		.uleb128 0x13
 614 005b 00       		.byte	0
 615 005c 00       		.byte	0
 616 005d 08       		.uleb128 0x8
 617 005e 2E       		.uleb128 0x2e
 618 005f 01       		.byte	0x1
 619 0060 3F       		.uleb128 0x3f
 620 0061 19       		.uleb128 0x19
 621 0062 03       		.uleb128 0x3
 622 0063 0E       		.uleb128 0xe
 623 0064 3A       		.uleb128 0x3a
 624 0065 0B       		.uleb128 0xb
 625 0066 3B       		.uleb128 0x3b
 626 0067 0B       		.uleb128 0xb
 627 0068 27       		.uleb128 0x27
 628 0069 19       		.uleb128 0x19
 629 006a 11       		.uleb128 0x11
 630 006b 01       		.uleb128 0x1
 631 006c 12       		.uleb128 0x12
 632 006d 06       		.uleb128 0x6
 633 006e 40       		.uleb128 0x40
 634 006f 18       		.uleb128 0x18
 635 0070 9642     		.uleb128 0x2116
 636 0072 19       		.uleb128 0x19
 637 0073 01       		.uleb128 0x1
 638 0074 13       		.uleb128 0x13
 639 0075 00       		.byte	0
 640 0076 00       		.byte	0
 641 0077 09       		.uleb128 0x9
 642 0078 05       		.uleb128 0x5
 643 0079 00       		.byte	0
 644 007a 03       		.uleb128 0x3
 645 007b 08       		.uleb128 0x8
 646 007c 3A       		.uleb128 0x3a
 647 007d 0B       		.uleb128 0xb
 648 007e 3B       		.uleb128 0x3b
 649 007f 0B       		.uleb128 0xb
 650 0080 49       		.uleb128 0x49
 651 0081 13       		.uleb128 0x13
 652 0082 02       		.uleb128 0x2
 653 0083 17       		.uleb128 0x17
ARM GAS  C:\Users\jmspi\AppData\Local\Temp\cc2lCAXm.s 			page 14


 654 0084 00       		.byte	0
 655 0085 00       		.byte	0
 656 0086 0A       		.uleb128 0xa
 657 0087 05       		.uleb128 0x5
 658 0088 00       		.byte	0
 659 0089 03       		.uleb128 0x3
 660 008a 0E       		.uleb128 0xe
 661 008b 3A       		.uleb128 0x3a
 662 008c 0B       		.uleb128 0xb
 663 008d 3B       		.uleb128 0x3b
 664 008e 0B       		.uleb128 0xb
 665 008f 49       		.uleb128 0x49
 666 0090 13       		.uleb128 0x13
 667 0091 02       		.uleb128 0x2
 668 0092 17       		.uleb128 0x17
 669 0093 00       		.byte	0
 670 0094 00       		.byte	0
 671 0095 0B       		.uleb128 0xb
 672 0096 34       		.uleb128 0x34
 673 0097 00       		.byte	0
 674 0098 03       		.uleb128 0x3
 675 0099 0E       		.uleb128 0xe
 676 009a 3A       		.uleb128 0x3a
 677 009b 0B       		.uleb128 0xb
 678 009c 3B       		.uleb128 0x3b
 679 009d 0B       		.uleb128 0xb
 680 009e 49       		.uleb128 0x49
 681 009f 13       		.uleb128 0x13
 682 00a0 02       		.uleb128 0x2
 683 00a1 17       		.uleb128 0x17
 684 00a2 00       		.byte	0
 685 00a3 00       		.byte	0
 686 00a4 0C       		.uleb128 0xc
 687 00a5 34       		.uleb128 0x34
 688 00a6 00       		.byte	0
 689 00a7 03       		.uleb128 0x3
 690 00a8 08       		.uleb128 0x8
 691 00a9 3A       		.uleb128 0x3a
 692 00aa 0B       		.uleb128 0xb
 693 00ab 3B       		.uleb128 0x3b
 694 00ac 0B       		.uleb128 0xb
 695 00ad 49       		.uleb128 0x49
 696 00ae 13       		.uleb128 0x13
 697 00af 02       		.uleb128 0x2
 698 00b0 17       		.uleb128 0x17
 699 00b1 00       		.byte	0
 700 00b2 00       		.byte	0
 701 00b3 0D       		.uleb128 0xd
 702 00b4 898201   		.uleb128 0x4109
 703 00b7 01       		.byte	0x1
 704 00b8 11       		.uleb128 0x11
 705 00b9 01       		.uleb128 0x1
 706 00ba 31       		.uleb128 0x31
 707 00bb 13       		.uleb128 0x13
 708 00bc 01       		.uleb128 0x1
 709 00bd 13       		.uleb128 0x13
 710 00be 00       		.byte	0
ARM GAS  C:\Users\jmspi\AppData\Local\Temp\cc2lCAXm.s 			page 15


 711 00bf 00       		.byte	0
 712 00c0 0E       		.uleb128 0xe
 713 00c1 8A8201   		.uleb128 0x410a
 714 00c4 00       		.byte	0
 715 00c5 02       		.uleb128 0x2
 716 00c6 18       		.uleb128 0x18
 717 00c7 9142     		.uleb128 0x2111
 718 00c9 18       		.uleb128 0x18
 719 00ca 00       		.byte	0
 720 00cb 00       		.byte	0
 721 00cc 0F       		.uleb128 0xf
 722 00cd 898201   		.uleb128 0x4109
 723 00d0 00       		.byte	0
 724 00d1 11       		.uleb128 0x11
 725 00d2 01       		.uleb128 0x1
 726 00d3 31       		.uleb128 0x31
 727 00d4 13       		.uleb128 0x13
 728 00d5 00       		.byte	0
 729 00d6 00       		.byte	0
 730 00d7 10       		.uleb128 0x10
 731 00d8 26       		.uleb128 0x26
 732 00d9 00       		.byte	0
 733 00da 49       		.uleb128 0x49
 734 00db 13       		.uleb128 0x13
 735 00dc 00       		.byte	0
 736 00dd 00       		.byte	0
 737 00de 11       		.uleb128 0x11
 738 00df 2E       		.uleb128 0x2e
 739 00e0 00       		.byte	0
 740 00e1 3F       		.uleb128 0x3f
 741 00e2 19       		.uleb128 0x19
 742 00e3 3C       		.uleb128 0x3c
 743 00e4 19       		.uleb128 0x19
 744 00e5 6E       		.uleb128 0x6e
 745 00e6 0E       		.uleb128 0xe
 746 00e7 03       		.uleb128 0x3
 747 00e8 0E       		.uleb128 0xe
 748 00e9 00       		.byte	0
 749 00ea 00       		.byte	0
 750 00eb 12       		.uleb128 0x12
 751 00ec 2E       		.uleb128 0x2e
 752 00ed 00       		.byte	0
 753 00ee 3F       		.uleb128 0x3f
 754 00ef 19       		.uleb128 0x19
 755 00f0 3C       		.uleb128 0x3c
 756 00f1 19       		.uleb128 0x19
 757 00f2 6E       		.uleb128 0x6e
 758 00f3 0E       		.uleb128 0xe
 759 00f4 03       		.uleb128 0x3
 760 00f5 0E       		.uleb128 0xe
 761 00f6 3A       		.uleb128 0x3a
 762 00f7 0B       		.uleb128 0xb
 763 00f8 3B       		.uleb128 0x3b
 764 00f9 0B       		.uleb128 0xb
 765 00fa 00       		.byte	0
 766 00fb 00       		.byte	0
 767 00fc 00       		.byte	0
ARM GAS  C:\Users\jmspi\AppData\Local\Temp\cc2lCAXm.s 			page 16


 768              		.section	.debug_loc,"",%progbits
 769              	.Ldebug_loc0:
 770              	.LLST0:
 771 0000 00000000 		.4byte	.LVL0
 772 0004 16000000 		.4byte	.LVL3
 773 0008 0100     		.2byte	0x1
 774 000a 50       		.byte	0x50
 775 000b 16000000 		.4byte	.LVL3
 776 000f 32000000 		.4byte	.LVL9
 777 0013 0100     		.2byte	0x1
 778 0015 54       		.byte	0x54
 779 0016 32000000 		.4byte	.LVL9
 780 001a 1C010000 		.4byte	.LFE0
 781 001e 0400     		.2byte	0x4
 782 0020 F3       		.byte	0xf3
 783 0021 01       		.uleb128 0x1
 784 0022 50       		.byte	0x50
 785 0023 9F       		.byte	0x9f
 786 0024 00000000 		.4byte	0
 787 0028 00000000 		.4byte	0
 788              	.LLST1:
 789 002c 00000000 		.4byte	.LVL0
 790 0030 18000000 		.4byte	.LVL4
 791 0034 0100     		.2byte	0x1
 792 0036 51       		.byte	0x51
 793 0037 18000000 		.4byte	.LVL4
 794 003b 16010000 		.4byte	.LVL37
 795 003f 0100     		.2byte	0x1
 796 0041 57       		.byte	0x57
 797 0042 16010000 		.4byte	.LVL37
 798 0046 1C010000 		.4byte	.LFE0
 799 004a 0400     		.2byte	0x4
 800 004c F3       		.byte	0xf3
 801 004d 01       		.uleb128 0x1
 802 004e 51       		.byte	0x51
 803 004f 9F       		.byte	0x9f
 804 0050 00000000 		.4byte	0
 805 0054 00000000 		.4byte	0
 806              	.LLST2:
 807 0058 00000000 		.4byte	.LVL0
 808 005c 12000000 		.4byte	.LVL2
 809 0060 0100     		.2byte	0x1
 810 0062 52       		.byte	0x52
 811 0063 12000000 		.4byte	.LVL2
 812 0067 16010000 		.4byte	.LVL37
 813 006b 0100     		.2byte	0x1
 814 006d 5A       		.byte	0x5a
 815 006e 16010000 		.4byte	.LVL37
 816 0072 1C010000 		.4byte	.LFE0
 817 0076 0400     		.2byte	0x4
 818 0078 F3       		.byte	0xf3
 819 0079 01       		.uleb128 0x1
 820 007a 52       		.byte	0x52
 821 007b 9F       		.byte	0x9f
 822 007c 00000000 		.4byte	0
 823 0080 00000000 		.4byte	0
 824              	.LLST3:
ARM GAS  C:\Users\jmspi\AppData\Local\Temp\cc2lCAXm.s 			page 17


 825 0084 00000000 		.4byte	.LVL0
 826 0088 1B000000 		.4byte	.LVL5-1
 827 008c 0100     		.2byte	0x1
 828 008e 53       		.byte	0x53
 829 008f 1B000000 		.4byte	.LVL5-1
 830 0093 56000000 		.4byte	.LVL15
 831 0097 0100     		.2byte	0x1
 832 0099 55       		.byte	0x55
 833 009a 56000000 		.4byte	.LVL15
 834 009e 1C010000 		.4byte	.LFE0
 835 00a2 0400     		.2byte	0x4
 836 00a4 F3       		.byte	0xf3
 837 00a5 01       		.uleb128 0x1
 838 00a6 53       		.byte	0x53
 839 00a7 9F       		.byte	0x9f
 840 00a8 00000000 		.4byte	0
 841 00ac 00000000 		.4byte	0
 842              	.LLST4:
 843 00b0 0E000000 		.4byte	.LVL1
 844 00b4 52000000 		.4byte	.LVL14
 845 00b8 0100     		.2byte	0x1
 846 00ba 56       		.byte	0x56
 847 00bb 52000000 		.4byte	.LVL14
 848 00bf 56000000 		.4byte	.LVL15
 849 00c3 0300     		.2byte	0x3
 850 00c5 76       		.byte	0x76
 851 00c6 08       		.sleb128 8
 852 00c7 9F       		.byte	0x9f
 853 00c8 00000000 		.4byte	0
 854 00cc 00000000 		.4byte	0
 855              	.LLST5:
 856 00d0 2E000000 		.4byte	.LVL8
 857 00d4 4E000000 		.4byte	.LVL13
 858 00d8 0100     		.2byte	0x1
 859 00da 53       		.byte	0x53
 860 00db 4E000000 		.4byte	.LVL13
 861 00df 56000000 		.4byte	.LVL15
 862 00e3 0200     		.2byte	0x2
 863 00e5 75       		.byte	0x75
 864 00e6 00       		.sleb128 0
 865 00e7 00000000 		.4byte	0
 866 00eb 00000000 		.4byte	0
 867              	.LLST6:
 868 00ef 9A000000 		.4byte	.LVL20
 869 00f3 C0000000 		.4byte	.LVL27
 870 00f7 0100     		.2byte	0x1
 871 00f9 59       		.byte	0x59
 872 00fa 00000000 		.4byte	0
 873 00fe 00000000 		.4byte	0
 874              	.LLST7:
 875 0102 24000000 		.4byte	.LVL6
 876 0106 2B000000 		.4byte	.LVL7-1
 877 010a 0100     		.2byte	0x1
 878 010c 51       		.byte	0x51
 879 010d 38000000 		.4byte	.LVL10
 880 0111 42000000 		.4byte	.LVL12
 881 0115 0200     		.2byte	0x2
ARM GAS  C:\Users\jmspi\AppData\Local\Temp\cc2lCAXm.s 			page 18


 882 0117 30       		.byte	0x30
 883 0118 9F       		.byte	0x9f
 884 0119 00000000 		.4byte	0
 885 011d 00000000 		.4byte	0
 886              	.LLST8:
 887 0121 56000000 		.4byte	.LVL15
 888 0125 16010000 		.4byte	.LVL37
 889 0129 0100     		.2byte	0x1
 890 012b 58       		.byte	0x58
 891 012c 00000000 		.4byte	0
 892 0130 00000000 		.4byte	0
 893              	.LLST9:
 894 0134 38000000 		.4byte	.LVL10
 895 0138 3C000000 		.4byte	.LVL11
 896 013c 0700     		.2byte	0x7
 897 013e 72       		.byte	0x72
 898 013f 00       		.sleb128 0
 899 0140 0A       		.byte	0xa
 900 0141 FFFF     		.2byte	0xffff
 901 0143 1A       		.byte	0x1a
 902 0144 9F       		.byte	0x9f
 903 0145 3C000000 		.4byte	.LVL11
 904 0149 56000000 		.4byte	.LVL15
 905 014d 0800     		.2byte	0x8
 906 014f 91       		.byte	0x91
 907 0150 50       		.sleb128 -48
 908 0151 06       		.byte	0x6
 909 0152 0A       		.byte	0xa
 910 0153 FFFF     		.2byte	0xffff
 911 0155 1A       		.byte	0x1a
 912 0156 9F       		.byte	0x9f
 913 0157 5C000000 		.4byte	.LVL16
 914 015b 9A000000 		.4byte	.LVL20
 915 015f 0200     		.2byte	0x2
 916 0161 30       		.byte	0x30
 917 0162 9F       		.byte	0x9f
 918 0163 9E000000 		.4byte	.LVL21
 919 0167 B6000000 		.4byte	.LVL24
 920 016b 0100     		.2byte	0x1
 921 016d 54       		.byte	0x54
 922 016e B6000000 		.4byte	.LVL24
 923 0172 BE000000 		.4byte	.LVL26
 924 0176 0100     		.2byte	0x1
 925 0178 55       		.byte	0x55
 926 0179 BE000000 		.4byte	.LVL26
 927 017d C2000000 		.4byte	.LVL28
 928 0181 0100     		.2byte	0x1
 929 0183 54       		.byte	0x54
 930 0184 C2000000 		.4byte	.LVL28
 931 0188 C4000000 		.4byte	.LVL29
 932 018c 0200     		.2byte	0x2
 933 018e 30       		.byte	0x30
 934 018f 9F       		.byte	0x9f
 935 0190 C4000000 		.4byte	.LVL29
 936 0194 FA000000 		.4byte	.LVL33
 937 0198 0100     		.2byte	0x1
 938 019a 54       		.byte	0x54
ARM GAS  C:\Users\jmspi\AppData\Local\Temp\cc2lCAXm.s 			page 19


 939 019b FA000000 		.4byte	.LVL33
 940 019f FC000000 		.4byte	.LVL34
 941 01a3 0200     		.2byte	0x2
 942 01a5 30       		.byte	0x30
 943 01a6 9F       		.byte	0x9f
 944 01a7 00000000 		.4byte	0
 945 01ab 00000000 		.4byte	0
 946              	.LLST10:
 947 01af 9A000000 		.4byte	.LVL20
 948 01b3 9E000000 		.4byte	.LVL21
 949 01b7 0100     		.2byte	0x1
 950 01b9 5B       		.byte	0x5b
 951 01ba BA000000 		.4byte	.LVL25
 952 01be BE000000 		.4byte	.LVL26
 953 01c2 0100     		.2byte	0x1
 954 01c4 5B       		.byte	0x5b
 955 01c5 00000000 		.4byte	0
 956 01c9 00000000 		.4byte	0
 957              	.LLST11:
 958 01cd A8000000 		.4byte	.LVL22
 959 01d1 C2000000 		.4byte	.LVL28
 960 01d5 0100     		.2byte	0x1
 961 01d7 55       		.byte	0x55
 962 01d8 00000000 		.4byte	0
 963 01dc 00000000 		.4byte	0
 964              		.section	.debug_aranges,"",%progbits
 965 0000 1C000000 		.4byte	0x1c
 966 0004 0200     		.2byte	0x2
 967 0006 00000000 		.4byte	.Ldebug_info0
 968 000a 04       		.byte	0x4
 969 000b 00       		.byte	0
 970 000c 0000     		.2byte	0
 971 000e 0000     		.2byte	0
 972 0010 00000000 		.4byte	.LFB0
 973 0014 1C010000 		.4byte	.LFE0-.LFB0
 974 0018 00000000 		.4byte	0
 975 001c 00000000 		.4byte	0
 976              		.section	.debug_ranges,"",%progbits
 977              	.Ldebug_ranges0:
 978 0000 00000000 		.4byte	.LFB0
 979 0004 1C010000 		.4byte	.LFE0
 980 0008 00000000 		.4byte	0
 981 000c 00000000 		.4byte	0
 982              		.section	.debug_line,"",%progbits
 983              	.Ldebug_line0:
 984 0000 DC000000 		.section	.debug_str,"MS",%progbits,1
 984      02007000 
 984      00000201 
 984      FB0E0D00 
 984      01010101 
 985              	.LASF24:
 986 0000 6C6F775F 		.ascii	"low_i\000"
 986      6900
 987              	.LASF30:
 988 0006 5646482B 		.ascii	"VFH+\\src\\histc.c\000"
 988      5C737263 
 988      5C686973 
ARM GAS  C:\Users\jmspi\AppData\Local\Temp\cc2lCAXm.s 			page 20


 988      74632E63 
 988      00
 989              	.LASF12:
 990 0017 616C6C6F 		.ascii	"allocatedSize\000"
 990      63617465 
 990      6453697A 
 990      6500
 991              	.LASF14:
 992 0025 63616E46 		.ascii	"canFreeData\000"
 992      72656544 
 992      61746100 
 993              	.LASF32:
 994 0031 656D7841 		.ascii	"emxArray_real_T\000"
 994      72726179 
 994      5F726561 
 994      6C5F5400 
 995              	.LASF22:
 996 0041 42494E5F 		.ascii	"BIN_data\000"
 996      64617461 
 996      00
 997              	.LASF5:
 998 004a 666C6F61 		.ascii	"float\000"
 998      7400
 999              	.LASF10:
 1000 0050 64617461 		.ascii	"data\000"
 1000      00
 1001              	.LASF11:
 1002 0055 73697A65 		.ascii	"size\000"
 1002      00
 1003              	.LASF29:
 1004 005a 474E5520 		.ascii	"GNU C11 5.4.1 20160609 (release) [ARM/embedded-5-br"
 1004      43313120 
 1004      352E342E 
 1004      31203230 
 1004      31363036 
 1005 008d 616E6368 		.ascii	"anch revision 237715] -mcpu=cortex-m3 -mthumb -g -O"
 1005      20726576 
 1005      6973696F 
 1005      6E203233 
 1005      37373135 
 1006 00c0 73202D66 		.ascii	"s -ffunction-sections -ffat-lto-objects\000"
 1006      66756E63 
 1006      74696F6E 
 1006      2D736563 
 1006      74696F6E 
 1007              	.LASF3:
 1008 00e8 73686F72 		.ascii	"short unsigned int\000"
 1008      7420756E 
 1008      7369676E 
 1008      65642069 
 1008      6E7400
 1009              	.LASF26:
 1010 00fb 6D69645F 		.ascii	"mid_i\000"
 1010      6900
 1011              	.LASF31:
 1012 0101 433A5C55 		.ascii	"C:\\Users\\jmspi\\OneDrive\\Documents\\GitHub\\ECE4"
 1012      73657273 
ARM GAS  C:\Users\jmspi\AppData\Local\Temp\cc2lCAXm.s 			page 21


 1012      5C6A6D73 
 1012      70695C4F 
 1012      6E654472 
 1013 012e 3139315C 		.ascii	"191\\DeliveryRobot.cydsn\000"
 1013      44656C69 
 1013      76657279 
 1013      526F626F 
 1013      742E6379 
 1014              	.LASF27:
 1015 0146 656D7845 		.ascii	"emxEnsureCapacity_real_T\000"
 1015      6E737572 
 1015      65436170 
 1015      61636974 
 1015      795F7265 
 1016              	.LASF23:
 1017 015f 68696768 		.ascii	"high_i\000"
 1017      5F6900
 1018              	.LASF34:
 1019 0166 6D656D73 		.ascii	"memset\000"
 1019      657400
 1020              	.LASF6:
 1021 016d 646F7562 		.ascii	"double\000"
 1021      6C6500
 1022              	.LASF13:
 1023 0174 6E756D44 		.ascii	"numDimensions\000"
 1023      696D656E 
 1023      73696F6E 
 1023      7300
 1024              	.LASF33:
 1025 0182 68697374 		.ascii	"histc\000"
 1025      6300
 1026              	.LASF8:
 1027 0188 6C6F6E67 		.ascii	"long unsigned int\000"
 1027      20756E73 
 1027      69676E65 
 1027      6420696E 
 1027      7400
 1028              	.LASF4:
 1029 019a 756E7369 		.ascii	"unsigned int\000"
 1029      676E6564 
 1029      20696E74 
 1029      00
 1030              	.LASF18:
 1031 01a7 6C6F6E67 		.ascii	"long long unsigned int\000"
 1031      206C6F6E 
 1031      6720756E 
 1031      7369676E 
 1031      65642069 
 1032              	.LASF20:
 1033 01be 65646765 		.ascii	"edges\000"
 1033      7300
 1034              	.LASF1:
 1035 01c4 756E7369 		.ascii	"unsigned char\000"
 1035      676E6564 
 1035      20636861 
 1035      7200
 1036              	.LASF19:
ARM GAS  C:\Users\jmspi\AppData\Local\Temp\cc2lCAXm.s 			page 22


 1037 01d2 73697A65 		.ascii	"sizetype\000"
 1037      74797065 
 1037      00
 1038              	.LASF15:
 1039 01db 6C6F6E67 		.ascii	"long long int\000"
 1039      206C6F6E 
 1039      6720696E 
 1039      7400
 1040              	.LASF9:
 1041 01e9 63686172 		.ascii	"char\000"
 1041      00
 1042              	.LASF25:
 1043 01ee 6C6F775F 		.ascii	"low_ip1\000"
 1043      69703100 
 1044              	.LASF2:
 1045 01f6 73686F72 		.ascii	"short int\000"
 1045      7420696E 
 1045      7400
 1046              	.LASF17:
 1047 0200 6C6F6E67 		.ascii	"long int\000"
 1047      20696E74 
 1047      00
 1048              	.LASF16:
 1049 0209 6C6F6E67 		.ascii	"long double\000"
 1049      20646F75 
 1049      626C6500 
 1050              	.LASF21:
 1051 0215 585F6461 		.ascii	"X_data\000"
 1051      746100
 1052              	.LASF0:
 1053 021c 7369676E 		.ascii	"signed char\000"
 1053      65642063 
 1053      68617200 
 1054              	.LASF7:
 1055 0228 5F426F6F 		.ascii	"_Bool\000"
 1055      6C00
 1056              	.LASF28:
 1057 022e 72744973 		.ascii	"rtIsNaN\000"
 1057      4E614E00 
 1058              		.ident	"GCC: (GNU Tools for ARM Embedded Processors) 5.4.1 20160609 (release) [ARM/embedded-5-bran
