ARM GAS  C:\Users\jmspi\AppData\Local\Temp\ccsXzN6Y.s 			page 1


   1              		.syntax unified
   2              		.cpu cortex-m3
   3              		.fpu softvfp
   4              		.eabi_attribute 20, 1
   5              		.eabi_attribute 21, 1
   6              		.eabi_attribute 23, 3
   7              		.eabi_attribute 24, 1
   8              		.eabi_attribute 25, 1
   9              		.eabi_attribute 26, 1
  10              		.eabi_attribute 30, 4
  11              		.eabi_attribute 34, 1
  12              		.eabi_attribute 18, 4
  13              		.thumb
  14              		.syntax unified
  15              		.file	"mod.c"
  16              		.text
  17              	.Ltext0:
  18              		.cfi_sections	.debug_frame
  19              		.global	__aeabi_dcmpeq
  20              		.global	__aeabi_ddiv
  21              		.global	__aeabi_dadd
  22              		.global	__aeabi_dsub
  23              		.global	__aeabi_dmul
  24              		.global	__aeabi_dcmpgt
  25              		.global	__aeabi_dcmplt
  26              		.section	.text.b_mod,"ax",%progbits
  27              		.align	1
  28              		.global	b_mod
  29              		.thumb
  30              		.thumb_func
  31              		.type	b_mod, %function
  32              	b_mod:
  33              	.LFB0:
  34              		.file 1 "VFH+\\src\\mod.c"
   1:VFH+\src/mod.c **** /*
   2:VFH+\src/mod.c ****  * Academic License - for use in teaching, academic research, and meeting
   3:VFH+\src/mod.c ****  * course requirements at degree granting institutions only.  Not for
   4:VFH+\src/mod.c ****  * government, commercial, or other organizational use.
   5:VFH+\src/mod.c ****  * File: mod.c
   6:VFH+\src/mod.c ****  *
   7:VFH+\src/mod.c ****  * MATLAB Coder version            : 5.3
   8:VFH+\src/mod.c ****  * C/C++ source code generated on  : 30-Aug-2023 22:51:35
   9:VFH+\src/mod.c ****  */
  10:VFH+\src/mod.c **** 
  11:VFH+\src/mod.c **** /* Include Files */
  12:VFH+\src/mod.c **** #include "mod.h"
  13:VFH+\src/mod.c **** #include "rt_nonfinite.h"
  14:VFH+\src/mod.c **** #include "rt_nonfinite.h"
  15:VFH+\src/mod.c **** #include <math.h>
  16:VFH+\src/mod.c **** 
  17:VFH+\src/mod.c **** /* Function Definitions */
  18:VFH+\src/mod.c **** /*
  19:VFH+\src/mod.c ****  * Arguments    : double x
  20:VFH+\src/mod.c ****  * Return Type  : double
  21:VFH+\src/mod.c ****  */
  22:VFH+\src/mod.c **** double b_mod(double x)
  23:VFH+\src/mod.c **** {
ARM GAS  C:\Users\jmspi\AppData\Local\Temp\ccsXzN6Y.s 			page 2


  35              		.loc 1 23 0
  36              		.cfi_startproc
  37              		@ args = 0, pretend = 0, frame = 0
  38              		@ frame_needed = 0, uses_anonymous_args = 0
  39              	.LVL0:
  40 0000 2DE9F84F 		push	{r3, r4, r5, r6, r7, r8, r9, r10, fp, lr}
  41              		.cfi_def_cfa_offset 40
  42              		.cfi_offset 3, -40
  43              		.cfi_offset 4, -36
  44              		.cfi_offset 5, -32
  45              		.cfi_offset 6, -28
  46              		.cfi_offset 7, -24
  47              		.cfi_offset 8, -20
  48              		.cfi_offset 9, -16
  49              		.cfi_offset 10, -12
  50              		.cfi_offset 11, -8
  51              		.cfi_offset 14, -4
  52              		.loc 1 23 0
  53 0004 0646     		mov	r6, r0
  54 0006 0F46     		mov	r7, r1
  24:VFH+\src/mod.c ****   double q;
  25:VFH+\src/mod.c ****   double r;
  26:VFH+\src/mod.c ****   bool rEQ0;
  27:VFH+\src/mod.c ****   if (rtIsNaN(x) || rtIsInf(x)) {
  55              		.loc 1 27 0
  56 0008 FFF7FEFF 		bl	rtIsNaN
  57              	.LVL1:
  58 000c 18B1     		cbz	r0, .L2
  59              	.L4:
  28:VFH+\src/mod.c ****     r = rtNaN;
  60              		.loc 1 28 0
  61 000e 324B     		ldr	r3, .L16+8
  62 0010 D3E90045 		ldrd	r4, [r3]
  63              	.LVL2:
  64 0014 57E0     		b	.L3
  65              	.LVL3:
  66              	.L2:
  27:VFH+\src/mod.c ****     r = rtNaN;
  67              		.loc 1 27 0 discriminator 1
  68 0016 3046     		mov	r0, r6
  69 0018 3946     		mov	r1, r7
  70 001a FFF7FEFF 		bl	rtIsInf
  71              	.LVL4:
  72 001e 0028     		cmp	r0, #0
  73 0020 F5D1     		bne	.L4
  29:VFH+\src/mod.c ****   } else if (x == 0.0) {
  74              		.loc 1 29 0
  75 0022 0022     		movs	r2, #0
  76 0024 0023     		movs	r3, #0
  77 0026 3046     		mov	r0, r6
  78 0028 3946     		mov	r1, r7
  79 002a FFF7FEFF 		bl	__aeabi_dcmpeq
  80              	.LVL5:
  81 002e 10B1     		cbz	r0, .L14
  82              	.L7:
  30:VFH+\src/mod.c ****     r = 0.0;
  83              		.loc 1 30 0
ARM GAS  C:\Users\jmspi\AppData\Local\Temp\ccsXzN6Y.s 			page 3


  84 0030 0024     		movs	r4, #0
  85 0032 0025     		movs	r5, #0
  86 0034 47E0     		b	.L3
  87              	.L14:
  31:VFH+\src/mod.c ****   } else {
  32:VFH+\src/mod.c ****     r = fmod(x, 6.2831853071795862);
  88              		.loc 1 32 0
  89 0036 26A3     		adr	r3, .L16
  90 0038 D3E90023 		ldrd	r2, [r3]
  91 003c 3046     		mov	r0, r6
  92 003e 3946     		mov	r1, r7
  93 0040 FFF7FEFF 		bl	fmod
  94              	.LVL6:
  33:VFH+\src/mod.c ****     rEQ0 = (r == 0.0);
  34:VFH+\src/mod.c ****     if (!rEQ0) {
  95              		.loc 1 34 0
  96 0044 0022     		movs	r2, #0
  97 0046 0023     		movs	r3, #0
  32:VFH+\src/mod.c ****     rEQ0 = (r == 0.0);
  98              		.loc 1 32 0
  99 0048 0446     		mov	r4, r0
 100 004a 0D46     		mov	r5, r1
 101              	.LVL7:
 102              		.loc 1 34 0
 103 004c FFF7FEFF 		bl	__aeabi_dcmpeq
 104              	.LVL8:
 105 0050 0028     		cmp	r0, #0
 106 0052 EDD1     		bne	.L7
  35:VFH+\src/mod.c ****       q = fabs(x / 6.2831853071795862);
 107              		.loc 1 35 0
 108 0054 1EA3     		adr	r3, .L16
 109 0056 D3E90023 		ldrd	r2, [r3]
 110 005a 3046     		mov	r0, r6
 111 005c 3946     		mov	r1, r7
 112 005e FFF7FEFF 		bl	__aeabi_ddiv
 113              	.LVL9:
 114 0062 8346     		mov	fp, r0
 115 0064 21F0004A 		bic	r10, r1, #-2147483648
 116              	.LVL10:
  36:VFH+\src/mod.c ****       rEQ0 = !(fabs(q - floor(q + 0.5)) > 2.2204460492503131E-16 * q);
 117              		.loc 1 36 0
 118 0068 0022     		movs	r2, #0
 119 006a 1C4B     		ldr	r3, .L16+12
 120 006c 5846     		mov	r0, fp
 121 006e 5146     		mov	r1, r10
 122 0070 FFF7FEFF 		bl	__aeabi_dadd
 123              	.LVL11:
 124 0074 FFF7FEFF 		bl	floor
 125              	.LVL12:
  37:VFH+\src/mod.c ****     }
  38:VFH+\src/mod.c ****     if (rEQ0) {
 126              		.loc 1 38 0
 127 0078 0246     		mov	r2, r0
 128 007a 0B46     		mov	r3, r1
 129 007c 5846     		mov	r0, fp
 130              	.LVL13:
 131 007e 5146     		mov	r1, r10
ARM GAS  C:\Users\jmspi\AppData\Local\Temp\ccsXzN6Y.s 			page 4


 132 0080 FFF7FEFF 		bl	__aeabi_dsub
 133              	.LVL14:
 134 0084 0022     		movs	r2, #0
 135 0086 8146     		mov	r9, r0
 136 0088 21F00048 		bic	r8, r1, #-2147483648
 137 008c 144B     		ldr	r3, .L16+16
 138 008e 5846     		mov	r0, fp
 139 0090 5146     		mov	r1, r10
 140 0092 FFF7FEFF 		bl	__aeabi_dmul
 141              	.LVL15:
 142 0096 0246     		mov	r2, r0
 143 0098 0B46     		mov	r3, r1
 144 009a 4846     		mov	r0, r9
 145 009c 4146     		mov	r1, r8
 146 009e FFF7FEFF 		bl	__aeabi_dcmpgt
 147              	.LVL16:
 148 00a2 0028     		cmp	r0, #0
 149 00a4 C4D0     		beq	.L7
  39:VFH+\src/mod.c ****       r = 0.0;
  40:VFH+\src/mod.c ****     } else if (x < 0.0) {
 150              		.loc 1 40 0
 151 00a6 0022     		movs	r2, #0
 152 00a8 0023     		movs	r3, #0
 153 00aa 3046     		mov	r0, r6
 154 00ac 3946     		mov	r1, r7
 155 00ae FFF7FEFF 		bl	__aeabi_dcmplt
 156              	.LVL17:
 157 00b2 40B1     		cbz	r0, .L3
  41:VFH+\src/mod.c ****       r += 6.2831853071795862;
 158              		.loc 1 41 0
 159 00b4 06A3     		adr	r3, .L16
 160 00b6 D3E90023 		ldrd	r2, [r3]
 161 00ba 2046     		mov	r0, r4
 162 00bc 2946     		mov	r1, r5
 163 00be FFF7FEFF 		bl	__aeabi_dadd
 164              	.LVL18:
 165 00c2 0446     		mov	r4, r0
 166              	.LVL19:
 167 00c4 0D46     		mov	r5, r1
 168              	.LVL20:
 169              	.L3:
  42:VFH+\src/mod.c ****     }
  43:VFH+\src/mod.c ****   }
  44:VFH+\src/mod.c ****   return r;
  45:VFH+\src/mod.c **** }
 170              		.loc 1 45 0
 171 00c6 2046     		mov	r0, r4
 172 00c8 2946     		mov	r1, r5
 173 00ca BDE8F88F 		pop	{r3, r4, r5, r6, r7, r8, r9, r10, fp, pc}
 174              	.LVL21:
 175              	.L17:
 176 00ce 00BF     		.align	3
 177              	.L16:
 178 00d0 182D4454 		.word	1413754136
 179 00d4 FB211940 		.word	1075388923
 180 00d8 00000000 		.word	rtNaN
 181 00dc 0000E03F 		.word	1071644672
ARM GAS  C:\Users\jmspi\AppData\Local\Temp\ccsXzN6Y.s 			page 5


 182 00e0 0000B03C 		.word	1018167296
 183              		.cfi_endproc
 184              	.LFE0:
 185              		.size	b_mod, .-b_mod
 186              		.text
 187              	.Letext0:
 188              		.file 2 ".\\VFH+\\include/rt_nonfinite.h"
 189              		.file 3 "c:\\program files (x86)\\cypress\\psoc creator\\4.4\\psoc creator\\import\\gnu\\arm\\5.4.
 190              		.file 4 ".\\VFH+\\include/rtwtypes.h"
 191              		.section	.debug_info,"",%progbits
 192              	.Ldebug_info0:
 193 0000 74010000 		.4byte	0x174
 194 0004 0400     		.2byte	0x4
 195 0006 00000000 		.4byte	.Ldebug_abbrev0
 196 000a 04       		.byte	0x4
 197 000b 01       		.uleb128 0x1
 198 000c CE000000 		.4byte	.LASF20
 199 0010 0C       		.byte	0xc
 200 0011 9C010000 		.4byte	.LASF21
 201 0015 60000000 		.4byte	.LASF22
 202 0019 00000000 		.4byte	.Ldebug_ranges0+0
 203 001d 00000000 		.4byte	0
 204 0021 00000000 		.4byte	.Ldebug_line0
 205 0025 02       		.uleb128 0x2
 206 0026 08       		.byte	0x8
 207 0027 04       		.byte	0x4
 208 0028 B9000000 		.4byte	.LASF0
 209 002c 02       		.uleb128 0x2
 210 002d 01       		.byte	0x1
 211 002e 06       		.byte	0x6
 212 002f 7C010000 		.4byte	.LASF1
 213 0033 02       		.uleb128 0x2
 214 0034 01       		.byte	0x1
 215 0035 08       		.byte	0x8
 216 0036 13000000 		.4byte	.LASF2
 217 003a 02       		.uleb128 0x2
 218 003b 02       		.byte	0x2
 219 003c 05       		.byte	0x5
 220 003d AB010000 		.4byte	.LASF3
 221 0041 02       		.uleb128 0x2
 222 0042 02       		.byte	0x2
 223 0043 07       		.byte	0x7
 224 0044 69010000 		.4byte	.LASF4
 225 0048 03       		.uleb128 0x3
 226 0049 04       		.byte	0x4
 227 004a 05       		.byte	0x5
 228 004b 696E7400 		.ascii	"int\000"
 229 004f 02       		.uleb128 0x2
 230 0050 04       		.byte	0x4
 231 0051 07       		.byte	0x7
 232 0052 00000000 		.4byte	.LASF5
 233 0056 02       		.uleb128 0x2
 234 0057 04       		.byte	0x4
 235 0058 04       		.byte	0x4
 236 0059 55000000 		.4byte	.LASF6
 237 005d 04       		.uleb128 0x4
 238 005e 5C010000 		.4byte	.LASF23
ARM GAS  C:\Users\jmspi\AppData\Local\Temp\ccsXzN6Y.s 			page 6


 239 0062 04       		.byte	0x4
 240 0063 37       		.byte	0x37
 241 0064 25000000 		.4byte	0x25
 242 0068 02       		.uleb128 0x2
 243 0069 01       		.byte	0x1
 244 006a 02       		.byte	0x2
 245 006b A5000000 		.4byte	.LASF7
 246 006f 02       		.uleb128 0x2
 247 0070 04       		.byte	0x4
 248 0071 07       		.byte	0x7
 249 0072 2C000000 		.4byte	.LASF8
 250 0076 02       		.uleb128 0x2
 251 0077 01       		.byte	0x1
 252 0078 08       		.byte	0x8
 253 0079 AB000000 		.4byte	.LASF9
 254 007d 02       		.uleb128 0x2
 255 007e 08       		.byte	0x8
 256 007f 05       		.byte	0x5
 257 0080 C0000000 		.4byte	.LASF10
 258 0084 02       		.uleb128 0x2
 259 0085 08       		.byte	0x8
 260 0086 04       		.byte	0x4
 261 0087 88010000 		.4byte	.LASF11
 262 008b 02       		.uleb128 0x2
 263 008c 04       		.byte	0x4
 264 008d 05       		.byte	0x5
 265 008e B0000000 		.4byte	.LASF12
 266 0092 02       		.uleb128 0x2
 267 0093 08       		.byte	0x8
 268 0094 07       		.byte	0x7
 269 0095 3E000000 		.4byte	.LASF13
 270 0099 02       		.uleb128 0x2
 271 009a 04       		.byte	0x4
 272 009b 07       		.byte	0x7
 273 009c BD010000 		.4byte	.LASF14
 274 00a0 05       		.uleb128 0x5
 275 00a1 63010000 		.4byte	.LASF24
 276 00a5 01       		.byte	0x1
 277 00a6 16       		.byte	0x16
 278 00a7 25000000 		.4byte	0x25
 279 00ab 00000000 		.4byte	.LFB0
 280 00af E4000000 		.4byte	.LFE0-.LFB0
 281 00b3 01       		.uleb128 0x1
 282 00b4 9C       		.byte	0x9c
 283 00b5 40010000 		.4byte	0x140
 284 00b9 06       		.uleb128 0x6
 285 00ba 7800     		.ascii	"x\000"
 286 00bc 01       		.byte	0x1
 287 00bd 16       		.byte	0x16
 288 00be 25000000 		.4byte	0x25
 289 00c2 00000000 		.4byte	.LLST0
 290 00c6 07       		.uleb128 0x7
 291 00c7 7100     		.ascii	"q\000"
 292 00c9 01       		.byte	0x1
 293 00ca 18       		.byte	0x18
 294 00cb 25000000 		.4byte	0x25
 295 00cf 28000000 		.4byte	.LLST1
ARM GAS  C:\Users\jmspi\AppData\Local\Temp\ccsXzN6Y.s 			page 7


 296 00d3 07       		.uleb128 0x7
 297 00d4 7200     		.ascii	"r\000"
 298 00d6 01       		.byte	0x1
 299 00d7 19       		.byte	0x19
 300 00d8 25000000 		.4byte	0x25
 301 00dc 50000000 		.4byte	.LLST2
 302 00e0 08       		.uleb128 0x8
 303 00e1 5B000000 		.4byte	.LASF15
 304 00e5 01       		.byte	0x1
 305 00e6 1A       		.byte	0x1a
 306 00e7 68000000 		.4byte	0x68
 307 00eb 88000000 		.4byte	.LLST3
 308 00ef 09       		.uleb128 0x9
 309 00f0 0C000000 		.4byte	.LVL1
 310 00f4 4B010000 		.4byte	0x14b
 311 00f8 0B010000 		.4byte	0x10b
 312 00fc 0A       		.uleb128 0xa
 313 00fd 06       		.uleb128 0x6
 314 00fe 50       		.byte	0x50
 315 00ff 93       		.byte	0x93
 316 0100 04       		.uleb128 0x4
 317 0101 51       		.byte	0x51
 318 0102 93       		.byte	0x93
 319 0103 04       		.uleb128 0x4
 320 0104 05       		.uleb128 0x5
 321 0105 F3       		.byte	0xf3
 322 0106 03       		.uleb128 0x3
 323 0107 F5       		.byte	0xf5
 324 0108 00       		.uleb128 0
 325 0109 25       		.uleb128 0x25
 326 010a 00       		.byte	0
 327 010b 0B       		.uleb128 0xb
 328 010c 1E000000 		.4byte	.LVL4
 329 0110 56010000 		.4byte	0x156
 330 0114 09       		.uleb128 0x9
 331 0115 44000000 		.4byte	.LVL6
 332 0119 61010000 		.4byte	0x161
 333 011d 36010000 		.4byte	0x136
 334 0121 0A       		.uleb128 0xa
 335 0122 06       		.uleb128 0x6
 336 0123 52       		.byte	0x52
 337 0124 93       		.byte	0x93
 338 0125 04       		.uleb128 0x4
 339 0126 53       		.byte	0x53
 340 0127 93       		.byte	0x93
 341 0128 04       		.uleb128 0x4
 342 0129 0B       		.uleb128 0xb
 343 012a F4       		.byte	0xf4
 344 012b 25       		.uleb128 0x25
 345 012c 08       		.byte	0x8
 346 012d 182D4454 		.4byte	0x54442d18
 347 0131 FB211940 		.4byte	0x401921fb
 348 0135 00       		.byte	0
 349 0136 0B       		.uleb128 0xb
 350 0137 78000000 		.4byte	.LVL12
 351 013b 6C010000 		.4byte	0x16c
 352 013f 00       		.byte	0
ARM GAS  C:\Users\jmspi\AppData\Local\Temp\ccsXzN6Y.s 			page 8


 353 0140 0C       		.uleb128 0xc
 354 0141 0D000000 		.4byte	.LASF25
 355 0145 02       		.byte	0x2
 356 0146 17       		.byte	0x17
 357 0147 5D000000 		.4byte	0x5d
 358 014b 0D       		.uleb128 0xd
 359 014c B5010000 		.4byte	.LASF16
 360 0150 B5010000 		.4byte	.LASF16
 361 0154 02       		.byte	0x2
 362 0155 1E       		.byte	0x1e
 363 0156 0D       		.uleb128 0xd
 364 0157 94010000 		.4byte	.LASF17
 365 015b 94010000 		.4byte	.LASF17
 366 015f 02       		.byte	0x2
 367 0160 1C       		.byte	0x1c
 368 0161 0D       		.uleb128 0xd
 369 0162 27000000 		.4byte	.LASF18
 370 0166 27000000 		.4byte	.LASF18
 371 016a 03       		.byte	0x3
 372 016b 88       		.byte	0x88
 373 016c 0D       		.uleb128 0xd
 374 016d 21000000 		.4byte	.LASF19
 375 0171 21000000 		.4byte	.LASF19
 376 0175 03       		.byte	0x3
 377 0176 76       		.byte	0x76
 378 0177 00       		.byte	0
 379              		.section	.debug_abbrev,"",%progbits
 380              	.Ldebug_abbrev0:
 381 0000 01       		.uleb128 0x1
 382 0001 11       		.uleb128 0x11
 383 0002 01       		.byte	0x1
 384 0003 25       		.uleb128 0x25
 385 0004 0E       		.uleb128 0xe
 386 0005 13       		.uleb128 0x13
 387 0006 0B       		.uleb128 0xb
 388 0007 03       		.uleb128 0x3
 389 0008 0E       		.uleb128 0xe
 390 0009 1B       		.uleb128 0x1b
 391 000a 0E       		.uleb128 0xe
 392 000b 55       		.uleb128 0x55
 393 000c 17       		.uleb128 0x17
 394 000d 11       		.uleb128 0x11
 395 000e 01       		.uleb128 0x1
 396 000f 10       		.uleb128 0x10
 397 0010 17       		.uleb128 0x17
 398 0011 00       		.byte	0
 399 0012 00       		.byte	0
 400 0013 02       		.uleb128 0x2
 401 0014 24       		.uleb128 0x24
 402 0015 00       		.byte	0
 403 0016 0B       		.uleb128 0xb
 404 0017 0B       		.uleb128 0xb
 405 0018 3E       		.uleb128 0x3e
 406 0019 0B       		.uleb128 0xb
 407 001a 03       		.uleb128 0x3
 408 001b 0E       		.uleb128 0xe
 409 001c 00       		.byte	0
ARM GAS  C:\Users\jmspi\AppData\Local\Temp\ccsXzN6Y.s 			page 9


 410 001d 00       		.byte	0
 411 001e 03       		.uleb128 0x3
 412 001f 24       		.uleb128 0x24
 413 0020 00       		.byte	0
 414 0021 0B       		.uleb128 0xb
 415 0022 0B       		.uleb128 0xb
 416 0023 3E       		.uleb128 0x3e
 417 0024 0B       		.uleb128 0xb
 418 0025 03       		.uleb128 0x3
 419 0026 08       		.uleb128 0x8
 420 0027 00       		.byte	0
 421 0028 00       		.byte	0
 422 0029 04       		.uleb128 0x4
 423 002a 16       		.uleb128 0x16
 424 002b 00       		.byte	0
 425 002c 03       		.uleb128 0x3
 426 002d 0E       		.uleb128 0xe
 427 002e 3A       		.uleb128 0x3a
 428 002f 0B       		.uleb128 0xb
 429 0030 3B       		.uleb128 0x3b
 430 0031 0B       		.uleb128 0xb
 431 0032 49       		.uleb128 0x49
 432 0033 13       		.uleb128 0x13
 433 0034 00       		.byte	0
 434 0035 00       		.byte	0
 435 0036 05       		.uleb128 0x5
 436 0037 2E       		.uleb128 0x2e
 437 0038 01       		.byte	0x1
 438 0039 3F       		.uleb128 0x3f
 439 003a 19       		.uleb128 0x19
 440 003b 03       		.uleb128 0x3
 441 003c 0E       		.uleb128 0xe
 442 003d 3A       		.uleb128 0x3a
 443 003e 0B       		.uleb128 0xb
 444 003f 3B       		.uleb128 0x3b
 445 0040 0B       		.uleb128 0xb
 446 0041 27       		.uleb128 0x27
 447 0042 19       		.uleb128 0x19
 448 0043 49       		.uleb128 0x49
 449 0044 13       		.uleb128 0x13
 450 0045 11       		.uleb128 0x11
 451 0046 01       		.uleb128 0x1
 452 0047 12       		.uleb128 0x12
 453 0048 06       		.uleb128 0x6
 454 0049 40       		.uleb128 0x40
 455 004a 18       		.uleb128 0x18
 456 004b 9642     		.uleb128 0x2116
 457 004d 19       		.uleb128 0x19
 458 004e 01       		.uleb128 0x1
 459 004f 13       		.uleb128 0x13
 460 0050 00       		.byte	0
 461 0051 00       		.byte	0
 462 0052 06       		.uleb128 0x6
 463 0053 05       		.uleb128 0x5
 464 0054 00       		.byte	0
 465 0055 03       		.uleb128 0x3
 466 0056 08       		.uleb128 0x8
ARM GAS  C:\Users\jmspi\AppData\Local\Temp\ccsXzN6Y.s 			page 10


 467 0057 3A       		.uleb128 0x3a
 468 0058 0B       		.uleb128 0xb
 469 0059 3B       		.uleb128 0x3b
 470 005a 0B       		.uleb128 0xb
 471 005b 49       		.uleb128 0x49
 472 005c 13       		.uleb128 0x13
 473 005d 02       		.uleb128 0x2
 474 005e 17       		.uleb128 0x17
 475 005f 00       		.byte	0
 476 0060 00       		.byte	0
 477 0061 07       		.uleb128 0x7
 478 0062 34       		.uleb128 0x34
 479 0063 00       		.byte	0
 480 0064 03       		.uleb128 0x3
 481 0065 08       		.uleb128 0x8
 482 0066 3A       		.uleb128 0x3a
 483 0067 0B       		.uleb128 0xb
 484 0068 3B       		.uleb128 0x3b
 485 0069 0B       		.uleb128 0xb
 486 006a 49       		.uleb128 0x49
 487 006b 13       		.uleb128 0x13
 488 006c 02       		.uleb128 0x2
 489 006d 17       		.uleb128 0x17
 490 006e 00       		.byte	0
 491 006f 00       		.byte	0
 492 0070 08       		.uleb128 0x8
 493 0071 34       		.uleb128 0x34
 494 0072 00       		.byte	0
 495 0073 03       		.uleb128 0x3
 496 0074 0E       		.uleb128 0xe
 497 0075 3A       		.uleb128 0x3a
 498 0076 0B       		.uleb128 0xb
 499 0077 3B       		.uleb128 0x3b
 500 0078 0B       		.uleb128 0xb
 501 0079 49       		.uleb128 0x49
 502 007a 13       		.uleb128 0x13
 503 007b 02       		.uleb128 0x2
 504 007c 17       		.uleb128 0x17
 505 007d 00       		.byte	0
 506 007e 00       		.byte	0
 507 007f 09       		.uleb128 0x9
 508 0080 898201   		.uleb128 0x4109
 509 0083 01       		.byte	0x1
 510 0084 11       		.uleb128 0x11
 511 0085 01       		.uleb128 0x1
 512 0086 31       		.uleb128 0x31
 513 0087 13       		.uleb128 0x13
 514 0088 01       		.uleb128 0x1
 515 0089 13       		.uleb128 0x13
 516 008a 00       		.byte	0
 517 008b 00       		.byte	0
 518 008c 0A       		.uleb128 0xa
 519 008d 8A8201   		.uleb128 0x410a
 520 0090 00       		.byte	0
 521 0091 02       		.uleb128 0x2
 522 0092 18       		.uleb128 0x18
 523 0093 9142     		.uleb128 0x2111
ARM GAS  C:\Users\jmspi\AppData\Local\Temp\ccsXzN6Y.s 			page 11


 524 0095 18       		.uleb128 0x18
 525 0096 00       		.byte	0
 526 0097 00       		.byte	0
 527 0098 0B       		.uleb128 0xb
 528 0099 898201   		.uleb128 0x4109
 529 009c 00       		.byte	0
 530 009d 11       		.uleb128 0x11
 531 009e 01       		.uleb128 0x1
 532 009f 31       		.uleb128 0x31
 533 00a0 13       		.uleb128 0x13
 534 00a1 00       		.byte	0
 535 00a2 00       		.byte	0
 536 00a3 0C       		.uleb128 0xc
 537 00a4 34       		.uleb128 0x34
 538 00a5 00       		.byte	0
 539 00a6 03       		.uleb128 0x3
 540 00a7 0E       		.uleb128 0xe
 541 00a8 3A       		.uleb128 0x3a
 542 00a9 0B       		.uleb128 0xb
 543 00aa 3B       		.uleb128 0x3b
 544 00ab 0B       		.uleb128 0xb
 545 00ac 49       		.uleb128 0x49
 546 00ad 13       		.uleb128 0x13
 547 00ae 3F       		.uleb128 0x3f
 548 00af 19       		.uleb128 0x19
 549 00b0 3C       		.uleb128 0x3c
 550 00b1 19       		.uleb128 0x19
 551 00b2 00       		.byte	0
 552 00b3 00       		.byte	0
 553 00b4 0D       		.uleb128 0xd
 554 00b5 2E       		.uleb128 0x2e
 555 00b6 00       		.byte	0
 556 00b7 3F       		.uleb128 0x3f
 557 00b8 19       		.uleb128 0x19
 558 00b9 3C       		.uleb128 0x3c
 559 00ba 19       		.uleb128 0x19
 560 00bb 6E       		.uleb128 0x6e
 561 00bc 0E       		.uleb128 0xe
 562 00bd 03       		.uleb128 0x3
 563 00be 0E       		.uleb128 0xe
 564 00bf 3A       		.uleb128 0x3a
 565 00c0 0B       		.uleb128 0xb
 566 00c1 3B       		.uleb128 0x3b
 567 00c2 0B       		.uleb128 0xb
 568 00c3 00       		.byte	0
 569 00c4 00       		.byte	0
 570 00c5 00       		.byte	0
 571              		.section	.debug_loc,"",%progbits
 572              	.Ldebug_loc0:
 573              	.LLST0:
 574 0000 00000000 		.4byte	.LVL0
 575 0004 0B000000 		.4byte	.LVL1-1
 576 0008 0600     		.2byte	0x6
 577 000a 50       		.byte	0x50
 578 000b 93       		.byte	0x93
 579 000c 04       		.uleb128 0x4
 580 000d 51       		.byte	0x51
ARM GAS  C:\Users\jmspi\AppData\Local\Temp\ccsXzN6Y.s 			page 12


 581 000e 93       		.byte	0x93
 582 000f 04       		.uleb128 0x4
 583 0010 0B000000 		.4byte	.LVL1-1
 584 0014 E4000000 		.4byte	.LFE0
 585 0018 0600     		.2byte	0x6
 586 001a F3       		.byte	0xf3
 587 001b 03       		.uleb128 0x3
 588 001c F5       		.byte	0xf5
 589 001d 00       		.uleb128 0
 590 001e 25       		.uleb128 0x25
 591 001f 9F       		.byte	0x9f
 592 0020 00000000 		.4byte	0
 593 0024 00000000 		.4byte	0
 594              	.LLST1:
 595 0028 68000000 		.4byte	.LVL10
 596 002c 73000000 		.4byte	.LVL11-1
 597 0030 0600     		.2byte	0x6
 598 0032 50       		.byte	0x50
 599 0033 93       		.byte	0x93
 600 0034 04       		.uleb128 0x4
 601 0035 5A       		.byte	0x5a
 602 0036 93       		.byte	0x93
 603 0037 04       		.uleb128 0x4
 604 0038 73000000 		.4byte	.LVL11-1
 605 003c C6000000 		.4byte	.LVL20
 606 0040 0600     		.2byte	0x6
 607 0042 5B       		.byte	0x5b
 608 0043 93       		.byte	0x93
 609 0044 04       		.uleb128 0x4
 610 0045 5A       		.byte	0x5a
 611 0046 93       		.byte	0x93
 612 0047 04       		.uleb128 0x4
 613 0048 00000000 		.4byte	0
 614 004c 00000000 		.4byte	0
 615              	.LLST2:
 616 0050 14000000 		.4byte	.LVL2
 617 0054 16000000 		.4byte	.LVL3
 618 0058 0600     		.2byte	0x6
 619 005a 54       		.byte	0x54
 620 005b 93       		.byte	0x93
 621 005c 04       		.uleb128 0x4
 622 005d 55       		.byte	0x55
 623 005e 93       		.byte	0x93
 624 005f 04       		.uleb128 0x4
 625 0060 4C000000 		.4byte	.LVL7
 626 0064 C4000000 		.4byte	.LVL19
 627 0068 0600     		.2byte	0x6
 628 006a 54       		.byte	0x54
 629 006b 93       		.byte	0x93
 630 006c 04       		.uleb128 0x4
 631 006d 55       		.byte	0x55
 632 006e 93       		.byte	0x93
 633 006f 04       		.uleb128 0x4
 634 0070 C6000000 		.4byte	.LVL20
 635 0074 CE000000 		.4byte	.LVL21
 636 0078 0600     		.2byte	0x6
 637 007a 54       		.byte	0x54
ARM GAS  C:\Users\jmspi\AppData\Local\Temp\ccsXzN6Y.s 			page 13


 638 007b 93       		.byte	0x93
 639 007c 04       		.uleb128 0x4
 640 007d 55       		.byte	0x55
 641 007e 93       		.byte	0x93
 642 007f 04       		.uleb128 0x4
 643 0080 00000000 		.4byte	0
 644 0084 00000000 		.4byte	0
 645              	.LLST3:
 646 0088 4C000000 		.4byte	.LVL7
 647 008c 78000000 		.4byte	.LVL12
 648 0090 1000     		.2byte	0x10
 649 0092 F5       		.byte	0xf5
 650 0093 04       		.uleb128 0x4
 651 0094 25       		.uleb128 0x25
 652 0095 F4       		.byte	0xf4
 653 0096 25       		.uleb128 0x25
 654 0097 08       		.byte	0x8
 655 0098 00000000 		.4byte	0
 656 009c 00000000 		.4byte	0
 657 00a0 29       		.byte	0x29
 658 00a1 9F       		.byte	0x9f
 659 00a2 00000000 		.4byte	0
 660 00a6 00000000 		.4byte	0
 661              		.section	.debug_aranges,"",%progbits
 662 0000 1C000000 		.4byte	0x1c
 663 0004 0200     		.2byte	0x2
 664 0006 00000000 		.4byte	.Ldebug_info0
 665 000a 04       		.byte	0x4
 666 000b 00       		.byte	0
 667 000c 0000     		.2byte	0
 668 000e 0000     		.2byte	0
 669 0010 00000000 		.4byte	.LFB0
 670 0014 E4000000 		.4byte	.LFE0-.LFB0
 671 0018 00000000 		.4byte	0
 672 001c 00000000 		.4byte	0
 673              		.section	.debug_ranges,"",%progbits
 674              	.Ldebug_ranges0:
 675 0000 00000000 		.4byte	.LFB0
 676 0004 E4000000 		.4byte	.LFE0
 677 0008 00000000 		.4byte	0
 678 000c 00000000 		.4byte	0
 679              		.section	.debug_line,"",%progbits
 680              	.Ldebug_line0:
 681 0000 F0000000 		.section	.debug_str,"MS",%progbits,1
 681      0200C600 
 681      00000201 
 681      FB0E0D00 
 681      01010101 
 682              	.LASF5:
 683 0000 756E7369 		.ascii	"unsigned int\000"
 683      676E6564 
 683      20696E74 
 683      00
 684              	.LASF25:
 685 000d 72744E61 		.ascii	"rtNaN\000"
 685      4E00
 686              	.LASF2:
ARM GAS  C:\Users\jmspi\AppData\Local\Temp\ccsXzN6Y.s 			page 14


 687 0013 756E7369 		.ascii	"unsigned char\000"
 687      676E6564 
 687      20636861 
 687      7200
 688              	.LASF19:
 689 0021 666C6F6F 		.ascii	"floor\000"
 689      7200
 690              	.LASF18:
 691 0027 666D6F64 		.ascii	"fmod\000"
 691      00
 692              	.LASF8:
 693 002c 6C6F6E67 		.ascii	"long unsigned int\000"
 693      20756E73 
 693      69676E65 
 693      6420696E 
 693      7400
 694              	.LASF13:
 695 003e 6C6F6E67 		.ascii	"long long unsigned int\000"
 695      206C6F6E 
 695      6720756E 
 695      7369676E 
 695      65642069 
 696              	.LASF6:
 697 0055 666C6F61 		.ascii	"float\000"
 697      7400
 698              	.LASF15:
 699 005b 72455130 		.ascii	"rEQ0\000"
 699      00
 700              	.LASF22:
 701 0060 433A5C55 		.ascii	"C:\\Users\\jmspi\\OneDrive\\Documents\\GitHub\\ECE4"
 701      73657273 
 701      5C6A6D73 
 701      70695C4F 
 701      6E654472 
 702 008d 3139315C 		.ascii	"191\\DeliveryRobot.cydsn\000"
 702      44656C69 
 702      76657279 
 702      526F626F 
 702      742E6379 
 703              	.LASF7:
 704 00a5 5F426F6F 		.ascii	"_Bool\000"
 704      6C00
 705              	.LASF9:
 706 00ab 63686172 		.ascii	"char\000"
 706      00
 707              	.LASF12:
 708 00b0 6C6F6E67 		.ascii	"long int\000"
 708      20696E74 
 708      00
 709              	.LASF0:
 710 00b9 646F7562 		.ascii	"double\000"
 710      6C6500
 711              	.LASF10:
 712 00c0 6C6F6E67 		.ascii	"long long int\000"
 712      206C6F6E 
 712      6720696E 
 712      7400
ARM GAS  C:\Users\jmspi\AppData\Local\Temp\ccsXzN6Y.s 			page 15


 713              	.LASF20:
 714 00ce 474E5520 		.ascii	"GNU C11 5.4.1 20160609 (release) [ARM/embedded-5-br"
 714      43313120 
 714      352E342E 
 714      31203230 
 714      31363036 
 715 0101 616E6368 		.ascii	"anch revision 237715] -mcpu=cortex-m3 -mthumb -g -O"
 715      20726576 
 715      6973696F 
 715      6E203233 
 715      37373135 
 716 0134 73202D66 		.ascii	"s -ffunction-sections -ffat-lto-objects\000"
 716      66756E63 
 716      74696F6E 
 716      2D736563 
 716      74696F6E 
 717              	.LASF23:
 718 015c 7265616C 		.ascii	"real_T\000"
 718      5F5400
 719              	.LASF24:
 720 0163 625F6D6F 		.ascii	"b_mod\000"
 720      6400
 721              	.LASF4:
 722 0169 73686F72 		.ascii	"short unsigned int\000"
 722      7420756E 
 722      7369676E 
 722      65642069 
 722      6E7400
 723              	.LASF1:
 724 017c 7369676E 		.ascii	"signed char\000"
 724      65642063 
 724      68617200 
 725              	.LASF11:
 726 0188 6C6F6E67 		.ascii	"long double\000"
 726      20646F75 
 726      626C6500 
 727              	.LASF17:
 728 0194 72744973 		.ascii	"rtIsInf\000"
 728      496E6600 
 729              	.LASF21:
 730 019c 5646482B 		.ascii	"VFH+\\src\\mod.c\000"
 730      5C737263 
 730      5C6D6F64 
 730      2E6300
 731              	.LASF3:
 732 01ab 73686F72 		.ascii	"short int\000"
 732      7420696E 
 732      7400
 733              	.LASF16:
 734 01b5 72744973 		.ascii	"rtIsNaN\000"
 734      4E614E00 
 735              	.LASF14:
 736 01bd 73697A65 		.ascii	"sizetype\000"
 736      74797065 
 736      00
 737              		.ident	"GCC: (GNU Tools for ARM Embedded Processors) 5.4.1 20160609 (release) [ARM/embedded-5-bran
