ARM GAS  C:\Users\jmspi\AppData\Local\Temp\ccKL4WYy.s 			page 1


   1              		.syntax unified
   2              		.cpu cortex-m3
   3              		.fpu softvfp
   4              		.eabi_attribute 20, 1
   5              		.eabi_attribute 21, 1
   6              		.eabi_attribute 23, 3
   7              		.eabi_attribute 24, 1
   8              		.eabi_attribute 25, 1
   9              		.eabi_attribute 26, 1
  10              		.eabi_attribute 30, 4
  11              		.eabi_attribute 34, 1
  12              		.eabi_attribute 18, 4
  13              		.thumb
  14              		.syntax unified
  15              		.file	"QuadDec_L_INT.c"
  16              		.text
  17              	.Ltext0:
  18              		.cfi_sections	.debug_frame
  19              		.section	.text.QuadDec_L_ISR,"ax",%progbits
  20              		.align	1
  21              		.global	QuadDec_L_ISR
  22              		.thumb
  23              		.thumb_func
  24              		.type	QuadDec_L_ISR, %function
  25              	QuadDec_L_ISR:
  26              	.LFB0:
  27              		.file 1 "Generated_Source\\PSoC5\\QuadDec_L_INT.c"
   1:Generated_Source\PSoC5/QuadDec_L_INT.c **** /*******************************************************************************
   2:Generated_Source\PSoC5/QuadDec_L_INT.c **** * File Name: QuadDec_L_INT.c
   3:Generated_Source\PSoC5/QuadDec_L_INT.c **** * Version 3.0
   4:Generated_Source\PSoC5/QuadDec_L_INT.c **** *
   5:Generated_Source\PSoC5/QuadDec_L_INT.c **** * Description:
   6:Generated_Source\PSoC5/QuadDec_L_INT.c **** *  This file contains the Interrupt Service Routine (ISR) for the Quadrature
   7:Generated_Source\PSoC5/QuadDec_L_INT.c **** *  Decoder component.
   8:Generated_Source\PSoC5/QuadDec_L_INT.c **** *
   9:Generated_Source\PSoC5/QuadDec_L_INT.c **** * Note:
  10:Generated_Source\PSoC5/QuadDec_L_INT.c **** *  None.
  11:Generated_Source\PSoC5/QuadDec_L_INT.c **** *
  12:Generated_Source\PSoC5/QuadDec_L_INT.c **** ********************************************************************************
  13:Generated_Source\PSoC5/QuadDec_L_INT.c **** * Copyright 2008-2014, Cypress Semiconductor Corporation.  All rights reserved.
  14:Generated_Source\PSoC5/QuadDec_L_INT.c **** * You may use this file only in accordance with the license, terms, conditions, 
  15:Generated_Source\PSoC5/QuadDec_L_INT.c **** * disclaimers, and limitations in the end user license agreement accompanying
  16:Generated_Source\PSoC5/QuadDec_L_INT.c **** * the software package with which this file was provided.
  17:Generated_Source\PSoC5/QuadDec_L_INT.c **** *******************************************************************************/
  18:Generated_Source\PSoC5/QuadDec_L_INT.c **** 
  19:Generated_Source\PSoC5/QuadDec_L_INT.c **** #include "QuadDec_L.h"
  20:Generated_Source\PSoC5/QuadDec_L_INT.c **** #include "QuadDec_L_PVT.h"
  21:Generated_Source\PSoC5/QuadDec_L_INT.c **** #include "cyapicallbacks.h"
  22:Generated_Source\PSoC5/QuadDec_L_INT.c **** 
  23:Generated_Source\PSoC5/QuadDec_L_INT.c **** volatile int32 QuadDec_L_count32SoftPart = 0;
  24:Generated_Source\PSoC5/QuadDec_L_INT.c **** 
  25:Generated_Source\PSoC5/QuadDec_L_INT.c **** 
  26:Generated_Source\PSoC5/QuadDec_L_INT.c **** /*******************************************************************************
  27:Generated_Source\PSoC5/QuadDec_L_INT.c **** * FUNCTION NAME: void QuadDec_L_ISR
  28:Generated_Source\PSoC5/QuadDec_L_INT.c **** ********************************************************************************
  29:Generated_Source\PSoC5/QuadDec_L_INT.c **** *
  30:Generated_Source\PSoC5/QuadDec_L_INT.c **** * Summary:
ARM GAS  C:\Users\jmspi\AppData\Local\Temp\ccKL4WYy.s 			page 2


  31:Generated_Source\PSoC5/QuadDec_L_INT.c **** *  Interrupt Service Routine for Quadrature Decoder Component.
  32:Generated_Source\PSoC5/QuadDec_L_INT.c **** *
  33:Generated_Source\PSoC5/QuadDec_L_INT.c **** * Parameters:
  34:Generated_Source\PSoC5/QuadDec_L_INT.c **** *  None.
  35:Generated_Source\PSoC5/QuadDec_L_INT.c **** *
  36:Generated_Source\PSoC5/QuadDec_L_INT.c **** * Return:
  37:Generated_Source\PSoC5/QuadDec_L_INT.c **** *  None.
  38:Generated_Source\PSoC5/QuadDec_L_INT.c **** *
  39:Generated_Source\PSoC5/QuadDec_L_INT.c **** * Global variables:
  40:Generated_Source\PSoC5/QuadDec_L_INT.c **** *  QuadDec_L_count32SoftPart - modified to update hi 16 bit for current
  41:Generated_Source\PSoC5/QuadDec_L_INT.c **** *  value of the 32-bit counter, when Counter size equal 32-bit.
  42:Generated_Source\PSoC5/QuadDec_L_INT.c **** *  QuadDec_L_swStatus - modified with the updated values of STATUS
  43:Generated_Source\PSoC5/QuadDec_L_INT.c **** *  register.
  44:Generated_Source\PSoC5/QuadDec_L_INT.c **** *
  45:Generated_Source\PSoC5/QuadDec_L_INT.c **** *******************************************************************************/
  46:Generated_Source\PSoC5/QuadDec_L_INT.c **** CY_ISR( QuadDec_L_ISR )
  47:Generated_Source\PSoC5/QuadDec_L_INT.c **** {
  28              		.loc 1 47 0
  29              		.cfi_startproc
  30              		@ args = 0, pretend = 0, frame = 0
  31              		@ frame_needed = 0, uses_anonymous_args = 0
  32              		@ link register save eliminated.
  48:Generated_Source\PSoC5/QuadDec_L_INT.c ****    uint8 QuadDec_L_swStatus;
  49:Generated_Source\PSoC5/QuadDec_L_INT.c **** 
  50:Generated_Source\PSoC5/QuadDec_L_INT.c ****    QuadDec_L_swStatus = QuadDec_L_STATUS_REG;
  33              		.loc 1 50 0
  34 0000 0B4B     		ldr	r3, .L13
  35 0002 1B78     		ldrb	r3, [r3]	@ zero_extendqisi2
  36 0004 DBB2     		uxtb	r3, r3
  37              	.LVL0:
  51:Generated_Source\PSoC5/QuadDec_L_INT.c **** 
  52:Generated_Source\PSoC5/QuadDec_L_INT.c ****     #ifdef QuadDec_L_ISR_ENTRY_CALLBACK
  53:Generated_Source\PSoC5/QuadDec_L_INT.c ****         QuadDec_L_ISR_EntryCallback();
  54:Generated_Source\PSoC5/QuadDec_L_INT.c ****     #endif /* QuadDec_L_ISR_ENTRY_CALLBACK */
  55:Generated_Source\PSoC5/QuadDec_L_INT.c **** 
  56:Generated_Source\PSoC5/QuadDec_L_INT.c ****     /* User code required at start of ISR */
  57:Generated_Source\PSoC5/QuadDec_L_INT.c ****     /* `#START QuadDec_L_ISR_START` */
  58:Generated_Source\PSoC5/QuadDec_L_INT.c **** 
  59:Generated_Source\PSoC5/QuadDec_L_INT.c ****     /* `#END` */
  60:Generated_Source\PSoC5/QuadDec_L_INT.c **** 
  61:Generated_Source\PSoC5/QuadDec_L_INT.c ****     if (0u != (QuadDec_L_swStatus & QuadDec_L_COUNTER_OVERFLOW))
  38              		.loc 1 61 0
  39 0006 D907     		lsls	r1, r3, #31
  40 0008 05D5     		bpl	.L2
  62:Generated_Source\PSoC5/QuadDec_L_INT.c ****     {
  63:Generated_Source\PSoC5/QuadDec_L_INT.c ****         QuadDec_L_count32SoftPart += (int32) QuadDec_L_COUNTER_MAX_VALUE;
  41              		.loc 1 63 0
  42 000a 0A49     		ldr	r1, .L13+4
  43 000c 0A68     		ldr	r2, [r1]
  44 000e 02F5FF42 		add	r2, r2, #32640
  45 0012 7F32     		adds	r2, r2, #127
  46 0014 05E0     		b	.L11
  47              	.L2:
  64:Generated_Source\PSoC5/QuadDec_L_INT.c ****     }
  65:Generated_Source\PSoC5/QuadDec_L_INT.c ****     else if (0u != (QuadDec_L_swStatus & QuadDec_L_COUNTER_UNDERFLOW))
  48              		.loc 1 65 0
  49 0016 9A07     		lsls	r2, r3, #30
ARM GAS  C:\Users\jmspi\AppData\Local\Temp\ccKL4WYy.s 			page 3


  50 0018 04D5     		bpl	.L3
  66:Generated_Source\PSoC5/QuadDec_L_INT.c ****     {
  67:Generated_Source\PSoC5/QuadDec_L_INT.c ****         QuadDec_L_count32SoftPart -= (int32) QuadDec_L_COUNTER_INIT_VALUE;
  51              		.loc 1 67 0
  52 001a 0649     		ldr	r1, .L13+4
  53 001c 0A68     		ldr	r2, [r1]
  54 001e A2F50042 		sub	r2, r2, #32768
  55              	.L11:
  56 0022 0A60     		str	r2, [r1]
  57              	.L3:
  68:Generated_Source\PSoC5/QuadDec_L_INT.c ****     }
  69:Generated_Source\PSoC5/QuadDec_L_INT.c ****     else
  70:Generated_Source\PSoC5/QuadDec_L_INT.c ****     {
  71:Generated_Source\PSoC5/QuadDec_L_INT.c ****         /* Nothing to do here */
  72:Generated_Source\PSoC5/QuadDec_L_INT.c ****     }
  73:Generated_Source\PSoC5/QuadDec_L_INT.c ****     
  74:Generated_Source\PSoC5/QuadDec_L_INT.c ****     if (0u != (QuadDec_L_swStatus & QuadDec_L_COUNTER_RESET))
  58              		.loc 1 74 0
  59 0024 5B07     		lsls	r3, r3, #29
  60              	.LVL1:
  75:Generated_Source\PSoC5/QuadDec_L_INT.c ****     {
  76:Generated_Source\PSoC5/QuadDec_L_INT.c ****         QuadDec_L_count32SoftPart = 0;
  61              		.loc 1 76 0
  62 0026 42BF     		ittt	mi
  63 0028 024B     		ldrmi	r3, .L13+4
  64 002a 0022     		movmi	r2, #0
  65 002c 1A60     		strmi	r2, [r3]
  66 002e 7047     		bx	lr
  67              	.L14:
  68              		.align	2
  69              	.L13:
  70 0030 67640040 		.word	1073767527
  71 0034 00000000 		.word	.LANCHOR0
  72              		.cfi_endproc
  73              	.LFE0:
  74              		.size	QuadDec_L_ISR, .-QuadDec_L_ISR
  75              		.global	QuadDec_L_count32SoftPart
  76              		.bss
  77              		.align	2
  78              		.set	.LANCHOR0,. + 0
  79              		.type	QuadDec_L_count32SoftPart, %object
  80              		.size	QuadDec_L_count32SoftPart, 4
  81              	QuadDec_L_count32SoftPart:
  82 0000 00000000 		.space	4
  83              		.text
  84              	.Letext0:
  85              		.file 2 "Generated_Source\\PSoC5\\cytypes.h"
  86              		.section	.debug_info,"",%progbits
  87              	.Ldebug_info0:
  88 0000 EF000000 		.4byte	0xef
  89 0004 0400     		.2byte	0x4
  90 0006 00000000 		.4byte	.Ldebug_abbrev0
  91 000a 04       		.byte	0x4
  92 000b 01       		.uleb128 0x1
  93 000c F3000000 		.4byte	.LASF17
  94 0010 0C       		.byte	0xc
  95 0011 81010000 		.4byte	.LASF18
ARM GAS  C:\Users\jmspi\AppData\Local\Temp\ccKL4WYy.s 			page 4


  96 0015 8B000000 		.4byte	.LASF19
  97 0019 00000000 		.4byte	.Ldebug_ranges0+0
  98 001d 00000000 		.4byte	0
  99 0021 00000000 		.4byte	.Ldebug_line0
 100 0025 02       		.uleb128 0x2
 101 0026 04       		.byte	0x4
 102 0027 05       		.byte	0x5
 103 0028 696E7400 		.ascii	"int\000"
 104 002c 03       		.uleb128 0x3
 105 002d 04       		.byte	0x4
 106 002e 07       		.byte	0x7
 107 002f 0E000000 		.4byte	.LASF0
 108 0033 03       		.uleb128 0x3
 109 0034 08       		.byte	0x8
 110 0035 05       		.byte	0x5
 111 0036 00000000 		.4byte	.LASF1
 112 003a 03       		.uleb128 0x3
 113 003b 08       		.byte	0x8
 114 003c 04       		.byte	0x4
 115 003d C7010000 		.4byte	.LASF2
 116 0041 03       		.uleb128 0x3
 117 0042 01       		.byte	0x1
 118 0043 06       		.byte	0x6
 119 0044 BB010000 		.4byte	.LASF3
 120 0048 03       		.uleb128 0x3
 121 0049 01       		.byte	0x1
 122 004a 08       		.byte	0x8
 123 004b D0000000 		.4byte	.LASF4
 124 004f 03       		.uleb128 0x3
 125 0050 02       		.byte	0x2
 126 0051 05       		.byte	0x5
 127 0052 D3010000 		.4byte	.LASF5
 128 0056 03       		.uleb128 0x3
 129 0057 02       		.byte	0x2
 130 0058 07       		.byte	0x7
 131 0059 A8010000 		.4byte	.LASF6
 132 005d 03       		.uleb128 0x3
 133 005e 04       		.byte	0x4
 134 005f 05       		.byte	0x5
 135 0060 E3000000 		.4byte	.LASF7
 136 0064 03       		.uleb128 0x3
 137 0065 04       		.byte	0x4
 138 0066 07       		.byte	0x7
 139 0067 3B000000 		.4byte	.LASF8
 140 006b 03       		.uleb128 0x3
 141 006c 08       		.byte	0x8
 142 006d 07       		.byte	0x7
 143 006e 4D000000 		.4byte	.LASF9
 144 0072 03       		.uleb128 0x3
 145 0073 04       		.byte	0x4
 146 0074 07       		.byte	0x7
 147 0075 E2010000 		.4byte	.LASF10
 148 0079 03       		.uleb128 0x3
 149 007a 01       		.byte	0x1
 150 007b 08       		.byte	0x8
 151 007c DE000000 		.4byte	.LASF11
 152 0080 04       		.uleb128 0x4
ARM GAS  C:\Users\jmspi\AppData\Local\Temp\ccKL4WYy.s 			page 5


 153 0081 35000000 		.4byte	.LASF12
 154 0085 02       		.byte	0x2
 155 0086 E801     		.2byte	0x1e8
 156 0088 48000000 		.4byte	0x48
 157 008c 04       		.uleb128 0x4
 158 008d EB010000 		.4byte	.LASF13
 159 0091 02       		.byte	0x2
 160 0092 ED01     		.2byte	0x1ed
 161 0094 5D000000 		.4byte	0x5d
 162 0098 03       		.uleb128 0x3
 163 0099 04       		.byte	0x4
 164 009a 04       		.byte	0x4
 165 009b 64000000 		.4byte	.LASF14
 166 009f 03       		.uleb128 0x3
 167 00a0 08       		.byte	0x8
 168 00a1 04       		.byte	0x4
 169 00a2 EC000000 		.4byte	.LASF15
 170 00a6 04       		.uleb128 0x4
 171 00a7 DD010000 		.4byte	.LASF16
 172 00ab 02       		.byte	0x2
 173 00ac 9202     		.2byte	0x292
 174 00ae B2000000 		.4byte	0xb2
 175 00b2 05       		.uleb128 0x5
 176 00b3 80000000 		.4byte	0x80
 177 00b7 06       		.uleb128 0x6
 178 00b8 6A000000 		.4byte	.LASF20
 179 00bc 01       		.byte	0x1
 180 00bd 2E       		.byte	0x2e
 181 00be 00000000 		.4byte	.LFB0
 182 00c2 38000000 		.4byte	.LFE0-.LFB0
 183 00c6 01       		.uleb128 0x1
 184 00c7 9C       		.byte	0x9c
 185 00c8 DC000000 		.4byte	0xdc
 186 00cc 07       		.uleb128 0x7
 187 00cd 78000000 		.4byte	.LASF21
 188 00d1 01       		.byte	0x1
 189 00d2 30       		.byte	0x30
 190 00d3 80000000 		.4byte	0x80
 191 00d7 00000000 		.4byte	.LLST0
 192 00db 00       		.byte	0
 193 00dc 08       		.uleb128 0x8
 194 00dd 1B000000 		.4byte	.LASF22
 195 00e1 01       		.byte	0x1
 196 00e2 17       		.byte	0x17
 197 00e3 ED000000 		.4byte	0xed
 198 00e7 05       		.uleb128 0x5
 199 00e8 03       		.byte	0x3
 200 00e9 00000000 		.4byte	QuadDec_L_count32SoftPart
 201 00ed 05       		.uleb128 0x5
 202 00ee 8C000000 		.4byte	0x8c
 203 00f2 00       		.byte	0
 204              		.section	.debug_abbrev,"",%progbits
 205              	.Ldebug_abbrev0:
 206 0000 01       		.uleb128 0x1
 207 0001 11       		.uleb128 0x11
 208 0002 01       		.byte	0x1
 209 0003 25       		.uleb128 0x25
ARM GAS  C:\Users\jmspi\AppData\Local\Temp\ccKL4WYy.s 			page 6


 210 0004 0E       		.uleb128 0xe
 211 0005 13       		.uleb128 0x13
 212 0006 0B       		.uleb128 0xb
 213 0007 03       		.uleb128 0x3
 214 0008 0E       		.uleb128 0xe
 215 0009 1B       		.uleb128 0x1b
 216 000a 0E       		.uleb128 0xe
 217 000b 55       		.uleb128 0x55
 218 000c 17       		.uleb128 0x17
 219 000d 11       		.uleb128 0x11
 220 000e 01       		.uleb128 0x1
 221 000f 10       		.uleb128 0x10
 222 0010 17       		.uleb128 0x17
 223 0011 00       		.byte	0
 224 0012 00       		.byte	0
 225 0013 02       		.uleb128 0x2
 226 0014 24       		.uleb128 0x24
 227 0015 00       		.byte	0
 228 0016 0B       		.uleb128 0xb
 229 0017 0B       		.uleb128 0xb
 230 0018 3E       		.uleb128 0x3e
 231 0019 0B       		.uleb128 0xb
 232 001a 03       		.uleb128 0x3
 233 001b 08       		.uleb128 0x8
 234 001c 00       		.byte	0
 235 001d 00       		.byte	0
 236 001e 03       		.uleb128 0x3
 237 001f 24       		.uleb128 0x24
 238 0020 00       		.byte	0
 239 0021 0B       		.uleb128 0xb
 240 0022 0B       		.uleb128 0xb
 241 0023 3E       		.uleb128 0x3e
 242 0024 0B       		.uleb128 0xb
 243 0025 03       		.uleb128 0x3
 244 0026 0E       		.uleb128 0xe
 245 0027 00       		.byte	0
 246 0028 00       		.byte	0
 247 0029 04       		.uleb128 0x4
 248 002a 16       		.uleb128 0x16
 249 002b 00       		.byte	0
 250 002c 03       		.uleb128 0x3
 251 002d 0E       		.uleb128 0xe
 252 002e 3A       		.uleb128 0x3a
 253 002f 0B       		.uleb128 0xb
 254 0030 3B       		.uleb128 0x3b
 255 0031 05       		.uleb128 0x5
 256 0032 49       		.uleb128 0x49
 257 0033 13       		.uleb128 0x13
 258 0034 00       		.byte	0
 259 0035 00       		.byte	0
 260 0036 05       		.uleb128 0x5
 261 0037 35       		.uleb128 0x35
 262 0038 00       		.byte	0
 263 0039 49       		.uleb128 0x49
 264 003a 13       		.uleb128 0x13
 265 003b 00       		.byte	0
 266 003c 00       		.byte	0
ARM GAS  C:\Users\jmspi\AppData\Local\Temp\ccKL4WYy.s 			page 7


 267 003d 06       		.uleb128 0x6
 268 003e 2E       		.uleb128 0x2e
 269 003f 01       		.byte	0x1
 270 0040 3F       		.uleb128 0x3f
 271 0041 19       		.uleb128 0x19
 272 0042 03       		.uleb128 0x3
 273 0043 0E       		.uleb128 0xe
 274 0044 3A       		.uleb128 0x3a
 275 0045 0B       		.uleb128 0xb
 276 0046 3B       		.uleb128 0x3b
 277 0047 0B       		.uleb128 0xb
 278 0048 27       		.uleb128 0x27
 279 0049 19       		.uleb128 0x19
 280 004a 11       		.uleb128 0x11
 281 004b 01       		.uleb128 0x1
 282 004c 12       		.uleb128 0x12
 283 004d 06       		.uleb128 0x6
 284 004e 40       		.uleb128 0x40
 285 004f 18       		.uleb128 0x18
 286 0050 9742     		.uleb128 0x2117
 287 0052 19       		.uleb128 0x19
 288 0053 01       		.uleb128 0x1
 289 0054 13       		.uleb128 0x13
 290 0055 00       		.byte	0
 291 0056 00       		.byte	0
 292 0057 07       		.uleb128 0x7
 293 0058 34       		.uleb128 0x34
 294 0059 00       		.byte	0
 295 005a 03       		.uleb128 0x3
 296 005b 0E       		.uleb128 0xe
 297 005c 3A       		.uleb128 0x3a
 298 005d 0B       		.uleb128 0xb
 299 005e 3B       		.uleb128 0x3b
 300 005f 0B       		.uleb128 0xb
 301 0060 49       		.uleb128 0x49
 302 0061 13       		.uleb128 0x13
 303 0062 02       		.uleb128 0x2
 304 0063 17       		.uleb128 0x17
 305 0064 00       		.byte	0
 306 0065 00       		.byte	0
 307 0066 08       		.uleb128 0x8
 308 0067 34       		.uleb128 0x34
 309 0068 00       		.byte	0
 310 0069 03       		.uleb128 0x3
 311 006a 0E       		.uleb128 0xe
 312 006b 3A       		.uleb128 0x3a
 313 006c 0B       		.uleb128 0xb
 314 006d 3B       		.uleb128 0x3b
 315 006e 0B       		.uleb128 0xb
 316 006f 49       		.uleb128 0x49
 317 0070 13       		.uleb128 0x13
 318 0071 3F       		.uleb128 0x3f
 319 0072 19       		.uleb128 0x19
 320 0073 02       		.uleb128 0x2
 321 0074 18       		.uleb128 0x18
 322 0075 00       		.byte	0
 323 0076 00       		.byte	0
ARM GAS  C:\Users\jmspi\AppData\Local\Temp\ccKL4WYy.s 			page 8


 324 0077 00       		.byte	0
 325              		.section	.debug_loc,"",%progbits
 326              	.Ldebug_loc0:
 327              	.LLST0:
 328 0000 06000000 		.4byte	.LVL0
 329 0004 26000000 		.4byte	.LVL1
 330 0008 0100     		.2byte	0x1
 331 000a 53       		.byte	0x53
 332 000b 00000000 		.4byte	0
 333 000f 00000000 		.4byte	0
 334              		.section	.debug_aranges,"",%progbits
 335 0000 1C000000 		.4byte	0x1c
 336 0004 0200     		.2byte	0x2
 337 0006 00000000 		.4byte	.Ldebug_info0
 338 000a 04       		.byte	0x4
 339 000b 00       		.byte	0
 340 000c 0000     		.2byte	0
 341 000e 0000     		.2byte	0
 342 0010 00000000 		.4byte	.LFB0
 343 0014 38000000 		.4byte	.LFE0-.LFB0
 344 0018 00000000 		.4byte	0
 345 001c 00000000 		.4byte	0
 346              		.section	.debug_ranges,"",%progbits
 347              	.Ldebug_ranges0:
 348 0000 00000000 		.4byte	.LFB0
 349 0004 38000000 		.4byte	.LFE0
 350 0008 00000000 		.4byte	0
 351 000c 00000000 		.4byte	0
 352              		.section	.debug_line,"",%progbits
 353              	.Ldebug_line0:
 354 0000 68000000 		.section	.debug_str,"MS",%progbits,1
 354      02004A00 
 354      00000201 
 354      FB0E0D00 
 354      01010101 
 355              	.LASF1:
 356 0000 6C6F6E67 		.ascii	"long long int\000"
 356      206C6F6E 
 356      6720696E 
 356      7400
 357              	.LASF0:
 358 000e 756E7369 		.ascii	"unsigned int\000"
 358      676E6564 
 358      20696E74 
 358      00
 359              	.LASF22:
 360 001b 51756164 		.ascii	"QuadDec_L_count32SoftPart\000"
 360      4465635F 
 360      4C5F636F 
 360      756E7433 
 360      32536F66 
 361              	.LASF12:
 362 0035 75696E74 		.ascii	"uint8\000"
 362      3800
 363              	.LASF8:
 364 003b 6C6F6E67 		.ascii	"long unsigned int\000"
 364      20756E73 
ARM GAS  C:\Users\jmspi\AppData\Local\Temp\ccKL4WYy.s 			page 9


 364      69676E65 
 364      6420696E 
 364      7400
 365              	.LASF9:
 366 004d 6C6F6E67 		.ascii	"long long unsigned int\000"
 366      206C6F6E 
 366      6720756E 
 366      7369676E 
 366      65642069 
 367              	.LASF14:
 368 0064 666C6F61 		.ascii	"float\000"
 368      7400
 369              	.LASF20:
 370 006a 51756164 		.ascii	"QuadDec_L_ISR\000"
 370      4465635F 
 370      4C5F4953 
 370      5200
 371              	.LASF21:
 372 0078 51756164 		.ascii	"QuadDec_L_swStatus\000"
 372      4465635F 
 372      4C5F7377 
 372      53746174 
 372      757300
 373              	.LASF19:
 374 008b 433A5C55 		.ascii	"C:\\Users\\jmspi\\OneDrive\\Documents\\GitHub\\ECE4"
 374      73657273 
 374      5C6A6D73 
 374      70695C4F 
 374      6E654472 
 375 00b8 3139315C 		.ascii	"191\\DeliveryRobot.cydsn\000"
 375      44656C69 
 375      76657279 
 375      526F626F 
 375      742E6379 
 376              	.LASF4:
 377 00d0 756E7369 		.ascii	"unsigned char\000"
 377      676E6564 
 377      20636861 
 377      7200
 378              	.LASF11:
 379 00de 63686172 		.ascii	"char\000"
 379      00
 380              	.LASF7:
 381 00e3 6C6F6E67 		.ascii	"long int\000"
 381      20696E74 
 381      00
 382              	.LASF15:
 383 00ec 646F7562 		.ascii	"double\000"
 383      6C6500
 384              	.LASF17:
 385 00f3 474E5520 		.ascii	"GNU C11 5.4.1 20160609 (release) [ARM/embedded-5-br"
 385      43313120 
 385      352E342E 
 385      31203230 
 385      31363036 
 386 0126 616E6368 		.ascii	"anch revision 237715] -mcpu=cortex-m3 -mthumb -g -O"
 386      20726576 
ARM GAS  C:\Users\jmspi\AppData\Local\Temp\ccKL4WYy.s 			page 10


 386      6973696F 
 386      6E203233 
 386      37373135 
 387 0159 73202D66 		.ascii	"s -ffunction-sections -ffat-lto-objects\000"
 387      66756E63 
 387      74696F6E 
 387      2D736563 
 387      74696F6E 
 388              	.LASF18:
 389 0181 47656E65 		.ascii	"Generated_Source\\PSoC5\\QuadDec_L_INT.c\000"
 389      72617465 
 389      645F536F 
 389      75726365 
 389      5C50536F 
 390              	.LASF6:
 391 01a8 73686F72 		.ascii	"short unsigned int\000"
 391      7420756E 
 391      7369676E 
 391      65642069 
 391      6E7400
 392              	.LASF3:
 393 01bb 7369676E 		.ascii	"signed char\000"
 393      65642063 
 393      68617200 
 394              	.LASF2:
 395 01c7 6C6F6E67 		.ascii	"long double\000"
 395      20646F75 
 395      626C6500 
 396              	.LASF5:
 397 01d3 73686F72 		.ascii	"short int\000"
 397      7420696E 
 397      7400
 398              	.LASF16:
 399 01dd 72656738 		.ascii	"reg8\000"
 399      00
 400              	.LASF10:
 401 01e2 73697A65 		.ascii	"sizetype\000"
 401      74797065 
 401      00
 402              	.LASF13:
 403 01eb 696E7433 		.ascii	"int32\000"
 403      3200
 404              		.ident	"GCC: (GNU Tools for ARM Embedded Processors) 5.4.1 20160609 (release) [ARM/embedded-5-bran
