ARM GAS  C:\Users\jmspi\AppData\Local\Temp\ccqh3FDL.s 			page 1


   1              		.syntax unified
   2              		.cpu cortex-m3
   3              		.fpu softvfp
   4              		.eabi_attribute 20, 1
   5              		.eabi_attribute 21, 1
   6              		.eabi_attribute 23, 3
   7              		.eabi_attribute 24, 1
   8              		.eabi_attribute 25, 1
   9              		.eabi_attribute 26, 1
  10              		.eabi_attribute 30, 4
  11              		.eabi_attribute 34, 1
  12              		.eabi_attribute 18, 4
  13              		.thumb
  14              		.syntax unified
  15              		.file	"QuadDec_L_PM.c"
  16              		.text
  17              	.Ltext0:
  18              		.cfi_sections	.debug_frame
  19              		.section	.text.QuadDec_L_SaveConfig,"ax",%progbits
  20              		.align	1
  21              		.global	QuadDec_L_SaveConfig
  22              		.thumb
  23              		.thumb_func
  24              		.type	QuadDec_L_SaveConfig, %function
  25              	QuadDec_L_SaveConfig:
  26              	.LFB0:
  27              		.file 1 "Generated_Source\\PSoC5\\QuadDec_L_PM.c"
   1:Generated_Source\PSoC5/QuadDec_L_PM.c **** /*******************************************************************************
   2:Generated_Source\PSoC5/QuadDec_L_PM.c **** * File Name: QuadDec_L_PM.c
   3:Generated_Source\PSoC5/QuadDec_L_PM.c **** * Version 3.0
   4:Generated_Source\PSoC5/QuadDec_L_PM.c **** *
   5:Generated_Source\PSoC5/QuadDec_L_PM.c **** * Description:
   6:Generated_Source\PSoC5/QuadDec_L_PM.c **** *  This file contains the setup, control and status commands to support 
   7:Generated_Source\PSoC5/QuadDec_L_PM.c **** *  component operations in low power mode.  
   8:Generated_Source\PSoC5/QuadDec_L_PM.c **** *
   9:Generated_Source\PSoC5/QuadDec_L_PM.c **** * Note:
  10:Generated_Source\PSoC5/QuadDec_L_PM.c **** *  None.
  11:Generated_Source\PSoC5/QuadDec_L_PM.c **** *
  12:Generated_Source\PSoC5/QuadDec_L_PM.c **** ********************************************************************************
  13:Generated_Source\PSoC5/QuadDec_L_PM.c **** * Copyright 2008-2014, Cypress Semiconductor Corporation.  All rights reserved.
  14:Generated_Source\PSoC5/QuadDec_L_PM.c **** * You may use this file only in accordance with the license, terms, conditions,
  15:Generated_Source\PSoC5/QuadDec_L_PM.c **** * disclaimers, and limitations in the end user license agreement accompanying
  16:Generated_Source\PSoC5/QuadDec_L_PM.c **** * the software package with which this file was provided.
  17:Generated_Source\PSoC5/QuadDec_L_PM.c **** *******************************************************************************/
  18:Generated_Source\PSoC5/QuadDec_L_PM.c **** 
  19:Generated_Source\PSoC5/QuadDec_L_PM.c **** #include "QuadDec_L.h"
  20:Generated_Source\PSoC5/QuadDec_L_PM.c **** 
  21:Generated_Source\PSoC5/QuadDec_L_PM.c **** static QuadDec_L_BACKUP_STRUCT QuadDec_L_backup = {0u};
  22:Generated_Source\PSoC5/QuadDec_L_PM.c **** 
  23:Generated_Source\PSoC5/QuadDec_L_PM.c **** 
  24:Generated_Source\PSoC5/QuadDec_L_PM.c **** /*******************************************************************************
  25:Generated_Source\PSoC5/QuadDec_L_PM.c **** * Function Name: QuadDec_L_SaveConfig
  26:Generated_Source\PSoC5/QuadDec_L_PM.c **** ********************************************************************************
  27:Generated_Source\PSoC5/QuadDec_L_PM.c **** * Summary:
  28:Generated_Source\PSoC5/QuadDec_L_PM.c **** *  Saves the current user configuration of the component.
  29:Generated_Source\PSoC5/QuadDec_L_PM.c **** *
  30:Generated_Source\PSoC5/QuadDec_L_PM.c **** * Parameters:
ARM GAS  C:\Users\jmspi\AppData\Local\Temp\ccqh3FDL.s 			page 2


  31:Generated_Source\PSoC5/QuadDec_L_PM.c **** *  None.
  32:Generated_Source\PSoC5/QuadDec_L_PM.c **** *
  33:Generated_Source\PSoC5/QuadDec_L_PM.c **** * Return:
  34:Generated_Source\PSoC5/QuadDec_L_PM.c **** *  None.
  35:Generated_Source\PSoC5/QuadDec_L_PM.c **** *
  36:Generated_Source\PSoC5/QuadDec_L_PM.c **** *******************************************************************************/
  37:Generated_Source\PSoC5/QuadDec_L_PM.c **** void QuadDec_L_SaveConfig(void) 
  38:Generated_Source\PSoC5/QuadDec_L_PM.c **** {
  28              		.loc 1 38 0
  29              		.cfi_startproc
  30              		@ args = 0, pretend = 0, frame = 0
  31              		@ frame_needed = 0, uses_anonymous_args = 0
  32              		@ link register save eliminated.
  39:Generated_Source\PSoC5/QuadDec_L_PM.c ****     #if (QuadDec_L_COUNTER_SIZE == QuadDec_L_COUNTER_SIZE_8_BIT)
  40:Generated_Source\PSoC5/QuadDec_L_PM.c ****         QuadDec_L_Cnt8_SaveConfig();
  41:Generated_Source\PSoC5/QuadDec_L_PM.c ****     #else 
  42:Generated_Source\PSoC5/QuadDec_L_PM.c ****         /* (QuadDec_L_COUNTER_SIZE == QuadDec_L_COUNTER_SIZE_16_BIT) || 
  43:Generated_Source\PSoC5/QuadDec_L_PM.c ****          * (QuadDec_L_COUNTER_SIZE == QuadDec_L_COUNTER_SIZE_32_BIT)
  44:Generated_Source\PSoC5/QuadDec_L_PM.c ****          */
  45:Generated_Source\PSoC5/QuadDec_L_PM.c ****         QuadDec_L_Cnt16_SaveConfig();
  33              		.loc 1 45 0
  34 0000 FFF7FEBF 		b	QuadDec_L_Cnt16_SaveConfig
  35              	.LVL0:
  36              		.cfi_endproc
  37              	.LFE0:
  38              		.size	QuadDec_L_SaveConfig, .-QuadDec_L_SaveConfig
  39              		.section	.text.QuadDec_L_RestoreConfig,"ax",%progbits
  40              		.align	1
  41              		.global	QuadDec_L_RestoreConfig
  42              		.thumb
  43              		.thumb_func
  44              		.type	QuadDec_L_RestoreConfig, %function
  45              	QuadDec_L_RestoreConfig:
  46              	.LFB1:
  46:Generated_Source\PSoC5/QuadDec_L_PM.c ****     #endif /* (QuadDec_L_COUNTER_SIZE == QuadDec_L_COUNTER_SIZE_8_BIT) */
  47:Generated_Source\PSoC5/QuadDec_L_PM.c **** }
  48:Generated_Source\PSoC5/QuadDec_L_PM.c **** 
  49:Generated_Source\PSoC5/QuadDec_L_PM.c **** 
  50:Generated_Source\PSoC5/QuadDec_L_PM.c **** /*******************************************************************************
  51:Generated_Source\PSoC5/QuadDec_L_PM.c **** * Function Name: QuadDec_L_RestoreConfig
  52:Generated_Source\PSoC5/QuadDec_L_PM.c **** ********************************************************************************
  53:Generated_Source\PSoC5/QuadDec_L_PM.c **** * Summary:
  54:Generated_Source\PSoC5/QuadDec_L_PM.c **** *  Restores the current user configuration of the component.
  55:Generated_Source\PSoC5/QuadDec_L_PM.c **** *
  56:Generated_Source\PSoC5/QuadDec_L_PM.c **** * Parameters:
  57:Generated_Source\PSoC5/QuadDec_L_PM.c **** *  None.
  58:Generated_Source\PSoC5/QuadDec_L_PM.c **** *
  59:Generated_Source\PSoC5/QuadDec_L_PM.c **** * Return:
  60:Generated_Source\PSoC5/QuadDec_L_PM.c **** *  None.
  61:Generated_Source\PSoC5/QuadDec_L_PM.c **** *
  62:Generated_Source\PSoC5/QuadDec_L_PM.c **** *******************************************************************************/
  63:Generated_Source\PSoC5/QuadDec_L_PM.c **** void QuadDec_L_RestoreConfig(void) 
  64:Generated_Source\PSoC5/QuadDec_L_PM.c **** {
  47              		.loc 1 64 0
  48              		.cfi_startproc
  49              		@ args = 0, pretend = 0, frame = 0
  50              		@ frame_needed = 0, uses_anonymous_args = 0
ARM GAS  C:\Users\jmspi\AppData\Local\Temp\ccqh3FDL.s 			page 3


  51              		@ link register save eliminated.
  65:Generated_Source\PSoC5/QuadDec_L_PM.c ****     #if (QuadDec_L_COUNTER_SIZE == QuadDec_L_COUNTER_SIZE_8_BIT)
  66:Generated_Source\PSoC5/QuadDec_L_PM.c ****         QuadDec_L_Cnt8_RestoreConfig();
  67:Generated_Source\PSoC5/QuadDec_L_PM.c ****     #else 
  68:Generated_Source\PSoC5/QuadDec_L_PM.c ****         /* (QuadDec_L_COUNTER_SIZE == QuadDec_L_COUNTER_SIZE_16_BIT) || 
  69:Generated_Source\PSoC5/QuadDec_L_PM.c ****          * (QuadDec_L_COUNTER_SIZE == QuadDec_L_COUNTER_SIZE_32_BIT) 
  70:Generated_Source\PSoC5/QuadDec_L_PM.c ****          */
  71:Generated_Source\PSoC5/QuadDec_L_PM.c ****         QuadDec_L_Cnt16_RestoreConfig();
  52              		.loc 1 71 0
  53 0000 FFF7FEBF 		b	QuadDec_L_Cnt16_RestoreConfig
  54              	.LVL1:
  55              		.cfi_endproc
  56              	.LFE1:
  57              		.size	QuadDec_L_RestoreConfig, .-QuadDec_L_RestoreConfig
  58              		.section	.text.QuadDec_L_Sleep,"ax",%progbits
  59              		.align	1
  60              		.global	QuadDec_L_Sleep
  61              		.thumb
  62              		.thumb_func
  63              		.type	QuadDec_L_Sleep, %function
  64              	QuadDec_L_Sleep:
  65              	.LFB2:
  72:Generated_Source\PSoC5/QuadDec_L_PM.c ****     #endif /* (QuadDec_L_COUNTER_SIZE == QuadDec_L_COUNTER_SIZE_8_BIT) */
  73:Generated_Source\PSoC5/QuadDec_L_PM.c **** }
  74:Generated_Source\PSoC5/QuadDec_L_PM.c **** 
  75:Generated_Source\PSoC5/QuadDec_L_PM.c **** 
  76:Generated_Source\PSoC5/QuadDec_L_PM.c **** /*******************************************************************************
  77:Generated_Source\PSoC5/QuadDec_L_PM.c **** * Function Name: QuadDec_L_Sleep
  78:Generated_Source\PSoC5/QuadDec_L_PM.c **** ********************************************************************************
  79:Generated_Source\PSoC5/QuadDec_L_PM.c **** * 
  80:Generated_Source\PSoC5/QuadDec_L_PM.c **** * Summary:
  81:Generated_Source\PSoC5/QuadDec_L_PM.c **** *  Prepare Quadrature Decoder Component goes to sleep.
  82:Generated_Source\PSoC5/QuadDec_L_PM.c **** *
  83:Generated_Source\PSoC5/QuadDec_L_PM.c **** * Parameters:
  84:Generated_Source\PSoC5/QuadDec_L_PM.c **** *  None.
  85:Generated_Source\PSoC5/QuadDec_L_PM.c **** *
  86:Generated_Source\PSoC5/QuadDec_L_PM.c **** * Return:
  87:Generated_Source\PSoC5/QuadDec_L_PM.c **** *  None.
  88:Generated_Source\PSoC5/QuadDec_L_PM.c **** *
  89:Generated_Source\PSoC5/QuadDec_L_PM.c **** * Global Variables:
  90:Generated_Source\PSoC5/QuadDec_L_PM.c **** *  QuadDec_L_backup - modified when non-retention registers are saved.
  91:Generated_Source\PSoC5/QuadDec_L_PM.c **** *
  92:Generated_Source\PSoC5/QuadDec_L_PM.c **** * Reentrant:
  93:Generated_Source\PSoC5/QuadDec_L_PM.c **** *  No.
  94:Generated_Source\PSoC5/QuadDec_L_PM.c **** *
  95:Generated_Source\PSoC5/QuadDec_L_PM.c **** *******************************************************************************/
  96:Generated_Source\PSoC5/QuadDec_L_PM.c **** void QuadDec_L_Sleep(void) 
  97:Generated_Source\PSoC5/QuadDec_L_PM.c **** {
  66              		.loc 1 97 0
  67              		.cfi_startproc
  68              		@ args = 0, pretend = 0, frame = 0
  69              		@ frame_needed = 0, uses_anonymous_args = 0
  70 0000 08B5     		push	{r3, lr}
  71              		.cfi_def_cfa_offset 8
  72              		.cfi_offset 3, -8
  73              		.cfi_offset 14, -4
  98:Generated_Source\PSoC5/QuadDec_L_PM.c ****     if (0u != (QuadDec_L_SR_AUX_CONTROL & QuadDec_L_INTERRUPTS_ENABLE))
ARM GAS  C:\Users\jmspi\AppData\Local\Temp\ccqh3FDL.s 			page 4


  74              		.loc 1 98 0
  75 0002 094B     		ldr	r3, .L7
  76 0004 094A     		ldr	r2, .L7+4
  77 0006 1B78     		ldrb	r3, [r3]	@ zero_extendqisi2
  78 0008 03F01003 		and	r3, r3, #16
  79 000c 03F0FF01 		and	r1, r3, #255
  80 0010 13B1     		cbz	r3, .L4
  99:Generated_Source\PSoC5/QuadDec_L_PM.c ****     {
 100:Generated_Source\PSoC5/QuadDec_L_PM.c ****         QuadDec_L_backup.enableState = 1u;
  81              		.loc 1 100 0
  82 0012 0123     		movs	r3, #1
  83 0014 1370     		strb	r3, [r2]
  84 0016 00E0     		b	.L5
  85              	.L4:
 101:Generated_Source\PSoC5/QuadDec_L_PM.c ****     }
 102:Generated_Source\PSoC5/QuadDec_L_PM.c ****     else /* The Quadrature Decoder Component is disabled */
 103:Generated_Source\PSoC5/QuadDec_L_PM.c ****     {
 104:Generated_Source\PSoC5/QuadDec_L_PM.c ****         QuadDec_L_backup.enableState = 0u;
  86              		.loc 1 104 0
  87 0018 1170     		strb	r1, [r2]
  88              	.L5:
 105:Generated_Source\PSoC5/QuadDec_L_PM.c ****     }
 106:Generated_Source\PSoC5/QuadDec_L_PM.c **** 
 107:Generated_Source\PSoC5/QuadDec_L_PM.c ****     QuadDec_L_Stop();
  89              		.loc 1 107 0
  90 001a FFF7FEFF 		bl	QuadDec_L_Stop
  91              	.LVL2:
 108:Generated_Source\PSoC5/QuadDec_L_PM.c ****     QuadDec_L_SaveConfig();
 109:Generated_Source\PSoC5/QuadDec_L_PM.c **** }
  92              		.loc 1 109 0
  93 001e BDE80840 		pop	{r3, lr}
  94              		.cfi_restore 14
  95              		.cfi_restore 3
  96              		.cfi_def_cfa_offset 0
  97              	.LBB6:
  98              	.LBB7:
  45:Generated_Source\PSoC5/QuadDec_L_PM.c ****     #endif /* (QuadDec_L_COUNTER_SIZE == QuadDec_L_COUNTER_SIZE_8_BIT) */
  99              		.loc 1 45 0
 100 0022 FFF7FEBF 		b	QuadDec_L_Cnt16_SaveConfig
 101              	.LVL3:
 102              	.L8:
 103 0026 00BF     		.align	2
 104              	.L7:
 105 0028 97640040 		.word	1073767575
 106 002c 00000000 		.word	.LANCHOR0
 107              	.LBE7:
 108              	.LBE6:
 109              		.cfi_endproc
 110              	.LFE2:
 111              		.size	QuadDec_L_Sleep, .-QuadDec_L_Sleep
 112              		.section	.text.QuadDec_L_Wakeup,"ax",%progbits
 113              		.align	1
 114              		.global	QuadDec_L_Wakeup
 115              		.thumb
 116              		.thumb_func
 117              		.type	QuadDec_L_Wakeup, %function
 118              	QuadDec_L_Wakeup:
ARM GAS  C:\Users\jmspi\AppData\Local\Temp\ccqh3FDL.s 			page 5


 119              	.LFB3:
 110:Generated_Source\PSoC5/QuadDec_L_PM.c **** 
 111:Generated_Source\PSoC5/QuadDec_L_PM.c **** 
 112:Generated_Source\PSoC5/QuadDec_L_PM.c **** /*******************************************************************************
 113:Generated_Source\PSoC5/QuadDec_L_PM.c **** * Function Name: QuadDec_L_Wakeup
 114:Generated_Source\PSoC5/QuadDec_L_PM.c **** ********************************************************************************
 115:Generated_Source\PSoC5/QuadDec_L_PM.c **** *
 116:Generated_Source\PSoC5/QuadDec_L_PM.c **** * Summary:
 117:Generated_Source\PSoC5/QuadDec_L_PM.c **** *  Prepare Quadrature Decoder Component to wake up.
 118:Generated_Source\PSoC5/QuadDec_L_PM.c **** *
 119:Generated_Source\PSoC5/QuadDec_L_PM.c **** * Parameters:
 120:Generated_Source\PSoC5/QuadDec_L_PM.c **** *  None.
 121:Generated_Source\PSoC5/QuadDec_L_PM.c **** *
 122:Generated_Source\PSoC5/QuadDec_L_PM.c **** * Return:
 123:Generated_Source\PSoC5/QuadDec_L_PM.c **** *  None.
 124:Generated_Source\PSoC5/QuadDec_L_PM.c **** *
 125:Generated_Source\PSoC5/QuadDec_L_PM.c **** * Global Variables:
 126:Generated_Source\PSoC5/QuadDec_L_PM.c **** *  QuadDec_L_backup - used when non-retention registers are restored.
 127:Generated_Source\PSoC5/QuadDec_L_PM.c **** *
 128:Generated_Source\PSoC5/QuadDec_L_PM.c **** *******************************************************************************/
 129:Generated_Source\PSoC5/QuadDec_L_PM.c **** void QuadDec_L_Wakeup(void) 
 130:Generated_Source\PSoC5/QuadDec_L_PM.c **** {
 120              		.loc 1 130 0
 121              		.cfi_startproc
 122              		@ args = 0, pretend = 0, frame = 0
 123              		@ frame_needed = 0, uses_anonymous_args = 0
 124 0000 08B5     		push	{r3, lr}
 125              		.cfi_def_cfa_offset 8
 126              		.cfi_offset 3, -8
 127              		.cfi_offset 14, -4
 128              	.LBB8:
 129              	.LBB9:
  71:Generated_Source\PSoC5/QuadDec_L_PM.c ****     #endif /* (QuadDec_L_COUNTER_SIZE == QuadDec_L_COUNTER_SIZE_8_BIT) */
 130              		.loc 1 71 0
 131 0002 FFF7FEFF 		bl	QuadDec_L_Cnt16_RestoreConfig
 132              	.LVL4:
 133              	.LBE9:
 134              	.LBE8:
 131:Generated_Source\PSoC5/QuadDec_L_PM.c ****     QuadDec_L_RestoreConfig();
 132:Generated_Source\PSoC5/QuadDec_L_PM.c **** 
 133:Generated_Source\PSoC5/QuadDec_L_PM.c ****     if (QuadDec_L_backup.enableState != 0u)
 135              		.loc 1 133 0
 136 0006 054B     		ldr	r3, .L11
 137 0008 1B78     		ldrb	r3, [r3]	@ zero_extendqisi2
 138 000a 2BB1     		cbz	r3, .L9
 134:Generated_Source\PSoC5/QuadDec_L_PM.c ****     {
 135:Generated_Source\PSoC5/QuadDec_L_PM.c ****         #if (QuadDec_L_COUNTER_SIZE == QuadDec_L_COUNTER_SIZE_8_BIT)
 136:Generated_Source\PSoC5/QuadDec_L_PM.c ****             QuadDec_L_Cnt8_Enable();
 137:Generated_Source\PSoC5/QuadDec_L_PM.c ****         #else 
 138:Generated_Source\PSoC5/QuadDec_L_PM.c ****             /* (QuadDec_L_COUNTER_SIZE == QuadDec_L_COUNTER_SIZE_16_BIT) || 
 139:Generated_Source\PSoC5/QuadDec_L_PM.c ****             *  (QuadDec_L_COUNTER_SIZE == QuadDec_L_COUNTER_SIZE_32_BIT) 
 140:Generated_Source\PSoC5/QuadDec_L_PM.c ****             */
 141:Generated_Source\PSoC5/QuadDec_L_PM.c ****             QuadDec_L_Cnt16_Enable();
 139              		.loc 1 141 0
 140 000c FFF7FEFF 		bl	QuadDec_L_Cnt16_Enable
 141              	.LVL5:
 142:Generated_Source\PSoC5/QuadDec_L_PM.c ****         #endif /* (QuadDec_L_COUNTER_SIZE == QuadDec_L_COUNTER_SIZE_8_BIT) */
ARM GAS  C:\Users\jmspi\AppData\Local\Temp\ccqh3FDL.s 			page 6


 143:Generated_Source\PSoC5/QuadDec_L_PM.c **** 
 144:Generated_Source\PSoC5/QuadDec_L_PM.c ****         /* Enable component's operation */
 145:Generated_Source\PSoC5/QuadDec_L_PM.c ****         QuadDec_L_Enable();
 146:Generated_Source\PSoC5/QuadDec_L_PM.c ****     } /* Do nothing if component's block was disabled before */
 147:Generated_Source\PSoC5/QuadDec_L_PM.c **** }
 142              		.loc 1 147 0
 143 0010 BDE80840 		pop	{r3, lr}
 144              		.cfi_remember_state
 145              		.cfi_restore 14
 146              		.cfi_restore 3
 147              		.cfi_def_cfa_offset 0
 145:Generated_Source\PSoC5/QuadDec_L_PM.c ****     } /* Do nothing if component's block was disabled before */
 148              		.loc 1 145 0
 149 0014 FFF7FEBF 		b	QuadDec_L_Enable
 150              	.LVL6:
 151              	.L9:
 152              		.cfi_restore_state
 153 0018 08BD     		pop	{r3, pc}
 154              	.L12:
 155 001a 00BF     		.align	2
 156              	.L11:
 157 001c 00000000 		.word	.LANCHOR0
 158              		.cfi_endproc
 159              	.LFE3:
 160              		.size	QuadDec_L_Wakeup, .-QuadDec_L_Wakeup
 161              		.bss
 162              		.set	.LANCHOR0,. + 0
 163              		.type	QuadDec_L_backup, %object
 164              		.size	QuadDec_L_backup, 1
 165              	QuadDec_L_backup:
 166 0000 00       		.space	1
 167              		.text
 168              	.Letext0:
 169              		.file 2 "Generated_Source\\PSoC5\\cytypes.h"
 170              		.file 3 "Generated_Source\\PSoC5\\QuadDec_L.h"
 171              		.file 4 "Generated_Source\\PSoC5\\QuadDec_L_Cnt16.h"
 172              		.section	.debug_info,"",%progbits
 173              	.Ldebug_info0:
 174 0000 DB010000 		.4byte	0x1db
 175 0004 0400     		.2byte	0x4
 176 0006 00000000 		.4byte	.Ldebug_abbrev0
 177 000a 04       		.byte	0x4
 178 000b 01       		.uleb128 0x1
 179 000c 62000000 		.4byte	.LASF26
 180 0010 0C       		.byte	0xc
 181 0011 00000000 		.4byte	.LASF27
 182 0015 F6000000 		.4byte	.LASF28
 183 0019 00000000 		.4byte	.Ldebug_ranges0+0
 184 001d 00000000 		.4byte	0
 185 0021 00000000 		.4byte	.Ldebug_line0
 186 0025 02       		.uleb128 0x2
 187 0026 04       		.byte	0x4
 188 0027 05       		.byte	0x5
 189 0028 696E7400 		.ascii	"int\000"
 190 002c 03       		.uleb128 0x3
 191 002d 04       		.byte	0x4
 192 002e 07       		.byte	0x7
ARM GAS  C:\Users\jmspi\AppData\Local\Temp\ccqh3FDL.s 			page 7


 193 002f 73010000 		.4byte	.LASF0
 194 0033 03       		.uleb128 0x3
 195 0034 08       		.byte	0x8
 196 0035 05       		.byte	0x5
 197 0036 E0010000 		.4byte	.LASF1
 198 003a 03       		.uleb128 0x3
 199 003b 08       		.byte	0x8
 200 003c 04       		.byte	0x4
 201 003d 5E020000 		.4byte	.LASF2
 202 0041 03       		.uleb128 0x3
 203 0042 01       		.byte	0x1
 204 0043 06       		.byte	0x6
 205 0044 7B020000 		.4byte	.LASF3
 206 0048 03       		.uleb128 0x3
 207 0049 01       		.byte	0x1
 208 004a 08       		.byte	0x8
 209 004b 4F000000 		.4byte	.LASF4
 210 004f 03       		.uleb128 0x3
 211 0050 02       		.byte	0x2
 212 0051 05       		.byte	0x5
 213 0052 57010000 		.4byte	.LASF5
 214 0056 03       		.uleb128 0x3
 215 0057 02       		.byte	0x2
 216 0058 07       		.byte	0x7
 217 0059 26000000 		.4byte	.LASF6
 218 005d 03       		.uleb128 0x3
 219 005e 04       		.byte	0x4
 220 005f 05       		.byte	0x5
 221 0060 49020000 		.4byte	.LASF7
 222 0064 03       		.uleb128 0x3
 223 0065 04       		.byte	0x4
 224 0066 07       		.byte	0x7
 225 0067 61010000 		.4byte	.LASF8
 226 006b 03       		.uleb128 0x3
 227 006c 08       		.byte	0x8
 228 006d 07       		.byte	0x7
 229 006e 80010000 		.4byte	.LASF9
 230 0072 03       		.uleb128 0x3
 231 0073 04       		.byte	0x4
 232 0074 07       		.byte	0x7
 233 0075 D7010000 		.4byte	.LASF10
 234 0079 03       		.uleb128 0x3
 235 007a 01       		.byte	0x1
 236 007b 08       		.byte	0x8
 237 007c EE010000 		.4byte	.LASF11
 238 0080 04       		.uleb128 0x4
 239 0081 F0000000 		.4byte	.LASF14
 240 0085 02       		.byte	0x2
 241 0086 E801     		.2byte	0x1e8
 242 0088 48000000 		.4byte	0x48
 243 008c 03       		.uleb128 0x3
 244 008d 04       		.byte	0x4
 245 008e 04       		.byte	0x4
 246 008f 49000000 		.4byte	.LASF12
 247 0093 03       		.uleb128 0x3
 248 0094 08       		.byte	0x8
 249 0095 04       		.byte	0x4
ARM GAS  C:\Users\jmspi\AppData\Local\Temp\ccqh3FDL.s 			page 8


 250 0096 50010000 		.4byte	.LASF13
 251 009a 04       		.uleb128 0x4
 252 009b 5D000000 		.4byte	.LASF15
 253 009f 02       		.byte	0x2
 254 00a0 9202     		.2byte	0x292
 255 00a2 A6000000 		.4byte	0xa6
 256 00a6 05       		.uleb128 0x5
 257 00a7 80000000 		.4byte	0x80
 258 00ab 06       		.uleb128 0x6
 259 00ac 01       		.byte	0x1
 260 00ad 03       		.byte	0x3
 261 00ae 3D       		.byte	0x3d
 262 00af C0000000 		.4byte	0xc0
 263 00b3 07       		.uleb128 0x7
 264 00b4 52020000 		.4byte	.LASF29
 265 00b8 03       		.byte	0x3
 266 00b9 3F       		.byte	0x3f
 267 00ba 80000000 		.4byte	0x80
 268 00be 00       		.byte	0
 269 00bf 00       		.byte	0
 270 00c0 08       		.uleb128 0x8
 271 00c1 97010000 		.4byte	.LASF16
 272 00c5 03       		.byte	0x3
 273 00c6 40       		.byte	0x40
 274 00c7 AB000000 		.4byte	0xab
 275 00cb 09       		.uleb128 0x9
 276 00cc 3B010000 		.4byte	.LASF17
 277 00d0 01       		.byte	0x1
 278 00d1 25       		.byte	0x25
 279 00d2 01       		.byte	0x1
 280 00d3 09       		.uleb128 0x9
 281 00d4 02020000 		.4byte	.LASF18
 282 00d8 01       		.byte	0x1
 283 00d9 3F       		.byte	0x3f
 284 00da 01       		.byte	0x1
 285 00db 0A       		.uleb128 0xa
 286 00dc CB000000 		.4byte	0xcb
 287 00e0 00000000 		.4byte	.LFB0
 288 00e4 04000000 		.4byte	.LFE0-.LFB0
 289 00e8 01       		.uleb128 0x1
 290 00e9 9C       		.byte	0x9c
 291 00ea F8000000 		.4byte	0xf8
 292 00ee 0B       		.uleb128 0xb
 293 00ef 04000000 		.4byte	.LVL0
 294 00f3 A7010000 		.4byte	0x1a7
 295 00f7 00       		.byte	0
 296 00f8 0A       		.uleb128 0xa
 297 00f9 D3000000 		.4byte	0xd3
 298 00fd 00000000 		.4byte	.LFB1
 299 0101 04000000 		.4byte	.LFE1-.LFB1
 300 0105 01       		.uleb128 0x1
 301 0106 9C       		.byte	0x9c
 302 0107 15010000 		.4byte	0x115
 303 010b 0B       		.uleb128 0xb
 304 010c 04000000 		.4byte	.LVL1
 305 0110 B2010000 		.4byte	0x1b2
 306 0114 00       		.byte	0
ARM GAS  C:\Users\jmspi\AppData\Local\Temp\ccqh3FDL.s 			page 9


 307 0115 0C       		.uleb128 0xc
 308 0116 39000000 		.4byte	.LASF19
 309 011a 01       		.byte	0x1
 310 011b 60       		.byte	0x60
 311 011c 00000000 		.4byte	.LFB2
 312 0120 30000000 		.4byte	.LFE2-.LFB2
 313 0124 01       		.uleb128 0x1
 314 0125 9C       		.byte	0x9c
 315 0126 51010000 		.4byte	0x151
 316 012a 0D       		.uleb128 0xd
 317 012b CB000000 		.4byte	0xcb
 318 012f 22000000 		.4byte	.LBB6
 319 0133 0E000000 		.4byte	.LBE6-.LBB6
 320 0137 01       		.byte	0x1
 321 0138 6C       		.byte	0x6c
 322 0139 47010000 		.4byte	0x147
 323 013d 0B       		.uleb128 0xb
 324 013e 26000000 		.4byte	.LVL3
 325 0142 A7010000 		.4byte	0x1a7
 326 0146 00       		.byte	0
 327 0147 0E       		.uleb128 0xe
 328 0148 1E000000 		.4byte	.LVL2
 329 014c BD010000 		.4byte	0x1bd
 330 0150 00       		.byte	0
 331 0151 0C       		.uleb128 0xc
 332 0152 6A020000 		.4byte	.LASF20
 333 0156 01       		.byte	0x1
 334 0157 81       		.byte	0x81
 335 0158 00000000 		.4byte	.LFB3
 336 015c 20000000 		.4byte	.LFE3-.LFB3
 337 0160 01       		.uleb128 0x1
 338 0161 9C       		.byte	0x9c
 339 0162 96010000 		.4byte	0x196
 340 0166 0D       		.uleb128 0xd
 341 0167 D3000000 		.4byte	0xd3
 342 016b 02000000 		.4byte	.LBB8
 343 016f 04000000 		.4byte	.LBE8-.LBB8
 344 0173 01       		.byte	0x1
 345 0174 83       		.byte	0x83
 346 0175 83010000 		.4byte	0x183
 347 0179 0E       		.uleb128 0xe
 348 017a 06000000 		.4byte	.LVL4
 349 017e B2010000 		.4byte	0x1b2
 350 0182 00       		.byte	0
 351 0183 0E       		.uleb128 0xe
 352 0184 10000000 		.4byte	.LVL5
 353 0188 C8010000 		.4byte	0x1c8
 354 018c 0B       		.uleb128 0xb
 355 018d 18000000 		.4byte	.LVL6
 356 0191 D3010000 		.4byte	0x1d3
 357 0195 00       		.byte	0
 358 0196 0F       		.uleb128 0xf
 359 0197 1A020000 		.4byte	.LASF30
 360 019b 01       		.byte	0x1
 361 019c 15       		.byte	0x15
 362 019d C0000000 		.4byte	0xc0
 363 01a1 05       		.uleb128 0x5
ARM GAS  C:\Users\jmspi\AppData\Local\Temp\ccqh3FDL.s 			page 10


 364 01a2 03       		.byte	0x3
 365 01a3 00000000 		.4byte	QuadDec_L_backup
 366 01a7 10       		.uleb128 0x10
 367 01a8 87020000 		.4byte	.LASF21
 368 01ac 87020000 		.4byte	.LASF21
 369 01b0 04       		.byte	0x4
 370 01b1 72       		.byte	0x72
 371 01b2 10       		.uleb128 0x10
 372 01b3 2B020000 		.4byte	.LASF22
 373 01b7 2B020000 		.4byte	.LASF22
 374 01bb 04       		.byte	0x4
 375 01bc 73       		.byte	0x73
 376 01bd 10       		.uleb128 0x10
 377 01be F3010000 		.4byte	.LASF23
 378 01c2 F3010000 		.4byte	.LASF23
 379 01c6 03       		.byte	0x3
 380 01c7 49       		.byte	0x49
 381 01c8 10       		.uleb128 0x10
 382 01c9 C0010000 		.4byte	.LASF24
 383 01cd C0010000 		.4byte	.LASF24
 384 01d1 04       		.byte	0x4
 385 01d2 71       		.byte	0x71
 386 01d3 10       		.uleb128 0x10
 387 01d4 AF010000 		.4byte	.LASF25
 388 01d8 AF010000 		.4byte	.LASF25
 389 01dc 03       		.byte	0x3
 390 01dd 4A       		.byte	0x4a
 391 01de 00       		.byte	0
 392              		.section	.debug_abbrev,"",%progbits
 393              	.Ldebug_abbrev0:
 394 0000 01       		.uleb128 0x1
 395 0001 11       		.uleb128 0x11
 396 0002 01       		.byte	0x1
 397 0003 25       		.uleb128 0x25
 398 0004 0E       		.uleb128 0xe
 399 0005 13       		.uleb128 0x13
 400 0006 0B       		.uleb128 0xb
 401 0007 03       		.uleb128 0x3
 402 0008 0E       		.uleb128 0xe
 403 0009 1B       		.uleb128 0x1b
 404 000a 0E       		.uleb128 0xe
 405 000b 55       		.uleb128 0x55
 406 000c 17       		.uleb128 0x17
 407 000d 11       		.uleb128 0x11
 408 000e 01       		.uleb128 0x1
 409 000f 10       		.uleb128 0x10
 410 0010 17       		.uleb128 0x17
 411 0011 00       		.byte	0
 412 0012 00       		.byte	0
 413 0013 02       		.uleb128 0x2
 414 0014 24       		.uleb128 0x24
 415 0015 00       		.byte	0
 416 0016 0B       		.uleb128 0xb
 417 0017 0B       		.uleb128 0xb
 418 0018 3E       		.uleb128 0x3e
 419 0019 0B       		.uleb128 0xb
 420 001a 03       		.uleb128 0x3
ARM GAS  C:\Users\jmspi\AppData\Local\Temp\ccqh3FDL.s 			page 11


 421 001b 08       		.uleb128 0x8
 422 001c 00       		.byte	0
 423 001d 00       		.byte	0
 424 001e 03       		.uleb128 0x3
 425 001f 24       		.uleb128 0x24
 426 0020 00       		.byte	0
 427 0021 0B       		.uleb128 0xb
 428 0022 0B       		.uleb128 0xb
 429 0023 3E       		.uleb128 0x3e
 430 0024 0B       		.uleb128 0xb
 431 0025 03       		.uleb128 0x3
 432 0026 0E       		.uleb128 0xe
 433 0027 00       		.byte	0
 434 0028 00       		.byte	0
 435 0029 04       		.uleb128 0x4
 436 002a 16       		.uleb128 0x16
 437 002b 00       		.byte	0
 438 002c 03       		.uleb128 0x3
 439 002d 0E       		.uleb128 0xe
 440 002e 3A       		.uleb128 0x3a
 441 002f 0B       		.uleb128 0xb
 442 0030 3B       		.uleb128 0x3b
 443 0031 05       		.uleb128 0x5
 444 0032 49       		.uleb128 0x49
 445 0033 13       		.uleb128 0x13
 446 0034 00       		.byte	0
 447 0035 00       		.byte	0
 448 0036 05       		.uleb128 0x5
 449 0037 35       		.uleb128 0x35
 450 0038 00       		.byte	0
 451 0039 49       		.uleb128 0x49
 452 003a 13       		.uleb128 0x13
 453 003b 00       		.byte	0
 454 003c 00       		.byte	0
 455 003d 06       		.uleb128 0x6
 456 003e 13       		.uleb128 0x13
 457 003f 01       		.byte	0x1
 458 0040 0B       		.uleb128 0xb
 459 0041 0B       		.uleb128 0xb
 460 0042 3A       		.uleb128 0x3a
 461 0043 0B       		.uleb128 0xb
 462 0044 3B       		.uleb128 0x3b
 463 0045 0B       		.uleb128 0xb
 464 0046 01       		.uleb128 0x1
 465 0047 13       		.uleb128 0x13
 466 0048 00       		.byte	0
 467 0049 00       		.byte	0
 468 004a 07       		.uleb128 0x7
 469 004b 0D       		.uleb128 0xd
 470 004c 00       		.byte	0
 471 004d 03       		.uleb128 0x3
 472 004e 0E       		.uleb128 0xe
 473 004f 3A       		.uleb128 0x3a
 474 0050 0B       		.uleb128 0xb
 475 0051 3B       		.uleb128 0x3b
 476 0052 0B       		.uleb128 0xb
 477 0053 49       		.uleb128 0x49
ARM GAS  C:\Users\jmspi\AppData\Local\Temp\ccqh3FDL.s 			page 12


 478 0054 13       		.uleb128 0x13
 479 0055 38       		.uleb128 0x38
 480 0056 0B       		.uleb128 0xb
 481 0057 00       		.byte	0
 482 0058 00       		.byte	0
 483 0059 08       		.uleb128 0x8
 484 005a 16       		.uleb128 0x16
 485 005b 00       		.byte	0
 486 005c 03       		.uleb128 0x3
 487 005d 0E       		.uleb128 0xe
 488 005e 3A       		.uleb128 0x3a
 489 005f 0B       		.uleb128 0xb
 490 0060 3B       		.uleb128 0x3b
 491 0061 0B       		.uleb128 0xb
 492 0062 49       		.uleb128 0x49
 493 0063 13       		.uleb128 0x13
 494 0064 00       		.byte	0
 495 0065 00       		.byte	0
 496 0066 09       		.uleb128 0x9
 497 0067 2E       		.uleb128 0x2e
 498 0068 00       		.byte	0
 499 0069 3F       		.uleb128 0x3f
 500 006a 19       		.uleb128 0x19
 501 006b 03       		.uleb128 0x3
 502 006c 0E       		.uleb128 0xe
 503 006d 3A       		.uleb128 0x3a
 504 006e 0B       		.uleb128 0xb
 505 006f 3B       		.uleb128 0x3b
 506 0070 0B       		.uleb128 0xb
 507 0071 27       		.uleb128 0x27
 508 0072 19       		.uleb128 0x19
 509 0073 20       		.uleb128 0x20
 510 0074 0B       		.uleb128 0xb
 511 0075 00       		.byte	0
 512 0076 00       		.byte	0
 513 0077 0A       		.uleb128 0xa
 514 0078 2E       		.uleb128 0x2e
 515 0079 01       		.byte	0x1
 516 007a 31       		.uleb128 0x31
 517 007b 13       		.uleb128 0x13
 518 007c 11       		.uleb128 0x11
 519 007d 01       		.uleb128 0x1
 520 007e 12       		.uleb128 0x12
 521 007f 06       		.uleb128 0x6
 522 0080 40       		.uleb128 0x40
 523 0081 18       		.uleb128 0x18
 524 0082 9742     		.uleb128 0x2117
 525 0084 19       		.uleb128 0x19
 526 0085 01       		.uleb128 0x1
 527 0086 13       		.uleb128 0x13
 528 0087 00       		.byte	0
 529 0088 00       		.byte	0
 530 0089 0B       		.uleb128 0xb
 531 008a 898201   		.uleb128 0x4109
 532 008d 00       		.byte	0
 533 008e 11       		.uleb128 0x11
 534 008f 01       		.uleb128 0x1
ARM GAS  C:\Users\jmspi\AppData\Local\Temp\ccqh3FDL.s 			page 13


 535 0090 9542     		.uleb128 0x2115
 536 0092 19       		.uleb128 0x19
 537 0093 31       		.uleb128 0x31
 538 0094 13       		.uleb128 0x13
 539 0095 00       		.byte	0
 540 0096 00       		.byte	0
 541 0097 0C       		.uleb128 0xc
 542 0098 2E       		.uleb128 0x2e
 543 0099 01       		.byte	0x1
 544 009a 3F       		.uleb128 0x3f
 545 009b 19       		.uleb128 0x19
 546 009c 03       		.uleb128 0x3
 547 009d 0E       		.uleb128 0xe
 548 009e 3A       		.uleb128 0x3a
 549 009f 0B       		.uleb128 0xb
 550 00a0 3B       		.uleb128 0x3b
 551 00a1 0B       		.uleb128 0xb
 552 00a2 27       		.uleb128 0x27
 553 00a3 19       		.uleb128 0x19
 554 00a4 11       		.uleb128 0x11
 555 00a5 01       		.uleb128 0x1
 556 00a6 12       		.uleb128 0x12
 557 00a7 06       		.uleb128 0x6
 558 00a8 40       		.uleb128 0x40
 559 00a9 18       		.uleb128 0x18
 560 00aa 9742     		.uleb128 0x2117
 561 00ac 19       		.uleb128 0x19
 562 00ad 01       		.uleb128 0x1
 563 00ae 13       		.uleb128 0x13
 564 00af 00       		.byte	0
 565 00b0 00       		.byte	0
 566 00b1 0D       		.uleb128 0xd
 567 00b2 1D       		.uleb128 0x1d
 568 00b3 01       		.byte	0x1
 569 00b4 31       		.uleb128 0x31
 570 00b5 13       		.uleb128 0x13
 571 00b6 11       		.uleb128 0x11
 572 00b7 01       		.uleb128 0x1
 573 00b8 12       		.uleb128 0x12
 574 00b9 06       		.uleb128 0x6
 575 00ba 58       		.uleb128 0x58
 576 00bb 0B       		.uleb128 0xb
 577 00bc 59       		.uleb128 0x59
 578 00bd 0B       		.uleb128 0xb
 579 00be 01       		.uleb128 0x1
 580 00bf 13       		.uleb128 0x13
 581 00c0 00       		.byte	0
 582 00c1 00       		.byte	0
 583 00c2 0E       		.uleb128 0xe
 584 00c3 898201   		.uleb128 0x4109
 585 00c6 00       		.byte	0
 586 00c7 11       		.uleb128 0x11
 587 00c8 01       		.uleb128 0x1
 588 00c9 31       		.uleb128 0x31
 589 00ca 13       		.uleb128 0x13
 590 00cb 00       		.byte	0
 591 00cc 00       		.byte	0
ARM GAS  C:\Users\jmspi\AppData\Local\Temp\ccqh3FDL.s 			page 14


 592 00cd 0F       		.uleb128 0xf
 593 00ce 34       		.uleb128 0x34
 594 00cf 00       		.byte	0
 595 00d0 03       		.uleb128 0x3
 596 00d1 0E       		.uleb128 0xe
 597 00d2 3A       		.uleb128 0x3a
 598 00d3 0B       		.uleb128 0xb
 599 00d4 3B       		.uleb128 0x3b
 600 00d5 0B       		.uleb128 0xb
 601 00d6 49       		.uleb128 0x49
 602 00d7 13       		.uleb128 0x13
 603 00d8 02       		.uleb128 0x2
 604 00d9 18       		.uleb128 0x18
 605 00da 00       		.byte	0
 606 00db 00       		.byte	0
 607 00dc 10       		.uleb128 0x10
 608 00dd 2E       		.uleb128 0x2e
 609 00de 00       		.byte	0
 610 00df 3F       		.uleb128 0x3f
 611 00e0 19       		.uleb128 0x19
 612 00e1 3C       		.uleb128 0x3c
 613 00e2 19       		.uleb128 0x19
 614 00e3 6E       		.uleb128 0x6e
 615 00e4 0E       		.uleb128 0xe
 616 00e5 03       		.uleb128 0x3
 617 00e6 0E       		.uleb128 0xe
 618 00e7 3A       		.uleb128 0x3a
 619 00e8 0B       		.uleb128 0xb
 620 00e9 3B       		.uleb128 0x3b
 621 00ea 0B       		.uleb128 0xb
 622 00eb 00       		.byte	0
 623 00ec 00       		.byte	0
 624 00ed 00       		.byte	0
 625              		.section	.debug_aranges,"",%progbits
 626 0000 34000000 		.4byte	0x34
 627 0004 0200     		.2byte	0x2
 628 0006 00000000 		.4byte	.Ldebug_info0
 629 000a 04       		.byte	0x4
 630 000b 00       		.byte	0
 631 000c 0000     		.2byte	0
 632 000e 0000     		.2byte	0
 633 0010 00000000 		.4byte	.LFB0
 634 0014 04000000 		.4byte	.LFE0-.LFB0
 635 0018 00000000 		.4byte	.LFB1
 636 001c 04000000 		.4byte	.LFE1-.LFB1
 637 0020 00000000 		.4byte	.LFB2
 638 0024 30000000 		.4byte	.LFE2-.LFB2
 639 0028 00000000 		.4byte	.LFB3
 640 002c 20000000 		.4byte	.LFE3-.LFB3
 641 0030 00000000 		.4byte	0
 642 0034 00000000 		.4byte	0
 643              		.section	.debug_ranges,"",%progbits
 644              	.Ldebug_ranges0:
 645 0000 00000000 		.4byte	.LFB0
 646 0004 04000000 		.4byte	.LFE0
 647 0008 00000000 		.4byte	.LFB1
 648 000c 04000000 		.4byte	.LFE1
ARM GAS  C:\Users\jmspi\AppData\Local\Temp\ccqh3FDL.s 			page 15


 649 0010 00000000 		.4byte	.LFB2
 650 0014 30000000 		.4byte	.LFE2
 651 0018 00000000 		.4byte	.LFB3
 652 001c 20000000 		.4byte	.LFE3
 653 0020 00000000 		.4byte	0
 654 0024 00000000 		.4byte	0
 655              		.section	.debug_line,"",%progbits
 656              	.Ldebug_line0:
 657 0000 C4000000 		.section	.debug_str,"MS",%progbits,1
 657      02006D00 
 657      00000201 
 657      FB0E0D00 
 657      01010101 
 658              	.LASF27:
 659 0000 47656E65 		.ascii	"Generated_Source\\PSoC5\\QuadDec_L_PM.c\000"
 659      72617465 
 659      645F536F 
 659      75726365 
 659      5C50536F 
 660              	.LASF6:
 661 0026 73686F72 		.ascii	"short unsigned int\000"
 661      7420756E 
 661      7369676E 
 661      65642069 
 661      6E7400
 662              	.LASF19:
 663 0039 51756164 		.ascii	"QuadDec_L_Sleep\000"
 663      4465635F 
 663      4C5F536C 
 663      65657000 
 664              	.LASF12:
 665 0049 666C6F61 		.ascii	"float\000"
 665      7400
 666              	.LASF4:
 667 004f 756E7369 		.ascii	"unsigned char\000"
 667      676E6564 
 667      20636861 
 667      7200
 668              	.LASF15:
 669 005d 72656738 		.ascii	"reg8\000"
 669      00
 670              	.LASF26:
 671 0062 474E5520 		.ascii	"GNU C11 5.4.1 20160609 (release) [ARM/embedded-5-br"
 671      43313120 
 671      352E342E 
 671      31203230 
 671      31363036 
 672 0095 616E6368 		.ascii	"anch revision 237715] -mcpu=cortex-m3 -mthumb -g -O"
 672      20726576 
 672      6973696F 
 672      6E203233 
 672      37373135 
 673 00c8 73202D66 		.ascii	"s -ffunction-sections -ffat-lto-objects\000"
 673      66756E63 
 673      74696F6E 
 673      2D736563 
 673      74696F6E 
ARM GAS  C:\Users\jmspi\AppData\Local\Temp\ccqh3FDL.s 			page 16


 674              	.LASF14:
 675 00f0 75696E74 		.ascii	"uint8\000"
 675      3800
 676              	.LASF28:
 677 00f6 433A5C55 		.ascii	"C:\\Users\\jmspi\\OneDrive\\Documents\\GitHub\\ECE4"
 677      73657273 
 677      5C6A6D73 
 677      70695C4F 
 677      6E654472 
 678 0123 3139315C 		.ascii	"191\\DeliveryRobot.cydsn\000"
 678      44656C69 
 678      76657279 
 678      526F626F 
 678      742E6379 
 679              	.LASF17:
 680 013b 51756164 		.ascii	"QuadDec_L_SaveConfig\000"
 680      4465635F 
 680      4C5F5361 
 680      7665436F 
 680      6E666967 
 681              	.LASF13:
 682 0150 646F7562 		.ascii	"double\000"
 682      6C6500
 683              	.LASF5:
 684 0157 73686F72 		.ascii	"short int\000"
 684      7420696E 
 684      7400
 685              	.LASF8:
 686 0161 6C6F6E67 		.ascii	"long unsigned int\000"
 686      20756E73 
 686      69676E65 
 686      6420696E 
 686      7400
 687              	.LASF0:
 688 0173 756E7369 		.ascii	"unsigned int\000"
 688      676E6564 
 688      20696E74 
 688      00
 689              	.LASF9:
 690 0180 6C6F6E67 		.ascii	"long long unsigned int\000"
 690      206C6F6E 
 690      6720756E 
 690      7369676E 
 690      65642069 
 691              	.LASF16:
 692 0197 51756164 		.ascii	"QuadDec_L_BACKUP_STRUCT\000"
 692      4465635F 
 692      4C5F4241 
 692      434B5550 
 692      5F535452 
 693              	.LASF25:
 694 01af 51756164 		.ascii	"QuadDec_L_Enable\000"
 694      4465635F 
 694      4C5F456E 
 694      61626C65 
 694      00
 695              	.LASF24:
ARM GAS  C:\Users\jmspi\AppData\Local\Temp\ccqh3FDL.s 			page 17


 696 01c0 51756164 		.ascii	"QuadDec_L_Cnt16_Enable\000"
 696      4465635F 
 696      4C5F436E 
 696      7431365F 
 696      456E6162 
 697              	.LASF10:
 698 01d7 73697A65 		.ascii	"sizetype\000"
 698      74797065 
 698      00
 699              	.LASF1:
 700 01e0 6C6F6E67 		.ascii	"long long int\000"
 700      206C6F6E 
 700      6720696E 
 700      7400
 701              	.LASF11:
 702 01ee 63686172 		.ascii	"char\000"
 702      00
 703              	.LASF23:
 704 01f3 51756164 		.ascii	"QuadDec_L_Stop\000"
 704      4465635F 
 704      4C5F5374 
 704      6F7000
 705              	.LASF18:
 706 0202 51756164 		.ascii	"QuadDec_L_RestoreConfig\000"
 706      4465635F 
 706      4C5F5265 
 706      73746F72 
 706      65436F6E 
 707              	.LASF30:
 708 021a 51756164 		.ascii	"QuadDec_L_backup\000"
 708      4465635F 
 708      4C5F6261 
 708      636B7570 
 708      00
 709              	.LASF22:
 710 022b 51756164 		.ascii	"QuadDec_L_Cnt16_RestoreConfig\000"
 710      4465635F 
 710      4C5F436E 
 710      7431365F 
 710      52657374 
 711              	.LASF7:
 712 0249 6C6F6E67 		.ascii	"long int\000"
 712      20696E74 
 712      00
 713              	.LASF29:
 714 0252 656E6162 		.ascii	"enableState\000"
 714      6C655374 
 714      61746500 
 715              	.LASF2:
 716 025e 6C6F6E67 		.ascii	"long double\000"
 716      20646F75 
 716      626C6500 
 717              	.LASF20:
 718 026a 51756164 		.ascii	"QuadDec_L_Wakeup\000"
 718      4465635F 
 718      4C5F5761 
 718      6B657570 
ARM GAS  C:\Users\jmspi\AppData\Local\Temp\ccqh3FDL.s 			page 18


 718      00
 719              	.LASF3:
 720 027b 7369676E 		.ascii	"signed char\000"
 720      65642063 
 720      68617200 
 721              	.LASF21:
 722 0287 51756164 		.ascii	"QuadDec_L_Cnt16_SaveConfig\000"
 722      4465635F 
 722      4C5F436E 
 722      7431365F 
 722      53617665 
 723              		.ident	"GCC: (GNU Tools for ARM Embedded Processors) 5.4.1 20160609 (release) [ARM/embedded-5-bran
