ARM GAS  C:\Users\jmspi\AppData\Local\Temp\ccTyTNst.s 			page 1


   1              		.syntax unified
   2              		.cpu cortex-m3
   3              		.fpu softvfp
   4              		.eabi_attribute 20, 1
   5              		.eabi_attribute 21, 1
   6              		.eabi_attribute 23, 3
   7              		.eabi_attribute 24, 1
   8              		.eabi_attribute 25, 1
   9              		.eabi_attribute 26, 1
  10              		.eabi_attribute 30, 4
  11              		.eabi_attribute 34, 1
  12              		.eabi_attribute 18, 4
  13              		.thumb
  14              		.syntax unified
  15              		.file	"sort.c"
  16              		.text
  17              	.Ltext0:
  18              		.cfi_sections	.debug_frame
  19              		.global	__aeabi_dcmple
  20              		.section	.text.sort,"ax",%progbits
  21              		.align	1
  22              		.global	sort
  23              		.thumb
  24              		.thumb_func
  25              		.type	sort, %function
  26              	sort:
  27              	.LFB0:
  28              		.file 1 "VFH+\\src\\sort.c"
   1:VFH+\src/sort.c **** /*
   2:VFH+\src/sort.c ****  * Academic License - for use in teaching, academic research, and meeting
   3:VFH+\src/sort.c ****  * course requirements at degree granting institutions only.  Not for
   4:VFH+\src/sort.c ****  * government, commercial, or other organizational use.
   5:VFH+\src/sort.c ****  * File: sort.c
   6:VFH+\src/sort.c ****  *
   7:VFH+\src/sort.c ****  * MATLAB Coder version            : 5.3
   8:VFH+\src/sort.c ****  * C/C++ source code generated on  : 30-Aug-2023 22:51:35
   9:VFH+\src/sort.c ****  */
  10:VFH+\src/sort.c **** 
  11:VFH+\src/sort.c **** /* Include Files */
  12:VFH+\src/sort.c **** #include "sort.h"
  13:VFH+\src/sort.c **** #include "rt_nonfinite.h"
  14:VFH+\src/sort.c **** #include "rt_nonfinite.h"
  15:VFH+\src/sort.c **** 
  16:VFH+\src/sort.c **** /* Function Definitions */
  17:VFH+\src/sort.c **** /*
  18:VFH+\src/sort.c ****  * Arguments    : double x[2]
  19:VFH+\src/sort.c ****  * Return Type  : void
  20:VFH+\src/sort.c ****  */
  21:VFH+\src/sort.c **** void sort(double x[2])
  22:VFH+\src/sort.c **** {
  29              		.loc 1 22 0
  30              		.cfi_startproc
  31              		@ args = 0, pretend = 0, frame = 0
  32              		@ frame_needed = 0, uses_anonymous_args = 0
  33              	.LVL0:
  34 0000 D0B5     		push	{r4, r6, r7, lr}
  35              		.cfi_def_cfa_offset 16
ARM GAS  C:\Users\jmspi\AppData\Local\Temp\ccTyTNst.s 			page 2


  36              		.cfi_offset 4, -16
  37              		.cfi_offset 6, -12
  38              		.cfi_offset 7, -8
  39              		.cfi_offset 14, -4
  23:VFH+\src/sort.c ****   double tmp;
  24:VFH+\src/sort.c ****   if ((!(x[0] <= x[1])) && (!rtIsNaN(x[1]))) {
  40              		.loc 1 24 0
  41 0002 D0E90267 		ldrd	r6, [r0, #8]
  22:VFH+\src/sort.c ****   double tmp;
  42              		.loc 1 22 0
  43 0006 0446     		mov	r4, r0
  44              		.loc 1 24 0
  45 0008 03C8     		ldmia	r0, {r0-r1}
  46              	.LVL1:
  47 000a 3246     		mov	r2, r6
  48 000c 3B46     		mov	r3, r7
  49 000e FFF7FEFF 		bl	__aeabi_dcmple
  50              	.LVL2:
  51 0012 60B9     		cbnz	r0, .L1
  52 0014 3046     		mov	r0, r6
  53 0016 3946     		mov	r1, r7
  54 0018 FFF7FEFF 		bl	rtIsNaN
  55              	.LVL3:
  56 001c 38B9     		cbnz	r0, .L1
  25:VFH+\src/sort.c ****     tmp = x[0];
  57              		.loc 1 25 0
  58 001e D4E90023 		ldrd	r2, [r4]
  59              	.LVL4:
  26:VFH+\src/sort.c ****     x[0] = x[1];
  60              		.loc 1 26 0
  61 0022 D4E90201 		ldrd	r0, [r4, #8]
  27:VFH+\src/sort.c ****     x[1] = tmp;
  62              		.loc 1 27 0
  63 0026 C4E90223 		strd	r2, [r4, #8]
  26:VFH+\src/sort.c ****     x[0] = x[1];
  64              		.loc 1 26 0
  65 002a C4E90001 		strd	r0, [r4]
  66              	.LVL5:
  67              	.L1:
  68 002e D0BD     		pop	{r4, r6, r7, pc}
  69              		.cfi_endproc
  70              	.LFE0:
  71              		.size	sort, .-sort
  72              		.text
  73              	.Letext0:
  74              		.file 2 ".\\VFH+\\include/rt_nonfinite.h"
  75              		.section	.debug_info,"",%progbits
  76              	.Ldebug_info0:
  77 0000 DE000000 		.4byte	0xde
  78 0004 0400     		.2byte	0x4
  79 0006 00000000 		.4byte	.Ldebug_abbrev0
  80 000a 04       		.byte	0x4
  81 000b 01       		.uleb128 0x1
  82 000c C8000000 		.4byte	.LASF15
  83 0010 0C       		.byte	0xc
  84 0011 A0000000 		.4byte	.LASF16
  85 0015 55000000 		.4byte	.LASF17
ARM GAS  C:\Users\jmspi\AppData\Local\Temp\ccTyTNst.s 			page 3


  86 0019 00000000 		.4byte	.Ldebug_ranges0+0
  87 001d 00000000 		.4byte	0
  88 0021 00000000 		.4byte	.Ldebug_line0
  89 0025 02       		.uleb128 0x2
  90 0026 01       		.byte	0x1
  91 0027 06       		.byte	0x6
  92 0028 69010000 		.4byte	.LASF0
  93 002c 02       		.uleb128 0x2
  94 002d 01       		.byte	0x1
  95 002e 08       		.byte	0x8
  96 002f 13000000 		.4byte	.LASF1
  97 0033 02       		.uleb128 0x2
  98 0034 02       		.byte	0x2
  99 0035 05       		.byte	0x5
 100 0036 81010000 		.4byte	.LASF2
 101 003a 02       		.uleb128 0x2
 102 003b 02       		.byte	0x2
 103 003c 07       		.byte	0x7
 104 003d 56010000 		.4byte	.LASF3
 105 0041 03       		.uleb128 0x3
 106 0042 04       		.byte	0x4
 107 0043 05       		.byte	0x5
 108 0044 696E7400 		.ascii	"int\000"
 109 0048 02       		.uleb128 0x2
 110 0049 04       		.byte	0x4
 111 004a 07       		.byte	0x7
 112 004b 8B010000 		.4byte	.LASF4
 113 004f 02       		.uleb128 0x2
 114 0050 04       		.byte	0x4
 115 0051 04       		.byte	0x4
 116 0052 4A000000 		.4byte	.LASF5
 117 0056 02       		.uleb128 0x2
 118 0057 08       		.byte	0x8
 119 0058 04       		.byte	0x4
 120 0059 C1000000 		.4byte	.LASF6
 121 005d 02       		.uleb128 0x2
 122 005e 01       		.byte	0x1
 123 005f 02       		.byte	0x2
 124 0060 9A000000 		.4byte	.LASF7
 125 0064 02       		.uleb128 0x2
 126 0065 04       		.byte	0x4
 127 0066 07       		.byte	0x7
 128 0067 21000000 		.4byte	.LASF8
 129 006b 02       		.uleb128 0x2
 130 006c 01       		.byte	0x1
 131 006d 08       		.byte	0x8
 132 006e 50000000 		.4byte	.LASF9
 133 0072 02       		.uleb128 0x2
 134 0073 08       		.byte	0x8
 135 0074 05       		.byte	0x5
 136 0075 00000000 		.4byte	.LASF10
 137 0079 02       		.uleb128 0x2
 138 007a 08       		.byte	0x8
 139 007b 04       		.byte	0x4
 140 007c 75010000 		.4byte	.LASF11
 141 0080 02       		.uleb128 0x2
 142 0081 04       		.byte	0x4
ARM GAS  C:\Users\jmspi\AppData\Local\Temp\ccTyTNst.s 			page 4


 143 0082 05       		.byte	0x5
 144 0083 B8000000 		.4byte	.LASF12
 145 0087 02       		.uleb128 0x2
 146 0088 08       		.byte	0x8
 147 0089 07       		.byte	0x7
 148 008a 33000000 		.4byte	.LASF13
 149 008e 02       		.uleb128 0x2
 150 008f 04       		.byte	0x4
 151 0090 07       		.byte	0x7
 152 0091 98010000 		.4byte	.LASF14
 153 0095 04       		.uleb128 0x4
 154 0096 0E000000 		.4byte	.LASF18
 155 009a 01       		.byte	0x1
 156 009b 15       		.byte	0x15
 157 009c 00000000 		.4byte	.LFB0
 158 00a0 30000000 		.4byte	.LFE0-.LFB0
 159 00a4 01       		.uleb128 0x1
 160 00a5 9C       		.byte	0x9c
 161 00a6 D0000000 		.4byte	0xd0
 162 00aa 05       		.uleb128 0x5
 163 00ab 7800     		.ascii	"x\000"
 164 00ad 01       		.byte	0x1
 165 00ae 15       		.byte	0x15
 166 00af D0000000 		.4byte	0xd0
 167 00b3 00000000 		.4byte	.LLST0
 168 00b7 06       		.uleb128 0x6
 169 00b8 746D7000 		.ascii	"tmp\000"
 170 00bc 01       		.byte	0x1
 171 00bd 17       		.byte	0x17
 172 00be 56000000 		.4byte	0x56
 173 00c2 1E000000 		.4byte	.LLST1
 174 00c6 07       		.uleb128 0x7
 175 00c7 1C000000 		.4byte	.LVL3
 176 00cb D6000000 		.4byte	0xd6
 177 00cf 00       		.byte	0
 178 00d0 08       		.uleb128 0x8
 179 00d1 04       		.byte	0x4
 180 00d2 56000000 		.4byte	0x56
 181 00d6 09       		.uleb128 0x9
 182 00d7 B0000000 		.4byte	.LASF19
 183 00db B0000000 		.4byte	.LASF19
 184 00df 02       		.byte	0x2
 185 00e0 1E       		.byte	0x1e
 186 00e1 00       		.byte	0
 187              		.section	.debug_abbrev,"",%progbits
 188              	.Ldebug_abbrev0:
 189 0000 01       		.uleb128 0x1
 190 0001 11       		.uleb128 0x11
 191 0002 01       		.byte	0x1
 192 0003 25       		.uleb128 0x25
 193 0004 0E       		.uleb128 0xe
 194 0005 13       		.uleb128 0x13
 195 0006 0B       		.uleb128 0xb
 196 0007 03       		.uleb128 0x3
 197 0008 0E       		.uleb128 0xe
 198 0009 1B       		.uleb128 0x1b
 199 000a 0E       		.uleb128 0xe
ARM GAS  C:\Users\jmspi\AppData\Local\Temp\ccTyTNst.s 			page 5


 200 000b 55       		.uleb128 0x55
 201 000c 17       		.uleb128 0x17
 202 000d 11       		.uleb128 0x11
 203 000e 01       		.uleb128 0x1
 204 000f 10       		.uleb128 0x10
 205 0010 17       		.uleb128 0x17
 206 0011 00       		.byte	0
 207 0012 00       		.byte	0
 208 0013 02       		.uleb128 0x2
 209 0014 24       		.uleb128 0x24
 210 0015 00       		.byte	0
 211 0016 0B       		.uleb128 0xb
 212 0017 0B       		.uleb128 0xb
 213 0018 3E       		.uleb128 0x3e
 214 0019 0B       		.uleb128 0xb
 215 001a 03       		.uleb128 0x3
 216 001b 0E       		.uleb128 0xe
 217 001c 00       		.byte	0
 218 001d 00       		.byte	0
 219 001e 03       		.uleb128 0x3
 220 001f 24       		.uleb128 0x24
 221 0020 00       		.byte	0
 222 0021 0B       		.uleb128 0xb
 223 0022 0B       		.uleb128 0xb
 224 0023 3E       		.uleb128 0x3e
 225 0024 0B       		.uleb128 0xb
 226 0025 03       		.uleb128 0x3
 227 0026 08       		.uleb128 0x8
 228 0027 00       		.byte	0
 229 0028 00       		.byte	0
 230 0029 04       		.uleb128 0x4
 231 002a 2E       		.uleb128 0x2e
 232 002b 01       		.byte	0x1
 233 002c 3F       		.uleb128 0x3f
 234 002d 19       		.uleb128 0x19
 235 002e 03       		.uleb128 0x3
 236 002f 0E       		.uleb128 0xe
 237 0030 3A       		.uleb128 0x3a
 238 0031 0B       		.uleb128 0xb
 239 0032 3B       		.uleb128 0x3b
 240 0033 0B       		.uleb128 0xb
 241 0034 27       		.uleb128 0x27
 242 0035 19       		.uleb128 0x19
 243 0036 11       		.uleb128 0x11
 244 0037 01       		.uleb128 0x1
 245 0038 12       		.uleb128 0x12
 246 0039 06       		.uleb128 0x6
 247 003a 40       		.uleb128 0x40
 248 003b 18       		.uleb128 0x18
 249 003c 9642     		.uleb128 0x2116
 250 003e 19       		.uleb128 0x19
 251 003f 01       		.uleb128 0x1
 252 0040 13       		.uleb128 0x13
 253 0041 00       		.byte	0
 254 0042 00       		.byte	0
 255 0043 05       		.uleb128 0x5
 256 0044 05       		.uleb128 0x5
ARM GAS  C:\Users\jmspi\AppData\Local\Temp\ccTyTNst.s 			page 6


 257 0045 00       		.byte	0
 258 0046 03       		.uleb128 0x3
 259 0047 08       		.uleb128 0x8
 260 0048 3A       		.uleb128 0x3a
 261 0049 0B       		.uleb128 0xb
 262 004a 3B       		.uleb128 0x3b
 263 004b 0B       		.uleb128 0xb
 264 004c 49       		.uleb128 0x49
 265 004d 13       		.uleb128 0x13
 266 004e 02       		.uleb128 0x2
 267 004f 17       		.uleb128 0x17
 268 0050 00       		.byte	0
 269 0051 00       		.byte	0
 270 0052 06       		.uleb128 0x6
 271 0053 34       		.uleb128 0x34
 272 0054 00       		.byte	0
 273 0055 03       		.uleb128 0x3
 274 0056 08       		.uleb128 0x8
 275 0057 3A       		.uleb128 0x3a
 276 0058 0B       		.uleb128 0xb
 277 0059 3B       		.uleb128 0x3b
 278 005a 0B       		.uleb128 0xb
 279 005b 49       		.uleb128 0x49
 280 005c 13       		.uleb128 0x13
 281 005d 02       		.uleb128 0x2
 282 005e 17       		.uleb128 0x17
 283 005f 00       		.byte	0
 284 0060 00       		.byte	0
 285 0061 07       		.uleb128 0x7
 286 0062 898201   		.uleb128 0x4109
 287 0065 00       		.byte	0
 288 0066 11       		.uleb128 0x11
 289 0067 01       		.uleb128 0x1
 290 0068 31       		.uleb128 0x31
 291 0069 13       		.uleb128 0x13
 292 006a 00       		.byte	0
 293 006b 00       		.byte	0
 294 006c 08       		.uleb128 0x8
 295 006d 0F       		.uleb128 0xf
 296 006e 00       		.byte	0
 297 006f 0B       		.uleb128 0xb
 298 0070 0B       		.uleb128 0xb
 299 0071 49       		.uleb128 0x49
 300 0072 13       		.uleb128 0x13
 301 0073 00       		.byte	0
 302 0074 00       		.byte	0
 303 0075 09       		.uleb128 0x9
 304 0076 2E       		.uleb128 0x2e
 305 0077 00       		.byte	0
 306 0078 3F       		.uleb128 0x3f
 307 0079 19       		.uleb128 0x19
 308 007a 3C       		.uleb128 0x3c
 309 007b 19       		.uleb128 0x19
 310 007c 6E       		.uleb128 0x6e
 311 007d 0E       		.uleb128 0xe
 312 007e 03       		.uleb128 0x3
 313 007f 0E       		.uleb128 0xe
ARM GAS  C:\Users\jmspi\AppData\Local\Temp\ccTyTNst.s 			page 7


 314 0080 3A       		.uleb128 0x3a
 315 0081 0B       		.uleb128 0xb
 316 0082 3B       		.uleb128 0x3b
 317 0083 0B       		.uleb128 0xb
 318 0084 00       		.byte	0
 319 0085 00       		.byte	0
 320 0086 00       		.byte	0
 321              		.section	.debug_loc,"",%progbits
 322              	.Ldebug_loc0:
 323              	.LLST0:
 324 0000 00000000 		.4byte	.LVL0
 325 0004 0A000000 		.4byte	.LVL1
 326 0008 0100     		.2byte	0x1
 327 000a 50       		.byte	0x50
 328 000b 0A000000 		.4byte	.LVL1
 329 000f 30000000 		.4byte	.LFE0
 330 0013 0100     		.2byte	0x1
 331 0015 54       		.byte	0x54
 332 0016 00000000 		.4byte	0
 333 001a 00000000 		.4byte	0
 334              	.LLST1:
 335 001e 22000000 		.4byte	.LVL4
 336 0022 2E000000 		.4byte	.LVL5
 337 0026 0600     		.2byte	0x6
 338 0028 52       		.byte	0x52
 339 0029 93       		.byte	0x93
 340 002a 04       		.uleb128 0x4
 341 002b 53       		.byte	0x53
 342 002c 93       		.byte	0x93
 343 002d 04       		.uleb128 0x4
 344 002e 00000000 		.4byte	0
 345 0032 00000000 		.4byte	0
 346              		.section	.debug_aranges,"",%progbits
 347 0000 1C000000 		.4byte	0x1c
 348 0004 0200     		.2byte	0x2
 349 0006 00000000 		.4byte	.Ldebug_info0
 350 000a 04       		.byte	0x4
 351 000b 00       		.byte	0
 352 000c 0000     		.2byte	0
 353 000e 0000     		.2byte	0
 354 0010 00000000 		.4byte	.LFB0
 355 0014 30000000 		.4byte	.LFE0-.LFB0
 356 0018 00000000 		.4byte	0
 357 001c 00000000 		.4byte	0
 358              		.section	.debug_ranges,"",%progbits
 359              	.Ldebug_ranges0:
 360 0000 00000000 		.4byte	.LFB0
 361 0004 30000000 		.4byte	.LFE0
 362 0008 00000000 		.4byte	0
 363 000c 00000000 		.4byte	0
 364              		.section	.debug_line,"",%progbits
 365              	.Ldebug_line0:
 366 0000 63000000 		.section	.debug_str,"MS",%progbits,1
 366      02004700 
 366      00000201 
 366      FB0E0D00 
 366      01010101 
ARM GAS  C:\Users\jmspi\AppData\Local\Temp\ccTyTNst.s 			page 8


 367              	.LASF10:
 368 0000 6C6F6E67 		.ascii	"long long int\000"
 368      206C6F6E 
 368      6720696E 
 368      7400
 369              	.LASF18:
 370 000e 736F7274 		.ascii	"sort\000"
 370      00
 371              	.LASF1:
 372 0013 756E7369 		.ascii	"unsigned char\000"
 372      676E6564 
 372      20636861 
 372      7200
 373              	.LASF8:
 374 0021 6C6F6E67 		.ascii	"long unsigned int\000"
 374      20756E73 
 374      69676E65 
 374      6420696E 
 374      7400
 375              	.LASF13:
 376 0033 6C6F6E67 		.ascii	"long long unsigned int\000"
 376      206C6F6E 
 376      6720756E 
 376      7369676E 
 376      65642069 
 377              	.LASF5:
 378 004a 666C6F61 		.ascii	"float\000"
 378      7400
 379              	.LASF9:
 380 0050 63686172 		.ascii	"char\000"
 380      00
 381              	.LASF17:
 382 0055 433A5C55 		.ascii	"C:\\Users\\jmspi\\OneDrive\\Documents\\GitHub\\ECE4"
 382      73657273 
 382      5C6A6D73 
 382      70695C4F 
 382      6E654472 
 383 0082 3139315C 		.ascii	"191\\DeliveryRobot.cydsn\000"
 383      44656C69 
 383      76657279 
 383      526F626F 
 383      742E6379 
 384              	.LASF7:
 385 009a 5F426F6F 		.ascii	"_Bool\000"
 385      6C00
 386              	.LASF16:
 387 00a0 5646482B 		.ascii	"VFH+\\src\\sort.c\000"
 387      5C737263 
 387      5C736F72 
 387      742E6300 
 388              	.LASF19:
 389 00b0 72744973 		.ascii	"rtIsNaN\000"
 389      4E614E00 
 390              	.LASF12:
 391 00b8 6C6F6E67 		.ascii	"long int\000"
 391      20696E74 
 391      00
ARM GAS  C:\Users\jmspi\AppData\Local\Temp\ccTyTNst.s 			page 9


 392              	.LASF6:
 393 00c1 646F7562 		.ascii	"double\000"
 393      6C6500
 394              	.LASF15:
 395 00c8 474E5520 		.ascii	"GNU C11 5.4.1 20160609 (release) [ARM/embedded-5-br"
 395      43313120 
 395      352E342E 
 395      31203230 
 395      31363036 
 396 00fb 616E6368 		.ascii	"anch revision 237715] -mcpu=cortex-m3 -mthumb -g -O"
 396      20726576 
 396      6973696F 
 396      6E203233 
 396      37373135 
 397 012e 73202D66 		.ascii	"s -ffunction-sections -ffat-lto-objects\000"
 397      66756E63 
 397      74696F6E 
 397      2D736563 
 397      74696F6E 
 398              	.LASF3:
 399 0156 73686F72 		.ascii	"short unsigned int\000"
 399      7420756E 
 399      7369676E 
 399      65642069 
 399      6E7400
 400              	.LASF0:
 401 0169 7369676E 		.ascii	"signed char\000"
 401      65642063 
 401      68617200 
 402              	.LASF11:
 403 0175 6C6F6E67 		.ascii	"long double\000"
 403      20646F75 
 403      626C6500 
 404              	.LASF2:
 405 0181 73686F72 		.ascii	"short int\000"
 405      7420696E 
 405      7400
 406              	.LASF4:
 407 018b 756E7369 		.ascii	"unsigned int\000"
 407      676E6564 
 407      20696E74 
 407      00
 408              	.LASF14:
 409 0198 73697A65 		.ascii	"sizetype\000"
 409      74797065 
 409      00
 410              		.ident	"GCC: (GNU Tools for ARM Embedded Processors) 5.4.1 20160609 (release) [ARM/embedded-5-bran
