ARM GAS  C:\Users\cyu13\AppData\Local\Temp\cc3xL5vV.s 			page 1


   1              		.syntax unified
   2              		.cpu cortex-m3
   3              		.fpu softvfp
   4              		.eabi_attribute 20, 1
   5              		.eabi_attribute 21, 1
   6              		.eabi_attribute 23, 3
   7              		.eabi_attribute 24, 1
   8              		.eabi_attribute 25, 1
   9              		.eabi_attribute 26, 1
  10              		.eabi_attribute 30, 6
  11              		.eabi_attribute 34, 1
  12              		.eabi_attribute 18, 4
  13              		.thumb
  14              		.syntax unified
  15              		.file	"tentacles.c"
  16              		.text
  17              	.Ltext0:
  18              		.cfi_sections	.debug_frame
  19              		.global	__aeabi_ddiv
  20              		.global	__aeabi_dmul
  21              		.global	__aeabi_dsub
  22              		.section	.text.calculate_angle_modulo,"ax",%progbits
  23              		.align	2
  24              		.global	calculate_angle_modulo
  25              		.thumb
  26              		.thumb_func
  27              		.type	calculate_angle_modulo, %function
  28              	calculate_angle_modulo:
  29              	.LFB0:
  30              		.file 1 "..\\Tentacles\\tentacles.c"
   1:..\Tentacles/tentacles.c **** #include <stdlib.h>
   2:..\Tentacles/tentacles.c **** #include <math.h>
   3:..\Tentacles/tentacles.c **** #include <stdbool.h>
   4:..\Tentacles/tentacles.c **** #include "..\Tentacles\tentacles.h"
   5:..\Tentacles/tentacles.c **** 
   6:..\Tentacles/tentacles.c **** long double calculate_angle_modulo(long double angle) {
  31              		.loc 1 6 0
  32              		.cfi_startproc
  33              		@ args = 0, pretend = 0, frame = 8
  34              		@ frame_needed = 1, uses_anonymous_args = 0
  35 0000 90B5     		push	{r4, r7, lr}
  36              		.cfi_def_cfa_offset 12
  37              		.cfi_offset 4, -12
  38              		.cfi_offset 7, -8
  39              		.cfi_offset 14, -4
  40 0002 83B0     		sub	sp, sp, #12
  41              		.cfi_def_cfa_offset 24
  42 0004 00AF     		add	r7, sp, #0
  43              		.cfi_def_cfa_register 7
  44 0006 C7E90001 		strd	r0, [r7]
   7:..\Tentacles/tentacles.c ****     return angle - M_TWOPI * floor(angle / M_TWOPI);  
  45              		.loc 1 7 0
  46 000a 11A3     		adr	r3, .L3
  47 000c D3E90023 		ldrd	r2, [r3]
  48 0010 D7E90001 		ldrd	r0, [r7]
  49 0014 FFF7FEFF 		bl	__aeabi_ddiv
  50 0018 0346     		mov	r3, r0
ARM GAS  C:\Users\cyu13\AppData\Local\Temp\cc3xL5vV.s 			page 2


  51 001a 0C46     		mov	r4, r1
  52 001c 1846     		mov	r0, r3
  53 001e 2146     		mov	r1, r4
  54 0020 FFF7FEFF 		bl	floor
  55 0024 0AA3     		adr	r3, .L3
  56 0026 D3E90023 		ldrd	r2, [r3]
  57 002a FFF7FEFF 		bl	__aeabi_dmul
  58 002e 0346     		mov	r3, r0
  59 0030 0C46     		mov	r4, r1
  60 0032 1A46     		mov	r2, r3
  61 0034 2346     		mov	r3, r4
  62 0036 D7E90001 		ldrd	r0, [r7]
  63 003a FFF7FEFF 		bl	__aeabi_dsub
  64 003e 0346     		mov	r3, r0
  65 0040 0C46     		mov	r4, r1
   8:..\Tentacles/tentacles.c **** }
  66              		.loc 1 8 0
  67 0042 1846     		mov	r0, r3
  68 0044 2146     		mov	r1, r4
  69 0046 0C37     		adds	r7, r7, #12
  70              		.cfi_def_cfa_offset 12
  71 0048 BD46     		mov	sp, r7
  72              		.cfi_def_cfa_register 13
  73              		@ sp needed
  74 004a 90BD     		pop	{r4, r7, pc}
  75              	.L4:
  76 004c AFF30080 		.align	3
  77              	.L3:
  78 0050 182D4454 		.word	1413754136
  79 0054 FB211940 		.word	1075388923
  80              		.cfi_endproc
  81              	.LFE0:
  82              		.size	calculate_angle_modulo, .-calculate_angle_modulo
  83              		.global	__aeabi_dadd
  84              		.section	.text.calculate_distance_from_goal,"ax",%progbits
  85              		.align	2
  86              		.global	calculate_distance_from_goal
  87              		.thumb
  88              		.thumb_func
  89              		.type	calculate_distance_from_goal, %function
  90              	calculate_distance_from_goal:
  91              	.LFB1:
   9:..\Tentacles/tentacles.c **** 
  10:..\Tentacles/tentacles.c **** double calculate_distance_from_goal(double pos_x, double pos_y, double goal_x, double goal_y) {
  92              		.loc 1 10 0
  93              		.cfi_startproc
  94              		@ args = 16, pretend = 0, frame = 24
  95              		@ frame_needed = 1, uses_anonymous_args = 0
  96 0000 B0B5     		push	{r4, r5, r7, lr}
  97              		.cfi_def_cfa_offset 16
  98              		.cfi_offset 4, -16
  99              		.cfi_offset 5, -12
 100              		.cfi_offset 7, -8
 101              		.cfi_offset 14, -4
 102 0002 86B0     		sub	sp, sp, #24
 103              		.cfi_def_cfa_offset 40
 104 0004 00AF     		add	r7, sp, #0
ARM GAS  C:\Users\cyu13\AppData\Local\Temp\cc3xL5vV.s 			page 3


 105              		.cfi_def_cfa_register 7
 106 0006 C7E90201 		strd	r0, [r7, #8]
 107 000a C7E90023 		strd	r2, [r7]
  11:..\Tentacles/tentacles.c ****   // Calculate distance between current position and end goal
  12:..\Tentacles/tentacles.c ****   double distance = sqrt( pow( goal_x - pos_x, 2 ) + pow( goal_y - pos_y, 2 ) ); 
 108              		.loc 1 12 0
 109 000e D7E90223 		ldrd	r2, [r7, #8]
 110 0012 D7E90A01 		ldrd	r0, [r7, #40]
 111 0016 FFF7FEFF 		bl	__aeabi_dsub
 112 001a 0346     		mov	r3, r0
 113 001c 0C46     		mov	r4, r1
 114 001e 1846     		mov	r0, r3
 115 0020 2146     		mov	r1, r4
 116 0022 4FF00002 		mov	r2, #0
 117 0026 4FF08043 		mov	r3, #1073741824
 118 002a FFF7FEFF 		bl	pow
 119 002e 0446     		mov	r4, r0
 120 0030 0D46     		mov	r5, r1
 121 0032 D7E90023 		ldrd	r2, [r7]
 122 0036 D7E90C01 		ldrd	r0, [r7, #48]
 123 003a FFF7FEFF 		bl	__aeabi_dsub
 124 003e 0246     		mov	r2, r0
 125 0040 0B46     		mov	r3, r1
 126 0042 1046     		mov	r0, r2
 127 0044 1946     		mov	r1, r3
 128 0046 4FF00002 		mov	r2, #0
 129 004a 4FF08043 		mov	r3, #1073741824
 130 004e FFF7FEFF 		bl	pow
 131 0052 0246     		mov	r2, r0
 132 0054 0B46     		mov	r3, r1
 133 0056 2046     		mov	r0, r4
 134 0058 2946     		mov	r1, r5
 135 005a FFF7FEFF 		bl	__aeabi_dadd
 136 005e 0346     		mov	r3, r0
 137 0060 0C46     		mov	r4, r1
 138 0062 1846     		mov	r0, r3
 139 0064 2146     		mov	r1, r4
 140 0066 FFF7FEFF 		bl	sqrt
 141 006a C7E90401 		strd	r0, [r7, #16]
  13:..\Tentacles/tentacles.c **** 
  14:..\Tentacles/tentacles.c ****   return distance;
 142              		.loc 1 14 0
 143 006e D7E90434 		ldrd	r3, [r7, #16]
  15:..\Tentacles/tentacles.c **** }
 144              		.loc 1 15 0
 145 0072 1846     		mov	r0, r3
 146 0074 2146     		mov	r1, r4
 147 0076 1837     		adds	r7, r7, #24
 148              		.cfi_def_cfa_offset 16
 149 0078 BD46     		mov	sp, r7
 150              		.cfi_def_cfa_register 13
 151              		@ sp needed
 152 007a B0BD     		pop	{r4, r5, r7, pc}
 153              		.cfi_endproc
 154              	.LFE1:
 155              		.size	calculate_distance_from_goal, .-calculate_distance_from_goal
 156              		.global	__aeabi_i2d
ARM GAS  C:\Users\cyu13\AppData\Local\Temp\cc3xL5vV.s 			page 4


 157              		.global	__aeabi_dcmplt
 158              		.global	__aeabi_dcmpgt
 159              		.global	__aeabi_i2f
 160              		.global	__aeabi_fcmplt
 161              		.section	.text.check_collision,"ax",%progbits
 162              		.align	2
 163              		.global	check_collision
 164              		.thumb
 165              		.thumb_func
 166              		.type	check_collision, %function
 167              	check_collision:
 168              	.LFB2:
  16:..\Tentacles/tentacles.c **** 
  17:..\Tentacles/tentacles.c **** bool check_collision(Sensor * sensors) {
 169              		.loc 1 17 0
 170              		.cfi_startproc
 171              		@ args = 0, pretend = 0, frame = 24
 172              		@ frame_needed = 1, uses_anonymous_args = 0
 173 0000 80B5     		push	{r7, lr}
 174              		.cfi_def_cfa_offset 8
 175              		.cfi_offset 7, -8
 176              		.cfi_offset 14, -4
 177 0002 86B0     		sub	sp, sp, #24
 178              		.cfi_def_cfa_offset 32
 179 0004 00AF     		add	r7, sp, #0
 180              		.cfi_def_cfa_register 7
 181 0006 7860     		str	r0, [r7, #4]
  18:..\Tentacles/tentacles.c ****     // Calculate whether or not the robot collides with obstacle based on ultrasonic reading
  19:..\Tentacles/tentacles.c ****     int front_threshold = 10;
 182              		.loc 1 19 0
 183 0008 0A23     		movs	r3, #10
 184 000a 3B61     		str	r3, [r7, #16]
  20:..\Tentacles/tentacles.c ****     float other_threshold = 0.1;
 185              		.loc 1 20 0
 186 000c 2A4B     		ldr	r3, .L19+16
 187 000e FB60     		str	r3, [r7, #12]	@ float
 188              	.LBB2:
  21:..\Tentacles/tentacles.c ****     for (int i=0; i < N_SENSORS; i++) {
 189              		.loc 1 21 0
 190 0010 0023     		movs	r3, #0
 191 0012 7B61     		str	r3, [r7, #20]
 192 0014 3EE0     		b	.L8
 193              	.L16:
  22:..\Tentacles/tentacles.c ****         if (sensors->direction[i] < M_PI || sensors->direction[i] > 3*M_PI / 4) {
 194              		.loc 1 22 0
 195 0016 7B68     		ldr	r3, [r7, #4]
 196 0018 7A69     		ldr	r2, [r7, #20]
 197 001a 53F82230 		ldr	r3, [r3, r2, lsl #2]
 198 001e 1846     		mov	r0, r3
 199 0020 FFF7FEFF 		bl	__aeabi_i2d
 200 0024 20A3     		adr	r3, .L19
 201 0026 D3E90023 		ldrd	r2, [r3]
 202 002a FFF7FEFF 		bl	__aeabi_dcmplt
 203 002e 0346     		mov	r3, r0
 204 0030 002B     		cmp	r3, #0
 205 0032 0ED1     		bne	.L9
 206              		.loc 1 22 0 is_stmt 0 discriminator 1
ARM GAS  C:\Users\cyu13\AppData\Local\Temp\cc3xL5vV.s 			page 5


 207 0034 7B68     		ldr	r3, [r7, #4]
 208 0036 7A69     		ldr	r2, [r7, #20]
 209 0038 53F82230 		ldr	r3, [r3, r2, lsl #2]
 210 003c 1846     		mov	r0, r3
 211 003e FFF7FEFF 		bl	__aeabi_i2d
 212 0042 1BA3     		adr	r3, .L19+8
 213 0044 D3E90023 		ldrd	r2, [r3]
 214 0048 FFF7FEFF 		bl	__aeabi_dcmpgt
 215 004c 0346     		mov	r3, r0
 216 004e 002B     		cmp	r3, #0
 217 0050 0AD0     		beq	.L18
 218              	.L9:
  23:..\Tentacles/tentacles.c ****             if (sensors->distance[i] < front_threshold) {
 219              		.loc 1 23 0 is_stmt 1
 220 0052 7A68     		ldr	r2, [r7, #4]
 221 0054 7B69     		ldr	r3, [r7, #20]
 222 0056 0433     		adds	r3, r3, #4
 223 0058 9B00     		lsls	r3, r3, #2
 224 005a 1344     		add	r3, r3, r2
 225 005c 5A68     		ldr	r2, [r3, #4]
 226 005e 3B69     		ldr	r3, [r7, #16]
 227 0060 9A42     		cmp	r2, r3
 228 0062 14DA     		bge	.L14
  24:..\Tentacles/tentacles.c ****                 return true;
 229              		.loc 1 24 0
 230 0064 0123     		movs	r3, #1
 231 0066 19E0     		b	.L13
 232              	.L18:
  25:..\Tentacles/tentacles.c ****             }
  26:..\Tentacles/tentacles.c ****         } else {
  27:..\Tentacles/tentacles.c ****             if (sensors->distance[i] < other_threshold) {
 233              		.loc 1 27 0
 234 0068 7A68     		ldr	r2, [r7, #4]
 235 006a 7B69     		ldr	r3, [r7, #20]
 236 006c 0433     		adds	r3, r3, #4
 237 006e 9B00     		lsls	r3, r3, #2
 238 0070 1344     		add	r3, r3, r2
 239 0072 5B68     		ldr	r3, [r3, #4]
 240 0074 1846     		mov	r0, r3
 241 0076 FFF7FEFF 		bl	__aeabi_i2f
 242 007a 0346     		mov	r3, r0
 243 007c F968     		ldr	r1, [r7, #12]	@ float
 244 007e 1846     		mov	r0, r3
 245 0080 FFF7FEFF 		bl	__aeabi_fcmplt
 246 0084 0346     		mov	r3, r0
 247 0086 002B     		cmp	r3, #0
 248 0088 01D0     		beq	.L14
  28:..\Tentacles/tentacles.c ****                 return true;
 249              		.loc 1 28 0
 250 008a 0123     		movs	r3, #1
 251 008c 06E0     		b	.L13
 252              	.L14:
  21:..\Tentacles/tentacles.c ****         if (sensors->direction[i] < M_PI || sensors->direction[i] > 3*M_PI / 4) {
 253              		.loc 1 21 0 discriminator 2
 254 008e 7B69     		ldr	r3, [r7, #20]
 255 0090 0133     		adds	r3, r3, #1
 256 0092 7B61     		str	r3, [r7, #20]
ARM GAS  C:\Users\cyu13\AppData\Local\Temp\cc3xL5vV.s 			page 6


 257              	.L8:
  21:..\Tentacles/tentacles.c ****         if (sensors->direction[i] < M_PI || sensors->direction[i] > 3*M_PI / 4) {
 258              		.loc 1 21 0 is_stmt 0 discriminator 1
 259 0094 7B69     		ldr	r3, [r7, #20]
 260 0096 042B     		cmp	r3, #4
 261 0098 BDDD     		ble	.L16
 262              	.LBE2:
  29:..\Tentacles/tentacles.c ****             }
  30:..\Tentacles/tentacles.c ****         }
  31:..\Tentacles/tentacles.c ****         
  32:..\Tentacles/tentacles.c ****     }
  33:..\Tentacles/tentacles.c **** 
  34:..\Tentacles/tentacles.c ****     return false;
 263              		.loc 1 34 0 is_stmt 1
 264 009a 0023     		movs	r3, #0
 265              	.L13:
  35:..\Tentacles/tentacles.c **** }
 266              		.loc 1 35 0
 267 009c 1846     		mov	r0, r3
 268 009e 1837     		adds	r7, r7, #24
 269              		.cfi_def_cfa_offset 8
 270 00a0 BD46     		mov	sp, r7
 271              		.cfi_def_cfa_register 13
 272              		@ sp needed
 273 00a2 80BD     		pop	{r7, pc}
 274              	.L20:
 275 00a4 AFF30080 		.align	3
 276              	.L19:
 277 00a8 182D4454 		.word	1413754136
 278 00ac FB210940 		.word	1074340347
 279 00b0 D221337F 		.word	2134057426
 280 00b4 7CD90240 		.word	1073928572
 281 00b8 CDCCCC3D 		.word	1036831949
 282              		.cfi_endproc
 283              	.LFE2:
 284              		.size	check_collision, .-check_collision
 285              		.section	.text.tentacles_cost_function,"ax",%progbits
 286              		.align	2
 287              		.global	tentacles_cost_function
 288              		.thumb
 289              		.thumb_func
 290              		.type	tentacles_cost_function, %function
 291              	tentacles_cost_function:
 292              	.LFB3:
  36:..\Tentacles/tentacles.c **** 
  37:..\Tentacles/tentacles.c **** 
  38:..\Tentacles/tentacles.c **** double tentacles_cost_function(Tentacles * octopussy, Sensor * sensors, double v, double w, double 
 293              		.loc 1 38 0
 294              		.cfi_startproc
 295              		@ args = 56, pretend = 0, frame = 72
 296              		@ frame_needed = 1, uses_anonymous_args = 0
 297 0000 B0B5     		push	{r4, r5, r7, lr}
 298              		.cfi_def_cfa_offset 16
 299              		.cfi_offset 4, -16
 300              		.cfi_offset 5, -12
 301              		.cfi_offset 7, -8
 302              		.cfi_offset 14, -4
ARM GAS  C:\Users\cyu13\AppData\Local\Temp\cc3xL5vV.s 			page 7


 303 0002 92B0     		sub	sp, sp, #72
 304              		.cfi_def_cfa_offset 88
 305 0004 00AF     		add	r7, sp, #0
 306              		.cfi_def_cfa_register 7
 307 0006 F860     		str	r0, [r7, #12]
 308 0008 B960     		str	r1, [r7, #8]
 309 000a C7E90023 		strd	r2, [r7]
  39:..\Tentacles/tentacles.c **** 
  40:..\Tentacles/tentacles.c ****     // Extracting variables
  41:..\Tentacles/tentacles.c ****     double dt = octopussy->dt;
 310              		.loc 1 41 0
 311 000e FB68     		ldr	r3, [r7, #12]
 312 0010 03F10804 		add	r4, r3, #8
 313 0014 D4E90034 		ldrd	r3, [r4]
 314 0018 C7E90E34 		strd	r3, [r7, #56]
  42:..\Tentacles/tentacles.c ****     double steps = octopussy->steps;
 315              		.loc 1 42 0
 316 001c FB68     		ldr	r3, [r7, #12]
 317 001e 03F11004 		add	r4, r3, #16
 318 0022 D4E90034 		ldrd	r3, [r4]
 319 0026 C7E90C34 		strd	r3, [r7, #48]
  43:..\Tentacles/tentacles.c ****     double alpha = octopussy->alpha;
 320              		.loc 1 43 0
 321 002a FB68     		ldr	r3, [r7, #12]
 322 002c 03F11804 		add	r4, r3, #24
 323 0030 D4E90034 		ldrd	r3, [r4]
 324 0034 C7E90A34 		strd	r3, [r7, #40]
  44:..\Tentacles/tentacles.c ****     double beta = octopussy->beta;
 325              		.loc 1 44 0
 326 0038 FB68     		ldr	r3, [r7, #12]
 327 003a 03F12004 		add	r4, r3, #32
 328 003e D4E90034 		ldrd	r3, [r4]
 329 0042 C7E90834 		strd	r3, [r7, #32]
 330              	.LBB3:
  45:..\Tentacles/tentacles.c **** 
  46:..\Tentacles/tentacles.c ****     // Define variables
  47:..\Tentacles/tentacles.c **** 
  48:..\Tentacles/tentacles.c ****     // Allocate space for different trajectories
  49:..\Tentacles/tentacles.c ****     for (int i=0; i < steps; i++) {
 331              		.loc 1 49 0
 332 0046 0023     		movs	r3, #0
 333 0048 7B64     		str	r3, [r7, #68]
 334 004a 5EE0     		b	.L22
 335              	.L25:
  50:..\Tentacles/tentacles.c ****         pos_x = pos_x + dt * v * cos(pos_theta);
 336              		.loc 1 50 0
 337 004c D7E90023 		ldrd	r2, [r7]
 338 0050 D7E90E01 		ldrd	r0, [r7, #56]
 339 0054 FFF7FEFF 		bl	__aeabi_dmul
 340 0058 0346     		mov	r3, r0
 341 005a 0C46     		mov	r4, r1
 342 005c 2546     		mov	r5, r4
 343 005e 1C46     		mov	r4, r3
 344 0060 D7E92201 		ldrd	r0, [r7, #136]
 345 0064 FFF7FEFF 		bl	cos
 346 0068 0246     		mov	r2, r0
 347 006a 0B46     		mov	r3, r1
ARM GAS  C:\Users\cyu13\AppData\Local\Temp\cc3xL5vV.s 			page 8


 348 006c 2046     		mov	r0, r4
 349 006e 2946     		mov	r1, r5
 350 0070 FFF7FEFF 		bl	__aeabi_dmul
 351 0074 0346     		mov	r3, r0
 352 0076 0C46     		mov	r4, r1
 353 0078 1A46     		mov	r2, r3
 354 007a 2346     		mov	r3, r4
 355 007c D7E91E01 		ldrd	r0, [r7, #120]
 356 0080 FFF7FEFF 		bl	__aeabi_dadd
 357 0084 0346     		mov	r3, r0
 358 0086 0C46     		mov	r4, r1
 359 0088 C7E91E34 		strd	r3, [r7, #120]
  51:..\Tentacles/tentacles.c ****         pos_y = pos_y + dt * v * sin(pos_theta);
 360              		.loc 1 51 0
 361 008c D7E90023 		ldrd	r2, [r7]
 362 0090 D7E90E01 		ldrd	r0, [r7, #56]
 363 0094 FFF7FEFF 		bl	__aeabi_dmul
 364 0098 0346     		mov	r3, r0
 365 009a 0C46     		mov	r4, r1
 366 009c 2546     		mov	r5, r4
 367 009e 1C46     		mov	r4, r3
 368 00a0 D7E92201 		ldrd	r0, [r7, #136]
 369 00a4 FFF7FEFF 		bl	sin
 370 00a8 0246     		mov	r2, r0
 371 00aa 0B46     		mov	r3, r1
 372 00ac 2046     		mov	r0, r4
 373 00ae 2946     		mov	r1, r5
 374 00b0 FFF7FEFF 		bl	__aeabi_dmul
 375 00b4 0346     		mov	r3, r0
 376 00b6 0C46     		mov	r4, r1
 377 00b8 1A46     		mov	r2, r3
 378 00ba 2346     		mov	r3, r4
 379 00bc D7E92001 		ldrd	r0, [r7, #128]
 380 00c0 FFF7FEFF 		bl	__aeabi_dadd
 381 00c4 0346     		mov	r3, r0
 382 00c6 0C46     		mov	r4, r1
 383 00c8 C7E92034 		strd	r3, [r7, #128]
  52:..\Tentacles/tentacles.c ****         pos_theta = pos_theta + w * dt;
 384              		.loc 1 52 0
 385 00cc D7E90E23 		ldrd	r2, [r7, #56]
 386 00d0 D7E91601 		ldrd	r0, [r7, #88]
 387 00d4 FFF7FEFF 		bl	__aeabi_dmul
 388 00d8 0346     		mov	r3, r0
 389 00da 0C46     		mov	r4, r1
 390 00dc 1A46     		mov	r2, r3
 391 00de 2346     		mov	r3, r4
 392 00e0 D7E92201 		ldrd	r0, [r7, #136]
 393 00e4 FFF7FEFF 		bl	__aeabi_dadd
 394 00e8 0346     		mov	r3, r0
 395 00ea 0C46     		mov	r4, r1
 396 00ec C7E92234 		strd	r3, [r7, #136]
  53:..\Tentacles/tentacles.c **** 
  54:..\Tentacles/tentacles.c ****         if (check_collision(sensors)) {
 397              		.loc 1 54 0
 398 00f0 B868     		ldr	r0, [r7, #8]
 399 00f2 FFF7FEFF 		bl	check_collision
 400 00f6 0346     		mov	r3, r0
ARM GAS  C:\Users\cyu13\AppData\Local\Temp\cc3xL5vV.s 			page 9


 401 00f8 002B     		cmp	r3, #0
 402 00fa 03D0     		beq	.L23
  55:..\Tentacles/tentacles.c ****             return 10000000000;
 403              		.loc 1 55 0
 404 00fc 3CA4     		adr	r4, .L26
 405 00fe D4E90034 		ldrd	r3, [r4]
 406 0102 6EE0     		b	.L24
 407              	.L23:
  49:..\Tentacles/tentacles.c ****         pos_x = pos_x + dt * v * cos(pos_theta);
 408              		.loc 1 49 0 discriminator 2
 409 0104 7B6C     		ldr	r3, [r7, #68]
 410 0106 0133     		adds	r3, r3, #1
 411 0108 7B64     		str	r3, [r7, #68]
 412              	.L22:
  49:..\Tentacles/tentacles.c ****         pos_x = pos_x + dt * v * cos(pos_theta);
 413              		.loc 1 49 0 is_stmt 0 discriminator 1
 414 010a 786C     		ldr	r0, [r7, #68]
 415 010c FFF7FEFF 		bl	__aeabi_i2d
 416 0110 D7E90C23 		ldrd	r2, [r7, #48]
 417 0114 FFF7FEFF 		bl	__aeabi_dcmplt
 418 0118 0346     		mov	r3, r0
 419 011a 002B     		cmp	r3, #0
 420 011c 96D1     		bne	.L25
 421              	.LBE3:
  56:..\Tentacles/tentacles.c ****         }
  57:..\Tentacles/tentacles.c ****     }
  58:..\Tentacles/tentacles.c **** 
  59:..\Tentacles/tentacles.c ****     // Wrap angle error -pi, pi
  60:..\Tentacles/tentacles.c ****     double e_th = goal_th - pos_theta;
 422              		.loc 1 60 0 is_stmt 1
 423 011e D7E92223 		ldrd	r2, [r7, #136]
 424 0122 D7E91C01 		ldrd	r0, [r7, #112]
 425 0126 FFF7FEFF 		bl	__aeabi_dsub
 426 012a 0346     		mov	r3, r0
 427 012c 0C46     		mov	r4, r1
 428 012e C7E90634 		strd	r3, [r7, #24]
  61:..\Tentacles/tentacles.c ****     e_th = atan2(sin(e_th), cos(e_th));
 429              		.loc 1 61 0
 430 0132 D7E90601 		ldrd	r0, [r7, #24]
 431 0136 FFF7FEFF 		bl	sin
 432 013a 0446     		mov	r4, r0
 433 013c 0D46     		mov	r5, r1
 434 013e D7E90601 		ldrd	r0, [r7, #24]
 435 0142 FFF7FEFF 		bl	cos
 436 0146 0246     		mov	r2, r0
 437 0148 0B46     		mov	r3, r1
 438 014a 2046     		mov	r0, r4
 439 014c 2946     		mov	r1, r5
 440 014e FFF7FEFF 		bl	atan2
 441 0152 C7E90601 		strd	r0, [r7, #24]
  62:..\Tentacles/tentacles.c **** 
  63:..\Tentacles/tentacles.c ****     // Calculate cost
  64:..\Tentacles/tentacles.c ****     double cost = alpha * ( pow(goal_x - pos_x, 2) + pow(goal_y - pos_y, 2)) + beta * (e_th);
 442              		.loc 1 64 0
 443 0156 D7E91E23 		ldrd	r2, [r7, #120]
 444 015a D7E91801 		ldrd	r0, [r7, #96]
 445 015e FFF7FEFF 		bl	__aeabi_dsub
ARM GAS  C:\Users\cyu13\AppData\Local\Temp\cc3xL5vV.s 			page 10


 446 0162 0346     		mov	r3, r0
 447 0164 0C46     		mov	r4, r1
 448 0166 1846     		mov	r0, r3
 449 0168 2146     		mov	r1, r4
 450 016a 4FF00002 		mov	r2, #0
 451 016e 4FF08043 		mov	r3, #1073741824
 452 0172 FFF7FEFF 		bl	pow
 453 0176 0446     		mov	r4, r0
 454 0178 0D46     		mov	r5, r1
 455 017a D7E92023 		ldrd	r2, [r7, #128]
 456 017e D7E91A01 		ldrd	r0, [r7, #104]
 457 0182 FFF7FEFF 		bl	__aeabi_dsub
 458 0186 0246     		mov	r2, r0
 459 0188 0B46     		mov	r3, r1
 460 018a 1046     		mov	r0, r2
 461 018c 1946     		mov	r1, r3
 462 018e 4FF00002 		mov	r2, #0
 463 0192 4FF08043 		mov	r3, #1073741824
 464 0196 FFF7FEFF 		bl	pow
 465 019a 0246     		mov	r2, r0
 466 019c 0B46     		mov	r3, r1
 467 019e 2046     		mov	r0, r4
 468 01a0 2946     		mov	r1, r5
 469 01a2 FFF7FEFF 		bl	__aeabi_dadd
 470 01a6 0346     		mov	r3, r0
 471 01a8 0C46     		mov	r4, r1
 472 01aa 1846     		mov	r0, r3
 473 01ac 2146     		mov	r1, r4
 474 01ae D7E90A23 		ldrd	r2, [r7, #40]
 475 01b2 FFF7FEFF 		bl	__aeabi_dmul
 476 01b6 0346     		mov	r3, r0
 477 01b8 0C46     		mov	r4, r1
 478 01ba 2546     		mov	r5, r4
 479 01bc 1C46     		mov	r4, r3
 480 01be D7E90623 		ldrd	r2, [r7, #24]
 481 01c2 D7E90801 		ldrd	r0, [r7, #32]
 482 01c6 FFF7FEFF 		bl	__aeabi_dmul
 483 01ca 0246     		mov	r2, r0
 484 01cc 0B46     		mov	r3, r1
 485 01ce 2046     		mov	r0, r4
 486 01d0 2946     		mov	r1, r5
 487 01d2 FFF7FEFF 		bl	__aeabi_dadd
 488 01d6 0346     		mov	r3, r0
 489 01d8 0C46     		mov	r4, r1
 490 01da C7E90434 		strd	r3, [r7, #16]
  65:..\Tentacles/tentacles.c ****     return cost;
 491              		.loc 1 65 0
 492 01de D7E90434 		ldrd	r3, [r7, #16]
 493              	.L24:
  66:..\Tentacles/tentacles.c **** }
 494              		.loc 1 66 0
 495 01e2 1846     		mov	r0, r3
 496 01e4 2146     		mov	r1, r4
 497 01e6 4837     		adds	r7, r7, #72
 498              		.cfi_def_cfa_offset 16
 499 01e8 BD46     		mov	sp, r7
 500              		.cfi_def_cfa_register 13
ARM GAS  C:\Users\cyu13\AppData\Local\Temp\cc3xL5vV.s 			page 11


 501              		@ sp needed
 502 01ea B0BD     		pop	{r4, r5, r7, pc}
 503              	.L27:
 504 01ec AFF30080 		.align	3
 505              	.L26:
 506 01f0 00000020 		.word	536870912
 507 01f4 5FA00242 		.word	1107468383
 508              		.cfi_endproc
 509              	.LFE3:
 510              		.size	tentacles_cost_function, .-tentacles_cost_function
 511              		.text
 512              	.Letext0:
 513              		.file 2 "..\\Tentacles\\..\\Tentacles\\tentacles.h"
 514              		.section	.debug_info,"",%progbits
 515              	.Ldebug_info0:
 516 0000 1A030000 		.4byte	0x31a
 517 0004 0400     		.2byte	0x4
 518 0006 00000000 		.4byte	.Ldebug_abbrev0
 519 000a 04       		.byte	0x4
 520 000b 01       		.uleb128 0x1
 521 000c 17020000 		.4byte	.LASF40
 522 0010 0C       		.byte	0xc
 523 0011 75010000 		.4byte	.LASF41
 524 0015 19010000 		.4byte	.LASF42
 525 0019 00000000 		.4byte	.Ldebug_ranges0+0
 526 001d 00000000 		.4byte	0
 527 0021 00000000 		.4byte	.Ldebug_line0
 528 0025 02       		.uleb128 0x2
 529 0026 04       		.byte	0x4
 530 0027 07       		.byte	0x7
 531 0028 F0000000 		.4byte	.LASF0
 532 002c 03       		.uleb128 0x3
 533 002d 04       		.byte	0x4
 534 002e 05       		.byte	0x5
 535 002f 696E7400 		.ascii	"int\000"
 536 0033 02       		.uleb128 0x2
 537 0034 08       		.byte	0x8
 538 0035 05       		.byte	0x5
 539 0036 9E010000 		.4byte	.LASF1
 540 003a 02       		.uleb128 0x2
 541 003b 08       		.byte	0x8
 542 003c 04       		.byte	0x4
 543 003d E3010000 		.4byte	.LASF2
 544 0041 02       		.uleb128 0x2
 545 0042 01       		.byte	0x1
 546 0043 06       		.byte	0x6
 547 0044 F7010000 		.4byte	.LASF3
 548 0048 02       		.uleb128 0x2
 549 0049 01       		.byte	0x1
 550 004a 08       		.byte	0x8
 551 004b 82000000 		.4byte	.LASF4
 552 004f 02       		.uleb128 0x2
 553 0050 02       		.byte	0x2
 554 0051 05       		.byte	0x5
 555 0052 C1010000 		.4byte	.LASF5
 556 0056 02       		.uleb128 0x2
 557 0057 02       		.byte	0x2
ARM GAS  C:\Users\cyu13\AppData\Local\Temp\cc3xL5vV.s 			page 12


 558 0058 07       		.byte	0x7
 559 0059 A2000000 		.4byte	.LASF6
 560 005d 02       		.uleb128 0x2
 561 005e 04       		.byte	0x4
 562 005f 05       		.byte	0x5
 563 0060 DA010000 		.4byte	.LASF7
 564 0064 02       		.uleb128 0x2
 565 0065 04       		.byte	0x4
 566 0066 07       		.byte	0x7
 567 0067 90000000 		.4byte	.LASF8
 568 006b 02       		.uleb128 0x2
 569 006c 08       		.byte	0x8
 570 006d 07       		.byte	0x7
 571 006e 02010000 		.4byte	.LASF9
 572 0072 02       		.uleb128 0x2
 573 0073 04       		.byte	0x4
 574 0074 07       		.byte	0x7
 575 0075 8E010000 		.4byte	.LASF10
 576 0079 02       		.uleb128 0x2
 577 007a 01       		.byte	0x1
 578 007b 08       		.byte	0x8
 579 007c AC010000 		.4byte	.LASF11
 580 0080 02       		.uleb128 0x2
 581 0081 08       		.byte	0x8
 582 0082 04       		.byte	0x4
 583 0083 BB000000 		.4byte	.LASF12
 584 0087 02       		.uleb128 0x2
 585 0088 04       		.byte	0x4
 586 0089 04       		.byte	0x4
 587 008a 7C000000 		.4byte	.LASF13
 588 008e 04       		.uleb128 0x4
 589 008f 28       		.byte	0x28
 590 0090 02       		.byte	0x2
 591 0091 16       		.byte	0x16
 592 0092 D2000000 		.4byte	0xd2
 593 0096 05       		.uleb128 0x5
 594 0097 C7000000 		.4byte	.LASF14
 595 009b 02       		.byte	0x2
 596 009c 17       		.byte	0x17
 597 009d 2C000000 		.4byte	0x2c
 598 00a1 00       		.byte	0
 599 00a2 06       		.uleb128 0x6
 600 00a3 647400   		.ascii	"dt\000"
 601 00a6 02       		.byte	0x2
 602 00a7 18       		.byte	0x18
 603 00a8 80000000 		.4byte	0x80
 604 00ac 08       		.byte	0x8
 605 00ad 05       		.uleb128 0x5
 606 00ae 00000000 		.4byte	.LASF15
 607 00b2 02       		.byte	0x2
 608 00b3 19       		.byte	0x19
 609 00b4 80000000 		.4byte	0x80
 610 00b8 10       		.byte	0x10
 611 00b9 05       		.uleb128 0x5
 612 00ba 03020000 		.4byte	.LASF16
 613 00be 02       		.byte	0x2
 614 00bf 1A       		.byte	0x1a
ARM GAS  C:\Users\cyu13\AppData\Local\Temp\cc3xL5vV.s 			page 13


 615 00c0 80000000 		.4byte	0x80
 616 00c4 18       		.byte	0x18
 617 00c5 05       		.uleb128 0x5
 618 00c6 FD000000 		.4byte	.LASF17
 619 00ca 02       		.byte	0x2
 620 00cb 1B       		.byte	0x1b
 621 00cc 80000000 		.4byte	0x80
 622 00d0 20       		.byte	0x20
 623 00d1 00       		.byte	0
 624 00d2 07       		.uleb128 0x7
 625 00d3 D0010000 		.4byte	.LASF20
 626 00d7 02       		.byte	0x2
 627 00d8 1E       		.byte	0x1e
 628 00d9 8E000000 		.4byte	0x8e
 629 00dd 04       		.uleb128 0x4
 630 00de 28       		.byte	0x28
 631 00df 02       		.byte	0x2
 632 00e0 20       		.byte	0x20
 633 00e1 FE000000 		.4byte	0xfe
 634 00e5 05       		.uleb128 0x5
 635 00e6 59000000 		.4byte	.LASF18
 636 00ea 02       		.byte	0x2
 637 00eb 21       		.byte	0x21
 638 00ec FE000000 		.4byte	0xfe
 639 00f0 00       		.byte	0
 640 00f1 05       		.uleb128 0x5
 641 00f2 63000000 		.4byte	.LASF19
 642 00f6 02       		.byte	0x2
 643 00f7 22       		.byte	0x22
 644 00f8 FE000000 		.4byte	0xfe
 645 00fc 14       		.byte	0x14
 646 00fd 00       		.byte	0
 647 00fe 08       		.uleb128 0x8
 648 00ff 2C000000 		.4byte	0x2c
 649 0103 0E010000 		.4byte	0x10e
 650 0107 09       		.uleb128 0x9
 651 0108 72000000 		.4byte	0x72
 652 010c 04       		.byte	0x4
 653 010d 00       		.byte	0
 654 010e 07       		.uleb128 0x7
 655 010f 97010000 		.4byte	.LASF21
 656 0113 02       		.byte	0x2
 657 0114 23       		.byte	0x23
 658 0115 DD000000 		.4byte	0xdd
 659 0119 0A       		.uleb128 0xa
 660 011a 1E000000 		.4byte	.LASF22
 661 011e 01       		.byte	0x1
 662 011f 06       		.byte	0x6
 663 0120 3A000000 		.4byte	0x3a
 664 0124 00000000 		.4byte	.LFB0
 665 0128 58000000 		.4byte	.LFE0-.LFB0
 666 012c 01       		.uleb128 0x1
 667 012d 9C       		.byte	0x9c
 668 012e 41010000 		.4byte	0x141
 669 0132 0B       		.uleb128 0xb
 670 0133 B5000000 		.4byte	.LASF24
 671 0137 01       		.byte	0x1
ARM GAS  C:\Users\cyu13\AppData\Local\Temp\cc3xL5vV.s 			page 14


 672 0138 06       		.byte	0x6
 673 0139 3A000000 		.4byte	0x3a
 674 013d 02       		.uleb128 0x2
 675 013e 91       		.byte	0x91
 676 013f 68       		.sleb128 -24
 677 0140 00       		.byte	0
 678 0141 0A       		.uleb128 0xa
 679 0142 D3000000 		.4byte	.LASF23
 680 0146 01       		.byte	0x1
 681 0147 0A       		.byte	0xa
 682 0148 80000000 		.4byte	0x80
 683 014c 00000000 		.4byte	.LFB1
 684 0150 7C000000 		.4byte	.LFE1-.LFB1
 685 0154 01       		.uleb128 0x1
 686 0155 9C       		.byte	0x9c
 687 0156 A1010000 		.4byte	0x1a1
 688 015a 0B       		.uleb128 0xb
 689 015b 35000000 		.4byte	.LASF25
 690 015f 01       		.byte	0x1
 691 0160 0A       		.byte	0xa
 692 0161 80000000 		.4byte	0x80
 693 0165 02       		.uleb128 0x2
 694 0166 91       		.byte	0x91
 695 0167 60       		.sleb128 -32
 696 0168 0B       		.uleb128 0xb
 697 0169 3B000000 		.4byte	.LASF26
 698 016d 01       		.byte	0x1
 699 016e 0A       		.byte	0xa
 700 016f 80000000 		.4byte	0x80
 701 0173 02       		.uleb128 0x2
 702 0174 91       		.byte	0x91
 703 0175 58       		.sleb128 -40
 704 0176 0B       		.uleb128 0xb
 705 0177 10000000 		.4byte	.LASF27
 706 017b 01       		.byte	0x1
 707 017c 0A       		.byte	0xa
 708 017d 80000000 		.4byte	0x80
 709 0181 02       		.uleb128 0x2
 710 0182 91       		.byte	0x91
 711 0183 00       		.sleb128 0
 712 0184 0B       		.uleb128 0xb
 713 0185 17000000 		.4byte	.LASF28
 714 0189 01       		.byte	0x1
 715 018a 0A       		.byte	0xa
 716 018b 80000000 		.4byte	0x80
 717 018f 02       		.uleb128 0x2
 718 0190 91       		.byte	0x91
 719 0191 08       		.sleb128 8
 720 0192 0C       		.uleb128 0xc
 721 0193 63000000 		.4byte	.LASF19
 722 0197 01       		.byte	0x1
 723 0198 0C       		.byte	0xc
 724 0199 80000000 		.4byte	0x80
 725 019d 02       		.uleb128 0x2
 726 019e 91       		.byte	0x91
 727 019f 68       		.sleb128 -24
 728 01a0 00       		.byte	0
ARM GAS  C:\Users\cyu13\AppData\Local\Temp\cc3xL5vV.s 			page 15


 729 01a1 0A       		.uleb128 0xa
 730 01a2 6C000000 		.4byte	.LASF29
 731 01a6 01       		.byte	0x1
 732 01a7 11       		.byte	0x11
 733 01a8 FB010000 		.4byte	0x1fb
 734 01ac 00000000 		.4byte	.LFB2
 735 01b0 BC000000 		.4byte	.LFE2-.LFB2
 736 01b4 01       		.uleb128 0x1
 737 01b5 9C       		.byte	0x9c
 738 01b6 FB010000 		.4byte	0x1fb
 739 01ba 0B       		.uleb128 0xb
 740 01bb 0F020000 		.4byte	.LASF30
 741 01bf 01       		.byte	0x1
 742 01c0 11       		.byte	0x11
 743 01c1 02020000 		.4byte	0x202
 744 01c5 02       		.uleb128 0x2
 745 01c6 91       		.byte	0x91
 746 01c7 64       		.sleb128 -28
 747 01c8 0C       		.uleb128 0xc
 748 01c9 5B010000 		.4byte	.LASF31
 749 01cd 01       		.byte	0x1
 750 01ce 13       		.byte	0x13
 751 01cf 2C000000 		.4byte	0x2c
 752 01d3 02       		.uleb128 0x2
 753 01d4 91       		.byte	0x91
 754 01d5 70       		.sleb128 -16
 755 01d6 0C       		.uleb128 0xc
 756 01d7 B1010000 		.4byte	.LASF32
 757 01db 01       		.byte	0x1
 758 01dc 14       		.byte	0x14
 759 01dd 87000000 		.4byte	0x87
 760 01e1 02       		.uleb128 0x2
 761 01e2 91       		.byte	0x91
 762 01e3 6C       		.sleb128 -20
 763 01e4 0D       		.uleb128 0xd
 764 01e5 10000000 		.4byte	.LBB2
 765 01e9 8A000000 		.4byte	.LBE2-.LBB2
 766 01ed 0E       		.uleb128 0xe
 767 01ee 6900     		.ascii	"i\000"
 768 01f0 01       		.byte	0x1
 769 01f1 15       		.byte	0x15
 770 01f2 2C000000 		.4byte	0x2c
 771 01f6 02       		.uleb128 0x2
 772 01f7 91       		.byte	0x91
 773 01f8 74       		.sleb128 -12
 774 01f9 00       		.byte	0
 775 01fa 00       		.byte	0
 776 01fb 02       		.uleb128 0x2
 777 01fc 01       		.byte	0x1
 778 01fd 02       		.byte	0x2
 779 01fe 09020000 		.4byte	.LASF33
 780 0202 0F       		.uleb128 0xf
 781 0203 04       		.byte	0x4
 782 0204 0E010000 		.4byte	0x10e
 783 0208 0A       		.uleb128 0xa
 784 0209 41000000 		.4byte	.LASF34
 785 020d 01       		.byte	0x1
ARM GAS  C:\Users\cyu13\AppData\Local\Temp\cc3xL5vV.s 			page 16


 786 020e 26       		.byte	0x26
 787 020f 80000000 		.4byte	0x80
 788 0213 00000000 		.4byte	.LFB3
 789 0217 F8010000 		.4byte	.LFE3-.LFB3
 790 021b 01       		.uleb128 0x1
 791 021c 9C       		.byte	0x9c
 792 021d 17030000 		.4byte	0x317
 793 0221 0B       		.uleb128 0xb
 794 0222 06000000 		.4byte	.LASF35
 795 0226 01       		.byte	0x1
 796 0227 26       		.byte	0x26
 797 0228 17030000 		.4byte	0x317
 798 022c 03       		.uleb128 0x3
 799 022d 91       		.byte	0x91
 800 022e B47F     		.sleb128 -76
 801 0230 0B       		.uleb128 0xb
 802 0231 0F020000 		.4byte	.LASF30
 803 0235 01       		.byte	0x1
 804 0236 26       		.byte	0x26
 805 0237 02020000 		.4byte	0x202
 806 023b 03       		.uleb128 0x3
 807 023c 91       		.byte	0x91
 808 023d B07F     		.sleb128 -80
 809 023f 10       		.uleb128 0x10
 810 0240 7600     		.ascii	"v\000"
 811 0242 01       		.byte	0x1
 812 0243 26       		.byte	0x26
 813 0244 80000000 		.4byte	0x80
 814 0248 03       		.uleb128 0x3
 815 0249 91       		.byte	0x91
 816 024a A87F     		.sleb128 -88
 817 024c 10       		.uleb128 0x10
 818 024d 7700     		.ascii	"w\000"
 819 024f 01       		.byte	0x1
 820 0250 26       		.byte	0x26
 821 0251 80000000 		.4byte	0x80
 822 0255 02       		.uleb128 0x2
 823 0256 91       		.byte	0x91
 824 0257 00       		.sleb128 0
 825 0258 0B       		.uleb128 0xb
 826 0259 10000000 		.4byte	.LASF27
 827 025d 01       		.byte	0x1
 828 025e 26       		.byte	0x26
 829 025f 80000000 		.4byte	0x80
 830 0263 02       		.uleb128 0x2
 831 0264 91       		.byte	0x91
 832 0265 08       		.sleb128 8
 833 0266 0B       		.uleb128 0xb
 834 0267 17000000 		.4byte	.LASF28
 835 026b 01       		.byte	0x1
 836 026c 26       		.byte	0x26
 837 026d 80000000 		.4byte	0x80
 838 0271 02       		.uleb128 0x2
 839 0272 91       		.byte	0x91
 840 0273 10       		.sleb128 16
 841 0274 0B       		.uleb128 0xb
 842 0275 EF010000 		.4byte	.LASF36
ARM GAS  C:\Users\cyu13\AppData\Local\Temp\cc3xL5vV.s 			page 17


 843 0279 01       		.byte	0x1
 844 027a 26       		.byte	0x26
 845 027b 80000000 		.4byte	0x80
 846 027f 02       		.uleb128 0x2
 847 0280 91       		.byte	0x91
 848 0281 18       		.sleb128 24
 849 0282 0B       		.uleb128 0xb
 850 0283 35000000 		.4byte	.LASF25
 851 0287 01       		.byte	0x1
 852 0288 26       		.byte	0x26
 853 0289 80000000 		.4byte	0x80
 854 028d 02       		.uleb128 0x2
 855 028e 91       		.byte	0x91
 856 028f 20       		.sleb128 32
 857 0290 0B       		.uleb128 0xb
 858 0291 3B000000 		.4byte	.LASF26
 859 0295 01       		.byte	0x1
 860 0296 26       		.byte	0x26
 861 0297 80000000 		.4byte	0x80
 862 029b 02       		.uleb128 0x2
 863 029c 91       		.byte	0x91
 864 029d 28       		.sleb128 40
 865 029e 0B       		.uleb128 0xb
 866 029f 6B010000 		.4byte	.LASF37
 867 02a3 01       		.byte	0x1
 868 02a4 26       		.byte	0x26
 869 02a5 80000000 		.4byte	0x80
 870 02a9 02       		.uleb128 0x2
 871 02aa 91       		.byte	0x91
 872 02ab 30       		.sleb128 48
 873 02ac 0E       		.uleb128 0xe
 874 02ad 647400   		.ascii	"dt\000"
 875 02b0 01       		.byte	0x1
 876 02b1 29       		.byte	0x29
 877 02b2 80000000 		.4byte	0x80
 878 02b6 02       		.uleb128 0x2
 879 02b7 91       		.byte	0x91
 880 02b8 60       		.sleb128 -32
 881 02b9 0C       		.uleb128 0xc
 882 02ba 00000000 		.4byte	.LASF15
 883 02be 01       		.byte	0x1
 884 02bf 2A       		.byte	0x2a
 885 02c0 80000000 		.4byte	0x80
 886 02c4 02       		.uleb128 0x2
 887 02c5 91       		.byte	0x91
 888 02c6 58       		.sleb128 -40
 889 02c7 0C       		.uleb128 0xc
 890 02c8 03020000 		.4byte	.LASF16
 891 02cc 01       		.byte	0x1
 892 02cd 2B       		.byte	0x2b
 893 02ce 80000000 		.4byte	0x80
 894 02d2 02       		.uleb128 0x2
 895 02d3 91       		.byte	0x91
 896 02d4 50       		.sleb128 -48
 897 02d5 0C       		.uleb128 0xc
 898 02d6 FD000000 		.4byte	.LASF17
 899 02da 01       		.byte	0x1
ARM GAS  C:\Users\cyu13\AppData\Local\Temp\cc3xL5vV.s 			page 18


 900 02db 2C       		.byte	0x2c
 901 02dc 80000000 		.4byte	0x80
 902 02e0 02       		.uleb128 0x2
 903 02e1 91       		.byte	0x91
 904 02e2 48       		.sleb128 -56
 905 02e3 0C       		.uleb128 0xc
 906 02e4 CB010000 		.4byte	.LASF38
 907 02e8 01       		.byte	0x1
 908 02e9 3C       		.byte	0x3c
 909 02ea 80000000 		.4byte	0x80
 910 02ee 02       		.uleb128 0x2
 911 02ef 91       		.byte	0x91
 912 02f0 40       		.sleb128 -64
 913 02f1 0C       		.uleb128 0xc
 914 02f2 C2000000 		.4byte	.LASF39
 915 02f6 01       		.byte	0x1
 916 02f7 40       		.byte	0x40
 917 02f8 80000000 		.4byte	0x80
 918 02fc 03       		.uleb128 0x3
 919 02fd 91       		.byte	0x91
 920 02fe B87F     		.sleb128 -72
 921 0300 0D       		.uleb128 0xd
 922 0301 46000000 		.4byte	.LBB3
 923 0305 D8000000 		.4byte	.LBE3-.LBB3
 924 0309 0E       		.uleb128 0xe
 925 030a 6900     		.ascii	"i\000"
 926 030c 01       		.byte	0x1
 927 030d 31       		.byte	0x31
 928 030e 2C000000 		.4byte	0x2c
 929 0312 02       		.uleb128 0x2
 930 0313 91       		.byte	0x91
 931 0314 6C       		.sleb128 -20
 932 0315 00       		.byte	0
 933 0316 00       		.byte	0
 934 0317 0F       		.uleb128 0xf
 935 0318 04       		.byte	0x4
 936 0319 D2000000 		.4byte	0xd2
 937 031d 00       		.byte	0
 938              		.section	.debug_abbrev,"",%progbits
 939              	.Ldebug_abbrev0:
 940 0000 01       		.uleb128 0x1
 941 0001 11       		.uleb128 0x11
 942 0002 01       		.byte	0x1
 943 0003 25       		.uleb128 0x25
 944 0004 0E       		.uleb128 0xe
 945 0005 13       		.uleb128 0x13
 946 0006 0B       		.uleb128 0xb
 947 0007 03       		.uleb128 0x3
 948 0008 0E       		.uleb128 0xe
 949 0009 1B       		.uleb128 0x1b
 950 000a 0E       		.uleb128 0xe
 951 000b 55       		.uleb128 0x55
 952 000c 17       		.uleb128 0x17
 953 000d 11       		.uleb128 0x11
 954 000e 01       		.uleb128 0x1
 955 000f 10       		.uleb128 0x10
 956 0010 17       		.uleb128 0x17
ARM GAS  C:\Users\cyu13\AppData\Local\Temp\cc3xL5vV.s 			page 19


 957 0011 00       		.byte	0
 958 0012 00       		.byte	0
 959 0013 02       		.uleb128 0x2
 960 0014 24       		.uleb128 0x24
 961 0015 00       		.byte	0
 962 0016 0B       		.uleb128 0xb
 963 0017 0B       		.uleb128 0xb
 964 0018 3E       		.uleb128 0x3e
 965 0019 0B       		.uleb128 0xb
 966 001a 03       		.uleb128 0x3
 967 001b 0E       		.uleb128 0xe
 968 001c 00       		.byte	0
 969 001d 00       		.byte	0
 970 001e 03       		.uleb128 0x3
 971 001f 24       		.uleb128 0x24
 972 0020 00       		.byte	0
 973 0021 0B       		.uleb128 0xb
 974 0022 0B       		.uleb128 0xb
 975 0023 3E       		.uleb128 0x3e
 976 0024 0B       		.uleb128 0xb
 977 0025 03       		.uleb128 0x3
 978 0026 08       		.uleb128 0x8
 979 0027 00       		.byte	0
 980 0028 00       		.byte	0
 981 0029 04       		.uleb128 0x4
 982 002a 13       		.uleb128 0x13
 983 002b 01       		.byte	0x1
 984 002c 0B       		.uleb128 0xb
 985 002d 0B       		.uleb128 0xb
 986 002e 3A       		.uleb128 0x3a
 987 002f 0B       		.uleb128 0xb
 988 0030 3B       		.uleb128 0x3b
 989 0031 0B       		.uleb128 0xb
 990 0032 01       		.uleb128 0x1
 991 0033 13       		.uleb128 0x13
 992 0034 00       		.byte	0
 993 0035 00       		.byte	0
 994 0036 05       		.uleb128 0x5
 995 0037 0D       		.uleb128 0xd
 996 0038 00       		.byte	0
 997 0039 03       		.uleb128 0x3
 998 003a 0E       		.uleb128 0xe
 999 003b 3A       		.uleb128 0x3a
 1000 003c 0B       		.uleb128 0xb
 1001 003d 3B       		.uleb128 0x3b
 1002 003e 0B       		.uleb128 0xb
 1003 003f 49       		.uleb128 0x49
 1004 0040 13       		.uleb128 0x13
 1005 0041 38       		.uleb128 0x38
 1006 0042 0B       		.uleb128 0xb
 1007 0043 00       		.byte	0
 1008 0044 00       		.byte	0
 1009 0045 06       		.uleb128 0x6
 1010 0046 0D       		.uleb128 0xd
 1011 0047 00       		.byte	0
 1012 0048 03       		.uleb128 0x3
 1013 0049 08       		.uleb128 0x8
ARM GAS  C:\Users\cyu13\AppData\Local\Temp\cc3xL5vV.s 			page 20


 1014 004a 3A       		.uleb128 0x3a
 1015 004b 0B       		.uleb128 0xb
 1016 004c 3B       		.uleb128 0x3b
 1017 004d 0B       		.uleb128 0xb
 1018 004e 49       		.uleb128 0x49
 1019 004f 13       		.uleb128 0x13
 1020 0050 38       		.uleb128 0x38
 1021 0051 0B       		.uleb128 0xb
 1022 0052 00       		.byte	0
 1023 0053 00       		.byte	0
 1024 0054 07       		.uleb128 0x7
 1025 0055 16       		.uleb128 0x16
 1026 0056 00       		.byte	0
 1027 0057 03       		.uleb128 0x3
 1028 0058 0E       		.uleb128 0xe
 1029 0059 3A       		.uleb128 0x3a
 1030 005a 0B       		.uleb128 0xb
 1031 005b 3B       		.uleb128 0x3b
 1032 005c 0B       		.uleb128 0xb
 1033 005d 49       		.uleb128 0x49
 1034 005e 13       		.uleb128 0x13
 1035 005f 00       		.byte	0
 1036 0060 00       		.byte	0
 1037 0061 08       		.uleb128 0x8
 1038 0062 01       		.uleb128 0x1
 1039 0063 01       		.byte	0x1
 1040 0064 49       		.uleb128 0x49
 1041 0065 13       		.uleb128 0x13
 1042 0066 01       		.uleb128 0x1
 1043 0067 13       		.uleb128 0x13
 1044 0068 00       		.byte	0
 1045 0069 00       		.byte	0
 1046 006a 09       		.uleb128 0x9
 1047 006b 21       		.uleb128 0x21
 1048 006c 00       		.byte	0
 1049 006d 49       		.uleb128 0x49
 1050 006e 13       		.uleb128 0x13
 1051 006f 2F       		.uleb128 0x2f
 1052 0070 0B       		.uleb128 0xb
 1053 0071 00       		.byte	0
 1054 0072 00       		.byte	0
 1055 0073 0A       		.uleb128 0xa
 1056 0074 2E       		.uleb128 0x2e
 1057 0075 01       		.byte	0x1
 1058 0076 3F       		.uleb128 0x3f
 1059 0077 19       		.uleb128 0x19
 1060 0078 03       		.uleb128 0x3
 1061 0079 0E       		.uleb128 0xe
 1062 007a 3A       		.uleb128 0x3a
 1063 007b 0B       		.uleb128 0xb
 1064 007c 3B       		.uleb128 0x3b
 1065 007d 0B       		.uleb128 0xb
 1066 007e 27       		.uleb128 0x27
 1067 007f 19       		.uleb128 0x19
 1068 0080 49       		.uleb128 0x49
 1069 0081 13       		.uleb128 0x13
 1070 0082 11       		.uleb128 0x11
ARM GAS  C:\Users\cyu13\AppData\Local\Temp\cc3xL5vV.s 			page 21


 1071 0083 01       		.uleb128 0x1
 1072 0084 12       		.uleb128 0x12
 1073 0085 06       		.uleb128 0x6
 1074 0086 40       		.uleb128 0x40
 1075 0087 18       		.uleb128 0x18
 1076 0088 9642     		.uleb128 0x2116
 1077 008a 19       		.uleb128 0x19
 1078 008b 01       		.uleb128 0x1
 1079 008c 13       		.uleb128 0x13
 1080 008d 00       		.byte	0
 1081 008e 00       		.byte	0
 1082 008f 0B       		.uleb128 0xb
 1083 0090 05       		.uleb128 0x5
 1084 0091 00       		.byte	0
 1085 0092 03       		.uleb128 0x3
 1086 0093 0E       		.uleb128 0xe
 1087 0094 3A       		.uleb128 0x3a
 1088 0095 0B       		.uleb128 0xb
 1089 0096 3B       		.uleb128 0x3b
 1090 0097 0B       		.uleb128 0xb
 1091 0098 49       		.uleb128 0x49
 1092 0099 13       		.uleb128 0x13
 1093 009a 02       		.uleb128 0x2
 1094 009b 18       		.uleb128 0x18
 1095 009c 00       		.byte	0
 1096 009d 00       		.byte	0
 1097 009e 0C       		.uleb128 0xc
 1098 009f 34       		.uleb128 0x34
 1099 00a0 00       		.byte	0
 1100 00a1 03       		.uleb128 0x3
 1101 00a2 0E       		.uleb128 0xe
 1102 00a3 3A       		.uleb128 0x3a
 1103 00a4 0B       		.uleb128 0xb
 1104 00a5 3B       		.uleb128 0x3b
 1105 00a6 0B       		.uleb128 0xb
 1106 00a7 49       		.uleb128 0x49
 1107 00a8 13       		.uleb128 0x13
 1108 00a9 02       		.uleb128 0x2
 1109 00aa 18       		.uleb128 0x18
 1110 00ab 00       		.byte	0
 1111 00ac 00       		.byte	0
 1112 00ad 0D       		.uleb128 0xd
 1113 00ae 0B       		.uleb128 0xb
 1114 00af 01       		.byte	0x1
 1115 00b0 11       		.uleb128 0x11
 1116 00b1 01       		.uleb128 0x1
 1117 00b2 12       		.uleb128 0x12
 1118 00b3 06       		.uleb128 0x6
 1119 00b4 00       		.byte	0
 1120 00b5 00       		.byte	0
 1121 00b6 0E       		.uleb128 0xe
 1122 00b7 34       		.uleb128 0x34
 1123 00b8 00       		.byte	0
 1124 00b9 03       		.uleb128 0x3
 1125 00ba 08       		.uleb128 0x8
 1126 00bb 3A       		.uleb128 0x3a
 1127 00bc 0B       		.uleb128 0xb
ARM GAS  C:\Users\cyu13\AppData\Local\Temp\cc3xL5vV.s 			page 22


 1128 00bd 3B       		.uleb128 0x3b
 1129 00be 0B       		.uleb128 0xb
 1130 00bf 49       		.uleb128 0x49
 1131 00c0 13       		.uleb128 0x13
 1132 00c1 02       		.uleb128 0x2
 1133 00c2 18       		.uleb128 0x18
 1134 00c3 00       		.byte	0
 1135 00c4 00       		.byte	0
 1136 00c5 0F       		.uleb128 0xf
 1137 00c6 0F       		.uleb128 0xf
 1138 00c7 00       		.byte	0
 1139 00c8 0B       		.uleb128 0xb
 1140 00c9 0B       		.uleb128 0xb
 1141 00ca 49       		.uleb128 0x49
 1142 00cb 13       		.uleb128 0x13
 1143 00cc 00       		.byte	0
 1144 00cd 00       		.byte	0
 1145 00ce 10       		.uleb128 0x10
 1146 00cf 05       		.uleb128 0x5
 1147 00d0 00       		.byte	0
 1148 00d1 03       		.uleb128 0x3
 1149 00d2 08       		.uleb128 0x8
 1150 00d3 3A       		.uleb128 0x3a
 1151 00d4 0B       		.uleb128 0xb
 1152 00d5 3B       		.uleb128 0x3b
 1153 00d6 0B       		.uleb128 0xb
 1154 00d7 49       		.uleb128 0x49
 1155 00d8 13       		.uleb128 0x13
 1156 00d9 02       		.uleb128 0x2
 1157 00da 18       		.uleb128 0x18
 1158 00db 00       		.byte	0
 1159 00dc 00       		.byte	0
 1160 00dd 00       		.byte	0
 1161              		.section	.debug_aranges,"",%progbits
 1162 0000 34000000 		.4byte	0x34
 1163 0004 0200     		.2byte	0x2
 1164 0006 00000000 		.4byte	.Ldebug_info0
 1165 000a 04       		.byte	0x4
 1166 000b 00       		.byte	0
 1167 000c 0000     		.2byte	0
 1168 000e 0000     		.2byte	0
 1169 0010 00000000 		.4byte	.LFB0
 1170 0014 58000000 		.4byte	.LFE0-.LFB0
 1171 0018 00000000 		.4byte	.LFB1
 1172 001c 7C000000 		.4byte	.LFE1-.LFB1
 1173 0020 00000000 		.4byte	.LFB2
 1174 0024 BC000000 		.4byte	.LFE2-.LFB2
 1175 0028 00000000 		.4byte	.LFB3
 1176 002c F8010000 		.4byte	.LFE3-.LFB3
 1177 0030 00000000 		.4byte	0
 1178 0034 00000000 		.4byte	0
 1179              		.section	.debug_ranges,"",%progbits
 1180              	.Ldebug_ranges0:
 1181 0000 00000000 		.4byte	.LFB0
 1182 0004 58000000 		.4byte	.LFE0
 1183 0008 00000000 		.4byte	.LFB1
 1184 000c 7C000000 		.4byte	.LFE1
ARM GAS  C:\Users\cyu13\AppData\Local\Temp\cc3xL5vV.s 			page 23


 1185 0010 00000000 		.4byte	.LFB2
 1186 0014 BC000000 		.4byte	.LFE2
 1187 0018 00000000 		.4byte	.LFB3
 1188 001c F8010000 		.4byte	.LFE3
 1189 0020 00000000 		.4byte	0
 1190 0024 00000000 		.4byte	0
 1191              		.section	.debug_line,"",%progbits
 1192              	.Ldebug_line0:
 1193 0000 E7000000 		.section	.debug_str,"MS",%progbits,1
 1193      02005800 
 1193      00000201 
 1193      FB0E0D00 
 1193      01010101 
 1194              	.LASF15:
 1195 0000 73746570 		.ascii	"steps\000"
 1195      7300
 1196              	.LASF35:
 1197 0006 6F63746F 		.ascii	"octopussy\000"
 1197      70757373 
 1197      7900
 1198              	.LASF27:
 1199 0010 676F616C 		.ascii	"goal_x\000"
 1199      5F7800
 1200              	.LASF28:
 1201 0017 676F616C 		.ascii	"goal_y\000"
 1201      5F7900
 1202              	.LASF22:
 1203 001e 63616C63 		.ascii	"calculate_angle_modulo\000"
 1203      756C6174 
 1203      655F616E 
 1203      676C655F 
 1203      6D6F6475 
 1204              	.LASF25:
 1205 0035 706F735F 		.ascii	"pos_x\000"
 1205      7800
 1206              	.LASF26:
 1207 003b 706F735F 		.ascii	"pos_y\000"
 1207      7900
 1208              	.LASF34:
 1209 0041 74656E74 		.ascii	"tentacles_cost_function\000"
 1209      61636C65 
 1209      735F636F 
 1209      73745F66 
 1209      756E6374 
 1210              	.LASF18:
 1211 0059 64697265 		.ascii	"direction\000"
 1211      6374696F 
 1211      6E00
 1212              	.LASF19:
 1213 0063 64697374 		.ascii	"distance\000"
 1213      616E6365 
 1213      00
 1214              	.LASF29:
 1215 006c 63686563 		.ascii	"check_collision\000"
 1215      6B5F636F 
 1215      6C6C6973 
 1215      696F6E00 
ARM GAS  C:\Users\cyu13\AppData\Local\Temp\cc3xL5vV.s 			page 24


 1216              	.LASF13:
 1217 007c 666C6F61 		.ascii	"float\000"
 1217      7400
 1218              	.LASF4:
 1219 0082 756E7369 		.ascii	"unsigned char\000"
 1219      676E6564 
 1219      20636861 
 1219      7200
 1220              	.LASF8:
 1221 0090 6C6F6E67 		.ascii	"long unsigned int\000"
 1221      20756E73 
 1221      69676E65 
 1221      6420696E 
 1221      7400
 1222              	.LASF6:
 1223 00a2 73686F72 		.ascii	"short unsigned int\000"
 1223      7420756E 
 1223      7369676E 
 1223      65642069 
 1223      6E7400
 1224              	.LASF24:
 1225 00b5 616E676C 		.ascii	"angle\000"
 1225      6500
 1226              	.LASF12:
 1227 00bb 646F7562 		.ascii	"double\000"
 1227      6C6500
 1228              	.LASF39:
 1229 00c2 636F7374 		.ascii	"cost\000"
 1229      00
 1230              	.LASF14:
 1231 00c7 6E5F7465 		.ascii	"n_tentacles\000"
 1231      6E746163 
 1231      6C657300 
 1232              	.LASF23:
 1233 00d3 63616C63 		.ascii	"calculate_distance_from_goal\000"
 1233      756C6174 
 1233      655F6469 
 1233      7374616E 
 1233      63655F66 
 1234              	.LASF0:
 1235 00f0 756E7369 		.ascii	"unsigned int\000"
 1235      676E6564 
 1235      20696E74 
 1235      00
 1236              	.LASF17:
 1237 00fd 62657461 		.ascii	"beta\000"
 1237      00
 1238              	.LASF9:
 1239 0102 6C6F6E67 		.ascii	"long long unsigned int\000"
 1239      206C6F6E 
 1239      6720756E 
 1239      7369676E 
 1239      65642069 
 1240              	.LASF42:
 1241 0119 433A5C55 		.ascii	"C:\\Users\\cyu13\\Desktop\\ECE4191 GitHub\\ECE4191\\"
 1241      73657273 
 1241      5C637975 
ARM GAS  C:\Users\cyu13\AppData\Local\Temp\cc3xL5vV.s 			page 25


 1241      31335C44 
 1241      65736B74 
 1242 0147 44656C69 		.ascii	"DeliveryRobot.cydsn\000"
 1242      76657279 
 1242      526F626F 
 1242      742E6379 
 1242      64736E00 
 1243              	.LASF31:
 1244 015b 66726F6E 		.ascii	"front_threshold\000"
 1244      745F7468 
 1244      72657368 
 1244      6F6C6400 
 1245              	.LASF37:
 1246 016b 706F735F 		.ascii	"pos_theta\000"
 1246      74686574 
 1246      6100
 1247              	.LASF41:
 1248 0175 2E2E5C54 		.ascii	"..\\Tentacles\\tentacles.c\000"
 1248      656E7461 
 1248      636C6573 
 1248      5C74656E 
 1248      7461636C 
 1249              	.LASF10:
 1250 018e 73697A65 		.ascii	"sizetype\000"
 1250      74797065 
 1250      00
 1251              	.LASF21:
 1252 0197 53656E73 		.ascii	"Sensor\000"
 1252      6F7200
 1253              	.LASF1:
 1254 019e 6C6F6E67 		.ascii	"long long int\000"
 1254      206C6F6E 
 1254      6720696E 
 1254      7400
 1255              	.LASF11:
 1256 01ac 63686172 		.ascii	"char\000"
 1256      00
 1257              	.LASF32:
 1258 01b1 6F746865 		.ascii	"other_threshold\000"
 1258      725F7468 
 1258      72657368 
 1258      6F6C6400 
 1259              	.LASF5:
 1260 01c1 73686F72 		.ascii	"short int\000"
 1260      7420696E 
 1260      7400
 1261              	.LASF38:
 1262 01cb 655F7468 		.ascii	"e_th\000"
 1262      00
 1263              	.LASF20:
 1264 01d0 54656E74 		.ascii	"Tentacles\000"
 1264      61636C65 
 1264      7300
 1265              	.LASF7:
 1266 01da 6C6F6E67 		.ascii	"long int\000"
 1266      20696E74 
 1266      00
ARM GAS  C:\Users\cyu13\AppData\Local\Temp\cc3xL5vV.s 			page 26


 1267              	.LASF2:
 1268 01e3 6C6F6E67 		.ascii	"long double\000"
 1268      20646F75 
 1268      626C6500 
 1269              	.LASF36:
 1270 01ef 676F616C 		.ascii	"goal_th\000"
 1270      5F746800 
 1271              	.LASF3:
 1272 01f7 7369676E 		.ascii	"signed char\000"
 1272      65642063 
 1272      68617200 
 1273              	.LASF16:
 1274 0203 616C7068 		.ascii	"alpha\000"
 1274      6100
 1275              	.LASF33:
 1276 0209 5F426F6F 		.ascii	"_Bool\000"
 1276      6C00
 1277              	.LASF30:
 1278 020f 73656E73 		.ascii	"sensors\000"
 1278      6F727300 
 1279              	.LASF40:
 1280 0217 474E5520 		.ascii	"GNU C11 5.4.1 20160609 (release) [ARM/embedded-5-br"
 1280      43313120 
 1280      352E342E 
 1280      31203230 
 1280      31363036 
 1281 024a 616E6368 		.ascii	"anch revision 237715] -mcpu=cortex-m3 -mthumb -g -O"
 1281      20726576 
 1281      6973696F 
 1281      6E203233 
 1281      37373135 
 1282 027d 30202D66 		.ascii	"0 -ffunction-sections -ffat-lto-objects\000"
 1282      66756E63 
 1282      74696F6E 
 1282      2D736563 
 1282      74696F6E 
 1283              		.ident	"GCC: (GNU Tools for ARM Embedded Processors) 5.4.1 20160609 (release) [ARM/embedded-5-bran
