--------------- Build Started: 08/09/2023 20:45:48 Project: DeliveryRobot, Configuration: ARM GCC 5.4-2016-q2-update Debug ---------------
cydsfit.exe -.appdatapath "C:\Users\jmspi\AppData\Local\Cypress Semiconductor\PSoC Creator\4.4" -.fdsnotice -.fdswarpdepfile=warp_dependencies.txt -.fdselabdepfile=elab_dependencies.txt -.fdsbldfile=generated_files.txt -.fdsreffile=referenced_files.txt -p "C:\Users\jmspi\OneDrive\Desktop\Uni\5th year\Sem2\ECE4191\Lab 3\ECE4191-main\DeliveryRobot.cydsn\DeliveryRobot.cyprj" -d CY8C5888LTI-LP097 -s "C:\Users\jmspi\OneDrive\Desktop\Uni\5th year\Sem2\ECE4191\Lab 3\ECE4191-main\DeliveryRobot.cydsn\Generated_Source\PSoC5" -- -yv2 -q10 -ygs -o2 -v3 -.fftcfgtype=LE
Elaborating Design...
HDL Generation...
Synthesis...
Tech Mapping...
Analog Placement...
Analog Routing...
Analog Code Generation...
Digital Placement...
Digital Routing...
Bitstream Generation...
Bitstream Verification...
Static timing analysis...
API Generation...
Dependency Generation...
Cleanup...
arm-none-eabi-gcc.exe -mcpu=cortex-m3 -mthumb -I. -IGenerated_Source\PSoC5 -Wa,-alh=.\CortexM3\ARM_GCC_541\Debug/main.lst -g -D DEBUG -D CY_CORE_ID=0 -Wall -ffunction-sections -ffat-lto-objects -O0 -c main.c -o .\CortexM3\ARM_GCC_541\Debug\main.o
arm-none-eabi-gcc.exe -mcpu=cortex-m3 -mthumb -I. -IGenerated_Source\PSoC5 -Wa,-alh=.\CortexM3\ARM_GCC_541\Debug/PWM_Motor_L.lst -g -D DEBUG -D CY_CORE_ID=0 -Wall -ffunction-sections -ffat-lto-objects -O0 -c Generated_Source\PSoC5\PWM_Motor_L.c -o .\CortexM3\ARM_GCC_541\Debug\PWM_Motor_L.o
arm-none-eabi-gcc.exe -mcpu=cortex-m3 -mthumb -I. -IGenerated_Source\PSoC5 -Wa,-alh=.\CortexM3\ARM_GCC_541\Debug/PWM_Motor_L_PM.lst -g -D DEBUG -D CY_CORE_ID=0 -Wall -ffunction-sections -ffat-lto-objects -O0 -c Generated_Source\PSoC5\PWM_Motor_L_PM.c -o .\CortexM3\ARM_GCC_541\Debug\PWM_Motor_L_PM.o
arm-none-eabi-ar.exe -rs .\CortexM3\ARM_GCC_541\Debug\DeliveryRobot.a .\CortexM3\ARM_GCC_541\Debug\PWM_Trigger.o .\CortexM3\ARM_GCC_541\Debug\PWM_Trigger_PM.o .\CortexM3\ARM_GCC_541\Debug\CLOCK_echo.o .\CortexM3\ARM_GCC_541\Debug\Timer_Echo.o .\CortexM3\ARM_GCC_541\Debug\Timer_Echo_PM.o .\CortexM3\ARM_GCC_541\Debug\Clock_Trigger.o .\CortexM3\ARM_GCC_541\Debug\Timer_Echo_Int.o .\CortexM3\ARM_GCC_541\Debug\Pin_UART_Tx.o .\CortexM3\ARM_GCC_541\Debug\CyDmac.o .\CortexM3\ARM_GCC_541\Debug\CyFlash.o .\CortexM3\ARM_GCC_541\Debug\CyLib.o .\CortexM3\ARM_GCC_541\Debug\cyPm.o .\CortexM3\ARM_GCC_541\Debug\CySpc.o .\CortexM3\ARM_GCC_541\Debug\cyutils.o .\CortexM3\ARM_GCC_541\Debug\cy_em_eeprom.o .\CortexM3\ARM_GCC_541\Debug\UART.o .\CortexM3\ARM_GCC_541\Debug\UART_PM.o .\CortexM3\ARM_GCC_541\Debug\UART_INT.o .\CortexM3\ARM_GCC_541\Debug\UART_BOOT.o .\CortexM3\ARM_GCC_541\Debug\UART_IntClock.o .\CortexM3\ARM_GCC_541\Debug\Control_Reg_US.o .\CortexM3\ARM_GCC_541\Debug\Control_Reg_US_PM.o .\CortexM3\ARM_GCC_541\Debug\Pin_US_Echo1.o .\CortexM3\ARM_GCC_541\Debug\Pin_US_Trigger1.o .\CortexM3\ARM_GCC_541\Debug\Pin_US_Trigger2.o .\CortexM3\ARM_GCC_541\Debug\Pin_US_Echo2.o .\CortexM3\ARM_GCC_541\Debug\QuadDec_L.o .\CortexM3\ARM_GCC_541\Debug\QuadDec_L_INT.o .\CortexM3\ARM_GCC_541\Debug\QuadDec_L_PM.o .\CortexM3\ARM_GCC_541\Debug\Pin_DecA_L.o .\CortexM3\ARM_GCC_541\Debug\Pin_DecB_L.o .\CortexM3\ARM_GCC_541\Debug\QuadDec_L_isr.o .\CortexM3\ARM_GCC_541\Debug\QuadDec_L_Cnt16.o .\CortexM3\ARM_GCC_541\Debug\QuadDec_L_Cnt16_PM.o .\CortexM3\ARM_GCC_541\Debug\PWM_Motor_L.o .\CortexM3\ARM_GCC_541\Debug\PWM_Motor_L_PM.o .\CortexM3\ARM_GCC_541\Debug\Pin_PWM1_L.o .\CortexM3\ARM_GCC_541\Debug\Pin_PWM2_L.o .\CortexM3\ARM_GCC_541\Debug\Wheel_Vel_Int.o .\CortexM3\ARM_GCC_541\Debug\Clock_Motor_Control.o .\CortexM3\ARM_GCC_541\Debug\CyBootAsmGnu.o
arm-none-eabi-ar.exe: creating .\CortexM3\ARM_GCC_541\Debug\DeliveryRobot.a
arm-none-eabi-gcc.exe -Wl,--start-group -o "C:\Users\jmspi\OneDrive\Desktop\Uni\5th year\Sem2\ECE4191\Lab 3\ECE4191-main\DeliveryRobot.cydsn\CortexM3\ARM_GCC_541\Debug\DeliveryRobot.elf" .\CortexM3\ARM_GCC_541\Debug\main.o .\CortexM3\ARM_GCC_541\Debug\cyfitter_cfg.o .\CortexM3\ARM_GCC_541\Debug\cymetadata.o .\CortexM3\ARM_GCC_541\Debug\Cm3Start.o .\CortexM3\ARM_GCC_541\Debug\DeliveryRobot.a "C:\Program Files (x86)\Cypress\PSoC Creator\4.4\PSoC Creator\psoc\content\cycomponentlibrary\CyComponentLibrary.cylib\CortexM3\ARM_GCC_541\Debug\CyComponentLibrary.a" -mcpu=cortex-m3 -mthumb -L Generated_Source\PSoC5 -Wl,-Map,.\CortexM3\ARM_GCC_541\Debug/DeliveryRobot.map -T Generated_Source\PSoC5\cm3gcc.ld -specs=nano.specs -u _printf_float -Wl,--gc-sections -g -ffunction-sections -O0 -ffat-lto-objects -Wl,--end-group
cyelftool.exe -C "C:\Users\jmspi\OneDrive\Desktop\Uni\5th year\Sem2\ECE4191\Lab 3\ECE4191-main\DeliveryRobot.cydsn\CortexM3\ARM_GCC_541\Debug\DeliveryRobot.elf" --flash_row_size 256 --flash_size 262144 --flash_offset 0x00000000
No ELF section .cychecksum found, creating one
Application checksum calculated and stored in ELF section .cychecksum
Checksum calculated and stored in ELF section .cymeta
cyelftool.exe -S "C:\Users\jmspi\OneDrive\Desktop\Uni\5th year\Sem2\ECE4191\Lab 3\ECE4191-main\DeliveryRobot.cydsn\CortexM3\ARM_GCC_541\Debug\DeliveryRobot.elf"
Flash used: 15704 of 262144 bytes (6.0%).
SRAM used: 3293 of 65536 bytes (5.0%). Stack: 2048 bytes. Heap: 512 bytes.
--------------- Build Succeeded: 08/09/2023 20:45:59 ---------------
