--------------- Rebuild Started: 08/30/2023 22:22:51 Project: DeliveryRobot, Configuration: ARM GCC 5.4-2016-q2-update Release ---------------
Deleting file ".\DeliveryRobot.cycdx"
Deleting file ".\DeliveryRobot.svd"
Deleting file ".\DeliveryRobot.rpt"
Deleting file ".\DeliveryRobot_timing.html"
cydsfit.exe -.appdatapath "C:\Users\jmspi\AppData\Local\Cypress Semiconductor\PSoC Creator\4.4" -.fdsnotice -.fdswarpdepfile=warp_dependencies.txt -.fdselabdepfile=elab_dependencies.txt -.fdsbldfile=generated_files.txt -.fdsreffile=referenced_files.txt -p C:\Users\jmspi\OneDrive\Documents\GitHub\ECE4191\DeliveryRobot.cydsn\DeliveryRobot.cyprj -d CY8C5888LTI-LP097 -s C:\Users\jmspi\OneDrive\Documents\GitHub\ECE4191\DeliveryRobot.cydsn\Generated_Source\PSoC5 -- -yv2 -q10 -ygs -o2 -v3 -.fftcfgtype=LE
Elaborating Design...
ADD: fit.M0032: warning: Clock Warning: (Clock_Testing_1's accuracy range '1  Hz -50% +100%, (0.5  Hz - 2  Hz)' is not within the specified tolerance range '1  Hz +/- 5%, (0.95  Hz - 1.05  Hz)'.).
 * C:\Users\jmspi\OneDrive\Documents\GitHub\ECE4191\DeliveryRobot.cydsn\DeliveryRobot.cydwr (Clock_Testing_1)
 * C:\Users\jmspi\OneDrive\Documents\GitHub\ECE4191\DeliveryRobot.cydsn\TopDesign\TopDesign.cysch (Instance:Clock_Testing_1)
ADD: fit.M0032: warning: Clock Warning: (Clock_Seconds's accuracy range '1  Hz -50% +100%, (0.5  Hz - 2  Hz)' is not within the specified tolerance range '1  Hz +/- 1%, (0.99  Hz - 1.01  Hz)'.).
 * C:\Users\jmspi\OneDrive\Documents\GitHub\ECE4191\DeliveryRobot.cydsn\DeliveryRobot.cydwr (Clock_Seconds)
 * C:\Users\jmspi\OneDrive\Documents\GitHub\ECE4191\DeliveryRobot.cydsn\TopDesign\TopDesign.cysch (Instance:Clock_Seconds)
HDL Generation...
Synthesis...
Tech Mapping...
Analog Placement...
Analog Routing...
Analog Code Generation...
Digital Placement...
Digital Routing...
Bitstream Generation...
Bitstream Verification...
Static timing analysis...
API Generation...
Dependency Generation...
Cleanup...
arm-none-eabi-gcc.exe -mcpu=cortex-m3 -mthumb -I. -IGenerated_Source\PSoC5 -Wa,-alh=.\CortexM3\ARM_GCC_541\Release/main.lst -g -D NDEBUG -D CY_CORE_ID=0 -Wall -ffunction-sections -ffat-lto-objects -Os -c main.c -o .\CortexM3\ARM_GCC_541\Release\main.o
main.c:16:17: fatal error: vfh.h: No such file or directory
compilation terminated.
The command 'arm-none-eabi-gcc.exe' failed with exit code '1'.
--------------- Rebuild Failed: 08/30/2023 22:23:07 ---------------
