ARM GAS  C:\Users\raymo\AppData\Local\Temp\cc9sSqCC.s 			page 1


   1              		.syntax unified
   2              		.cpu cortex-m3
   3              		.fpu softvfp
   4              		.eabi_attribute 20, 1
   5              		.eabi_attribute 21, 1
   6              		.eabi_attribute 23, 3
   7              		.eabi_attribute 24, 1
   8              		.eabi_attribute 25, 1
   9              		.eabi_attribute 26, 1
  10              		.eabi_attribute 30, 6
  11              		.eabi_attribute 34, 1
  12              		.eabi_attribute 18, 4
  13              		.thumb
  14              		.syntax unified
  15              		.file	"cymetadata.c"
  16              		.text
  17              	.Ltext0:
  18              		.cfi_sections	.debug_frame
  19              		.global	cy_meta_configecc
  20              		.section	.cyconfigecc,"a",%progbits
  21              		.align	2
  22              		.type	cy_meta_configecc, %object
  23              		.size	cy_meta_configecc, 2264
  24              	cy_meta_configecc:
  25 0000 05       		.byte	5
  26 0001 52       		.byte	82
  27 0002 00       		.byte	0
  28 0003 40       		.byte	64
  29 0004 04       		.byte	4
  30 0005 64       		.byte	100
  31 0006 00       		.byte	0
  32 0007 40       		.byte	64
  33 0008 01       		.byte	1
  34 0009 65       		.byte	101
  35 000a 00       		.byte	0
  36 000b 40       		.byte	64
  37 000c 02       		.byte	2
  38 000d 01       		.byte	1
  39 000e 01       		.byte	1
  40 000f 40       		.byte	64
  41 0010 01       		.byte	1
  42 0011 05       		.byte	5
  43 0012 01       		.byte	1
  44 0013 40       		.byte	64
  45 0014 01       		.byte	1
  46 0015 07       		.byte	7
  47 0016 01       		.byte	1
  48 0017 40       		.byte	64
  49 0018 60       		.byte	96
  50 0019 08       		.byte	8
  51 001a 01       		.byte	1
  52 001b 40       		.byte	64
  53 001c 4D       		.byte	77
  54 001d 09       		.byte	9
  55 001e 01       		.byte	1
  56 001f 40       		.byte	64
  57 0020 5C       		.byte	92
ARM GAS  C:\Users\raymo\AppData\Local\Temp\cc9sSqCC.s 			page 2


  58 0021 0A       		.byte	10
  59 0022 01       		.byte	1
  60 0023 40       		.byte	64
  61 0024 4C       		.byte	76
  62 0025 0B       		.byte	11
  63 0026 01       		.byte	1
  64 0027 40       		.byte	64
  65 0028 6A       		.byte	106
  66 0029 0C       		.byte	12
  67 002a 01       		.byte	1
  68 002b 40       		.byte	64
  69 002c 41       		.byte	65
  70 002d 0D       		.byte	13
  71 002e 01       		.byte	1
  72 002f 40       		.byte	64
  73 0030 56       		.byte	86
  74 0031 0E       		.byte	14
  75 0032 01       		.byte	1
  76 0033 40       		.byte	64
  77 0034 38       		.byte	56
  78 0035 0F       		.byte	15
  79 0036 01       		.byte	1
  80 0037 40       		.byte	64
  81 0038 5D       		.byte	93
  82 0039 18       		.byte	24
  83 003a 01       		.byte	1
  84 003b 40       		.byte	64
  85 003c 45       		.byte	69
  86 003d 19       		.byte	25
  87 003e 01       		.byte	1
  88 003f 40       		.byte	64
  89 0040 53       		.byte	83
  90 0041 1A       		.byte	26
  91 0042 01       		.byte	1
  92 0043 40       		.byte	64
  93 0044 4B       		.byte	75
  94 0045 1B       		.byte	27
  95 0046 01       		.byte	1
  96 0047 40       		.byte	64
  97 0048 07       		.byte	7
  98 0049 40       		.byte	64
  99 004a 01       		.byte	1
 100 004b 40       		.byte	64
 101 004c 03       		.byte	3
 102 004d 41       		.byte	65
 103 004e 01       		.byte	1
 104 004f 40       		.byte	64
 105 0050 07       		.byte	7
 106 0051 42       		.byte	66
 107 0052 01       		.byte	1
 108 0053 40       		.byte	64
 109 0054 03       		.byte	3
 110 0055 43       		.byte	67
 111 0056 01       		.byte	1
 112 0057 40       		.byte	64
 113 0058 03       		.byte	3
 114 0059 44       		.byte	68
ARM GAS  C:\Users\raymo\AppData\Local\Temp\cc9sSqCC.s 			page 3


 115 005a 01       		.byte	1
 116 005b 40       		.byte	64
 117 005c 0A       		.byte	10
 118 005d 45       		.byte	69
 119 005e 01       		.byte	1
 120 005f 40       		.byte	64
 121 0060 07       		.byte	7
 122 0061 46       		.byte	70
 123 0062 01       		.byte	1
 124 0063 40       		.byte	64
 125 0064 01       		.byte	1
 126 0065 47       		.byte	71
 127 0066 01       		.byte	1
 128 0067 40       		.byte	64
 129 0068 01       		.byte	1
 130 0069 48       		.byte	72
 131 006a 01       		.byte	1
 132 006b 40       		.byte	64
 133 006c 03       		.byte	3
 134 006d 49       		.byte	73
 135 006e 01       		.byte	1
 136 006f 40       		.byte	64
 137 0070 07       		.byte	7
 138 0071 4C       		.byte	76
 139 0072 01       		.byte	1
 140 0073 40       		.byte	64
 141 0074 05       		.byte	5
 142 0075 4D       		.byte	77
 143 0076 01       		.byte	1
 144 0077 40       		.byte	64
 145 0078 0A       		.byte	10
 146 0079 50       		.byte	80
 147 007a 01       		.byte	1
 148 007b 40       		.byte	64
 149 007c 01       		.byte	1
 150 007d 51       		.byte	81
 151 007e 01       		.byte	1
 152 007f 40       		.byte	64
 153 0080 08       		.byte	8
 154 0081 40       		.byte	64
 155 0082 10       		.byte	16
 156 0083 60       		.byte	96
 157 0084 11       		.byte	17
 158 0085 21       		.byte	33
 159 0086 60       		.byte	96
 160 0087 80       		.byte	-128
 161 0088 61       		.byte	97
 162 0089 80       		.byte	-128
 163 008a 89       		.byte	-119
 164 008b 6F       		.byte	111
 165 008c 8B       		.byte	-117
 166 008d 0F       		.byte	15
 167 008e 8E       		.byte	-114
 168 008f 0F       		.byte	15
 169 0090 8F       		.byte	-113
 170 0091 0F       		.byte	15
 171 0092 8A       		.byte	-118
ARM GAS  C:\Users\raymo\AppData\Local\Temp\cc9sSqCC.s 			page 4


 172 0093 0F       		.byte	15
 173 0094 E2       		.byte	-30
 174 0095 02       		.byte	2
 175 0096 E4       		.byte	-28
 176 0097 20       		.byte	32
 177 0098 E2       		.byte	-30
 178 0099 80       		.byte	-128
 179 009a EC       		.byte	-20
 180 009b 02       		.byte	2
 181 009c 00       		.byte	0
 182 009d 01       		.byte	1
 183 009e 09       		.byte	9
 184 009f 07       		.byte	7
 185 00a0 0D       		.byte	13
 186 00a1 05       		.byte	5
 187 00a2 0E       		.byte	14
 188 00a3 02       		.byte	2
 189 00a4 0F       		.byte	15
 190 00a5 02       		.byte	2
 191 00a6 13       		.byte	19
 192 00a7 02       		.byte	2
 193 00a8 18       		.byte	24
 194 00a9 01       		.byte	1
 195 00aa 23       		.byte	35
 196 00ab 03       		.byte	3
 197 00ac 24       		.byte	36
 198 00ad 01       		.byte	1
 199 00ae 27       		.byte	39
 200 00af 01       		.byte	1
 201 00b0 2A       		.byte	42
 202 00b1 02       		.byte	2
 203 00b2 2F       		.byte	47
 204 00b3 04       		.byte	4
 205 00b4 30       		.byte	48
 206 00b5 02       		.byte	2
 207 00b6 33       		.byte	51
 208 00b7 03       		.byte	3
 209 00b8 35       		.byte	53
 210 00b9 04       		.byte	4
 211 00ba 36       		.byte	54
 212 00bb 01       		.byte	1
 213 00bc 38       		.byte	56
 214 00bd 80       		.byte	-128
 215 00be 3E       		.byte	62
 216 00bf 40       		.byte	64
 217 00c0 3F       		.byte	63
 218 00c1 10       		.byte	16
 219 00c2 40       		.byte	64
 220 00c3 41       		.byte	65
 221 00c4 41       		.byte	65
 222 00c5 05       		.byte	5
 223 00c6 49       		.byte	73
 224 00c7 FF       		.byte	-1
 225 00c8 4A       		.byte	74
 226 00c9 FF       		.byte	-1
 227 00ca 4B       		.byte	75
 228 00cb FF       		.byte	-1
ARM GAS  C:\Users\raymo\AppData\Local\Temp\cc9sSqCC.s 			page 5


 229 00cc 4D       		.byte	77
 230 00cd A0       		.byte	-96
 231 00ce 4F       		.byte	79
 232 00cf 01       		.byte	1
 233 00d0 50       		.byte	80
 234 00d1 18       		.byte	24
 235 00d2 58       		.byte	88
 236 00d3 04       		.byte	4
 237 00d4 59       		.byte	89
 238 00d5 04       		.byte	4
 239 00d6 5A       		.byte	90
 240 00d7 04       		.byte	4
 241 00d8 5C       		.byte	92
 242 00d9 20       		.byte	32
 243 00da 5D       		.byte	93
 244 00db 09       		.byte	9
 245 00dc 5F       		.byte	95
 246 00dd 01       		.byte	1
 247 00de 60       		.byte	96
 248 00df 40       		.byte	64
 249 00e0 62       		.byte	98
 250 00e1 80       		.byte	-128
 251 00e2 64       		.byte	100
 252 00e3 40       		.byte	64
 253 00e4 65       		.byte	101
 254 00e5 40       		.byte	64
 255 00e6 66       		.byte	102
 256 00e7 80       		.byte	-128
 257 00e8 68       		.byte	104
 258 00e9 40       		.byte	64
 259 00ea 6A       		.byte	106
 260 00eb 80       		.byte	-128
 261 00ec 6C       		.byte	108
 262 00ed 40       		.byte	64
 263 00ee 6D       		.byte	109
 264 00ef 20       		.byte	32
 265 00f0 6E       		.byte	110
 266 00f1 80       		.byte	-128
 267 00f2 80       		.byte	-128
 268 00f3 1C       		.byte	28
 269 00f4 84       		.byte	-124
 270 00f5 2C       		.byte	44
 271 00f6 85       		.byte	-123
 272 00f7 01       		.byte	1
 273 00f8 86       		.byte	-122
 274 00f9 10       		.byte	16
 275 00fa 88       		.byte	-120
 276 00fb 02       		.byte	2
 277 00fc 8E       		.byte	-114
 278 00fd 40       		.byte	64
 279 00fe 92       		.byte	-110
 280 00ff 3C       		.byte	60
 281 0100 94       		.byte	-108
 282 0101 30       		.byte	48
 283 0102 95       		.byte	-107
 284 0103 01       		.byte	1
 285 0104 96       		.byte	-106
ARM GAS  C:\Users\raymo\AppData\Local\Temp\cc9sSqCC.s 			page 6


 286 0105 04       		.byte	4
 287 0106 98       		.byte	-104
 288 0107 30       		.byte	48
 289 0108 9A       		.byte	-102
 290 0109 08       		.byte	8
 291 010a A4       		.byte	-92
 292 010b 20       		.byte	32
 293 010c A6       		.byte	-90
 294 010d 04       		.byte	4
 295 010e AA       		.byte	-86
 296 010f 03       		.byte	3
 297 0110 B0       		.byte	-80
 298 0111 02       		.byte	2
 299 0112 B2       		.byte	-78
 300 0113 01       		.byte	1
 301 0114 B4       		.byte	-76
 302 0115 3C       		.byte	60
 303 0116 B5       		.byte	-75
 304 0117 01       		.byte	1
 305 0118 B6       		.byte	-74
 306 0119 40       		.byte	64
 307 011a B9       		.byte	-71
 308 011b 20       		.byte	32
 309 011c BE       		.byte	-66
 310 011d 01       		.byte	1
 311 011e C0       		.byte	-64
 312 011f 51       		.byte	81
 313 0120 C1       		.byte	-63
 314 0121 04       		.byte	4
 315 0122 C5       		.byte	-59
 316 0123 43       		.byte	67
 317 0124 C6       		.byte	-58
 318 0125 CE       		.byte	-50
 319 0126 C7       		.byte	-57
 320 0127 02       		.byte	2
 321 0128 C8       		.byte	-56
 322 0129 1F       		.byte	31
 323 012a C9       		.byte	-55
 324 012b FF       		.byte	-1
 325 012c CA       		.byte	-54
 326 012d FF       		.byte	-1
 327 012e CB       		.byte	-53
 328 012f FF       		.byte	-1
 329 0130 CD       		.byte	-51
 330 0131 AF       		.byte	-81
 331 0132 CE       		.byte	-50
 332 0133 07       		.byte	7
 333 0134 CF       		.byte	-49
 334 0135 01       		.byte	1
 335 0136 D0       		.byte	-48
 336 0137 18       		.byte	24
 337 0138 D4       		.byte	-44
 338 0139 0F       		.byte	15
 339 013a D8       		.byte	-40
 340 013b 04       		.byte	4
 341 013c D9       		.byte	-39
 342 013d 04       		.byte	4
ARM GAS  C:\Users\raymo\AppData\Local\Temp\cc9sSqCC.s 			page 7


 343 013e DA       		.byte	-38
 344 013f 04       		.byte	4
 345 0140 DB       		.byte	-37
 346 0141 04       		.byte	4
 347 0142 DC       		.byte	-36
 348 0143 99       		.byte	-103
 349 0144 DD       		.byte	-35
 350 0145 99       		.byte	-103
 351 0146 DF       		.byte	-33
 352 0147 05       		.byte	5
 353 0148 E0       		.byte	-32
 354 0149 40       		.byte	64
 355 014a E2       		.byte	-30
 356 014b 80       		.byte	-128
 357 014c E4       		.byte	-28
 358 014d 40       		.byte	64
 359 014e E5       		.byte	-27
 360 014f 40       		.byte	64
 361 0150 E6       		.byte	-26
 362 0151 80       		.byte	-128
 363 0152 E8       		.byte	-24
 364 0153 40       		.byte	64
 365 0154 EA       		.byte	-22
 366 0155 80       		.byte	-128
 367 0156 EC       		.byte	-20
 368 0157 40       		.byte	64
 369 0158 ED       		.byte	-19
 370 0159 20       		.byte	32
 371 015a EE       		.byte	-18
 372 015b 80       		.byte	-128
 373 015c 00       		.byte	0
 374 015d 80       		.byte	-128
 375 015e 01       		.byte	1
 376 015f 01       		.byte	1
 377 0160 02       		.byte	2
 378 0161 20       		.byte	32
 379 0162 03       		.byte	3
 380 0163 48       		.byte	72
 381 0164 06       		.byte	6
 382 0165 02       		.byte	2
 383 0166 07       		.byte	7
 384 0167 40       		.byte	64
 385 0168 0A       		.byte	10
 386 0169 08       		.byte	8
 387 016a 0B       		.byte	11
 388 016b A0       		.byte	-96
 389 016c 0F       		.byte	15
 390 016d 04       		.byte	4
 391 016e 10       		.byte	16
 392 016f 08       		.byte	8
 393 0170 11       		.byte	17
 394 0171 08       		.byte	8
 395 0172 14       		.byte	20
 396 0173 10       		.byte	16
 397 0174 15       		.byte	21
 398 0175 08       		.byte	8
 399 0176 16       		.byte	22
ARM GAS  C:\Users\raymo\AppData\Local\Temp\cc9sSqCC.s 			page 8


 400 0177 04       		.byte	4
 401 0178 19       		.byte	25
 402 0179 11       		.byte	17
 403 017a 1A       		.byte	26
 404 017b 0A       		.byte	10
 405 017c 1B       		.byte	27
 406 017d 18       		.byte	24
 407 017e 1D       		.byte	29
 408 017f 82       		.byte	-126
 409 0180 20       		.byte	32
 410 0181 04       		.byte	4
 411 0182 26       		.byte	38
 412 0183 08       		.byte	8
 413 0184 27       		.byte	39
 414 0185 04       		.byte	4
 415 0186 28       		.byte	40
 416 0187 80       		.byte	-128
 417 0188 2B       		.byte	43
 418 0189 80       		.byte	-128
 419 018a 2C       		.byte	44
 420 018b 20       		.byte	32
 421 018c 2D       		.byte	45
 422 018d 82       		.byte	-126
 423 018e 30       		.byte	48
 424 018f 08       		.byte	8
 425 0190 36       		.byte	54
 426 0191 01       		.byte	1
 427 0192 3B       		.byte	59
 428 0193 04       		.byte	4
 429 0194 3D       		.byte	61
 430 0195 10       		.byte	16
 431 0196 3E       		.byte	62
 432 0197 40       		.byte	64
 433 0198 40       		.byte	64
 434 0199 80       		.byte	-128
 435 019a 41       		.byte	65
 436 019b 80       		.byte	-128
 437 019c 45       		.byte	69
 438 019d 80       		.byte	-128
 439 019e 47       		.byte	71
 440 019f 02       		.byte	2
 441 01a0 48       		.byte	72
 442 01a1 41       		.byte	65
 443 01a2 4B       		.byte	75
 444 01a3 04       		.byte	4
 445 01a4 4F       		.byte	79
 446 01a5 80       		.byte	-128
 447 01a6 50       		.byte	80
 448 01a7 88       		.byte	-120
 449 01a8 51       		.byte	81
 450 01a9 04       		.byte	4
 451 01aa 52       		.byte	82
 452 01ab 10       		.byte	16
 453 01ac 58       		.byte	88
 454 01ad 10       		.byte	16
 455 01ae 59       		.byte	89
 456 01af 01       		.byte	1
ARM GAS  C:\Users\raymo\AppData\Local\Temp\cc9sSqCC.s 			page 9


 457 01b0 5A       		.byte	90
 458 01b1 84       		.byte	-124
 459 01b2 62       		.byte	98
 460 01b3 10       		.byte	16
 461 01b4 63       		.byte	99
 462 01b5 10       		.byte	16
 463 01b6 79       		.byte	121
 464 01b7 01       		.byte	1
 465 01b8 81       		.byte	-127
 466 01b9 04       		.byte	4
 467 01ba 83       		.byte	-125
 468 01bb 40       		.byte	64
 469 01bc 91       		.byte	-111
 470 01bd 12       		.byte	18
 471 01be 92       		.byte	-110
 472 01bf C0       		.byte	-64
 473 01c0 93       		.byte	-109
 474 01c1 80       		.byte	-128
 475 01c2 94       		.byte	-108
 476 01c3 04       		.byte	4
 477 01c4 96       		.byte	-106
 478 01c5 22       		.byte	34
 479 01c6 97       		.byte	-105
 480 01c7 20       		.byte	32
 481 01c8 99       		.byte	-103
 482 01c9 82       		.byte	-126
 483 01ca 9A       		.byte	-102
 484 01cb 06       		.byte	6
 485 01cc 9C       		.byte	-100
 486 01cd 02       		.byte	2
 487 01ce 9D       		.byte	-99
 488 01cf 14       		.byte	20
 489 01d0 9F       		.byte	-97
 490 01d1 40       		.byte	64
 491 01d2 A1       		.byte	-95
 492 01d3 04       		.byte	4
 493 01d4 A2       		.byte	-94
 494 01d5 01       		.byte	1
 495 01d6 A4       		.byte	-92
 496 01d7 40       		.byte	64
 497 01d8 A5       		.byte	-91
 498 01d9 02       		.byte	2
 499 01da A6       		.byte	-90
 500 01db 08       		.byte	8
 501 01dc A7       		.byte	-89
 502 01dd 80       		.byte	-128
 503 01de AF       		.byte	-81
 504 01df 40       		.byte	64
 505 01e0 C0       		.byte	-64
 506 01e1 9F       		.byte	-97
 507 01e2 C2       		.byte	-62
 508 01e3 4E       		.byte	78
 509 01e4 C4       		.byte	-60
 510 01e5 66       		.byte	102
 511 01e6 CA       		.byte	-54
 512 01e7 D0       		.byte	-48
 513 01e8 CC       		.byte	-52
ARM GAS  C:\Users\raymo\AppData\Local\Temp\cc9sSqCC.s 			page 10


 514 01e9 82       		.byte	-126
 515 01ea CE       		.byte	-50
 516 01eb 32       		.byte	50
 517 01ec D0       		.byte	-48
 518 01ed 99       		.byte	-103
 519 01ee D2       		.byte	-46
 520 01ef 18       		.byte	24
 521 01f0 D6       		.byte	-42
 522 01f1 0F       		.byte	15
 523 01f2 D8       		.byte	-40
 524 01f3 06       		.byte	6
 525 01f4 DE       		.byte	-34
 526 01f5 01       		.byte	1
 527 01f6 09       		.byte	9
 528 01f7 9E       		.byte	-98
 529 01f8 0B       		.byte	11
 530 01f9 60       		.byte	96
 531 01fa 0D       		.byte	13
 532 01fb 94       		.byte	-108
 533 01fc 0E       		.byte	14
 534 01fd 01       		.byte	1
 535 01fe 0F       		.byte	15
 536 01ff 60       		.byte	96
 537 0200 15       		.byte	21
 538 0201 30       		.byte	48
 539 0202 17       		.byte	23
 540 0203 C9       		.byte	-55
 541 0204 19       		.byte	25
 542 0205 FD       		.byte	-3
 543 0206 1B       		.byte	27
 544 0207 02       		.byte	2
 545 0208 1C       		.byte	28
 546 0209 01       		.byte	1
 547 020a 1D       		.byte	29
 548 020b 73       		.byte	115
 549 020c 23       		.byte	35
 550 020d 0F       		.byte	15
 551 020e 29       		.byte	41
 552 020f CF       		.byte	-49
 553 0210 2B       		.byte	43
 554 0211 30       		.byte	48
 555 0212 30       		.byte	48
 556 0213 01       		.byte	1
 557 0214 31       		.byte	49
 558 0215 FF       		.byte	-1
 559 0216 3E       		.byte	62
 560 0217 01       		.byte	1
 561 0218 3F       		.byte	63
 562 0219 01       		.byte	1
 563 021a 40       		.byte	64
 564 021b 32       		.byte	50
 565 021c 42       		.byte	66
 566 021d 06       		.byte	6
 567 021e 49       		.byte	73
 568 021f FF       		.byte	-1
 569 0220 4A       		.byte	74
 570 0221 FF       		.byte	-1
ARM GAS  C:\Users\raymo\AppData\Local\Temp\cc9sSqCC.s 			page 11


 571 0222 4B       		.byte	75
 572 0223 FF       		.byte	-1
 573 0224 4F       		.byte	79
 574 0225 01       		.byte	1
 575 0226 50       		.byte	80
 576 0227 18       		.byte	24
 577 0228 58       		.byte	88
 578 0229 04       		.byte	4
 579 022a 59       		.byte	89
 580 022b 04       		.byte	4
 581 022c 5A       		.byte	90
 582 022d 04       		.byte	4
 583 022e 5D       		.byte	93
 584 022f 02       		.byte	2
 585 0230 5F       		.byte	95
 586 0231 01       		.byte	1
 587 0232 60       		.byte	96
 588 0233 40       		.byte	64
 589 0234 62       		.byte	98
 590 0235 40       		.byte	64
 591 0236 64       		.byte	100
 592 0237 40       		.byte	64
 593 0238 65       		.byte	101
 594 0239 40       		.byte	64
 595 023a 66       		.byte	102
 596 023b 80       		.byte	-128
 597 023c 68       		.byte	104
 598 023d 80       		.byte	-128
 599 023e 6A       		.byte	106
 600 023f 80       		.byte	-128
 601 0240 6C       		.byte	108
 602 0241 80       		.byte	-128
 603 0242 6E       		.byte	110
 604 0243 80       		.byte	-128
 605 0244 85       		.byte	-123
 606 0245 3F       		.byte	63
 607 0246 89       		.byte	-119
 608 0247 7F       		.byte	127
 609 0248 8A       		.byte	-118
 610 0249 03       		.byte	3
 611 024a 8F       		.byte	-113
 612 024b 3F       		.byte	63
 613 024c 93       		.byte	-109
 614 024d 38       		.byte	56
 615 024e 95       		.byte	-107
 616 024f 09       		.byte	9
 617 0250 98       		.byte	-104
 618 0251 03       		.byte	3
 619 0252 9B       		.byte	-101
 620 0253 07       		.byte	7
 621 0254 9E       		.byte	-98
 622 0255 01       		.byte	1
 623 0256 9F       		.byte	-97
 624 0257 40       		.byte	64
 625 0258 A1       		.byte	-95
 626 0259 1B       		.byte	27
 627 025a A5       		.byte	-91
ARM GAS  C:\Users\raymo\AppData\Local\Temp\cc9sSqCC.s 			page 12


 628 025b 24       		.byte	36
 629 025c A6       		.byte	-90
 630 025d 02       		.byte	2
 631 025e A9       		.byte	-87
 632 025f 12       		.byte	18
 633 0260 AA       		.byte	-86
 634 0261 02       		.byte	2
 635 0262 AD       		.byte	-83
 636 0263 07       		.byte	7
 637 0264 AF       		.byte	-81
 638 0265 78       		.byte	120
 639 0266 B3       		.byte	-77
 640 0267 3F       		.byte	63
 641 0268 B4       		.byte	-76
 642 0269 03       		.byte	3
 643 026a B7       		.byte	-73
 644 026b 40       		.byte	64
 645 026c BA       		.byte	-70
 646 026d 20       		.byte	32
 647 026e BF       		.byte	-65
 648 026f 40       		.byte	64
 649 0270 C0       		.byte	-64
 650 0271 36       		.byte	54
 651 0272 C2       		.byte	-62
 652 0273 02       		.byte	2
 653 0274 C5       		.byte	-59
 654 0275 EC       		.byte	-20
 655 0276 C7       		.byte	-57
 656 0277 02       		.byte	2
 657 0278 C8       		.byte	-56
 658 0279 13       		.byte	19
 659 027a C9       		.byte	-55
 660 027b FF       		.byte	-1
 661 027c CA       		.byte	-54
 662 027d FF       		.byte	-1
 663 027e CB       		.byte	-53
 664 027f FF       		.byte	-1
 665 0280 CD       		.byte	-51
 666 0281 83       		.byte	-125
 667 0282 CE       		.byte	-50
 668 0283 03       		.byte	3
 669 0284 CF       		.byte	-49
 670 0285 01       		.byte	1
 671 0286 D0       		.byte	-48
 672 0287 18       		.byte	24
 673 0288 D2       		.byte	-46
 674 0289 83       		.byte	-125
 675 028a D4       		.byte	-44
 676 028b 03       		.byte	3
 677 028c D6       		.byte	-42
 678 028d 04       		.byte	4
 679 028e D8       		.byte	-40
 680 028f 04       		.byte	4
 681 0290 D9       		.byte	-39
 682 0291 04       		.byte	4
 683 0292 DA       		.byte	-38
 684 0293 04       		.byte	4
ARM GAS  C:\Users\raymo\AppData\Local\Temp\cc9sSqCC.s 			page 13


 685 0294 DB       		.byte	-37
 686 0295 04       		.byte	4
 687 0296 DC       		.byte	-36
 688 0297 22       		.byte	34
 689 0298 DD       		.byte	-35
 690 0299 22       		.byte	34
 691 029a DF       		.byte	-33
 692 029b 01       		.byte	1
 693 029c E0       		.byte	-32
 694 029d 40       		.byte	64
 695 029e E2       		.byte	-30
 696 029f 40       		.byte	64
 697 02a0 E4       		.byte	-28
 698 02a1 40       		.byte	64
 699 02a2 E5       		.byte	-27
 700 02a3 40       		.byte	64
 701 02a4 E6       		.byte	-26
 702 02a5 80       		.byte	-128
 703 02a6 E8       		.byte	-24
 704 02a7 80       		.byte	-128
 705 02a8 EA       		.byte	-22
 706 02a9 80       		.byte	-128
 707 02aa EC       		.byte	-20
 708 02ab 80       		.byte	-128
 709 02ac EE       		.byte	-18
 710 02ad 80       		.byte	-128
 711 02ae 00       		.byte	0
 712 02af 80       		.byte	-128
 713 02b0 04       		.byte	4
 714 02b1 10       		.byte	16
 715 02b2 0A       		.byte	10
 716 02b3 02       		.byte	2
 717 02b4 0C       		.byte	12
 718 02b5 40       		.byte	64
 719 02b6 0E       		.byte	14
 720 02b7 04       		.byte	4
 721 02b8 16       		.byte	22
 722 02b9 08       		.byte	8
 723 02ba 17       		.byte	23
 724 02bb 08       		.byte	8
 725 02bc 1A       		.byte	26
 726 02bd 80       		.byte	-128
 727 02be 1E       		.byte	30
 728 02bf 04       		.byte	4
 729 02c0 21       		.byte	33
 730 02c1 01       		.byte	1
 731 02c2 24       		.byte	36
 732 02c3 32       		.byte	50
 733 02c4 29       		.byte	41
 734 02c5 10       		.byte	16
 735 02c6 2B       		.byte	43
 736 02c7 80       		.byte	-128
 737 02c8 2C       		.byte	44
 738 02c9 58       		.byte	88
 739 02ca 2E       		.byte	46
 740 02cb 40       		.byte	64
 741 02cc 31       		.byte	49
ARM GAS  C:\Users\raymo\AppData\Local\Temp\cc9sSqCC.s 			page 14


 742 02cd 08       		.byte	8
 743 02ce 32       		.byte	50
 744 02cf 10       		.byte	16
 745 02d0 33       		.byte	51
 746 02d1 40       		.byte	64
 747 02d2 35       		.byte	53
 748 02d3 80       		.byte	-128
 749 02d4 36       		.byte	54
 750 02d5 09       		.byte	9
 751 02d6 37       		.byte	55
 752 02d7 18       		.byte	24
 753 02d8 3B       		.byte	59
 754 02d9 A0       		.byte	-96
 755 02da 3D       		.byte	61
 756 02db 10       		.byte	16
 757 02dc 3E       		.byte	62
 758 02dd 84       		.byte	-124
 759 02de 40       		.byte	64
 760 02df 30       		.byte	48
 761 02e0 42       		.byte	66
 762 02e1 08       		.byte	8
 763 02e2 44       		.byte	68
 764 02e3 30       		.byte	48
 765 02e4 45       		.byte	69
 766 02e5 20       		.byte	32
 767 02e6 48       		.byte	72
 768 02e7 04       		.byte	4
 769 02e8 4C       		.byte	76
 770 02e9 08       		.byte	8
 771 02ea 4F       		.byte	79
 772 02eb 05       		.byte	5
 773 02ec 54       		.byte	84
 774 02ed 08       		.byte	8
 775 02ee 56       		.byte	86
 776 02ef 08       		.byte	8
 777 02f0 5D       		.byte	93
 778 02f1 40       		.byte	64
 779 02f2 5F       		.byte	95
 780 02f3 25       		.byte	37
 781 02f4 64       		.byte	100
 782 02f5 40       		.byte	64
 783 02f6 6D       		.byte	109
 784 02f7 80       		.byte	-128
 785 02f8 6F       		.byte	111
 786 02f9 04       		.byte	4
 787 02fa 75       		.byte	117
 788 02fb 02       		.byte	2
 789 02fc 76       		.byte	118
 790 02fd 80       		.byte	-128
 791 02fe 80       		.byte	-128
 792 02ff 01       		.byte	1
 793 0300 88       		.byte	-120
 794 0301 40       		.byte	64
 795 0302 91       		.byte	-111
 796 0303 50       		.byte	80
 797 0304 92       		.byte	-110
 798 0305 40       		.byte	64
ARM GAS  C:\Users\raymo\AppData\Local\Temp\cc9sSqCC.s 			page 15


 799 0306 93       		.byte	-109
 800 0307 80       		.byte	-128
 801 0308 94       		.byte	-108
 802 0309 24       		.byte	36
 803 030a 96       		.byte	-106
 804 030b 02       		.byte	2
 805 030c 97       		.byte	-105
 806 030d 40       		.byte	64
 807 030e 99       		.byte	-103
 808 030f 80       		.byte	-128
 809 0310 9A       		.byte	-102
 810 0311 06       		.byte	6
 811 0312 9B       		.byte	-101
 812 0313 30       		.byte	48
 813 0314 9C       		.byte	-100
 814 0315 02       		.byte	2
 815 0316 9D       		.byte	-99
 816 0317 04       		.byte	4
 817 0318 9E       		.byte	-98
 818 0319 08       		.byte	8
 819 031a 9F       		.byte	-97
 820 031b 04       		.byte	4
 821 031c A0       		.byte	-96
 822 031d 04       		.byte	4
 823 031e A1       		.byte	-95
 824 031f 2C       		.byte	44
 825 0320 A2       		.byte	-94
 826 0321 01       		.byte	1
 827 0322 A5       		.byte	-91
 828 0323 42       		.byte	66
 829 0324 A6       		.byte	-90
 830 0325 08       		.byte	8
 831 0326 A7       		.byte	-89
 832 0327 80       		.byte	-128
 833 0328 B2       		.byte	-78
 834 0329 10       		.byte	16
 835 032a B6       		.byte	-74
 836 032b 01       		.byte	1
 837 032c B7       		.byte	-73
 838 032d 40       		.byte	64
 839 032e C0       		.byte	-64
 840 032f 41       		.byte	65
 841 0330 C2       		.byte	-62
 842 0331 C1       		.byte	-63
 843 0332 C4       		.byte	-60
 844 0333 60       		.byte	96
 845 0334 CA       		.byte	-54
 846 0335 F5       		.byte	-11
 847 0336 CC       		.byte	-52
 848 0337 FE       		.byte	-2
 849 0338 CE       		.byte	-50
 850 0339 7C       		.byte	124
 851 033a D0       		.byte	-48
 852 033b 66       		.byte	102
 853 033c D2       		.byte	-46
 854 033d 24       		.byte	36
 855 033e D6       		.byte	-42
ARM GAS  C:\Users\raymo\AppData\Local\Temp\cc9sSqCC.s 			page 16


 856 033f F0       		.byte	-16
 857 0340 D8       		.byte	-40
 858 0341 80       		.byte	-128
 859 0342 E2       		.byte	-30
 860 0343 80       		.byte	-128
 861 0344 E4       		.byte	-28
 862 0345 04       		.byte	4
 863 0346 00       		.byte	0
 864 0347 18       		.byte	24
 865 0348 04       		.byte	4
 866 0349 01       		.byte	1
 867 034a 06       		.byte	6
 868 034b 40       		.byte	64
 869 034c 07       		.byte	7
 870 034d FF       		.byte	-1
 871 034e 0A       		.byte	10
 872 034f 07       		.byte	7
 873 0350 0C       		.byte	12
 874 0351 18       		.byte	24
 875 0352 0D       		.byte	13
 876 0353 55       		.byte	85
 877 0354 0F       		.byte	15
 878 0355 A0       		.byte	-96
 879 0356 11       		.byte	17
 880 0357 50       		.byte	80
 881 0358 13       		.byte	19
 882 0359 AE       		.byte	-82
 883 035a 15       		.byte	21
 884 035b 30       		.byte	48
 885 035c 16       		.byte	22
 886 035d 07       		.byte	7
 887 035e 17       		.byte	23
 888 035f C3       		.byte	-61
 889 0360 18       		.byte	24
 890 0361 20       		.byte	32
 891 0362 1C       		.byte	28
 892 0363 08       		.byte	8
 893 0364 1D       		.byte	29
 894 0365 30       		.byte	48
 895 0366 1E       		.byte	30
 896 0367 10       		.byte	16
 897 0368 1F       		.byte	31
 898 0369 C9       		.byte	-55
 899 036a 20       		.byte	32
 900 036b 41       		.byte	65
 901 036c 22       		.byte	34
 902 036d 84       		.byte	-124
 903 036e 24       		.byte	36
 904 036f 08       		.byte	8
 905 0370 26       		.byte	38
 906 0371 10       		.byte	16
 907 0372 28       		.byte	40
 908 0373 C0       		.byte	-64
 909 0374 2A       		.byte	42
 910 0375 02       		.byte	2
 911 0376 2C       		.byte	44
 912 0377 04       		.byte	4
ARM GAS  C:\Users\raymo\AppData\Local\Temp\cc9sSqCC.s 			page 17


 913 0378 2E       		.byte	46
 914 0379 80       		.byte	-128
 915 037a 30       		.byte	48
 916 037b 38       		.byte	56
 917 037c 32       		.byte	50
 918 037d C0       		.byte	-64
 919 037e 33       		.byte	51
 920 037f F0       		.byte	-16
 921 0380 34       		.byte	52
 922 0381 07       		.byte	7
 923 0382 37       		.byte	55
 924 0383 0F       		.byte	15
 925 0384 3A       		.byte	58
 926 0385 03       		.byte	3
 927 0386 3B       		.byte	59
 928 0387 80       		.byte	-128
 929 0388 3E       		.byte	62
 930 0389 10       		.byte	16
 931 038a 40       		.byte	64
 932 038b 14       		.byte	20
 933 038c 41       		.byte	65
 934 038d 02       		.byte	2
 935 038e 49       		.byte	73
 936 038f FF       		.byte	-1
 937 0390 4A       		.byte	74
 938 0391 FF       		.byte	-1
 939 0392 4B       		.byte	75
 940 0393 FF       		.byte	-1
 941 0394 4D       		.byte	77
 942 0395 A0       		.byte	-96
 943 0396 4F       		.byte	79
 944 0397 04       		.byte	4
 945 0398 50       		.byte	80
 946 0399 18       		.byte	24
 947 039a 58       		.byte	88
 948 039b 04       		.byte	4
 949 039c 59       		.byte	89
 950 039d 04       		.byte	4
 951 039e 5A       		.byte	90
 952 039f 04       		.byte	4
 953 03a0 5C       		.byte	92
 954 03a1 22       		.byte	34
 955 03a2 5F       		.byte	95
 956 03a3 01       		.byte	1
 957 03a4 60       		.byte	96
 958 03a5 40       		.byte	64
 959 03a6 62       		.byte	98
 960 03a7 C0       		.byte	-64
 961 03a8 64       		.byte	100
 962 03a9 40       		.byte	64
 963 03aa 65       		.byte	101
 964 03ab 40       		.byte	64
 965 03ac 66       		.byte	102
 966 03ad C0       		.byte	-64
 967 03ae 68       		.byte	104
 968 03af C0       		.byte	-64
 969 03b0 6A       		.byte	106
ARM GAS  C:\Users\raymo\AppData\Local\Temp\cc9sSqCC.s 			page 18


 970 03b1 C0       		.byte	-64
 971 03b2 6C       		.byte	108
 972 03b3 C0       		.byte	-64
 973 03b4 6E       		.byte	110
 974 03b5 C0       		.byte	-64
 975 03b6 80       		.byte	-128
 976 03b7 01       		.byte	1
 977 03b8 86       		.byte	-122
 978 03b9 01       		.byte	1
 979 03ba 87       		.byte	-121
 980 03bb 01       		.byte	1
 981 03bc 90       		.byte	-112
 982 03bd 02       		.byte	2
 983 03be 91       		.byte	-111
 984 03bf 01       		.byte	1
 985 03c0 92       		.byte	-110
 986 03c1 1C       		.byte	28
 987 03c2 94       		.byte	-108
 988 03c3 0A       		.byte	10
 989 03c4 9A       		.byte	-102
 990 03c5 0E       		.byte	14
 991 03c6 9C       		.byte	-100
 992 03c7 01       		.byte	1
 993 03c8 A0       		.byte	-96
 994 03c9 10       		.byte	16
 995 03ca A3       		.byte	-93
 996 03cb 01       		.byte	1
 997 03cc A4       		.byte	-92
 998 03cd 10       		.byte	16
 999 03ce A8       		.byte	-88
 1000 03cf 04       		.byte	4
 1001 03d0 AA       		.byte	-86
 1002 03d1 08       		.byte	8
 1003 03d2 B0       		.byte	-80
 1004 03d3 06       		.byte	6
 1005 03d4 B2       		.byte	-78
 1006 03d5 08       		.byte	8
 1007 03d6 B4       		.byte	-76
 1008 03d7 01       		.byte	1
 1009 03d8 B6       		.byte	-74
 1010 03d9 10       		.byte	16
 1011 03da B7       		.byte	-73
 1012 03db 01       		.byte	1
 1013 03dc BA       		.byte	-70
 1014 03dd 08       		.byte	8
 1015 03de BC       		.byte	-68
 1016 03df 0A       		.byte	10
 1017 03e0 BE       		.byte	-66
 1018 03e1 10       		.byte	16
 1019 03e2 BF       		.byte	-65
 1020 03e3 40       		.byte	64
 1021 03e4 C0       		.byte	-64
 1022 03e5 14       		.byte	20
 1023 03e6 C1       		.byte	-63
 1024 03e7 06       		.byte	6
 1025 03e8 C6       		.byte	-58
 1026 03e9 10       		.byte	16
ARM GAS  C:\Users\raymo\AppData\Local\Temp\cc9sSqCC.s 			page 19


 1027 03ea C7       		.byte	-57
 1028 03eb 02       		.byte	2
 1029 03ec C8       		.byte	-56
 1030 03ed 1A       		.byte	26
 1031 03ee C9       		.byte	-55
 1032 03ef FF       		.byte	-1
 1033 03f0 CA       		.byte	-54
 1034 03f1 FF       		.byte	-1
 1035 03f2 CB       		.byte	-53
 1036 03f3 FF       		.byte	-1
 1037 03f4 CD       		.byte	-51
 1038 03f5 AF       		.byte	-81
 1039 03f6 CE       		.byte	-50
 1040 03f7 0F       		.byte	15
 1041 03f8 CF       		.byte	-49
 1042 03f9 04       		.byte	4
 1043 03fa D0       		.byte	-48
 1044 03fb 18       		.byte	24
 1045 03fc D2       		.byte	-46
 1046 03fd 80       		.byte	-128
 1047 03fe D8       		.byte	-40
 1048 03ff 04       		.byte	4
 1049 0400 D9       		.byte	-39
 1050 0401 04       		.byte	4
 1051 0402 DA       		.byte	-38
 1052 0403 04       		.byte	4
 1053 0404 DB       		.byte	-37
 1054 0405 04       		.byte	4
 1055 0406 DF       		.byte	-33
 1056 0407 01       		.byte	1
 1057 0408 E0       		.byte	-32
 1058 0409 40       		.byte	64
 1059 040a E2       		.byte	-30
 1060 040b C0       		.byte	-64
 1061 040c E4       		.byte	-28
 1062 040d 40       		.byte	64
 1063 040e E5       		.byte	-27
 1064 040f 40       		.byte	64
 1065 0410 E6       		.byte	-26
 1066 0411 C0       		.byte	-64
 1067 0412 E8       		.byte	-24
 1068 0413 C0       		.byte	-64
 1069 0414 EA       		.byte	-22
 1070 0415 C0       		.byte	-64
 1071 0416 EC       		.byte	-20
 1072 0417 C0       		.byte	-64
 1073 0418 EE       		.byte	-18
 1074 0419 C0       		.byte	-64
 1075 041a 00       		.byte	0
 1076 041b 04       		.byte	4
 1077 041c 03       		.byte	3
 1078 041d 80       		.byte	-128
 1079 041e 04       		.byte	4
 1080 041f 60       		.byte	96
 1081 0420 05       		.byte	5
 1082 0421 01       		.byte	1
 1083 0422 06       		.byte	6
ARM GAS  C:\Users\raymo\AppData\Local\Temp\cc9sSqCC.s 			page 20


 1084 0423 10       		.byte	16
 1085 0424 07       		.byte	7
 1086 0425 10       		.byte	16
 1087 0426 08       		.byte	8
 1088 0427 20       		.byte	32
 1089 0428 09       		.byte	9
 1090 0429 01       		.byte	1
 1091 042a 0A       		.byte	10
 1092 042b 22       		.byte	34
 1093 042c 0D       		.byte	13
 1094 042d A0       		.byte	-96
 1095 042e 0E       		.byte	14
 1096 042f 20       		.byte	32
 1097 0430 10       		.byte	16
 1098 0431 A8       		.byte	-88
 1099 0432 15       		.byte	21
 1100 0433 10       		.byte	16
 1101 0434 17       		.byte	23
 1102 0435 45       		.byte	69
 1103 0436 19       		.byte	25
 1104 0437 90       		.byte	-112
 1105 0438 1A       		.byte	26
 1106 0439 20       		.byte	32
 1107 043a 1B       		.byte	27
 1108 043b 01       		.byte	1
 1109 043c 1C       		.byte	28
 1110 043d 08       		.byte	8
 1111 043e 1D       		.byte	29
 1112 043f 21       		.byte	33
 1113 0440 1E       		.byte	30
 1114 0441 20       		.byte	32
 1115 0442 22       		.byte	34
 1116 0443 40       		.byte	64
 1117 0444 25       		.byte	37
 1118 0445 80       		.byte	-128
 1119 0446 26       		.byte	38
 1120 0447 80       		.byte	-128
 1121 0448 27       		.byte	39
 1122 0449 20       		.byte	32
 1123 044a 2B       		.byte	43
 1124 044b 80       		.byte	-128
 1125 044c 32       		.byte	50
 1126 044d 01       		.byte	1
 1127 044e 35       		.byte	53
 1128 044f 01       		.byte	1
 1129 0450 36       		.byte	54
 1130 0451 80       		.byte	-128
 1131 0452 37       		.byte	55
 1132 0453 04       		.byte	4
 1133 0454 38       		.byte	56
 1134 0455 04       		.byte	4
 1135 0456 3C       		.byte	60
 1136 0457 48       		.byte	72
 1137 0458 3D       		.byte	61
 1138 0459 82       		.byte	-126
 1139 045a 3E       		.byte	62
 1140 045b 02       		.byte	2
ARM GAS  C:\Users\raymo\AppData\Local\Temp\cc9sSqCC.s 			page 21


 1141 045c 3F       		.byte	63
 1142 045d 02       		.byte	2
 1143 045e 41       		.byte	65
 1144 045f 02       		.byte	2
 1145 0460 42       		.byte	66
 1146 0461 02       		.byte	2
 1147 0462 44       		.byte	68
 1148 0463 40       		.byte	64
 1149 0464 45       		.byte	69
 1150 0465 02       		.byte	2
 1151 0466 46       		.byte	70
 1152 0467 06       		.byte	6
 1153 0468 48       		.byte	72
 1154 0469 88       		.byte	-120
 1155 046a 50       		.byte	80
 1156 046b 28       		.byte	40
 1157 046c 52       		.byte	82
 1158 046d 04       		.byte	4
 1159 046e 70       		.byte	112
 1160 046f 01       		.byte	1
 1161 0470 78       		.byte	120
 1162 0471 40       		.byte	64
 1163 0472 8C       		.byte	-116
 1164 0473 21       		.byte	33
 1165 0474 91       		.byte	-111
 1166 0475 50       		.byte	80
 1167 0476 92       		.byte	-110
 1168 0477 40       		.byte	64
 1169 0478 93       		.byte	-109
 1170 0479 80       		.byte	-128
 1171 047a 96       		.byte	-106
 1172 047b 80       		.byte	-128
 1173 047c 97       		.byte	-105
 1174 047d 40       		.byte	64
 1175 047e 9B       		.byte	-101
 1176 047f 01       		.byte	1
 1177 0480 9C       		.byte	-100
 1178 0481 02       		.byte	2
 1179 0482 9D       		.byte	-99
 1180 0483 14       		.byte	20
 1181 0484 9E       		.byte	-98
 1182 0485 08       		.byte	8
 1183 0486 A1       		.byte	-95
 1184 0487 0C       		.byte	12
 1185 0488 A6       		.byte	-90
 1186 0489 08       		.byte	8
 1187 048a C0       		.byte	-64
 1188 048b FC       		.byte	-4
 1189 048c C2       		.byte	-62
 1190 048d EF       		.byte	-17
 1191 048e C4       		.byte	-60
 1192 048f FE       		.byte	-2
 1193 0490 CA       		.byte	-54
 1194 0491 01       		.byte	1
 1195 0492 CC       		.byte	-52
 1196 0493 D1       		.byte	-47
 1197 0494 CE       		.byte	-50
ARM GAS  C:\Users\raymo\AppData\Local\Temp\cc9sSqCC.s 			page 22


 1198 0495 52       		.byte	82
 1199 0496 D0       		.byte	-48
 1200 0497 B9       		.byte	-71
 1201 0498 D2       		.byte	-46
 1202 0499 04       		.byte	4
 1203 049a DE       		.byte	-34
 1204 049b 08       		.byte	8
 1205 049c 13       		.byte	19
 1206 049d 01       		.byte	1
 1207 049e 1E       		.byte	30
 1208 049f 03       		.byte	3
 1209 04a0 2A       		.byte	42
 1210 04a1 01       		.byte	1
 1211 04a2 2E       		.byte	46
 1212 04a3 02       		.byte	2
 1213 04a4 30       		.byte	48
 1214 04a5 02       		.byte	2
 1215 04a6 32       		.byte	50
 1216 04a7 01       		.byte	1
 1217 04a8 37       		.byte	55
 1218 04a9 01       		.byte	1
 1219 04aa 40       		.byte	64
 1220 04ab 10       		.byte	16
 1221 04ac 41       		.byte	65
 1222 04ad 03       		.byte	3
 1223 04ae 49       		.byte	73
 1224 04af FF       		.byte	-1
 1225 04b0 4A       		.byte	74
 1226 04b1 FF       		.byte	-1
 1227 04b2 4B       		.byte	75
 1228 04b3 FF       		.byte	-1
 1229 04b4 4D       		.byte	77
 1230 04b5 A0       		.byte	-96
 1231 04b6 4F       		.byte	79
 1232 04b7 04       		.byte	4
 1233 04b8 50       		.byte	80
 1234 04b9 18       		.byte	24
 1235 04ba 52       		.byte	82
 1236 04bb 80       		.byte	-128
 1237 04bc 54       		.byte	84
 1238 04bd 0F       		.byte	15
 1239 04be 56       		.byte	86
 1240 04bf 04       		.byte	4
 1241 04c0 58       		.byte	88
 1242 04c1 04       		.byte	4
 1243 04c2 59       		.byte	89
 1244 04c3 04       		.byte	4
 1245 04c4 5A       		.byte	90
 1246 04c5 04       		.byte	4
 1247 04c6 5B       		.byte	91
 1248 04c7 04       		.byte	4
 1249 04c8 5C       		.byte	92
 1250 04c9 99       		.byte	-103
 1251 04ca 5D       		.byte	93
 1252 04cb 99       		.byte	-103
 1253 04cc 5F       		.byte	95
 1254 04cd 01       		.byte	1
ARM GAS  C:\Users\raymo\AppData\Local\Temp\cc9sSqCC.s 			page 23


 1255 04ce 60       		.byte	96
 1256 04cf 40       		.byte	64
 1257 04d0 62       		.byte	98
 1258 04d1 C0       		.byte	-64
 1259 04d2 64       		.byte	100
 1260 04d3 40       		.byte	64
 1261 04d4 65       		.byte	101
 1262 04d5 40       		.byte	64
 1263 04d6 66       		.byte	102
 1264 04d7 C0       		.byte	-64
 1265 04d8 68       		.byte	104
 1266 04d9 C0       		.byte	-64
 1267 04da 6A       		.byte	106
 1268 04db C0       		.byte	-64
 1269 04dc 6C       		.byte	108
 1270 04dd C0       		.byte	-64
 1271 04de 6E       		.byte	110
 1272 04df C0       		.byte	-64
 1273 04e0 82       		.byte	-126
 1274 04e1 01       		.byte	1
 1275 04e2 83       		.byte	-125
 1276 04e3 01       		.byte	1
 1277 04e4 87       		.byte	-121
 1278 04e5 02       		.byte	2
 1279 04e6 88       		.byte	-120
 1280 04e7 08       		.byte	8
 1281 04e8 8C       		.byte	-116
 1282 04e9 04       		.byte	4
 1283 04ea 92       		.byte	-110
 1284 04eb 02       		.byte	2
 1285 04ec 93       		.byte	-109
 1286 04ed 08       		.byte	8
 1287 04ee 96       		.byte	-106
 1288 04ef 04       		.byte	4
 1289 04f0 97       		.byte	-105
 1290 04f1 02       		.byte	2
 1291 04f2 9E       		.byte	-98
 1292 04f3 08       		.byte	8
 1293 04f4 A6       		.byte	-90
 1294 04f5 01       		.byte	1
 1295 04f6 AB       		.byte	-85
 1296 04f7 04       		.byte	4
 1297 04f8 B0       		.byte	-80
 1298 04f9 08       		.byte	8
 1299 04fa B1       		.byte	-79
 1300 04fb 02       		.byte	2
 1301 04fc B2       		.byte	-78
 1302 04fd 04       		.byte	4
 1303 04fe B3       		.byte	-77
 1304 04ff 08       		.byte	8
 1305 0500 B4       		.byte	-76
 1306 0501 01       		.byte	1
 1307 0502 B5       		.byte	-75
 1308 0503 01       		.byte	1
 1309 0504 B6       		.byte	-74
 1310 0505 02       		.byte	2
 1311 0506 B7       		.byte	-73
ARM GAS  C:\Users\raymo\AppData\Local\Temp\cc9sSqCC.s 			page 24


 1312 0507 04       		.byte	4
 1313 0508 BE       		.byte	-66
 1314 0509 10       		.byte	16
 1315 050a BF       		.byte	-65
 1316 050b 01       		.byte	1
 1317 050c C0       		.byte	-64
 1318 050d 10       		.byte	16
 1319 050e C1       		.byte	-63
 1320 050f 03       		.byte	3
 1321 0510 C5       		.byte	-59
 1322 0511 D0       		.byte	-48
 1323 0512 C6       		.byte	-58
 1324 0513 20       		.byte	32
 1325 0514 C7       		.byte	-57
 1326 0515 15       		.byte	21
 1327 0516 C8       		.byte	-56
 1328 0517 3A       		.byte	58
 1329 0518 C9       		.byte	-55
 1330 0519 FF       		.byte	-1
 1331 051a CA       		.byte	-54
 1332 051b FF       		.byte	-1
 1333 051c CB       		.byte	-53
 1334 051d FF       		.byte	-1
 1335 051e CD       		.byte	-51
 1336 051f AF       		.byte	-81
 1337 0520 CE       		.byte	-50
 1338 0521 0F       		.byte	15
 1339 0522 CF       		.byte	-49
 1340 0523 04       		.byte	4
 1341 0524 D0       		.byte	-48
 1342 0525 18       		.byte	24
 1343 0526 D4       		.byte	-44
 1344 0527 07       		.byte	7
 1345 0528 D8       		.byte	-40
 1346 0529 04       		.byte	4
 1347 052a D9       		.byte	-39
 1348 052b 04       		.byte	4
 1349 052c DA       		.byte	-38
 1350 052d 04       		.byte	4
 1351 052e DB       		.byte	-37
 1352 052f 04       		.byte	4
 1353 0530 DC       		.byte	-36
 1354 0531 99       		.byte	-103
 1355 0532 DD       		.byte	-35
 1356 0533 99       		.byte	-103
 1357 0534 DF       		.byte	-33
 1358 0535 01       		.byte	1
 1359 0536 E0       		.byte	-32
 1360 0537 40       		.byte	64
 1361 0538 E2       		.byte	-30
 1362 0539 C0       		.byte	-64
 1363 053a E4       		.byte	-28
 1364 053b 40       		.byte	64
 1365 053c E5       		.byte	-27
 1366 053d 40       		.byte	64
 1367 053e E6       		.byte	-26
 1368 053f C0       		.byte	-64
ARM GAS  C:\Users\raymo\AppData\Local\Temp\cc9sSqCC.s 			page 25


 1369 0540 E8       		.byte	-24
 1370 0541 C0       		.byte	-64
 1371 0542 EA       		.byte	-22
 1372 0543 C0       		.byte	-64
 1373 0544 EC       		.byte	-20
 1374 0545 C0       		.byte	-64
 1375 0546 EE       		.byte	-18
 1376 0547 C0       		.byte	-64
 1377 0548 04       		.byte	4
 1378 0549 01       		.byte	1
 1379 054a 07       		.byte	7
 1380 054b 0A       		.byte	10
 1381 054c 09       		.byte	9
 1382 054d 80       		.byte	-128
 1383 054e 0C       		.byte	12
 1384 054f 08       		.byte	8
 1385 0550 0F       		.byte	15
 1386 0551 42       		.byte	66
 1387 0552 10       		.byte	16
 1388 0553 0A       		.byte	10
 1389 0554 16       		.byte	22
 1390 0555 20       		.byte	32
 1391 0556 18       		.byte	24
 1392 0557 20       		.byte	32
 1393 0558 1B       		.byte	27
 1394 0559 02       		.byte	2
 1395 055a 1E       		.byte	30
 1396 055b A8       		.byte	-88
 1397 055c 1F       		.byte	31
 1398 055d 40       		.byte	64
 1399 055e 20       		.byte	32
 1400 055f 01       		.byte	1
 1401 0560 21       		.byte	33
 1402 0561 80       		.byte	-128
 1403 0562 24       		.byte	36
 1404 0563 80       		.byte	-128
 1405 0564 25       		.byte	37
 1406 0565 0C       		.byte	12
 1407 0566 27       		.byte	39
 1408 0567 0A       		.byte	10
 1409 0568 2C       		.byte	44
 1410 0569 08       		.byte	8
 1411 056a 31       		.byte	49
 1412 056b 01       		.byte	1
 1413 056c 36       		.byte	54
 1414 056d 0A       		.byte	10
 1415 056e 38       		.byte	56
 1416 056f 80       		.byte	-128
 1417 0570 39       		.byte	57
 1418 0571 40       		.byte	64
 1419 0572 3E       		.byte	62
 1420 0573 08       		.byte	8
 1421 0574 3F       		.byte	63
 1422 0575 02       		.byte	2
 1423 0576 40       		.byte	64
 1424 0577 01       		.byte	1
 1425 0578 42       		.byte	66
ARM GAS  C:\Users\raymo\AppData\Local\Temp\cc9sSqCC.s 			page 26


 1426 0579 20       		.byte	32
 1427 057a 45       		.byte	69
 1428 057b 80       		.byte	-128
 1429 057c 46       		.byte	70
 1430 057d 20       		.byte	32
 1431 057e 4D       		.byte	77
 1432 057f 01       		.byte	1
 1433 0580 54       		.byte	84
 1434 0581 0A       		.byte	10
 1435 0582 56       		.byte	86
 1436 0583 20       		.byte	32
 1437 0584 57       		.byte	87
 1438 0585 01       		.byte	1
 1439 0586 58       		.byte	88
 1440 0587 02       		.byte	2
 1441 0588 59       		.byte	89
 1442 0589 14       		.byte	20
 1443 058a 5A       		.byte	90
 1444 058b 80       		.byte	-128
 1445 058c 5D       		.byte	93
 1446 058d 01       		.byte	1
 1447 058e 5E       		.byte	94
 1448 058f A8       		.byte	-88
 1449 0590 61       		.byte	97
 1450 0591 02       		.byte	2
 1451 0592 6D       		.byte	109
 1452 0593 10       		.byte	16
 1453 0594 6E       		.byte	110
 1454 0595 40       		.byte	64
 1455 0596 6F       		.byte	111
 1456 0597 01       		.byte	1
 1457 0598 71       		.byte	113
 1458 0599 01       		.byte	1
 1459 059a 80       		.byte	-128
 1460 059b 10       		.byte	16
 1461 059c 85       		.byte	-123
 1462 059d 02       		.byte	2
 1463 059e 8A       		.byte	-118
 1464 059f 02       		.byte	2
 1465 05a0 8F       		.byte	-113
 1466 05a1 02       		.byte	2
 1467 05a2 C0       		.byte	-64
 1468 05a3 D0       		.byte	-48
 1469 05a4 C2       		.byte	-62
 1470 05a5 B1       		.byte	-79
 1471 05a6 C4       		.byte	-60
 1472 05a7 23       		.byte	35
 1473 05a8 CA       		.byte	-54
 1474 05a9 20       		.byte	32
 1475 05aa CC       		.byte	-52
 1476 05ab C1       		.byte	-63
 1477 05ac CE       		.byte	-50
 1478 05ad C0       		.byte	-64
 1479 05ae D0       		.byte	-48
 1480 05af 5A       		.byte	90
 1481 05b0 D6       		.byte	-42
 1482 05b1 FF       		.byte	-1
ARM GAS  C:\Users\raymo\AppData\Local\Temp\cc9sSqCC.s 			page 27


 1483 05b2 D8       		.byte	-40
 1484 05b3 01       		.byte	1
 1485 05b4 E0       		.byte	-32
 1486 05b5 04       		.byte	4
 1487 05b6 E4       		.byte	-28
 1488 05b7 20       		.byte	32
 1489 05b8 00       		.byte	0
 1490 05b9 1C       		.byte	28
 1491 05ba 04       		.byte	4
 1492 05bb 10       		.byte	16
 1493 05bc 05       		.byte	5
 1494 05bd 96       		.byte	-106
 1495 05be 06       		.byte	6
 1496 05bf 01       		.byte	1
 1497 05c0 07       		.byte	7
 1498 05c1 68       		.byte	104
 1499 05c2 09       		.byte	9
 1500 05c3 A3       		.byte	-93
 1501 05c4 0A       		.byte	10
 1502 05c5 02       		.byte	2
 1503 05c6 0B       		.byte	11
 1504 05c7 5C       		.byte	92
 1505 05c8 0C       		.byte	12
 1506 05c9 05       		.byte	5
 1507 05ca 0E       		.byte	14
 1508 05cb 08       		.byte	8
 1509 05cc 10       		.byte	16
 1510 05cd 40       		.byte	64
 1511 05ce 14       		.byte	20
 1512 05cf 01       		.byte	1
 1513 05d0 16       		.byte	22
 1514 05d1 10       		.byte	16
 1515 05d2 17       		.byte	23
 1516 05d3 01       		.byte	1
 1517 05d4 19       		.byte	25
 1518 05d5 FE       		.byte	-2
 1519 05d6 1A       		.byte	26
 1520 05d7 C0       		.byte	-64
 1521 05d8 1B       		.byte	27
 1522 05d9 01       		.byte	1
 1523 05da 1D       		.byte	29
 1524 05db 7F       		.byte	127
 1525 05dc 1E       		.byte	30
 1526 05dd 1C       		.byte	28
 1527 05de 21       		.byte	33
 1528 05df 0E       		.byte	14
 1529 05e0 22       		.byte	34
 1530 05e1 20       		.byte	32
 1531 05e2 23       		.byte	35
 1532 05e3 F0       		.byte	-16
 1533 05e4 24       		.byte	36
 1534 05e5 1D       		.byte	29
 1535 05e6 25       		.byte	37
 1536 05e7 C5       		.byte	-59
 1537 05e8 27       		.byte	39
 1538 05e9 3A       		.byte	58
 1539 05ea 28       		.byte	40
ARM GAS  C:\Users\raymo\AppData\Local\Temp\cc9sSqCC.s 			page 28


 1540 05eb 05       		.byte	5
 1541 05ec 2A       		.byte	42
 1542 05ed 08       		.byte	8
 1543 05ee 30       		.byte	48
 1544 05ef 80       		.byte	-128
 1545 05f0 32       		.byte	50
 1546 05f1 03       		.byte	3
 1547 05f2 34       		.byte	52
 1548 05f3 40       		.byte	64
 1549 05f4 35       		.byte	53
 1550 05f5 FF       		.byte	-1
 1551 05f6 36       		.byte	54
 1552 05f7 3C       		.byte	60
 1553 05f8 3E       		.byte	62
 1554 05f9 10       		.byte	16
 1555 05fa 3F       		.byte	63
 1556 05fb 10       		.byte	16
 1557 05fc 58       		.byte	88
 1558 05fd 04       		.byte	4
 1559 05fe 59       		.byte	89
 1560 05ff 04       		.byte	4
 1561 0600 5C       		.byte	92
 1562 0601 09       		.byte	9
 1563 0602 5F       		.byte	95
 1564 0603 01       		.byte	1
 1565 0604 84       		.byte	-124
 1566 0605 5C       		.byte	92
 1567 0606 86       		.byte	-122
 1568 0607 02       		.byte	2
 1569 0608 87       		.byte	-121
 1570 0609 1C       		.byte	28
 1571 060a 89       		.byte	-119
 1572 060b 1C       		.byte	28
 1573 060c 8A       		.byte	-118
 1574 060d 03       		.byte	3
 1575 060e 8B       		.byte	-117
 1576 060f 03       		.byte	3
 1577 0610 8C       		.byte	-116
 1578 0611 70       		.byte	112
 1579 0612 8E       		.byte	-114
 1580 0613 0C       		.byte	12
 1581 0614 8F       		.byte	-113
 1582 0615 20       		.byte	32
 1583 0616 91       		.byte	-111
 1584 0617 01       		.byte	1
 1585 0618 93       		.byte	-109
 1586 0619 0E       		.byte	14
 1587 061a 94       		.byte	-108
 1588 061b 09       		.byte	9
 1589 061c 95       		.byte	-107
 1590 061d 20       		.byte	32
 1591 061e 96       		.byte	-106
 1592 061f 10       		.byte	16
 1593 0620 98       		.byte	-104
 1594 0621 14       		.byte	20
 1595 0622 9C       		.byte	-100
 1596 0623 6C       		.byte	108
ARM GAS  C:\Users\raymo\AppData\Local\Temp\cc9sSqCC.s 			page 29


 1597 0624 9E       		.byte	-98
 1598 0625 11       		.byte	17
 1599 0626 9F       		.byte	-97
 1600 0627 08       		.byte	8
 1601 0628 A0       		.byte	-96
 1602 0629 10       		.byte	16
 1603 062a A1       		.byte	-95
 1604 062b 01       		.byte	1
 1605 062c A3       		.byte	-93
 1606 062d 16       		.byte	22
 1607 062e A7       		.byte	-89
 1608 062f 20       		.byte	32
 1609 0630 AA       		.byte	-86
 1610 0631 20       		.byte	32
 1611 0632 AB       		.byte	-85
 1612 0633 03       		.byte	3
 1613 0634 B1       		.byte	-79
 1614 0635 1A       		.byte	26
 1615 0636 B2       		.byte	-78
 1616 0637 1F       		.byte	31
 1617 0638 B4       		.byte	-76
 1618 0639 60       		.byte	96
 1619 063a B5       		.byte	-75
 1620 063b 0F       		.byte	15
 1621 063c B7       		.byte	-73
 1622 063d 20       		.byte	32
 1623 063e B8       		.byte	-72
 1624 063f 20       		.byte	32
 1625 0640 BB       		.byte	-69
 1626 0641 22       		.byte	34
 1627 0642 BE       		.byte	-66
 1628 0643 10       		.byte	16
 1629 0644 BF       		.byte	-65
 1630 0645 40       		.byte	64
 1631 0646 C0       		.byte	-64
 1632 0647 06       		.byte	6
 1633 0648 C5       		.byte	-59
 1634 0649 40       		.byte	64
 1635 064a C9       		.byte	-55
 1636 064b FF       		.byte	-1
 1637 064c CA       		.byte	-54
 1638 064d 07       		.byte	7
 1639 064e CB       		.byte	-53
 1640 064f FF       		.byte	-1
 1641 0650 CC       		.byte	-52
 1642 0651 40       		.byte	64
 1643 0652 CD       		.byte	-51
 1644 0653 20       		.byte	32
 1645 0654 CE       		.byte	-50
 1646 0655 F0       		.byte	-16
 1647 0656 CF       		.byte	-49
 1648 0657 05       		.byte	5
 1649 0658 D0       		.byte	-48
 1650 0659 08       		.byte	8
 1651 065a D2       		.byte	-46
 1652 065b 80       		.byte	-128
 1653 065c D8       		.byte	-40
ARM GAS  C:\Users\raymo\AppData\Local\Temp\cc9sSqCC.s 			page 30


 1654 065d 04       		.byte	4
 1655 065e D9       		.byte	-39
 1656 065f 04       		.byte	4
 1657 0660 DA       		.byte	-38
 1658 0661 04       		.byte	4
 1659 0662 DB       		.byte	-37
 1660 0663 04       		.byte	4
 1661 0664 DC       		.byte	-36
 1662 0665 11       		.byte	17
 1663 0666 DD       		.byte	-35
 1664 0667 91       		.byte	-111
 1665 0668 DF       		.byte	-33
 1666 0669 01       		.byte	1
 1667 066a E0       		.byte	-32
 1668 066b 40       		.byte	64
 1669 066c E1       		.byte	-31
 1670 066d A8       		.byte	-88
 1671 066e E2       		.byte	-30
 1672 066f 40       		.byte	64
 1673 0670 E3       		.byte	-29
 1674 0671 20       		.byte	32
 1675 0672 00       		.byte	0
 1676 0673 08       		.byte	8
 1677 0674 02       		.byte	2
 1678 0675 11       		.byte	17
 1679 0676 03       		.byte	3
 1680 0677 0A       		.byte	10
 1681 0678 04       		.byte	4
 1682 0679 04       		.byte	4
 1683 067a 06       		.byte	6
 1684 067b 02       		.byte	2
 1685 067c 07       		.byte	7
 1686 067d 48       		.byte	72
 1687 067e 08       		.byte	8
 1688 067f 40       		.byte	64
 1689 0680 0A       		.byte	10
 1690 0681 02       		.byte	2
 1691 0682 0B       		.byte	11
 1692 0683 18       		.byte	24
 1693 0684 0E       		.byte	14
 1694 0685 42       		.byte	66
 1695 0686 0F       		.byte	15
 1696 0687 24       		.byte	36
 1697 0688 10       		.byte	16
 1698 0689 8C       		.byte	-116
 1699 068a 14       		.byte	20
 1700 068b 20       		.byte	32
 1701 068c 15       		.byte	21
 1702 068d 02       		.byte	2
 1703 068e 16       		.byte	22
 1704 068f 08       		.byte	8
 1705 0690 19       		.byte	25
 1706 0691 10       		.byte	16
 1707 0692 1B       		.byte	27
 1708 0693 08       		.byte	8
 1709 0694 1D       		.byte	29
 1710 0695 04       		.byte	4
ARM GAS  C:\Users\raymo\AppData\Local\Temp\cc9sSqCC.s 			page 31


 1711 0696 1E       		.byte	30
 1712 0697 46       		.byte	70
 1713 0698 1F       		.byte	31
 1714 0699 80       		.byte	-128
 1715 069a 20       		.byte	32
 1716 069b 0A       		.byte	10
 1717 069c 22       		.byte	34
 1718 069d 01       		.byte	1
 1719 069e 23       		.byte	35
 1720 069f 02       		.byte	2
 1721 06a0 27       		.byte	39
 1722 06a1 08       		.byte	8
 1723 06a2 28       		.byte	40
 1724 06a3 04       		.byte	4
 1725 06a4 29       		.byte	41
 1726 06a5 04       		.byte	4
 1727 06a6 2A       		.byte	42
 1728 06a7 01       		.byte	1
 1729 06a8 2E       		.byte	46
 1730 06a9 0A       		.byte	10
 1731 06aa 2F       		.byte	47
 1732 06ab 50       		.byte	80
 1733 06ac 30       		.byte	48
 1734 06ad 80       		.byte	-128
 1735 06ae 31       		.byte	49
 1736 06af 08       		.byte	8
 1737 06b0 32       		.byte	50
 1738 06b1 01       		.byte	1
 1739 06b2 34       		.byte	52
 1740 06b3 20       		.byte	32
 1741 06b4 35       		.byte	53
 1742 06b5 04       		.byte	4
 1743 06b6 36       		.byte	54
 1744 06b7 20       		.byte	32
 1745 06b8 37       		.byte	55
 1746 06b9 40       		.byte	64
 1747 06ba 38       		.byte	56
 1748 06bb 08       		.byte	8
 1749 06bc 3A       		.byte	58
 1750 06bd 90       		.byte	-112
 1751 06be 3C       		.byte	60
 1752 06bf 04       		.byte	4
 1753 06c0 3D       		.byte	61
 1754 06c1 0C       		.byte	12
 1755 06c2 3F       		.byte	63
 1756 06c3 20       		.byte	32
 1757 06c4 48       		.byte	72
 1758 06c5 80       		.byte	-128
 1759 06c6 49       		.byte	73
 1760 06c7 10       		.byte	16
 1761 06c8 4C       		.byte	76
 1762 06c9 04       		.byte	4
 1763 06ca 4F       		.byte	79
 1764 06cb 10       		.byte	16
 1765 06cc 50       		.byte	80
 1766 06cd 08       		.byte	8
 1767 06ce 72       		.byte	114
ARM GAS  C:\Users\raymo\AppData\Local\Temp\cc9sSqCC.s 			page 32


 1768 06cf 80       		.byte	-128
 1769 06d0 7B       		.byte	123
 1770 06d1 C0       		.byte	-64
 1771 06d2 91       		.byte	-111
 1772 06d3 02       		.byte	2
 1773 06d4 93       		.byte	-109
 1774 06d5 84       		.byte	-124
 1775 06d6 96       		.byte	-106
 1776 06d7 24       		.byte	36
 1777 06d8 97       		.byte	-105
 1778 06d9 20       		.byte	32
 1779 06da 9B       		.byte	-101
 1780 06db 04       		.byte	4
 1781 06dc 9C       		.byte	-100
 1782 06dd 02       		.byte	2
 1783 06de 9F       		.byte	-97
 1784 06df 42       		.byte	66
 1785 06e0 A1       		.byte	-95
 1786 06e1 04       		.byte	4
 1787 06e2 A3       		.byte	-93
 1788 06e3 10       		.byte	16
 1789 06e4 A4       		.byte	-92
 1790 06e5 01       		.byte	1
 1791 06e6 A6       		.byte	-90
 1792 06e7 20       		.byte	32
 1793 06e8 A7       		.byte	-89
 1794 06e9 C0       		.byte	-64
 1795 06ea B0       		.byte	-80
 1796 06eb A0       		.byte	-96
 1797 06ec B3       		.byte	-77
 1798 06ed 10       		.byte	16
 1799 06ee C0       		.byte	-64
 1800 06ef F7       		.byte	-9
 1801 06f0 C2       		.byte	-62
 1802 06f1 F7       		.byte	-9
 1803 06f2 C4       		.byte	-60
 1804 06f3 7A       		.byte	122
 1805 06f4 CA       		.byte	-54
 1806 06f5 C7       		.byte	-57
 1807 06f6 CC       		.byte	-52
 1808 06f7 7B       		.byte	123
 1809 06f8 CE       		.byte	-50
 1810 06f9 6E       		.byte	110
 1811 06fa D2       		.byte	-46
 1812 06fb 04       		.byte	4
 1813 06fc 00       		.byte	0
 1814 06fd 80       		.byte	-128
 1815 06fe 01       		.byte	1
 1816 06ff 0F       		.byte	15
 1817 0700 05       		.byte	5
 1818 0701 05       		.byte	5
 1819 0702 07       		.byte	7
 1820 0703 0A       		.byte	10
 1821 0704 08       		.byte	8
 1822 0705 40       		.byte	64
 1823 0706 09       		.byte	9
 1824 0707 0A       		.byte	10
ARM GAS  C:\Users\raymo\AppData\Local\Temp\cc9sSqCC.s 			page 33


 1825 0708 0B       		.byte	11
 1826 0709 05       		.byte	5
 1827 070a 0C       		.byte	12
 1828 070b 13       		.byte	19
 1829 070c 0D       		.byte	13
 1830 070d 03       		.byte	3
 1831 070e 0E       		.byte	14
 1832 070f 0C       		.byte	12
 1833 0710 0F       		.byte	15
 1834 0711 0C       		.byte	12
 1835 0712 11       		.byte	17
 1836 0713 10       		.byte	16
 1837 0714 16       		.byte	22
 1838 0715 08       		.byte	8
 1839 0716 17       		.byte	23
 1840 0717 20       		.byte	32
 1841 0718 1B       		.byte	27
 1842 0719 10       		.byte	16
 1843 071a 1C       		.byte	28
 1844 071b 13       		.byte	19
 1845 071c 1D       		.byte	29
 1846 071d 07       		.byte	7
 1847 071e 1E       		.byte	30
 1848 071f 04       		.byte	4
 1849 0720 20       		.byte	32
 1850 0721 03       		.byte	3
 1851 0722 21       		.byte	33
 1852 0723 10       		.byte	16
 1853 0724 22       		.byte	34
 1854 0725 04       		.byte	4
 1855 0726 24       		.byte	36
 1856 0727 0A       		.byte	10
 1857 0728 25       		.byte	37
 1858 0729 0C       		.byte	12
 1859 072a 26       		.byte	38
 1860 072b 14       		.byte	20
 1861 072c 27       		.byte	39
 1862 072d 03       		.byte	3
 1863 072e 28       		.byte	40
 1864 072f 20       		.byte	32
 1865 0730 2A       		.byte	42
 1866 0731 05       		.byte	5
 1867 0732 2B       		.byte	43
 1868 0733 10       		.byte	16
 1869 0734 2F       		.byte	47
 1870 0735 10       		.byte	16
 1871 0736 30       		.byte	48
 1872 0737 0F       		.byte	15
 1873 0738 31       		.byte	49
 1874 0739 10       		.byte	16
 1875 073a 32       		.byte	50
 1876 073b 80       		.byte	-128
 1877 073c 33       		.byte	51
 1878 073d 20       		.byte	32
 1879 073e 34       		.byte	52
 1880 073f 30       		.byte	48
 1881 0740 35       		.byte	53
ARM GAS  C:\Users\raymo\AppData\Local\Temp\cc9sSqCC.s 			page 34


 1882 0741 0F       		.byte	15
 1883 0742 36       		.byte	54
 1884 0743 40       		.byte	64
 1885 0744 38       		.byte	56
 1886 0745 20       		.byte	32
 1887 0746 3A       		.byte	58
 1888 0747 02       		.byte	2
 1889 0748 3E       		.byte	62
 1890 0749 44       		.byte	68
 1891 074a 3F       		.byte	63
 1892 074b 01       		.byte	1
 1893 074c 40       		.byte	64
 1894 074d 46       		.byte	70
 1895 074e 41       		.byte	65
 1896 074f 01       		.byte	1
 1897 0750 45       		.byte	69
 1898 0751 EB       		.byte	-21
 1899 0752 46       		.byte	70
 1900 0753 0C       		.byte	12
 1901 0754 48       		.byte	72
 1902 0755 07       		.byte	7
 1903 0756 49       		.byte	73
 1904 0757 FF       		.byte	-1
 1905 0758 4A       		.byte	74
 1906 0759 FF       		.byte	-1
 1907 075a 4B       		.byte	75
 1908 075b FF       		.byte	-1
 1909 075c 4E       		.byte	78
 1910 075d F0       		.byte	-16
 1911 075e 4F       		.byte	79
 1912 075f 44       		.byte	68
 1913 0760 50       		.byte	80
 1914 0761 0C       		.byte	12
 1915 0762 54       		.byte	84
 1916 0763 01       		.byte	1
 1917 0764 58       		.byte	88
 1918 0765 04       		.byte	4
 1919 0766 59       		.byte	89
 1920 0767 04       		.byte	4
 1921 0768 5A       		.byte	90
 1922 0769 04       		.byte	4
 1923 076a 5B       		.byte	91
 1924 076b 04       		.byte	4
 1925 076c 5C       		.byte	92
 1926 076d 91       		.byte	-111
 1927 076e 5D       		.byte	93
 1928 076f 11       		.byte	17
 1929 0770 5F       		.byte	95
 1930 0771 01       		.byte	1
 1931 0772 66       		.byte	102
 1932 0773 C0       		.byte	-64
 1933 0774 6A       		.byte	106
 1934 0775 40       		.byte	64
 1935 0776 6B       		.byte	107
 1936 0777 02       		.byte	2
 1937 0778 80       		.byte	-128
 1938 0779 07       		.byte	7
ARM GAS  C:\Users\raymo\AppData\Local\Temp\cc9sSqCC.s 			page 35


 1939 077a 89       		.byte	-119
 1940 077b 06       		.byte	6
 1941 077c 8C       		.byte	-116
 1942 077d 08       		.byte	8
 1943 077e 8E       		.byte	-114
 1944 077f 01       		.byte	1
 1945 0780 94       		.byte	-108
 1946 0781 0C       		.byte	12
 1947 0782 96       		.byte	-106
 1948 0783 01       		.byte	1
 1949 0784 98       		.byte	-104
 1950 0785 0C       		.byte	12
 1951 0786 99       		.byte	-103
 1952 0787 05       		.byte	5
 1953 0788 9A       		.byte	-102
 1954 0789 02       		.byte	2
 1955 078a 9D       		.byte	-99
 1956 078b 03       		.byte	3
 1957 078c A5       		.byte	-91
 1958 078d 06       		.byte	6
 1959 078e A6       		.byte	-90
 1960 078f 0F       		.byte	15
 1961 0790 A8       		.byte	-88
 1962 0791 0B       		.byte	11
 1963 0792 AA       		.byte	-86
 1964 0793 04       		.byte	4
 1965 0794 B1       		.byte	-79
 1966 0795 07       		.byte	7
 1967 0796 B4       		.byte	-76
 1968 0797 0F       		.byte	15
 1969 0798 B9       		.byte	-71
 1970 0799 02       		.byte	2
 1971 079a D8       		.byte	-40
 1972 079b 04       		.byte	4
 1973 079c D9       		.byte	-39
 1974 079d 04       		.byte	4
 1975 079e DC       		.byte	-36
 1976 079f 99       		.byte	-103
 1977 07a0 DF       		.byte	-33
 1978 07a1 01       		.byte	1
 1979 07a2 02       		.byte	2
 1980 07a3 80       		.byte	-128
 1981 07a4 03       		.byte	3
 1982 07a5 0A       		.byte	10
 1983 07a6 06       		.byte	6
 1984 07a7 02       		.byte	2
 1985 07a8 07       		.byte	7
 1986 07a9 40       		.byte	64
 1987 07aa 08       		.byte	8
 1988 07ab 40       		.byte	64
 1989 07ac 0B       		.byte	11
 1990 07ad 10       		.byte	16
 1991 07ae 0E       		.byte	14
 1992 07af 08       		.byte	8
 1993 07b0 0F       		.byte	15
 1994 07b1 20       		.byte	32
 1995 07b2 10       		.byte	16
ARM GAS  C:\Users\raymo\AppData\Local\Temp\cc9sSqCC.s 			page 36


 1996 07b3 08       		.byte	8
 1997 07b4 12       		.byte	18
 1998 07b5 50       		.byte	80
 1999 07b6 15       		.byte	21
 2000 07b7 24       		.byte	36
 2001 07b8 18       		.byte	24
 2002 07b9 08       		.byte	8
 2003 07ba 19       		.byte	25
 2004 07bb 08       		.byte	8
 2005 07bc 1B       		.byte	27
 2006 07bd 42       		.byte	66
 2007 07be 1E       		.byte	30
 2008 07bf 08       		.byte	8
 2009 07c0 1F       		.byte	31
 2010 07c1 10       		.byte	16
 2011 07c2 21       		.byte	33
 2012 07c3 18       		.byte	24
 2013 07c4 22       		.byte	34
 2014 07c5 30       		.byte	48
 2015 07c6 23       		.byte	35
 2016 07c7 80       		.byte	-128
 2017 07c8 27       		.byte	39
 2018 07c9 40       		.byte	64
 2019 07ca 28       		.byte	40
 2020 07cb 40       		.byte	64
 2021 07cc 2A       		.byte	42
 2022 07cd 50       		.byte	80
 2023 07ce 2B       		.byte	43
 2024 07cf 90       		.byte	-112
 2025 07d0 2F       		.byte	47
 2026 07d1 10       		.byte	16
 2027 07d2 31       		.byte	49
 2028 07d3 14       		.byte	20
 2029 07d4 33       		.byte	51
 2030 07d5 42       		.byte	66
 2031 07d6 36       		.byte	54
 2032 07d7 20       		.byte	32
 2033 07d8 37       		.byte	55
 2034 07d9 40       		.byte	64
 2035 07da 38       		.byte	56
 2036 07db 02       		.byte	2
 2037 07dc 39       		.byte	57
 2038 07dd 04       		.byte	4
 2039 07de 3B       		.byte	59
 2040 07df A0       		.byte	-96
 2041 07e0 3F       		.byte	63
 2042 07e1 20       		.byte	32
 2043 07e2 43       		.byte	67
 2044 07e3 82       		.byte	-126
 2045 07e4 48       		.byte	72
 2046 07e5 08       		.byte	8
 2047 07e6 49       		.byte	73
 2048 07e7 11       		.byte	17
 2049 07e8 4A       		.byte	74
 2050 07e9 80       		.byte	-128
 2051 07ea 4B       		.byte	75
 2052 07eb 08       		.byte	8
ARM GAS  C:\Users\raymo\AppData\Local\Temp\cc9sSqCC.s 			page 37


 2053 07ec 51       		.byte	81
 2054 07ed 80       		.byte	-128
 2055 07ee 52       		.byte	82
 2056 07ef 40       		.byte	64
 2057 07f0 58       		.byte	88
 2058 07f1 10       		.byte	16
 2059 07f2 59       		.byte	89
 2060 07f3 09       		.byte	9
 2061 07f4 5B       		.byte	91
 2062 07f5 80       		.byte	-128
 2063 07f6 80       		.byte	-128
 2064 07f7 02       		.byte	2
 2065 07f8 82       		.byte	-126
 2066 07f9 20       		.byte	32
 2067 07fa 84       		.byte	-124
 2068 07fb 10       		.byte	16
 2069 07fc 85       		.byte	-123
 2070 07fd 80       		.byte	-128
 2071 07fe 8C       		.byte	-116
 2072 07ff 01       		.byte	1
 2073 0800 8E       		.byte	-114
 2074 0801 10       		.byte	16
 2075 0802 8F       		.byte	-113
 2076 0803 40       		.byte	64
 2077 0804 91       		.byte	-111
 2078 0805 04       		.byte	4
 2079 0806 93       		.byte	-109
 2080 0807 90       		.byte	-112
 2081 0808 94       		.byte	-108
 2082 0809 08       		.byte	8
 2083 080a 96       		.byte	-106
 2084 080b 20       		.byte	32
 2085 080c 97       		.byte	-105
 2086 080d 28       		.byte	40
 2087 080e 98       		.byte	-104
 2088 080f 40       		.byte	64
 2089 0810 99       		.byte	-103
 2090 0811 04       		.byte	4
 2091 0812 9A       		.byte	-102
 2092 0813 12       		.byte	18
 2093 0814 9C       		.byte	-100
 2094 0815 02       		.byte	2
 2095 0816 9F       		.byte	-97
 2096 0817 40       		.byte	64
 2097 0818 A0       		.byte	-96
 2098 0819 08       		.byte	8
 2099 081a A3       		.byte	-93
 2100 081b 18       		.byte	24
 2101 081c A5       		.byte	-91
 2102 081d 08       		.byte	8
 2103 081e A6       		.byte	-90
 2104 081f 20       		.byte	32
 2105 0820 A7       		.byte	-89
 2106 0821 02       		.byte	2
 2107 0822 AB       		.byte	-85
 2108 0823 04       		.byte	4
 2109 0824 C0       		.byte	-64
ARM GAS  C:\Users\raymo\AppData\Local\Temp\cc9sSqCC.s 			page 38


 2110 0825 9B       		.byte	-101
 2111 0826 C2       		.byte	-62
 2112 0827 65       		.byte	101
 2113 0828 C4       		.byte	-60
 2114 0829 6E       		.byte	110
 2115 082a CA       		.byte	-54
 2116 082b 4F       		.byte	79
 2117 082c CC       		.byte	-52
 2118 082d 3F       		.byte	63
 2119 082e CE       		.byte	-50
 2120 082f 2F       		.byte	47
 2121 0830 D0       		.byte	-48
 2122 0831 09       		.byte	9
 2123 0832 D2       		.byte	-46
 2124 0833 04       		.byte	4
 2125 0834 D6       		.byte	-42
 2126 0835 0F       		.byte	15
 2127 0836 E8       		.byte	-24
 2128 0837 01       		.byte	1
 2129 0838 30       		.byte	48
 2130 0839 40       		.byte	64
 2131 083a 33       		.byte	51
 2132 083b 01       		.byte	1
 2133 083c 35       		.byte	53
 2134 083d 80       		.byte	-128
 2135 083e 87       		.byte	-121
 2136 083f 01       		.byte	1
 2137 0840 8A       		.byte	-118
 2138 0841 10       		.byte	16
 2139 0842 CC       		.byte	-52
 2140 0843 70       		.byte	112
 2141 0844 E2       		.byte	-30
 2142 0845 40       		.byte	64
 2143 0846 9C       		.byte	-100
 2144 0847 40       		.byte	64
 2145 0848 9D       		.byte	-99
 2146 0849 80       		.byte	-128
 2147 084a 9E       		.byte	-98
 2148 084b 10       		.byte	16
 2149 084c 02       		.byte	2
 2150 084d 20       		.byte	32
 2151 084e 06       		.byte	6
 2152 084f 10       		.byte	16
 2153 0850 88       		.byte	-120
 2154 0851 40       		.byte	64
 2155 0852 9C       		.byte	-100
 2156 0853 40       		.byte	64
 2157 0854 9D       		.byte	-99
 2158 0855 80       		.byte	-128
 2159 0856 9E       		.byte	-98
 2160 0857 10       		.byte	16
 2161 0858 C0       		.byte	-64
 2162 0859 30       		.byte	48
 2163 085a 9D       		.byte	-99
 2164 085b 80       		.byte	-128
 2165 085c AE       		.byte	-82
 2166 085d 20       		.byte	32
ARM GAS  C:\Users\raymo\AppData\Local\Temp\cc9sSqCC.s 			page 39


 2167 085e EC       		.byte	-20
 2168 085f 40       		.byte	64
 2169 0860 80       		.byte	-128
 2170 0861 04       		.byte	4
 2171 0862 8E       		.byte	-114
 2172 0863 01       		.byte	1
 2173 0864 E4       		.byte	-28
 2174 0865 02       		.byte	2
 2175 0866 04       		.byte	4
 2176 0867 08       		.byte	8
 2177 0868 53       		.byte	83
 2178 0869 01       		.byte	1
 2179 086a 5C       		.byte	92
 2180 086b 04       		.byte	4
 2181 086c 66       		.byte	102
 2182 086d 01       		.byte	1
 2183 086e 90       		.byte	-112
 2184 086f 04       		.byte	4
 2185 0870 9A       		.byte	-102
 2186 0871 01       		.byte	1
 2187 0872 C0       		.byte	-64
 2188 0873 04       		.byte	4
 2189 0874 D4       		.byte	-44
 2190 0875 01       		.byte	1
 2191 0876 D6       		.byte	-42
 2192 0877 01       		.byte	1
 2193 0878 D8       		.byte	-40
 2194 0879 01       		.byte	1
 2195 087a 83       		.byte	-125
 2196 087b 01       		.byte	1
 2197 087c 96       		.byte	-106
 2198 087d 04       		.byte	4
 2199 087e 97       		.byte	-105
 2200 087f 02       		.byte	2
 2201 0880 B2       		.byte	-78
 2202 0881 04       		.byte	4
 2203 0882 B4       		.byte	-76
 2204 0883 04       		.byte	4
 2205 0884 EA       		.byte	-22
 2206 0885 08       		.byte	8
 2207 0886 EE       		.byte	-18
 2208 0887 04       		.byte	4
 2209 0888 96       		.byte	-106
 2210 0889 04       		.byte	4
 2211 088a 9D       		.byte	-99
 2212 088b 80       		.byte	-128
 2213 088c 19       		.byte	25
 2214 088d 80       		.byte	-128
 2215 088e 9D       		.byte	-99
 2216 088f 80       		.byte	-128
 2217 0890 C6       		.byte	-58
 2218 0891 40       		.byte	64
 2219 0892 0E       		.byte	14
 2220 0893 04       		.byte	4
 2221 0894 5F       		.byte	95
 2222 0895 01       		.byte	1
 2223 0896 96       		.byte	-106
ARM GAS  C:\Users\raymo\AppData\Local\Temp\cc9sSqCC.s 			page 40


 2224 0897 04       		.byte	4
 2225 0898 B2       		.byte	-78
 2226 0899 04       		.byte	4
 2227 089a C2       		.byte	-62
 2228 089b 01       		.byte	1
 2229 089c D6       		.byte	-42
 2230 089d 01       		.byte	1
 2231 089e EE       		.byte	-18
 2232 089f 04       		.byte	4
 2233 08a0 77       		.byte	119
 2234 08a1 10       		.byte	16
 2235 08a2 8F       		.byte	-113
 2236 08a3 10       		.byte	16
 2237 08a4 AB       		.byte	-85
 2238 08a5 01       		.byte	1
 2239 08a6 DE       		.byte	-34
 2240 08a7 04       		.byte	4
 2241 08a8 E4       		.byte	-28
 2242 08a9 02       		.byte	2
 2243 08aa 00       		.byte	0
 2244 08ab 05       		.byte	5
 2245 08ac 01       		.byte	1
 2246 08ad 01       		.byte	1
 2247 08ae 0C       		.byte	12
 2248 08af 05       		.byte	5
 2249 08b0 0D       		.byte	13
 2250 08b1 01       		.byte	1
 2251 08b2 0E       		.byte	14
 2252 08b3 05       		.byte	5
 2253 08b4 0F       		.byte	15
 2254 08b5 01       		.byte	1
 2255 08b6 10       		.byte	16
 2256 08b7 02       		.byte	2
 2257 08b8 11       		.byte	17
 2258 08b9 01       		.byte	1
 2259 08ba 1C       		.byte	28
 2260 08bb 02       		.byte	2
 2261 08bc 1D       		.byte	29
 2262 08bd 01       		.byte	1
 2263 08be 00       		.byte	0
 2264 08bf 3F       		.byte	63
 2265 08c0 0C       		.byte	12
 2266 08c1 80       		.byte	-128
 2267 08c2 80       		.byte	-128
 2268 08c3 00       		.byte	0
 2269 08c4 80       		.byte	-128
 2270 08c5 00       		.byte	0
 2271 08c6 00       		.byte	0
 2272 08c7 00       		.byte	0
 2273 08c8 C0       		.byte	-64
 2274 08c9 CB       		.byte	-53
 2275 08ca 0B       		.byte	11
 2276 08cb 00       		.byte	0
 2277 08cc 40       		.byte	64
 2278 08cd 00       		.byte	0
 2279 08ce 00       		.byte	0
 2280 08cf 00       		.byte	0
ARM GAS  C:\Users\raymo\AppData\Local\Temp\cc9sSqCC.s 			page 41


 2281 08d0 03       		.byte	3
 2282 08d1 63       		.byte	99
 2283 08d2 60       		.byte	96
 2284 08d3 00       		.byte	0
 2285 08d4 61       		.byte	97
 2286 08d5 00       		.byte	0
 2287 08d6 00       		.byte	0
 2288 08d7 00       		.byte	0
 2289              		.global	cy_meta_custnvl
 2290              		.section	.cycustnvl,"a",%progbits
 2291              		.align	2
 2292              		.type	cy_meta_custnvl, %object
 2293              		.size	cy_meta_custnvl, 4
 2294              	cy_meta_custnvl:
 2295 0000 00       		.byte	0
 2296 0001 00       		.byte	0
 2297 0002 40       		.byte	64
 2298 0003 05       		.byte	5
 2299              		.global	cy_meta_wonvl
 2300              		.section	.cywolatch,"a",%progbits
 2301              		.align	2
 2302              		.type	cy_meta_wonvl, %object
 2303              		.size	cy_meta_wonvl, 4
 2304              	cy_meta_wonvl:
 2305 0000 BC       		.byte	-68
 2306 0001 90       		.byte	-112
 2307 0002 AC       		.byte	-84
 2308 0003 AF       		.byte	-81
 2309              		.global	cy_meta_flashprotect
 2310              		.section	.cyflashprotect,"a",%progbits
 2311              		.align	2
 2312              		.type	cy_meta_flashprotect, %object
 2313              		.size	cy_meta_flashprotect, 256
 2314              	cy_meta_flashprotect:
 2315 0000 00000000 		.space	256
 2315      00000000 
 2315      00000000 
 2315      00000000 
 2315      00000000 
 2316              		.global	cy_metadata
 2317              		.section	.cymeta,"a",%progbits
 2318              		.align	2
 2319              		.type	cy_metadata, %object
 2320              		.size	cy_metadata, 12
 2321              	cy_metadata:
 2322 0000 00       		.byte	0
 2323 0001 01       		.byte	1
 2324 0002 2E       		.byte	46
 2325 0003 16       		.byte	22
 2326 0004 10       		.byte	16
 2327 0005 69       		.byte	105
 2328 0006 00       		.byte	0
 2329 0007 01       		.byte	1
 2330 0008 00       		.byte	0
 2331 0009 00       		.byte	0
 2332 000a 00       		.byte	0
 2333 000b 00       		.byte	0
ARM GAS  C:\Users\raymo\AppData\Local\Temp\cc9sSqCC.s 			page 42


 2334              		.text
 2335              	.Letext0:
 2336              		.file 1 "c:\\program files (x86)\\cypress\\psoc creator\\4.4\\psoc creator\\import\\gnu\\arm\\5.4.
 2337              		.file 2 "c:\\program files (x86)\\cypress\\psoc creator\\4.4\\psoc creator\\import\\gnu\\arm\\5.4.
 2338              		.file 3 "Generated_Source\\PSoC5\\cymetadata.c"
 2339              		.section	.debug_info,"",%progbits
 2340              	.Ldebug_info0:
 2341 0000 35010000 		.4byte	0x135
 2342 0004 0400     		.2byte	0x4
 2343 0006 00000000 		.4byte	.Ldebug_abbrev0
 2344 000a 04       		.byte	0x4
 2345 000b 01       		.uleb128 0x1
 2346 000c 0A000000 		.4byte	.LASF17
 2347 0010 0C       		.byte	0xc
 2348 0011 F5010000 		.4byte	.LASF18
 2349 0015 F9000000 		.4byte	.LASF19
 2350 0019 00000000 		.4byte	.Ldebug_line0
 2351 001d 02       		.uleb128 0x2
 2352 001e 01       		.byte	0x1
 2353 001f 06       		.byte	0x6
 2354 0020 E9010000 		.4byte	.LASF0
 2355 0024 03       		.uleb128 0x3
 2356 0025 00000000 		.4byte	.LASF9
 2357 0029 01       		.byte	0x1
 2358 002a 1D       		.byte	0x1d
 2359 002b 2F000000 		.4byte	0x2f
 2360 002f 02       		.uleb128 0x2
 2361 0030 01       		.byte	0x1
 2362 0031 08       		.byte	0x8
 2363 0032 A4000000 		.4byte	.LASF1
 2364 0036 02       		.uleb128 0x2
 2365 0037 02       		.byte	0x2
 2366 0038 05       		.byte	0x5
 2367 0039 D6010000 		.4byte	.LASF2
 2368 003d 02       		.uleb128 0x2
 2369 003e 02       		.byte	0x2
 2370 003f 07       		.byte	0x7
 2371 0040 C4000000 		.4byte	.LASF3
 2372 0044 02       		.uleb128 0x2
 2373 0045 04       		.byte	0x4
 2374 0046 05       		.byte	0x5
 2375 0047 E0010000 		.4byte	.LASF4
 2376 004b 02       		.uleb128 0x2
 2377 004c 04       		.byte	0x4
 2378 004d 07       		.byte	0x7
 2379 004e B2000000 		.4byte	.LASF5
 2380 0052 02       		.uleb128 0x2
 2381 0053 08       		.byte	0x8
 2382 0054 05       		.byte	0x5
 2383 0055 C8010000 		.4byte	.LASF6
 2384 0059 02       		.uleb128 0x2
 2385 005a 08       		.byte	0x8
 2386 005b 07       		.byte	0x7
 2387 005c 7D010000 		.4byte	.LASF7
 2388 0060 04       		.uleb128 0x4
 2389 0061 04       		.byte	0x4
 2390 0062 05       		.byte	0x5
ARM GAS  C:\Users\raymo\AppData\Local\Temp\cc9sSqCC.s 			page 43


 2391 0063 696E7400 		.ascii	"int\000"
 2392 0067 02       		.uleb128 0x2
 2393 0068 04       		.byte	0x4
 2394 0069 07       		.byte	0x7
 2395 006a 70010000 		.4byte	.LASF8
 2396 006e 03       		.uleb128 0x3
 2397 006f 94010000 		.4byte	.LASF10
 2398 0073 02       		.byte	0x2
 2399 0074 18       		.byte	0x18
 2400 0075 24000000 		.4byte	0x24
 2401 0079 05       		.uleb128 0x5
 2402 007a 91000000 		.4byte	0x91
 2403 007e 8A000000 		.4byte	0x8a
 2404 0082 06       		.uleb128 0x6
 2405 0083 8A000000 		.4byte	0x8a
 2406 0087 D708     		.2byte	0x8d7
 2407 0089 00       		.byte	0
 2408 008a 02       		.uleb128 0x2
 2409 008b 04       		.byte	0x4
 2410 008c 07       		.byte	0x7
 2411 008d BF010000 		.4byte	.LASF11
 2412 0091 07       		.uleb128 0x7
 2413 0092 6E000000 		.4byte	0x6e
 2414 0096 08       		.uleb128 0x8
 2415 0097 E7000000 		.4byte	.LASF12
 2416 009b 03       		.byte	0x3
 2417 009c 1F       		.byte	0x1f
 2418 009d A7000000 		.4byte	0xa7
 2419 00a1 05       		.uleb128 0x5
 2420 00a2 03       		.byte	0x3
 2421 00a3 00000000 		.4byte	cy_meta_configecc
 2422 00a7 07       		.uleb128 0x7
 2423 00a8 79000000 		.4byte	0x79
 2424 00ac 05       		.uleb128 0x5
 2425 00ad 91000000 		.4byte	0x91
 2426 00b1 BC000000 		.4byte	0xbc
 2427 00b5 09       		.uleb128 0x9
 2428 00b6 8A000000 		.4byte	0x8a
 2429 00ba 03       		.byte	0x3
 2430 00bb 00       		.byte	0
 2431 00bc 0A       		.uleb128 0xa
 2432 00bd D7000000 		.4byte	.LASF13
 2433 00c1 03       		.byte	0x3
 2434 00c2 4701     		.2byte	0x147
 2435 00c4 CE000000 		.4byte	0xce
 2436 00c8 05       		.uleb128 0x5
 2437 00c9 03       		.byte	0x3
 2438 00ca 00000000 		.4byte	cy_meta_custnvl
 2439 00ce 07       		.uleb128 0x7
 2440 00cf AC000000 		.4byte	0xac
 2441 00d3 0A       		.uleb128 0xa
 2442 00d4 B1010000 		.4byte	.LASF14
 2443 00d8 03       		.byte	0x3
 2444 00d9 5501     		.2byte	0x155
 2445 00db E5000000 		.4byte	0xe5
 2446 00df 05       		.uleb128 0x5
 2447 00e0 03       		.byte	0x3
ARM GAS  C:\Users\raymo\AppData\Local\Temp\cc9sSqCC.s 			page 44


 2448 00e1 00000000 		.4byte	cy_meta_wonvl
 2449 00e5 07       		.uleb128 0x7
 2450 00e6 AC000000 		.4byte	0xac
 2451 00ea 05       		.uleb128 0x5
 2452 00eb 91000000 		.4byte	0x91
 2453 00ef FA000000 		.4byte	0xfa
 2454 00f3 09       		.uleb128 0x9
 2455 00f4 8A000000 		.4byte	0x8a
 2456 00f8 FF       		.byte	0xff
 2457 00f9 00       		.byte	0
 2458 00fa 0A       		.uleb128 0xa
 2459 00fb 9C010000 		.4byte	.LASF15
 2460 00ff 03       		.byte	0x3
 2461 0100 6301     		.2byte	0x163
 2462 0102 0C010000 		.4byte	0x10c
 2463 0106 05       		.uleb128 0x5
 2464 0107 03       		.byte	0x3
 2465 0108 00000000 		.4byte	cy_meta_flashprotect
 2466 010c 07       		.uleb128 0x7
 2467 010d EA000000 		.4byte	0xea
 2468 0111 05       		.uleb128 0x5
 2469 0112 91000000 		.4byte	0x91
 2470 0116 21010000 		.4byte	0x121
 2471 011a 09       		.uleb128 0x9
 2472 011b 8A000000 		.4byte	0x8a
 2473 011f 0B       		.byte	0xb
 2474 0120 00       		.byte	0
 2475 0121 0A       		.uleb128 0xa
 2476 0122 98000000 		.4byte	.LASF16
 2477 0126 03       		.byte	0x3
 2478 0127 9001     		.2byte	0x190
 2479 0129 33010000 		.4byte	0x133
 2480 012d 05       		.uleb128 0x5
 2481 012e 03       		.byte	0x3
 2482 012f 00000000 		.4byte	cy_metadata
 2483 0133 07       		.uleb128 0x7
 2484 0134 11010000 		.4byte	0x111
 2485 0138 00       		.byte	0
 2486              		.section	.debug_abbrev,"",%progbits
 2487              	.Ldebug_abbrev0:
 2488 0000 01       		.uleb128 0x1
 2489 0001 11       		.uleb128 0x11
 2490 0002 01       		.byte	0x1
 2491 0003 25       		.uleb128 0x25
 2492 0004 0E       		.uleb128 0xe
 2493 0005 13       		.uleb128 0x13
 2494 0006 0B       		.uleb128 0xb
 2495 0007 03       		.uleb128 0x3
 2496 0008 0E       		.uleb128 0xe
 2497 0009 1B       		.uleb128 0x1b
 2498 000a 0E       		.uleb128 0xe
 2499 000b 10       		.uleb128 0x10
 2500 000c 17       		.uleb128 0x17
 2501 000d 00       		.byte	0
 2502 000e 00       		.byte	0
 2503 000f 02       		.uleb128 0x2
 2504 0010 24       		.uleb128 0x24
ARM GAS  C:\Users\raymo\AppData\Local\Temp\cc9sSqCC.s 			page 45


 2505 0011 00       		.byte	0
 2506 0012 0B       		.uleb128 0xb
 2507 0013 0B       		.uleb128 0xb
 2508 0014 3E       		.uleb128 0x3e
 2509 0015 0B       		.uleb128 0xb
 2510 0016 03       		.uleb128 0x3
 2511 0017 0E       		.uleb128 0xe
 2512 0018 00       		.byte	0
 2513 0019 00       		.byte	0
 2514 001a 03       		.uleb128 0x3
 2515 001b 16       		.uleb128 0x16
 2516 001c 00       		.byte	0
 2517 001d 03       		.uleb128 0x3
 2518 001e 0E       		.uleb128 0xe
 2519 001f 3A       		.uleb128 0x3a
 2520 0020 0B       		.uleb128 0xb
 2521 0021 3B       		.uleb128 0x3b
 2522 0022 0B       		.uleb128 0xb
 2523 0023 49       		.uleb128 0x49
 2524 0024 13       		.uleb128 0x13
 2525 0025 00       		.byte	0
 2526 0026 00       		.byte	0
 2527 0027 04       		.uleb128 0x4
 2528 0028 24       		.uleb128 0x24
 2529 0029 00       		.byte	0
 2530 002a 0B       		.uleb128 0xb
 2531 002b 0B       		.uleb128 0xb
 2532 002c 3E       		.uleb128 0x3e
 2533 002d 0B       		.uleb128 0xb
 2534 002e 03       		.uleb128 0x3
 2535 002f 08       		.uleb128 0x8
 2536 0030 00       		.byte	0
 2537 0031 00       		.byte	0
 2538 0032 05       		.uleb128 0x5
 2539 0033 01       		.uleb128 0x1
 2540 0034 01       		.byte	0x1
 2541 0035 49       		.uleb128 0x49
 2542 0036 13       		.uleb128 0x13
 2543 0037 01       		.uleb128 0x1
 2544 0038 13       		.uleb128 0x13
 2545 0039 00       		.byte	0
 2546 003a 00       		.byte	0
 2547 003b 06       		.uleb128 0x6
 2548 003c 21       		.uleb128 0x21
 2549 003d 00       		.byte	0
 2550 003e 49       		.uleb128 0x49
 2551 003f 13       		.uleb128 0x13
 2552 0040 2F       		.uleb128 0x2f
 2553 0041 05       		.uleb128 0x5
 2554 0042 00       		.byte	0
 2555 0043 00       		.byte	0
 2556 0044 07       		.uleb128 0x7
 2557 0045 26       		.uleb128 0x26
 2558 0046 00       		.byte	0
 2559 0047 49       		.uleb128 0x49
 2560 0048 13       		.uleb128 0x13
 2561 0049 00       		.byte	0
ARM GAS  C:\Users\raymo\AppData\Local\Temp\cc9sSqCC.s 			page 46


 2562 004a 00       		.byte	0
 2563 004b 08       		.uleb128 0x8
 2564 004c 34       		.uleb128 0x34
 2565 004d 00       		.byte	0
 2566 004e 03       		.uleb128 0x3
 2567 004f 0E       		.uleb128 0xe
 2568 0050 3A       		.uleb128 0x3a
 2569 0051 0B       		.uleb128 0xb
 2570 0052 3B       		.uleb128 0x3b
 2571 0053 0B       		.uleb128 0xb
 2572 0054 49       		.uleb128 0x49
 2573 0055 13       		.uleb128 0x13
 2574 0056 3F       		.uleb128 0x3f
 2575 0057 19       		.uleb128 0x19
 2576 0058 02       		.uleb128 0x2
 2577 0059 18       		.uleb128 0x18
 2578 005a 00       		.byte	0
 2579 005b 00       		.byte	0
 2580 005c 09       		.uleb128 0x9
 2581 005d 21       		.uleb128 0x21
 2582 005e 00       		.byte	0
 2583 005f 49       		.uleb128 0x49
 2584 0060 13       		.uleb128 0x13
 2585 0061 2F       		.uleb128 0x2f
 2586 0062 0B       		.uleb128 0xb
 2587 0063 00       		.byte	0
 2588 0064 00       		.byte	0
 2589 0065 0A       		.uleb128 0xa
 2590 0066 34       		.uleb128 0x34
 2591 0067 00       		.byte	0
 2592 0068 03       		.uleb128 0x3
 2593 0069 0E       		.uleb128 0xe
 2594 006a 3A       		.uleb128 0x3a
 2595 006b 0B       		.uleb128 0xb
 2596 006c 3B       		.uleb128 0x3b
 2597 006d 05       		.uleb128 0x5
 2598 006e 49       		.uleb128 0x49
 2599 006f 13       		.uleb128 0x13
 2600 0070 3F       		.uleb128 0x3f
 2601 0071 19       		.uleb128 0x19
 2602 0072 02       		.uleb128 0x2
 2603 0073 18       		.uleb128 0x18
 2604 0074 00       		.byte	0
 2605 0075 00       		.byte	0
 2606 0076 00       		.byte	0
 2607              		.section	.debug_aranges,"",%progbits
 2608 0000 14000000 		.4byte	0x14
 2609 0004 0200     		.2byte	0x2
 2610 0006 00000000 		.4byte	.Ldebug_info0
 2611 000a 04       		.byte	0x4
 2612 000b 00       		.byte	0
 2613 000c 0000     		.2byte	0
 2614 000e 0000     		.2byte	0
 2615 0010 00000000 		.4byte	0
 2616 0014 00000000 		.4byte	0
 2617              		.section	.debug_line,"",%progbits
 2618              	.Ldebug_line0:
ARM GAS  C:\Users\raymo\AppData\Local\Temp\cc9sSqCC.s 			page 47


 2619 0000 3D010000 		.section	.debug_str,"MS",%progbits,1
 2619      02003701 
 2619      00000201 
 2619      FB0E0D00 
 2619      01010101 
 2620              	.LASF9:
 2621 0000 5F5F7569 		.ascii	"__uint8_t\000"
 2621      6E74385F 
 2621      7400
 2622              	.LASF17:
 2623 000a 474E5520 		.ascii	"GNU C11 5.4.1 20160609 (release) [ARM/embedded-5-br"
 2623      43313120 
 2623      352E342E 
 2623      31203230 
 2623      31363036 
 2624 003d 616E6368 		.ascii	"anch revision 237715] -mcpu=cortex-m3 -mthumb -g -O"
 2624      20726576 
 2624      6973696F 
 2624      6E203233 
 2624      37373135 
 2625 0070 30202D66 		.ascii	"0 -ffunction-sections -ffat-lto-objects\000"
 2625      66756E63 
 2625      74696F6E 
 2625      2D736563 
 2625      74696F6E 
 2626              	.LASF16:
 2627 0098 63795F6D 		.ascii	"cy_metadata\000"
 2627      65746164 
 2627      61746100 
 2628              	.LASF1:
 2629 00a4 756E7369 		.ascii	"unsigned char\000"
 2629      676E6564 
 2629      20636861 
 2629      7200
 2630              	.LASF5:
 2631 00b2 6C6F6E67 		.ascii	"long unsigned int\000"
 2631      20756E73 
 2631      69676E65 
 2631      6420696E 
 2631      7400
 2632              	.LASF3:
 2633 00c4 73686F72 		.ascii	"short unsigned int\000"
 2633      7420756E 
 2633      7369676E 
 2633      65642069 
 2633      6E7400
 2634              	.LASF13:
 2635 00d7 63795F6D 		.ascii	"cy_meta_custnvl\000"
 2635      6574615F 
 2635      63757374 
 2635      6E766C00 
 2636              	.LASF12:
 2637 00e7 63795F6D 		.ascii	"cy_meta_configecc\000"
 2637      6574615F 
 2637      636F6E66 
 2637      69676563 
 2637      6300
ARM GAS  C:\Users\raymo\AppData\Local\Temp\cc9sSqCC.s 			page 48


 2638              	.LASF19:
 2639 00f9 433A5C55 		.ascii	"C:\\Users\\raymo\\Desktop\\Raymond\\Monash\\OneDriv"
 2639      73657273 
 2639      5C726179 
 2639      6D6F5C44 
 2639      65736B74 
 2640 0126 65202D20 		.ascii	"e - Monash University\\Fifth Year\\ECE4191\\PSOC_EC"
 2640      4D6F6E61 
 2640      73682055 
 2640      6E697665 
 2640      72736974 
 2641 0156 45343139 		.ascii	"E4191\\DeliveryRobot.cydsn\000"
 2641      315C4465 
 2641      6C697665 
 2641      7279526F 
 2641      626F742E 
 2642              	.LASF8:
 2643 0170 756E7369 		.ascii	"unsigned int\000"
 2643      676E6564 
 2643      20696E74 
 2643      00
 2644              	.LASF7:
 2645 017d 6C6F6E67 		.ascii	"long long unsigned int\000"
 2645      206C6F6E 
 2645      6720756E 
 2645      7369676E 
 2645      65642069 
 2646              	.LASF10:
 2647 0194 75696E74 		.ascii	"uint8_t\000"
 2647      385F7400 
 2648              	.LASF15:
 2649 019c 63795F6D 		.ascii	"cy_meta_flashprotect\000"
 2649      6574615F 
 2649      666C6173 
 2649      6870726F 
 2649      74656374 
 2650              	.LASF14:
 2651 01b1 63795F6D 		.ascii	"cy_meta_wonvl\000"
 2651      6574615F 
 2651      776F6E76 
 2651      6C00
 2652              	.LASF11:
 2653 01bf 73697A65 		.ascii	"sizetype\000"
 2653      74797065 
 2653      00
 2654              	.LASF6:
 2655 01c8 6C6F6E67 		.ascii	"long long int\000"
 2655      206C6F6E 
 2655      6720696E 
 2655      7400
 2656              	.LASF2:
 2657 01d6 73686F72 		.ascii	"short int\000"
 2657      7420696E 
 2657      7400
 2658              	.LASF4:
 2659 01e0 6C6F6E67 		.ascii	"long int\000"
 2659      20696E74 
ARM GAS  C:\Users\raymo\AppData\Local\Temp\cc9sSqCC.s 			page 49


 2659      00
 2660              	.LASF0:
 2661 01e9 7369676E 		.ascii	"signed char\000"
 2661      65642063 
 2661      68617200 
 2662              	.LASF18:
 2663 01f5 47656E65 		.ascii	"Generated_Source\\PSoC5\\cymetadata.c\000"
 2663      72617465 
 2663      645F536F 
 2663      75726365 
 2663      5C50536F 
 2664              		.ident	"GCC: (GNU Tools for ARM Embedded Processors) 5.4.1 20160609 (release) [ARM/embedded-5-bran
